[2018-10-18 23:31:50,143][INFO] Training started on cuda:0
[2018-10-18 23:31:50,156][INFO] Visdom successfully connected to server
[2018-10-18 23:41:08,356][INFO] Training started on cuda:0
[2018-10-18 23:41:08,369][INFO] Visdom successfully connected to server
[2018-10-18 23:49:51,805][INFO] Training started on cuda:0
[2018-10-18 23:49:51,820][INFO] Visdom successfully connected to server
[2018-10-18 23:50:35,978][INFO] Training started on cuda:0
[2018-10-18 23:50:35,992][INFO] Visdom successfully connected to server
[2018-10-18 23:55:27,685][INFO] Training started on cuda:0
[2018-10-18 23:55:27,703][INFO] Visdom successfully connected to server
[2018-10-18 23:56:17,784][INFO] Training started on cuda:0
[2018-10-18 23:56:17,798][INFO] Visdom successfully connected to server
[2018-10-18 23:57:10,320][INFO] Training started on cuda:0
[2018-10-18 23:57:10,335][INFO] Visdom successfully connected to server
[2018-10-18 23:58:20,951][INFO] Training started on cuda:0
[2018-10-18 23:58:20,970][INFO] Visdom successfully connected to server
[2018-10-18 23:59:45,169][INFO] [1/200] Train loss: 21875.131039 
[2018-10-18 23:59:48,531][INFO] [1/200] Validation loss: 21682.808960 
[2018-10-18 23:59:48,852][INFO] [1/200] Time: 87.784773 s
[2018-10-18 23:59:48,853][INFO] ------------------------------
[2018-10-19 00:01:12,636][INFO] [2/200] Train loss: 21317.613503 
[2018-10-19 00:01:15,805][INFO] [2/200] Validation loss: 21124.876282 
[2018-10-19 00:01:16,183][INFO] [2/200] Time: 87.329312 s
[2018-10-19 00:01:16,184][INFO] ------------------------------
[2018-10-19 00:02:06,361][INFO] Training started on cuda:0
[2018-10-19 00:02:06,376][INFO] Visdom successfully connected to server
[2018-10-19 00:03:29,300][INFO] [1/200] Train loss: 21136.965107 
[2018-10-19 00:03:32,713][INFO] [1/200] Validation loss: 20339.672607 
[2018-10-19 00:03:33,059][INFO] [1/200] Time: 86.585337 s
[2018-10-19 00:03:33,060][INFO] ------------------------------
[2018-10-19 00:04:55,603][INFO] [2/200] Train loss: 19331.803309 
[2018-10-19 00:04:58,733][INFO] [2/200] Validation loss: 18312.107910 
[2018-10-19 00:04:59,125][INFO] [2/200] Time: 86.063307 s
[2018-10-19 00:04:59,126][INFO] ------------------------------
[2018-10-19 00:06:22,105][INFO] [3/200] Train loss: 17804.281354 
[2018-10-19 00:06:25,271][INFO] [3/200] Validation loss: 16866.167816 
[2018-10-19 00:06:25,588][INFO] [3/200] Time: 86.460706 s
[2018-10-19 00:06:25,589][INFO] ------------------------------
[2018-10-19 00:07:48,169][INFO] [4/200] Train loss: 16218.074735 
[2018-10-19 00:07:51,461][INFO] [4/200] Validation loss: 15309.681915 
[2018-10-19 00:07:51,859][INFO] [4/200] Time: 86.268337 s
[2018-10-19 00:07:51,860][INFO] ------------------------------
[2018-10-19 00:08:53,494][INFO] Training started on cuda:0
[2018-10-19 00:08:53,508][INFO] Visdom successfully connected to server
[2018-10-19 00:10:16,070][INFO] [1/200] Train loss: 18089.053964 
[2018-10-19 00:10:19,376][INFO] [1/200] Validation loss: 15519.694672 
[2018-10-19 00:10:19,752][INFO] [1/200] Time: 86.145936 s
[2018-10-19 00:10:19,753][INFO] ------------------------------
[2018-10-19 00:11:42,442][INFO] [2/200] Train loss: 13223.592472 
[2018-10-19 00:11:45,601][INFO] [2/200] Validation loss: 11557.819153 
[2018-10-19 00:11:45,974][INFO] [2/200] Time: 86.219587 s
[2018-10-19 00:11:45,975][INFO] ------------------------------
[2018-10-19 00:13:08,755][INFO] [3/200] Train loss: 13420.209109 
[2018-10-19 00:13:11,931][INFO] [3/200] Validation loss: 12216.725525 
[2018-10-19 00:13:12,113][INFO] [3/200] Time: 86.136678 s
[2018-10-19 00:13:12,114][INFO] ------------------------------
[2018-10-19 00:14:34,684][INFO] [4/200] Train loss: 16974.021692 
[2018-10-19 00:14:37,963][INFO] [4/200] Validation loss: 43534.708618 
[2018-10-19 00:14:38,127][INFO] [4/200] Time: 86.011779 s
[2018-10-19 00:14:38,127][INFO] ------------------------------
[2018-10-19 00:16:00,967][INFO] [5/200] Train loss: 21825.519718 
[2018-10-19 00:16:04,127][INFO] [5/200] Validation loss: 41948.864136 
[2018-10-19 00:16:04,309][INFO] [5/200] Time: 86.181230 s
[2018-10-19 00:16:04,310][INFO] ------------------------------
[2018-10-19 00:17:27,571][INFO] [6/200] Train loss: 14380.139494 
[2018-10-19 00:17:30,858][INFO] [6/200] Validation loss: 56117.023193 
[2018-10-19 00:17:31,019][INFO] [6/200] Time: 86.707494 s
[2018-10-19 00:17:31,020][INFO] ------------------------------
[2018-10-19 00:19:03,547][INFO] Training started on cuda:0
[2018-10-19 00:19:03,563][INFO] Visdom successfully connected to server
[2018-10-19 00:20:27,391][INFO] [1/200] Train loss: 17723.943003 
[2018-10-19 00:20:30,726][INFO] [1/200] Validation loss: 21640.108948 
[2018-10-19 00:20:31,125][INFO] [1/200] Time: 87.464456 s
[2018-10-19 00:20:31,126][INFO] ------------------------------
[2018-10-19 00:21:55,663][INFO] [2/200] Train loss: 14613.439959 
[2018-10-19 00:21:58,941][INFO] [2/200] Validation loss: 30015.832458 
[2018-10-19 00:21:59,182][INFO] [2/200] Time: 88.054691 s
[2018-10-19 00:21:59,183][INFO] ------------------------------
[2018-10-19 00:23:23,680][INFO] [3/200] Train loss: 16926.473598 
[2018-10-19 00:23:26,888][INFO] [3/200] Validation loss: 30172.275146 
[2018-10-19 00:23:27,071][INFO] [3/200] Time: 87.886496 s
[2018-10-19 00:23:27,071][INFO] ------------------------------
[2018-10-19 00:24:55,986][INFO] Training started on cuda:0
[2018-10-19 00:24:55,999][INFO] Visdom successfully connected to server
[2018-10-19 00:26:19,387][INFO] [1/200] Train loss: 22090.894441 
[2018-10-19 00:26:22,720][INFO] [1/200] Validation loss: 22162.235840 
[2018-10-19 00:26:23,134][INFO] [1/200] Time: 87.037604 s
[2018-10-19 00:26:23,135][INFO] ------------------------------
[2018-10-19 00:27:46,471][INFO] [2/200] Train loss: 21883.846084 
[2018-10-19 00:27:49,849][INFO] [2/200] Validation loss: 21722.445068 
[2018-10-19 00:27:50,291][INFO] [2/200] Time: 87.155130 s
[2018-10-19 00:27:50,293][INFO] ------------------------------
[2018-10-19 00:29:13,941][INFO] [3/200] Train loss: 21471.005742 
[2018-10-19 00:29:17,116][INFO] [3/200] Validation loss: 21373.639526 
[2018-10-19 00:29:17,532][INFO] [3/200] Time: 87.238690 s
[2018-10-19 00:29:17,534][INFO] ------------------------------
[2018-10-19 00:30:41,078][INFO] [4/200] Train loss: 21173.505222 
[2018-10-19 00:30:44,378][INFO] [4/200] Validation loss: 21142.546936 
[2018-10-19 00:30:44,760][INFO] [4/200] Time: 87.225215 s
[2018-10-19 00:30:44,761][INFO] ------------------------------
[2018-10-19 00:32:07,754][INFO] [5/200] Train loss: 20931.299292 
[2018-10-19 00:32:10,953][INFO] [5/200] Validation loss: 20805.458862 
[2018-10-19 00:32:11,365][INFO] [5/200] Time: 86.602707 s
[2018-10-19 00:32:11,366][INFO] ------------------------------
[2018-10-19 00:33:34,915][INFO] [6/200] Train loss: 20744.228689 
[2018-10-19 00:33:38,237][INFO] [6/200] Validation loss: 20677.908691 
[2018-10-19 00:33:38,636][INFO] [6/200] Time: 87.268116 s
[2018-10-19 00:33:38,637][INFO] ------------------------------
[2018-10-19 00:35:01,629][INFO] [7/200] Train loss: 20562.006774 
[2018-10-19 00:35:04,829][INFO] [7/200] Validation loss: 20455.619324 
[2018-10-19 00:35:05,225][INFO] [7/200] Time: 86.587602 s
[2018-10-19 00:35:05,226][INFO] ------------------------------
[2018-10-19 00:36:42,755][INFO] Training started on cuda:0
[2018-10-19 00:36:42,769][INFO] Visdom successfully connected to server
[2018-10-19 00:38:05,511][INFO] [1/200] Train loss: 21551.254322 
[2018-10-19 00:38:08,837][INFO] [1/200] Validation loss: 20979.869019 
[2018-10-19 00:38:09,244][INFO] [1/200] Time: 86.377678 s
[2018-10-19 00:38:09,245][INFO] ------------------------------
[2018-10-19 00:39:31,789][INFO] [2/200] Train loss: 20385.595156 
[2018-10-19 00:39:34,958][INFO] [2/200] Validation loss: 19999.311768 
[2018-10-19 00:39:35,424][INFO] [2/200] Time: 86.177397 s
[2018-10-19 00:39:35,425][INFO] ------------------------------
[2018-10-19 00:40:58,766][INFO] [3/200] Train loss: 19550.293467 
[2018-10-19 00:41:02,095][INFO] [3/200] Validation loss: 19304.207031 
[2018-10-19 00:41:02,501][INFO] [3/200] Time: 87.075369 s
[2018-10-19 00:41:02,503][INFO] ------------------------------
[2018-10-19 00:42:25,540][INFO] [4/200] Train loss: 18756.661694 
[2018-10-19 00:42:28,847][INFO] [4/200] Validation loss: 18452.071533 
[2018-10-19 00:42:29,250][INFO] [4/200] Time: 86.745802 s
[2018-10-19 00:42:29,251][INFO] ------------------------------
[2018-10-19 00:43:52,542][INFO] [5/200] Train loss: 17985.425193 
[2018-10-19 00:43:55,816][INFO] [5/200] Validation loss: 17494.977722 
[2018-10-19 00:43:56,207][INFO] [5/200] Time: 86.955434 s
[2018-10-19 00:43:56,208][INFO] ------------------------------
[2018-10-19 00:45:20,091][INFO] [6/200] Train loss: 17232.801924 
[2018-10-19 00:45:23,427][INFO] [6/200] Validation loss: 16497.081909 
[2018-10-19 00:45:23,811][INFO] [6/200] Time: 87.601779 s
[2018-10-19 00:45:23,812][INFO] ------------------------------
[2018-10-19 00:46:47,198][INFO] [7/200] Train loss: 16592.651727 
[2018-10-19 00:46:50,433][INFO] [7/200] Validation loss: 16214.774597 
[2018-10-19 00:46:50,852][INFO] [7/200] Time: 87.038912 s
[2018-10-19 00:46:50,853][INFO] ------------------------------
[2018-10-19 00:48:14,769][INFO] [8/200] Train loss: 15835.096133 
[2018-10-19 00:48:18,069][INFO] [8/200] Validation loss: 15191.789459 
[2018-10-19 00:48:18,473][INFO] [8/200] Time: 87.618255 s
[2018-10-19 00:48:18,474][INFO] ------------------------------
[2018-10-19 00:49:42,410][INFO] [9/200] Train loss: 15166.262256 
[2018-10-19 00:49:45,587][INFO] [9/200] Validation loss: 14814.478699 
[2018-10-19 00:49:45,998][INFO] [9/200] Time: 87.522578 s
[2018-10-19 00:49:46,000][INFO] ------------------------------
[2018-10-19 00:51:09,861][INFO] [10/200] Train loss: 14488.187992 
[2018-10-19 00:51:13,020][INFO] [10/200] Validation loss: 14034.796570 
[2018-10-19 00:51:13,406][INFO] [10/200] Time: 87.404117 s
[2018-10-19 00:51:13,407][INFO] ------------------------------
[2018-10-19 00:52:36,933][INFO] [11/200] Train loss: 13935.442736 
[2018-10-19 00:52:40,123][INFO] [11/200] Validation loss: 13193.402039 
[2018-10-19 00:52:40,500][INFO] [11/200] Time: 87.092140 s
[2018-10-19 00:52:40,501][INFO] ------------------------------
[2018-10-19 00:54:04,287][INFO] [12/200] Train loss: 13278.657684 
[2018-10-19 00:54:07,649][INFO] [12/200] Validation loss: 12680.153381 
[2018-10-19 00:54:08,033][INFO] [12/200] Time: 87.531126 s
[2018-10-19 00:54:08,034][INFO] ------------------------------
[2018-10-19 00:55:32,080][INFO] [13/200] Train loss: 12737.780589 
[2018-10-19 00:55:35,350][INFO] [13/200] Validation loss: 12578.453003 
[2018-10-19 00:55:35,732][INFO] [13/200] Time: 87.696356 s
[2018-10-19 00:55:35,733][INFO] ------------------------------
[2018-10-19 00:56:59,431][INFO] [14/200] Train loss: 12260.961918 
[2018-10-19 00:57:02,757][INFO] [14/200] Validation loss: 11986.508911 
[2018-10-19 00:57:03,118][INFO] [14/200] Time: 87.383925 s
[2018-10-19 00:57:03,119][INFO] ------------------------------
[2018-10-19 00:58:27,059][INFO] [15/200] Train loss: 11757.134599 
[2018-10-19 00:58:30,387][INFO] [15/200] Validation loss: 11290.093353 
[2018-10-19 00:58:30,796][INFO] [15/200] Time: 87.676328 s
[2018-10-19 00:58:30,798][INFO] ------------------------------
[2018-10-19 00:59:55,450][INFO] [16/200] Train loss: 11209.348103 
[2018-10-19 00:59:58,753][INFO] [16/200] Validation loss: 10877.416199 
[2018-10-19 00:59:59,178][INFO] [16/200] Time: 88.378762 s
[2018-10-19 00:59:59,179][INFO] ------------------------------
[2018-10-19 01:01:23,948][INFO] [17/200] Train loss: 10756.590432 
[2018-10-19 01:01:27,310][INFO] [17/200] Validation loss: 10555.000031 
[2018-10-19 01:01:27,765][INFO] [17/200] Time: 88.584765 s
[2018-10-19 01:01:27,766][INFO] ------------------------------
[2018-10-19 01:02:51,042][INFO] [18/200] Train loss: 10351.748165 
[2018-10-19 01:02:54,387][INFO] [18/200] Validation loss: 10164.777191 
[2018-10-19 01:02:54,789][INFO] [18/200] Time: 87.021187 s
[2018-10-19 01:02:54,790][INFO] ------------------------------
[2018-10-19 01:04:19,171][INFO] [19/200] Train loss: 9985.805865 
[2018-10-19 01:04:22,659][INFO] [19/200] Validation loss: 9714.672729 
[2018-10-19 01:04:23,096][INFO] [19/200] Time: 88.304384 s
[2018-10-19 01:04:23,098][INFO] ------------------------------
[2018-10-19 01:05:47,474][INFO] [20/200] Train loss: 9593.489251 
[2018-10-19 01:05:50,659][INFO] [20/200] Validation loss: 9524.330933 
[2018-10-19 01:05:51,087][INFO] [20/200] Time: 87.988213 s
[2018-10-19 01:05:51,089][INFO] ------------------------------
[2018-10-19 01:07:15,879][INFO] [21/200] Train loss: 9281.325372 
[2018-10-19 01:07:19,278][INFO] [21/200] Validation loss: 9061.348755 
[2018-10-19 01:07:19,706][INFO] [21/200] Time: 88.615882 s
[2018-10-19 01:07:19,707][INFO] ------------------------------
[2018-10-19 01:08:43,768][INFO] [22/200] Train loss: 8960.475884 
[2018-10-19 01:08:47,105][INFO] [22/200] Validation loss: 8603.508774 
[2018-10-19 01:08:47,539][INFO] [22/200] Time: 87.831608 s
[2018-10-19 01:08:47,540][INFO] ------------------------------
[2018-10-19 01:10:11,734][INFO] [23/200] Train loss: 8627.064323 
[2018-10-19 01:10:14,894][INFO] [23/200] Validation loss: 8589.723358 
[2018-10-19 01:10:15,280][INFO] [23/200] Time: 87.738995 s
[2018-10-19 01:10:15,281][INFO] ------------------------------
[2018-10-19 01:11:38,823][INFO] [24/200] Train loss: 8325.719493 
[2018-10-19 01:11:42,326][INFO] [24/200] Validation loss: 8270.393555 
[2018-10-19 01:11:42,719][INFO] [24/200] Time: 87.436248 s
[2018-10-19 01:11:42,720][INFO] ------------------------------
[2018-10-19 01:13:07,870][INFO] [25/200] Train loss: 8068.256822 
[2018-10-19 01:13:11,070][INFO] [25/200] Validation loss: 7884.569122 
[2018-10-19 01:13:11,478][INFO] [25/200] Time: 88.756536 s
[2018-10-19 01:13:11,479][INFO] ------------------------------
[2018-10-19 01:14:34,452][INFO] [26/200] Train loss: 7855.594770 
[2018-10-19 01:14:37,879][INFO] [26/200] Validation loss: 7970.983032 
[2018-10-19 01:14:38,041][INFO] [26/200] Time: 86.561247 s
[2018-10-19 01:14:38,042][INFO] ------------------------------
[2018-10-19 01:16:02,231][INFO] [27/200] Train loss: 7648.588685 
[2018-10-19 01:16:05,961][INFO] [27/200] Validation loss: 7542.749649 
[2018-10-19 01:16:06,367][INFO] [27/200] Time: 88.324003 s
[2018-10-19 01:16:06,368][INFO] ------------------------------
[2018-10-19 01:17:30,657][INFO] [28/200] Train loss: 7566.313229 
[2018-10-19 01:17:34,074][INFO] [28/200] Validation loss: 7384.351807 
[2018-10-19 01:17:34,534][INFO] [28/200] Time: 88.165048 s
[2018-10-19 01:17:34,536][INFO] ------------------------------
[2018-10-19 01:18:59,556][INFO] [29/200] Train loss: 7275.225202 
[2018-10-19 01:19:02,993][INFO] [29/200] Validation loss: 7272.274994 
[2018-10-19 01:19:03,388][INFO] [29/200] Time: 88.851254 s
[2018-10-19 01:19:03,389][INFO] ------------------------------
[2018-10-19 01:20:28,043][INFO] [30/200] Train loss: 7153.507210 
[2018-10-19 01:20:31,385][INFO] [30/200] Validation loss: 7282.096619 
[2018-10-19 01:20:31,561][INFO] [30/200] Time: 88.170820 s
[2018-10-19 01:20:31,563][INFO] ------------------------------
[2018-10-19 01:21:55,064][INFO] [31/200] Train loss: 7121.169887 
[2018-10-19 01:21:58,528][INFO] [31/200] Validation loss: 7019.428055 
[2018-10-19 01:21:58,933][INFO] [31/200] Time: 87.368779 s
[2018-10-19 01:21:58,934][INFO] ------------------------------
[2018-10-19 01:23:22,862][INFO] [32/200] Train loss: 6992.689498 
[2018-10-19 01:23:26,177][INFO] [32/200] Validation loss: 7050.394562 
[2018-10-19 01:23:26,351][INFO] [32/200] Time: 87.416307 s
[2018-10-19 01:23:26,352][INFO] ------------------------------
[2018-10-19 01:24:50,088][INFO] [33/200] Train loss: 6949.844424 
[2018-10-19 01:24:53,525][INFO] [33/200] Validation loss: 6833.082550 
[2018-10-19 01:24:54,030][INFO] [33/200] Time: 87.676286 s
[2018-10-19 01:24:54,031][INFO] ------------------------------
[2018-10-19 01:26:18,133][INFO] [34/200] Train loss: 6846.411157 
[2018-10-19 01:26:21,265][INFO] [34/200] Validation loss: 7119.847595 
[2018-10-19 01:26:21,449][INFO] [34/200] Time: 87.416436 s
[2018-10-19 01:26:21,450][INFO] ------------------------------
[2018-10-19 01:27:46,032][INFO] [35/200] Train loss: 6814.880871 
[2018-10-19 01:27:49,472][INFO] [35/200] Validation loss: 6940.322998 
[2018-10-19 01:27:49,639][INFO] [35/200] Time: 88.187730 s
[2018-10-19 01:27:49,640][INFO] ------------------------------
[2018-10-19 01:29:14,143][INFO] [36/200] Train loss: 6787.408276 
[2018-10-19 01:29:17,794][INFO] [36/200] Validation loss: 7008.045792 
[2018-10-19 01:29:17,983][INFO] [36/200] Time: 88.342346 s
[2018-10-19 01:29:17,984][INFO] ------------------------------
[2018-10-19 01:30:43,214][INFO] [37/200] Train loss: 6812.897939 
[2018-10-19 01:30:46,516][INFO] [37/200] Validation loss: 6911.189758 
[2018-10-19 01:30:46,708][INFO] [37/200] Time: 88.722104 s
[2018-10-19 01:30:46,709][INFO] ------------------------------
[2018-10-19 01:32:11,139][INFO] [38/200] Train loss: 6691.587480 
[2018-10-19 01:32:14,595][INFO] [38/200] Validation loss: 6717.896484 
[2018-10-19 01:32:15,053][INFO] [38/200] Time: 88.343427 s
[2018-10-19 01:32:15,055][INFO] ------------------------------
[2018-10-19 01:33:38,734][INFO] [39/200] Train loss: 6693.519545 
[2018-10-19 01:33:42,007][INFO] [39/200] Validation loss: 6763.286041 
[2018-10-19 01:33:42,190][INFO] [39/200] Time: 87.134624 s
[2018-10-19 01:33:42,191][INFO] ------------------------------
[2018-10-19 01:35:07,759][INFO] [40/200] Train loss: 6657.242051 
[2018-10-19 01:35:11,045][INFO] [40/200] Validation loss: 6783.560516 
[2018-10-19 01:35:11,232][INFO] [40/200] Time: 89.039751 s
[2018-10-19 01:35:11,233][INFO] ------------------------------
[2018-10-19 01:36:35,905][INFO] [41/200] Train loss: 6653.053645 
[2018-10-19 01:36:39,311][INFO] [41/200] Validation loss: 6680.075119 
[2018-10-19 01:36:39,733][INFO] [41/200] Time: 88.498552 s
[2018-10-19 01:36:39,734][INFO] ------------------------------
[2018-10-19 01:38:04,876][INFO] [42/200] Train loss: 6591.373360 
[2018-10-19 01:38:08,397][INFO] [42/200] Validation loss: 6551.285858 
[2018-10-19 01:38:08,793][INFO] [42/200] Time: 89.057956 s
[2018-10-19 01:38:08,794][INFO] ------------------------------
[2018-10-19 01:39:33,344][INFO] [43/200] Train loss: 6561.363759 
[2018-10-19 01:39:36,619][INFO] [43/200] Validation loss: 6639.947113 
[2018-10-19 01:39:36,796][INFO] [43/200] Time: 88.001531 s
[2018-10-19 01:39:36,798][INFO] ------------------------------
[2018-10-19 01:41:01,844][INFO] [44/200] Train loss: 6433.793547 
[2018-10-19 01:41:05,446][INFO] [44/200] Validation loss: 6455.331253 
[2018-10-19 01:41:05,849][INFO] [44/200] Time: 89.049644 s
[2018-10-19 01:41:05,849][INFO] ------------------------------
[2018-10-19 01:42:30,246][INFO] [45/200] Train loss: 6346.856380 
[2018-10-19 01:42:33,981][INFO] [45/200] Validation loss: 6339.137421 
[2018-10-19 01:42:34,385][INFO] [45/200] Time: 88.534738 s
[2018-10-19 01:42:34,386][INFO] ------------------------------
[2018-10-19 01:43:59,111][INFO] [46/200] Train loss: 6303.080054 
[2018-10-19 01:44:02,402][INFO] [46/200] Validation loss: 6238.966476 
[2018-10-19 01:44:02,843][INFO] [46/200] Time: 88.456659 s
[2018-10-19 01:44:02,844][INFO] ------------------------------
[2018-10-19 01:45:26,851][INFO] [47/200] Train loss: 6269.725094 
[2018-10-19 01:45:30,222][INFO] [47/200] Validation loss: 6207.246750 
[2018-10-19 01:45:30,620][INFO] [47/200] Time: 87.774547 s
[2018-10-19 01:45:30,621][INFO] ------------------------------
[2018-10-19 01:46:54,818][INFO] [48/200] Train loss: 6101.551174 
[2018-10-19 01:46:58,219][INFO] [48/200] Validation loss: 6202.639908 
[2018-10-19 01:46:58,613][INFO] [48/200] Time: 87.990418 s
[2018-10-19 01:46:58,614][INFO] ------------------------------
[2018-10-19 01:48:24,451][INFO] [49/200] Train loss: 6023.077590 
[2018-10-19 01:48:27,738][INFO] [49/200] Validation loss: 6091.480148 
[2018-10-19 01:48:28,180][INFO] [49/200] Time: 89.565282 s
[2018-10-19 01:48:28,181][INFO] ------------------------------
[2018-10-19 01:49:51,501][INFO] [50/200] Train loss: 5916.854132 
[2018-10-19 01:49:54,973][INFO] [50/200] Validation loss: 5837.654114 
[2018-10-19 01:49:55,356][INFO] [50/200] Time: 87.173735 s
[2018-10-19 01:49:55,357][INFO] ------------------------------
[2018-10-19 01:51:20,638][INFO] [51/200] Train loss: 5888.203310 
[2018-10-19 01:51:24,102][INFO] [51/200] Validation loss: 5997.549606 
[2018-10-19 01:51:24,285][INFO] [51/200] Time: 88.925937 s
[2018-10-19 01:51:24,286][INFO] ------------------------------
[2018-10-19 01:52:48,712][INFO] [52/200] Train loss: 5709.019620 
[2018-10-19 01:52:52,236][INFO] [52/200] Validation loss: 5822.967926 
[2018-10-19 01:52:52,678][INFO] [52/200] Time: 88.390660 s
[2018-10-19 01:52:52,679][INFO] ------------------------------
[2018-10-19 01:54:11,209][INFO] [53/200] Train loss: 5592.437555 
[2018-10-19 01:54:13,776][INFO] [53/200] Validation loss: 5514.799347 
[2018-10-19 01:54:14,065][INFO] [53/200] Time: 81.385212 s
[2018-10-19 01:54:14,066][INFO] ------------------------------
[2018-10-19 01:55:26,713][INFO] [54/200] Train loss: 5513.161141 
[2018-10-19 01:55:29,225][INFO] [54/200] Validation loss: 5426.492081 
[2018-10-19 01:55:29,535][INFO] [54/200] Time: 75.468899 s
[2018-10-19 01:55:29,536][INFO] ------------------------------
[2018-10-19 01:56:42,187][INFO] [55/200] Train loss: 5463.608592 
[2018-10-19 01:56:44,889][INFO] [55/200] Validation loss: 5513.672485 
[2018-10-19 01:56:45,033][INFO] [55/200] Time: 75.496479 s
[2018-10-19 01:56:45,034][INFO] ------------------------------
[2018-10-19 01:57:58,337][INFO] [56/200] Train loss: 5295.622515 
[2018-10-19 01:58:00,836][INFO] [56/200] Validation loss: 5256.977249 
[2018-10-19 01:58:01,150][INFO] [56/200] Time: 76.114914 s
[2018-10-19 01:58:01,150][INFO] ------------------------------
[2018-10-19 01:59:13,341][INFO] [57/200] Train loss: 5307.326719 
[2018-10-19 01:59:15,848][INFO] [57/200] Validation loss: 5406.496231 
[2018-10-19 01:59:15,954][INFO] [57/200] Time: 74.802930 s
[2018-10-19 01:59:15,954][INFO] ------------------------------
[2018-10-19 02:00:27,227][INFO] [58/200] Train loss: 5130.038964 
[2018-10-19 02:00:29,759][INFO] [58/200] Validation loss: 5180.874695 
[2018-10-19 02:00:30,038][INFO] [58/200] Time: 74.083595 s
[2018-10-19 02:00:30,039][INFO] ------------------------------
[2018-10-19 02:01:43,083][INFO] [59/200] Train loss: 5069.447217 
[2018-10-19 02:01:45,756][INFO] [59/200] Validation loss: 5079.609146 
[2018-10-19 02:01:46,089][INFO] [59/200] Time: 76.049663 s
[2018-10-19 02:01:46,090][INFO] ------------------------------
[2018-10-19 02:02:58,381][INFO] [60/200] Train loss: 4936.352188 
[2018-10-19 02:03:00,803][INFO] [60/200] Validation loss: 4841.509842 
[2018-10-19 02:03:01,127][INFO] [60/200] Time: 75.036898 s
[2018-10-19 02:03:01,128][INFO] ------------------------------
[2018-10-19 02:04:14,539][INFO] [61/200] Train loss: 4792.709769 
[2018-10-19 02:04:16,986][INFO] [61/200] Validation loss: 4920.656036 
[2018-10-19 02:04:17,144][INFO] [61/200] Time: 76.014861 s
[2018-10-19 02:04:17,145][INFO] ------------------------------
[2018-10-19 02:05:29,436][INFO] [62/200] Train loss: 4760.626122 
[2018-10-19 02:05:31,824][INFO] [62/200] Validation loss: 4819.719711 
[2018-10-19 02:05:32,111][INFO] [62/200] Time: 74.965276 s
[2018-10-19 02:05:32,112][INFO] ------------------------------
[2018-10-19 02:06:44,787][INFO] [63/200] Train loss: 4737.158835 
[2018-10-19 02:06:47,268][INFO] [63/200] Validation loss: 4665.498032 
[2018-10-19 02:06:47,551][INFO] [63/200] Time: 75.438604 s
[2018-10-19 02:06:47,552][INFO] ------------------------------
[2018-10-19 02:07:59,937][INFO] [64/200] Train loss: 4493.769125 
[2018-10-19 02:08:02,621][INFO] [64/200] Validation loss: 4549.662079 
[2018-10-19 02:08:02,958][INFO] [64/200] Time: 75.405720 s
[2018-10-19 02:08:02,959][INFO] ------------------------------
[2018-10-19 02:09:15,701][INFO] [65/200] Train loss: 4408.327941 
[2018-10-19 02:09:18,155][INFO] [65/200] Validation loss: 4515.346779 
[2018-10-19 02:09:18,462][INFO] [65/200] Time: 75.501930 s
[2018-10-19 02:09:18,463][INFO] ------------------------------
[2018-10-19 02:10:30,902][INFO] [66/200] Train loss: 4334.350496 
[2018-10-19 02:10:33,473][INFO] [66/200] Validation loss: 4334.419510 
[2018-10-19 02:10:33,769][INFO] [66/200] Time: 75.305327 s
[2018-10-19 02:10:33,770][INFO] ------------------------------
[2018-10-19 02:11:46,577][INFO] [67/200] Train loss: 4241.119334 
[2018-10-19 02:11:49,315][INFO] [67/200] Validation loss: 4365.634758 
[2018-10-19 02:11:49,444][INFO] [67/200] Time: 75.673307 s
[2018-10-19 02:11:49,445][INFO] ------------------------------
[2018-10-19 02:13:01,996][INFO] [68/200] Train loss: 4155.623896 
[2018-10-19 02:13:04,567][INFO] [68/200] Validation loss: 4267.820969 
[2018-10-19 02:13:04,876][INFO] [68/200] Time: 75.430422 s
[2018-10-19 02:13:04,877][INFO] ------------------------------
[2018-10-19 02:14:17,754][INFO] [69/200] Train loss: 4113.523694 
[2018-10-19 02:14:20,330][INFO] [69/200] Validation loss: 4490.927505 
[2018-10-19 02:14:20,449][INFO] [69/200] Time: 75.571394 s
[2018-10-19 02:14:20,450][INFO] ------------------------------
[2018-10-19 02:15:32,863][INFO] [70/200] Train loss: 4012.193064 
[2018-10-19 02:15:35,426][INFO] [70/200] Validation loss: 4286.638367 
[2018-10-19 02:15:35,578][INFO] [70/200] Time: 75.126878 s
[2018-10-19 02:15:35,578][INFO] ------------------------------
[2018-10-19 02:16:48,760][INFO] [71/200] Train loss: 3883.895312 
[2018-10-19 02:16:51,416][INFO] [71/200] Validation loss: 4199.749390 
[2018-10-19 02:16:51,715][INFO] [71/200] Time: 76.135488 s
[2018-10-19 02:16:51,716][INFO] ------------------------------
[2018-10-19 02:18:05,143][INFO] [72/200] Train loss: 3839.994437 
[2018-10-19 02:18:07,621][INFO] [72/200] Validation loss: 3946.772484 
[2018-10-19 02:18:07,984][INFO] [72/200] Time: 76.266463 s
[2018-10-19 02:18:07,985][INFO] ------------------------------
[2018-10-19 02:19:20,332][INFO] [73/200] Train loss: 3761.857729 
[2018-10-19 02:19:22,816][INFO] [73/200] Validation loss: 4010.556793 
[2018-10-19 02:19:22,940][INFO] [73/200] Time: 74.953975 s
[2018-10-19 02:19:22,941][INFO] ------------------------------
[2018-10-19 02:20:35,515][INFO] [74/200] Train loss: 3707.603342 
[2018-10-19 02:20:38,253][INFO] [74/200] Validation loss: 3804.881470 
[2018-10-19 02:20:38,522][INFO] [74/200] Time: 75.580494 s
[2018-10-19 02:20:38,523][INFO] ------------------------------
[2018-10-19 02:21:51,370][INFO] [75/200] Train loss: 3698.022660 
[2018-10-19 02:21:53,842][INFO] [75/200] Validation loss: 3667.221291 
[2018-10-19 02:21:54,127][INFO] [75/200] Time: 75.603078 s
[2018-10-19 02:21:54,128][INFO] ------------------------------
[2018-10-19 02:23:06,679][INFO] [76/200] Train loss: 3623.248019 
[2018-10-19 02:23:09,309][INFO] [76/200] Validation loss: 3745.202652 
[2018-10-19 02:23:09,423][INFO] [76/200] Time: 75.295022 s
[2018-10-19 02:23:09,424][INFO] ------------------------------
[2018-10-19 02:24:22,525][INFO] [77/200] Train loss: 3638.082535 
[2018-10-19 02:24:25,178][INFO] [77/200] Validation loss: 3947.172028 
[2018-10-19 02:24:25,295][INFO] [77/200] Time: 75.869449 s
[2018-10-19 02:24:25,295][INFO] ------------------------------
[2018-10-19 02:25:38,564][INFO] [78/200] Train loss: 3540.888526 
[2018-10-19 02:25:41,000][INFO] [78/200] Validation loss: 3621.456047 
[2018-10-19 02:25:41,288][INFO] [78/200] Time: 75.991864 s
[2018-10-19 02:25:41,289][INFO] ------------------------------
[2018-10-19 02:26:53,930][INFO] [79/200] Train loss: 3516.914047 
[2018-10-19 02:26:56,465][INFO] [79/200] Validation loss: 3665.403526 
[2018-10-19 02:26:56,599][INFO] [79/200] Time: 75.309859 s
[2018-10-19 02:26:56,600][INFO] ------------------------------
[2018-10-19 02:28:09,664][INFO] [80/200] Train loss: 3483.672415 
[2018-10-19 02:28:12,113][INFO] [80/200] Validation loss: 3640.937851 
[2018-10-19 02:28:12,251][INFO] [80/200] Time: 75.650232 s
[2018-10-19 02:28:12,252][INFO] ------------------------------
[2018-10-19 02:29:24,350][INFO] [81/200] Train loss: 3351.527989 
[2018-10-19 02:29:26,888][INFO] [81/200] Validation loss: 3527.431129 
[2018-10-19 02:29:27,172][INFO] [81/200] Time: 74.920324 s
[2018-10-19 02:29:27,173][INFO] ------------------------------
[2018-10-19 02:30:39,085][INFO] [82/200] Train loss: 3326.482043 
[2018-10-19 02:30:41,586][INFO] [82/200] Validation loss: 3484.625359 
[2018-10-19 02:30:41,927][INFO] [82/200] Time: 74.753263 s
[2018-10-19 02:30:41,928][INFO] ------------------------------
[2018-10-19 02:31:54,023][INFO] [83/200] Train loss: 3343.315479 
[2018-10-19 02:31:56,529][INFO] [83/200] Validation loss: 3588.529930 
[2018-10-19 02:31:56,639][INFO] [83/200] Time: 74.710450 s
[2018-10-19 02:31:56,640][INFO] ------------------------------
[2018-10-19 02:33:09,688][INFO] [84/200] Train loss: 3240.318930 
[2018-10-19 02:33:12,474][INFO] [84/200] Validation loss: 3472.864029 
[2018-10-19 02:33:12,733][INFO] [84/200] Time: 76.092451 s
[2018-10-19 02:33:12,734][INFO] ------------------------------
[2018-10-19 02:34:25,329][INFO] [85/200] Train loss: 3204.665046 
[2018-10-19 02:34:27,924][INFO] [85/200] Validation loss: 3458.258698 
[2018-10-19 02:34:28,174][INFO] [85/200] Time: 75.439626 s
[2018-10-19 02:34:28,175][INFO] ------------------------------
[2018-10-19 02:35:40,501][INFO] [86/200] Train loss: 3143.246022 
[2018-10-19 02:35:43,014][INFO] [86/200] Validation loss: 3364.256447 
[2018-10-19 02:35:43,286][INFO] [86/200] Time: 75.110650 s
[2018-10-19 02:35:43,287][INFO] ------------------------------
[2018-10-19 02:36:55,015][INFO] [87/200] Train loss: 3060.271983 
[2018-10-19 02:36:57,465][INFO] [87/200] Validation loss: 3346.683830 
[2018-10-19 02:36:57,772][INFO] [87/200] Time: 74.484819 s
[2018-10-19 02:36:57,773][INFO] ------------------------------
[2018-10-19 02:38:13,416][INFO] [88/200] Train loss: 3035.577959 
[2018-10-19 02:38:17,071][INFO] [88/200] Validation loss: 3174.008675 
[2018-10-19 02:38:17,537][INFO] [88/200] Time: 79.763436 s
[2018-10-19 02:38:17,538][INFO] ------------------------------
[2018-10-19 02:39:42,859][INFO] [89/200] Train loss: 2997.870783 
[2018-10-19 02:39:46,035][INFO] [89/200] Validation loss: 3213.838432 
[2018-10-19 02:39:46,213][INFO] [89/200] Time: 88.673971 s
[2018-10-19 02:39:46,214][INFO] ------------------------------
[2018-10-19 02:41:11,518][INFO] [90/200] Train loss: 2954.045334 
[2018-10-19 02:41:15,006][INFO] [90/200] Validation loss: 3107.251381 
[2018-10-19 02:41:15,413][INFO] [90/200] Time: 89.197926 s
[2018-10-19 02:41:15,414][INFO] ------------------------------
[2018-10-19 02:42:40,535][INFO] [91/200] Train loss: 2851.107389 
[2018-10-19 02:42:44,051][INFO] [91/200] Validation loss: 2896.100830 
[2018-10-19 02:42:44,477][INFO] [91/200] Time: 89.061817 s
[2018-10-19 02:42:44,479][INFO] ------------------------------
[2018-10-19 02:44:11,275][INFO] [92/200] Train loss: 2783.101628 
[2018-10-19 02:44:14,393][INFO] [92/200] Validation loss: 2868.728493 
[2018-10-19 02:44:14,792][INFO] [92/200] Time: 90.311864 s
[2018-10-19 02:44:14,794][INFO] ------------------------------
[2018-10-19 02:45:39,507][INFO] [93/200] Train loss: 2799.403319 
[2018-10-19 02:45:42,999][INFO] [93/200] Validation loss: 2923.460144 
[2018-10-19 02:45:43,162][INFO] [93/200] Time: 88.366394 s
[2018-10-19 02:45:43,163][INFO] ------------------------------
[2018-10-19 02:47:09,392][INFO] [94/200] Train loss: 2694.022042 
[2018-10-19 02:47:12,747][INFO] [94/200] Validation loss: 2917.490013 
[2018-10-19 02:47:12,945][INFO] [94/200] Time: 89.781056 s
[2018-10-19 02:47:12,946][INFO] ------------------------------
[2018-10-19 02:48:37,795][INFO] [95/200] Train loss: 2626.196307 
[2018-10-19 02:48:41,533][INFO] [95/200] Validation loss: 2733.275528 
[2018-10-19 02:48:41,919][INFO] [95/200] Time: 88.971866 s
[2018-10-19 02:48:41,920][INFO] ------------------------------
[2018-10-19 02:50:07,511][INFO] [96/200] Train loss: 2661.236967 
[2018-10-19 02:50:10,986][INFO] [96/200] Validation loss: 2877.433891 
[2018-10-19 02:50:11,166][INFO] [96/200] Time: 89.245372 s
[2018-10-19 02:50:11,167][INFO] ------------------------------
[2018-10-19 02:51:36,312][INFO] [97/200] Train loss: 2581.436116 
[2018-10-19 02:51:39,980][INFO] [97/200] Validation loss: 2625.150467 
[2018-10-19 02:51:40,403][INFO] [97/200] Time: 89.235632 s
[2018-10-19 02:51:40,404][INFO] ------------------------------
[2018-10-19 02:53:08,092][INFO] [98/200] Train loss: 2582.541760 
[2018-10-19 02:53:11,472][INFO] [98/200] Validation loss: 2989.931526 
[2018-10-19 02:53:11,642][INFO] [98/200] Time: 91.236160 s
[2018-10-19 02:53:11,643][INFO] ------------------------------
[2018-10-19 02:54:36,740][INFO] [99/200] Train loss: 2527.056414 
[2018-10-19 02:54:40,059][INFO] [99/200] Validation loss: 2556.050713 
[2018-10-19 02:54:40,460][INFO] [99/200] Time: 88.816348 s
[2018-10-19 02:54:40,462][INFO] ------------------------------
[2018-10-19 02:56:07,004][INFO] [100/200] Train loss: 2477.577413 
[2018-10-19 02:56:10,081][INFO] [100/200] Validation loss: 2499.599846 
[2018-10-19 02:56:10,722][INFO] [100/200] Time: 90.258826 s
[2018-10-19 02:56:10,723][INFO] ------------------------------
[2018-10-19 02:57:35,124][INFO] [101/200] Train loss: 2444.483057 
[2018-10-19 02:57:38,535][INFO] [101/200] Validation loss: 2651.370827 
[2018-10-19 02:57:38,733][INFO] [101/200] Time: 88.008914 s
[2018-10-19 02:57:38,734][INFO] ------------------------------
[2018-10-19 02:59:04,217][INFO] [102/200] Train loss: 2401.815473 
[2018-10-19 02:59:07,518][INFO] [102/200] Validation loss: 2686.716034 
[2018-10-19 02:59:07,705][INFO] [102/200] Time: 88.970074 s
[2018-10-19 02:59:07,706][INFO] ------------------------------
[2018-10-19 03:00:31,995][INFO] [103/200] Train loss: 2359.660443 
[2018-10-19 03:00:35,272][INFO] [103/200] Validation loss: 2286.185555 
[2018-10-19 03:00:35,688][INFO] [103/200] Time: 87.980772 s
[2018-10-19 03:00:35,690][INFO] ------------------------------
[2018-10-19 03:02:00,373][INFO] [104/200] Train loss: 2273.532537 
[2018-10-19 03:02:03,876][INFO] [104/200] Validation loss: 2285.933388 
[2018-10-19 03:02:04,261][INFO] [104/200] Time: 88.569026 s
[2018-10-19 03:02:04,262][INFO] ------------------------------
[2018-10-19 03:03:31,238][INFO] [105/200] Train loss: 2205.341690 
[2018-10-19 03:03:34,671][INFO] [105/200] Validation loss: 2227.528023 
[2018-10-19 03:03:35,074][INFO] [105/200] Time: 90.810737 s
[2018-10-19 03:03:35,075][INFO] ------------------------------
[2018-10-19 03:05:02,067][INFO] [106/200] Train loss: 2111.234727 
[2018-10-19 03:05:05,621][INFO] [106/200] Validation loss: 2720.232872 
[2018-10-19 03:05:05,806][INFO] [106/200] Time: 90.728662 s
[2018-10-19 03:05:05,807][INFO] ------------------------------
[2018-10-19 03:06:31,273][INFO] [107/200] Train loss: 2069.941559 
[2018-10-19 03:06:35,264][INFO] [107/200] Validation loss: 2221.227646 
[2018-10-19 03:06:35,665][INFO] [107/200] Time: 89.857047 s
[2018-10-19 03:06:35,666][INFO] ------------------------------
[2018-10-19 03:08:00,798][INFO] [108/200] Train loss: 2038.167182 
[2018-10-19 03:08:04,466][INFO] [108/200] Validation loss: 2312.955414 
[2018-10-19 03:08:04,637][INFO] [108/200] Time: 88.969963 s
[2018-10-19 03:08:04,638][INFO] ------------------------------
[2018-10-19 03:09:29,871][INFO] [109/200] Train loss: 2015.548688 
[2018-10-19 03:09:33,478][INFO] [109/200] Validation loss: 2059.842316 
[2018-10-19 03:09:33,877][INFO] [109/200] Time: 89.237531 s
[2018-10-19 03:09:33,878][INFO] ------------------------------
[2018-10-19 03:10:58,606][INFO] [110/200] Train loss: 1944.020548 
[2018-10-19 03:11:02,156][INFO] [110/200] Validation loss: 2256.131828 
[2018-10-19 03:11:02,328][INFO] [110/200] Time: 88.449124 s
[2018-10-19 03:11:02,330][INFO] ------------------------------
[2018-10-19 03:12:28,391][INFO] [111/200] Train loss: 1891.935991 
[2018-10-19 03:12:32,029][INFO] [111/200] Validation loss: 1955.790184 
[2018-10-19 03:12:32,421][INFO] [111/200] Time: 90.090692 s
[2018-10-19 03:12:32,422][INFO] ------------------------------
[2018-10-19 03:13:57,316][INFO] [112/200] Train loss: 1906.142403 
[2018-10-19 03:14:00,992][INFO] [112/200] Validation loss: 2389.876846 
[2018-10-19 03:14:01,187][INFO] [112/200] Time: 88.763974 s
[2018-10-19 03:14:01,188][INFO] ------------------------------
[2018-10-19 03:15:26,284][INFO] [113/200] Train loss: 1764.703040 
[2018-10-19 03:15:30,025][INFO] [113/200] Validation loss: 1976.412651 
[2018-10-19 03:15:30,205][INFO] [113/200] Time: 89.016245 s
[2018-10-19 03:15:30,207][INFO] ------------------------------
[2018-10-19 03:16:55,783][INFO] [114/200] Train loss: 1738.726505 
[2018-10-19 03:16:59,074][INFO] [114/200] Validation loss: 1910.576180 
[2018-10-19 03:16:59,754][INFO] [114/200] Time: 89.546310 s
[2018-10-19 03:16:59,756][INFO] ------------------------------
[2018-10-19 03:18:25,855][INFO] [115/200] Train loss: 1771.475347 
[2018-10-19 03:18:29,132][INFO] [115/200] Validation loss: 1881.546589 
[2018-10-19 03:18:29,528][INFO] [115/200] Time: 89.771820 s
[2018-10-19 03:18:29,529][INFO] ------------------------------
[2018-10-19 03:19:53,602][INFO] [116/200] Train loss: 1581.546085 
[2018-10-19 03:19:56,936][INFO] [116/200] Validation loss: 1790.591034 
[2018-10-19 03:19:57,346][INFO] [116/200] Time: 87.815554 s
[2018-10-19 03:19:57,348][INFO] ------------------------------
[2018-10-19 03:21:23,680][INFO] [117/200] Train loss: 1563.943567 
[2018-10-19 03:21:26,860][INFO] [117/200] Validation loss: 2084.957451 
[2018-10-19 03:21:26,998][INFO] [117/200] Time: 89.648010 s
[2018-10-19 03:21:27,000][INFO] ------------------------------
[2018-10-19 03:22:51,659][INFO] [118/200] Train loss: 1584.574737 
[2018-10-19 03:22:55,264][INFO] [118/200] Validation loss: 1761.463238 
[2018-10-19 03:22:55,671][INFO] [118/200] Time: 88.670703 s
[2018-10-19 03:22:55,673][INFO] ------------------------------
[2018-10-19 03:24:20,711][INFO] [119/200] Train loss: 1524.008319 
[2018-10-19 03:24:24,020][INFO] [119/200] Validation loss: 1784.790684 
[2018-10-19 03:24:24,201][INFO] [119/200] Time: 88.526626 s
[2018-10-19 03:24:24,202][INFO] ------------------------------
[2018-10-19 03:25:48,892][INFO] [120/200] Train loss: 1469.854583 
[2018-10-19 03:25:52,124][INFO] [120/200] Validation loss: 1810.947678 
[2018-10-19 03:25:52,314][INFO] [120/200] Time: 88.111084 s
[2018-10-19 03:25:52,315][INFO] ------------------------------
[2018-10-19 03:27:17,189][INFO] [121/200] Train loss: 1473.649627 
[2018-10-19 03:27:20,998][INFO] [121/200] Validation loss: 1391.379017 
[2018-10-19 03:27:21,391][INFO] [121/200] Time: 89.075407 s
[2018-10-19 03:27:21,392][INFO] ------------------------------
[2018-10-19 03:28:46,420][INFO] [122/200] Train loss: 1461.093354 
[2018-10-19 03:28:49,901][INFO] [122/200] Validation loss: 1517.942253 
[2018-10-19 03:28:50,094][INFO] [122/200] Time: 88.700390 s
[2018-10-19 03:28:50,095][INFO] ------------------------------
[2018-10-19 03:30:16,796][INFO] [123/200] Train loss: 1324.377556 
[2018-10-19 03:30:20,177][INFO] [123/200] Validation loss: 1465.554680 
[2018-10-19 03:30:20,366][INFO] [123/200] Time: 90.269784 s
[2018-10-19 03:30:20,368][INFO] ------------------------------
[2018-10-19 03:31:46,521][INFO] [124/200] Train loss: 1323.971065 
[2018-10-19 03:31:50,214][INFO] [124/200] Validation loss: 1629.797157 
[2018-10-19 03:31:50,402][INFO] [124/200] Time: 90.032919 s
[2018-10-19 03:31:50,403][INFO] ------------------------------
[2018-10-19 03:33:14,589][INFO] [125/200] Train loss: 1230.186589 
[2018-10-19 03:33:18,011][INFO] [125/200] Validation loss: 1201.151459 
[2018-10-19 03:33:18,416][INFO] [125/200] Time: 88.012343 s
[2018-10-19 03:33:18,417][INFO] ------------------------------
[2018-10-19 03:34:42,499][INFO] [126/200] Train loss: 1153.121963 
[2018-10-19 03:34:45,822][INFO] [126/200] Validation loss: 1165.676006 
[2018-10-19 03:34:46,239][INFO] [126/200] Time: 87.821611 s
[2018-10-19 03:34:46,240][INFO] ------------------------------
[2018-10-19 03:36:10,121][INFO] [127/200] Train loss: 1184.654662 
[2018-10-19 03:36:13,474][INFO] [127/200] Validation loss: 1860.315945 
[2018-10-19 03:36:13,656][INFO] [127/200] Time: 87.414783 s
[2018-10-19 03:36:13,657][INFO] ------------------------------
[2018-10-19 03:37:39,422][INFO] [128/200] Train loss: 1151.096084 
[2018-10-19 03:37:42,745][INFO] [128/200] Validation loss: 1208.183544 
[2018-10-19 03:37:42,929][INFO] [128/200] Time: 89.271176 s
[2018-10-19 03:37:42,931][INFO] ------------------------------
[2018-10-19 03:39:08,602][INFO] [129/200] Train loss: 1122.290925 
[2018-10-19 03:39:11,815][INFO] [129/200] Validation loss: 1351.223888 
[2018-10-19 03:39:11,996][INFO] [129/200] Time: 89.064456 s
[2018-10-19 03:39:11,998][INFO] ------------------------------
[2018-10-19 03:40:37,537][INFO] [130/200] Train loss: 1125.649238 
[2018-10-19 03:40:40,822][INFO] [130/200] Validation loss: 1247.922668 
[2018-10-19 03:40:41,001][INFO] [130/200] Time: 89.002500 s
[2018-10-19 03:40:41,002][INFO] ------------------------------
[2018-10-19 03:42:05,276][INFO] [131/200] Train loss: 1156.511088 
[2018-10-19 03:42:08,504][INFO] [131/200] Validation loss: 1562.335842 
[2018-10-19 03:42:08,694][INFO] [131/200] Time: 87.691554 s
[2018-10-19 03:42:08,696][INFO] ------------------------------
[2018-10-19 03:43:33,635][INFO] [132/200] Train loss: 1013.128707 
[2018-10-19 03:43:37,347][INFO] [132/200] Validation loss: 1156.816235 
[2018-10-19 03:43:37,740][INFO] [132/200] Time: 89.042173 s
[2018-10-19 03:43:37,741][INFO] ------------------------------
[2018-10-19 03:45:02,147][INFO] [133/200] Train loss: 1021.104341 
[2018-10-19 03:45:05,747][INFO] [133/200] Validation loss: 1353.954346 
[2018-10-19 03:45:05,899][INFO] [133/200] Time: 88.157128 s
[2018-10-19 03:45:05,900][INFO] ------------------------------
[2018-10-19 03:46:33,192][INFO] [134/200] Train loss: 1033.739354 
[2018-10-19 03:46:36,576][INFO] [134/200] Validation loss: 1314.415676 
[2018-10-19 03:46:36,757][INFO] [134/200] Time: 90.855070 s
[2018-10-19 03:46:36,758][INFO] ------------------------------
[2018-10-19 03:48:02,468][INFO] [135/200] Train loss: 957.013532 
[2018-10-19 03:48:05,835][INFO] [135/200] Validation loss: 800.889885 
[2018-10-19 03:48:06,234][INFO] [135/200] Time: 89.474937 s
[2018-10-19 03:48:06,235][INFO] ------------------------------
[2018-10-19 03:49:31,889][INFO] [136/200] Train loss: 904.257940 
[2018-10-19 03:49:35,184][INFO] [136/200] Validation loss: 1220.319084 
[2018-10-19 03:49:35,355][INFO] [136/200] Time: 89.118947 s
[2018-10-19 03:49:35,356][INFO] ------------------------------
[2018-10-19 03:51:00,780][INFO] [137/200] Train loss: 894.150747 
[2018-10-19 03:51:04,199][INFO] [137/200] Validation loss: 1058.903563 
[2018-10-19 03:51:04,376][INFO] [137/200] Time: 89.018868 s
[2018-10-19 03:51:04,378][INFO] ------------------------------
[2018-10-19 03:52:30,526][INFO] [138/200] Train loss: 867.192384 
[2018-10-19 03:52:34,098][INFO] [138/200] Validation loss: 670.314344 
[2018-10-19 03:52:34,532][INFO] [138/200] Time: 90.152778 s
[2018-10-19 03:52:34,533][INFO] ------------------------------
[2018-10-19 03:54:01,883][INFO] [139/200] Train loss: 798.118160 
[2018-10-19 03:54:05,212][INFO] [139/200] Validation loss: 738.391924 
[2018-10-19 03:54:05,379][INFO] [139/200] Time: 90.844104 s
[2018-10-19 03:54:05,380][INFO] ------------------------------
[2018-10-19 03:55:30,823][INFO] [140/200] Train loss: 703.097229 
[2018-10-19 03:55:34,188][INFO] [140/200] Validation loss: 879.260601 
[2018-10-19 03:55:34,365][INFO] [140/200] Time: 88.983543 s
[2018-10-19 03:55:34,366][INFO] ------------------------------
[2018-10-19 03:56:58,911][INFO] [141/200] Train loss: 712.970448 
[2018-10-19 03:57:02,300][INFO] [141/200] Validation loss: 782.028368 
[2018-10-19 03:57:02,473][INFO] [141/200] Time: 88.105321 s
[2018-10-19 03:57:02,474][INFO] ------------------------------
[2018-10-19 03:58:28,668][INFO] [142/200] Train loss: 723.621839 
[2018-10-19 03:58:32,351][INFO] [142/200] Validation loss: 773.530235 
[2018-10-19 03:58:32,504][INFO] [142/200] Time: 90.028610 s
[2018-10-19 03:58:32,505][INFO] ------------------------------
[2018-10-19 03:59:57,620][INFO] [143/200] Train loss: 582.970656 
[2018-10-19 04:00:01,091][INFO] [143/200] Validation loss: 738.828243 
[2018-10-19 04:00:01,264][INFO] [143/200] Time: 88.758236 s
[2018-10-19 04:00:01,265][INFO] ------------------------------
[2018-10-19 04:01:25,846][INFO] [144/200] Train loss: 614.490444 
[2018-10-19 04:01:29,299][INFO] [144/200] Validation loss: 601.874569 
[2018-10-19 04:01:29,698][INFO] [144/200] Time: 88.431659 s
[2018-10-19 04:01:29,701][INFO] ------------------------------
[2018-10-19 04:02:57,020][INFO] [145/200] Train loss: 702.138730 
[2018-10-19 04:03:00,407][INFO] [145/200] Validation loss: 749.630455 
[2018-10-19 04:03:00,575][INFO] [145/200] Time: 90.872823 s
[2018-10-19 04:03:00,577][INFO] ------------------------------
[2018-10-19 04:04:25,414][INFO] [146/200] Train loss: 685.301160 
[2018-10-19 04:04:28,855][INFO] [146/200] Validation loss: 840.772207 
[2018-10-19 04:04:29,027][INFO] [146/200] Time: 88.449865 s
[2018-10-19 04:04:29,028][INFO] ------------------------------
[2018-10-19 04:05:54,387][INFO] [147/200] Train loss: 629.757459 
[2018-10-19 04:05:57,735][INFO] [147/200] Validation loss: 616.082350 
[2018-10-19 04:05:57,895][INFO] [147/200] Time: 88.865618 s
[2018-10-19 04:05:57,896][INFO] ------------------------------
[2018-10-19 04:07:23,097][INFO] [148/200] Train loss: 781.522661 
[2018-10-19 04:07:26,447][INFO] [148/200] Validation loss: 877.507410 
[2018-10-19 04:07:26,624][INFO] [148/200] Time: 88.727609 s
[2018-10-19 04:07:26,625][INFO] ------------------------------
[2018-10-19 04:08:51,370][INFO] [149/200] Train loss: 632.588183 
[2018-10-19 04:08:54,809][INFO] [149/200] Validation loss: 626.463528 
[2018-10-19 04:08:54,978][INFO] [149/200] Time: 88.351426 s
[2018-10-19 04:08:54,979][INFO] ------------------------------
[2018-10-19 04:10:19,432][INFO] [150/200] Train loss: 620.441139 
[2018-10-19 04:10:23,180][INFO] [150/200] Validation loss: 636.665031 
[2018-10-19 04:10:23,362][INFO] [150/200] Time: 88.381525 s
[2018-10-19 04:10:23,363][INFO] ------------------------------
[2018-10-19 04:11:47,750][INFO] [151/200] Train loss: 581.815665 
[2018-10-19 04:11:51,629][INFO] [151/200] Validation loss: 547.685460 
[2018-10-19 04:11:52,067][INFO] [151/200] Time: 88.702167 s
[2018-10-19 04:11:52,069][INFO] ------------------------------
[2018-10-19 04:13:16,458][INFO] [152/200] Train loss: 695.912725 
[2018-10-19 04:13:20,268][INFO] [152/200] Validation loss: 651.738470 
[2018-10-19 04:13:20,409][INFO] [152/200] Time: 88.339756 s
[2018-10-19 04:13:20,410][INFO] ------------------------------
[2018-10-19 04:14:44,905][INFO] [153/200] Train loss: 588.736943 
[2018-10-19 04:14:48,537][INFO] [153/200] Validation loss: 555.193716 
[2018-10-19 04:14:48,771][INFO] [153/200] Time: 88.359268 s
[2018-10-19 04:14:48,775][INFO] ------------------------------
[2018-10-19 04:16:13,488][INFO] [154/200] Train loss: 574.441497 
[2018-10-19 04:16:16,940][INFO] [154/200] Validation loss: 537.915224 
[2018-10-19 04:16:17,336][INFO] [154/200] Time: 88.559487 s
[2018-10-19 04:16:17,337][INFO] ------------------------------
[2018-10-19 04:17:44,496][INFO] [155/200] Train loss: 544.852159 
[2018-10-19 04:17:47,975][INFO] [155/200] Validation loss: 1204.842529 
[2018-10-19 04:17:48,153][INFO] [155/200] Time: 90.814311 s
[2018-10-19 04:17:48,154][INFO] ------------------------------
[2018-10-19 04:19:13,421][INFO] [156/200] Train loss: 764.724385 
[2018-10-19 04:19:16,925][INFO] [156/200] Validation loss: 1329.947575 
[2018-10-19 04:19:17,185][INFO] [156/200] Time: 89.030110 s
[2018-10-19 04:19:17,187][INFO] ------------------------------
[2018-10-19 04:20:44,414][INFO] [157/200] Train loss: 613.170162 
[2018-10-19 04:20:47,854][INFO] [157/200] Validation loss: 528.234486 
[2018-10-19 04:20:48,257][INFO] [157/200] Time: 91.067771 s
[2018-10-19 04:20:48,258][INFO] ------------------------------
[2018-10-19 04:22:13,454][INFO] [158/200] Train loss: 575.395261 
[2018-10-19 04:22:17,075][INFO] [158/200] Validation loss: 653.912264 
[2018-10-19 04:22:17,269][INFO] [158/200] Time: 89.010104 s
[2018-10-19 04:22:17,271][INFO] ------------------------------
[2018-10-19 04:23:43,453][INFO] [159/200] Train loss: 488.373116 
[2018-10-19 04:23:46,956][INFO] [159/200] Validation loss: 855.802315 
[2018-10-19 04:23:47,127][INFO] [159/200] Time: 89.854308 s
[2018-10-19 04:23:47,128][INFO] ------------------------------
[2018-10-19 04:25:11,853][INFO] [160/200] Train loss: 500.267015 
[2018-10-19 04:25:15,478][INFO] [160/200] Validation loss: 604.305468 
[2018-10-19 04:25:15,658][INFO] [160/200] Time: 88.528924 s
[2018-10-19 04:25:15,659][INFO] ------------------------------
[2018-10-19 04:26:41,982][INFO] [161/200] Train loss: 557.233122 
[2018-10-19 04:26:45,330][INFO] [161/200] Validation loss: 589.584925 
[2018-10-19 04:26:45,512][INFO] [161/200] Time: 89.851738 s
[2018-10-19 04:26:45,513][INFO] ------------------------------
[2018-10-19 04:28:11,818][INFO] [162/200] Train loss: 533.776987 
[2018-10-19 04:28:15,713][INFO] [162/200] Validation loss: 641.169195 
[2018-10-19 04:28:15,881][INFO] [162/200] Time: 90.367101 s
[2018-10-19 04:28:15,882][INFO] ------------------------------
[2018-10-19 04:29:40,306][INFO] [163/200] Train loss: 523.771815 
[2018-10-19 04:29:43,769][INFO] [163/200] Validation loss: 838.734175 
[2018-10-19 04:29:43,937][INFO] [163/200] Time: 88.053551 s
[2018-10-19 04:29:43,938][INFO] ------------------------------
[2018-10-19 04:31:09,207][INFO] [164/200] Train loss: 644.607940 
[2018-10-19 04:31:12,863][INFO] [164/200] Validation loss: 788.291159 
[2018-10-19 04:31:13,020][INFO] [164/200] Time: 89.081256 s
[2018-10-19 04:31:13,021][INFO] ------------------------------
[2018-10-19 04:32:37,663][INFO] [165/200] Train loss: 581.625385 
[2018-10-19 04:32:40,986][INFO] [165/200] Validation loss: 693.233316 
[2018-10-19 04:32:41,161][INFO] [165/200] Time: 88.139164 s
[2018-10-19 04:32:41,163][INFO] ------------------------------
[2018-10-19 04:34:07,717][INFO] [166/200] Train loss: 582.469861 
[2018-10-19 04:34:11,025][INFO] [166/200] Validation loss: 569.238914 
[2018-10-19 04:34:11,188][INFO] [166/200] Time: 90.024366 s
[2018-10-19 04:34:11,189][INFO] ------------------------------
[2018-10-19 04:35:36,879][INFO] [167/200] Train loss: 591.053694 
[2018-10-19 04:35:40,639][INFO] [167/200] Validation loss: 942.525217 
[2018-10-19 04:35:40,812][INFO] [167/200] Time: 89.621711 s
[2018-10-19 04:35:40,813][INFO] ------------------------------
[2018-10-19 04:37:06,698][INFO] [168/200] Train loss: 520.891528 
[2018-10-19 04:37:09,975][INFO] [168/200] Validation loss: 635.692259 
[2018-10-19 04:37:10,139][INFO] [168/200] Time: 89.325173 s
[2018-10-19 04:37:10,140][INFO] ------------------------------
[2018-10-19 04:38:37,144][INFO] [169/200] Train loss: 635.735319 
[2018-10-19 04:38:40,539][INFO] [169/200] Validation loss: 1029.106632 
[2018-10-19 04:38:40,708][INFO] [169/200] Time: 90.567471 s
[2018-10-19 04:38:40,709][INFO] ------------------------------
[2018-10-19 04:40:05,412][INFO] [170/200] Train loss: 660.476971 
[2018-10-19 04:40:09,225][INFO] [170/200] Validation loss: 525.183133 
[2018-10-19 04:40:09,623][INFO] [170/200] Time: 88.912733 s
[2018-10-19 04:40:09,624][INFO] ------------------------------
[2018-10-19 04:41:34,557][INFO] [171/200] Train loss: 709.618255 
[2018-10-19 04:41:37,949][INFO] [171/200] Validation loss: 597.575835 
[2018-10-19 04:41:38,114][INFO] [171/200] Time: 88.489197 s
[2018-10-19 04:41:38,115][INFO] ------------------------------
[2018-10-19 04:43:04,761][INFO] [172/200] Train loss: 613.757476 
[2018-10-19 04:43:08,106][INFO] [172/200] Validation loss: 1821.575901 
[2018-10-19 04:43:08,280][INFO] [172/200] Time: 90.164062 s
[2018-10-19 04:43:08,281][INFO] ------------------------------
[2018-10-19 04:44:34,437][INFO] [173/200] Train loss: 551.288865 
[2018-10-19 04:44:38,221][INFO] [173/200] Validation loss: 773.004519 
[2018-10-19 04:44:38,397][INFO] [173/200] Time: 90.114111 s
[2018-10-19 04:44:38,398][INFO] ------------------------------
[2018-10-19 04:46:04,991][INFO] [174/200] Train loss: 600.431235 
[2018-10-19 04:46:08,598][INFO] [174/200] Validation loss: 951.552238 
[2018-10-19 04:46:08,780][INFO] [174/200] Time: 90.380696 s
[2018-10-19 04:46:08,781][INFO] ------------------------------
[2018-10-19 04:47:36,859][INFO] [175/200] Train loss: 458.190803 
[2018-10-19 04:47:40,336][INFO] [175/200] Validation loss: 788.560726 
[2018-10-19 04:47:40,492][INFO] [175/200] Time: 91.709049 s
[2018-10-19 04:47:40,493][INFO] ------------------------------
[2018-10-19 04:49:06,056][INFO] [176/200] Train loss: 562.186931 
[2018-10-19 04:49:09,487][INFO] [176/200] Validation loss: 1198.808666 
[2018-10-19 04:49:09,674][INFO] [176/200] Time: 89.180521 s
[2018-10-19 04:49:09,678][INFO] ------------------------------
[2018-10-19 04:50:34,838][INFO] [177/200] Train loss: 519.014063 
[2018-10-19 04:50:38,259][INFO] [177/200] Validation loss: 541.240650 
[2018-10-19 04:50:38,424][INFO] [177/200] Time: 88.745340 s
[2018-10-19 04:50:38,425][INFO] ------------------------------
[2018-10-19 04:52:03,089][INFO] [178/200] Train loss: 543.382861 
[2018-10-19 04:52:06,659][INFO] [178/200] Validation loss: 406.213405 
[2018-10-19 04:52:07,051][INFO] [178/200] Time: 88.625064 s
[2018-10-19 04:52:07,052][INFO] ------------------------------
[2018-10-19 04:53:31,937][INFO] [179/200] Train loss: 487.865380 
[2018-10-19 04:53:35,223][INFO] [179/200] Validation loss: 434.384815 
[2018-10-19 04:53:35,389][INFO] [179/200] Time: 88.336493 s
[2018-10-19 04:53:35,390][INFO] ------------------------------
[2018-10-19 04:55:01,426][INFO] [180/200] Train loss: 556.187086 
[2018-10-19 04:55:04,615][INFO] [180/200] Validation loss: 955.584152 
[2018-10-19 04:55:04,780][INFO] [180/200] Time: 89.388372 s
[2018-10-19 04:55:04,781][INFO] ------------------------------
[2018-10-19 04:56:29,242][INFO] [181/200] Train loss: 488.032408 
[2018-10-19 04:56:32,724][INFO] [181/200] Validation loss: 429.259293 
[2018-10-19 04:56:32,888][INFO] [181/200] Time: 88.106303 s
[2018-10-19 04:56:32,889][INFO] ------------------------------
[2018-10-19 04:57:58,037][INFO] [182/200] Train loss: 517.206300 
[2018-10-19 04:58:01,370][INFO] [182/200] Validation loss: 538.016742 
[2018-10-19 04:58:01,529][INFO] [182/200] Time: 88.638297 s
[2018-10-19 04:58:01,530][INFO] ------------------------------
[2018-10-19 04:59:25,983][INFO] [183/200] Train loss: 525.546992 
[2018-10-19 04:59:29,463][INFO] [183/200] Validation loss: 435.134356 
[2018-10-19 04:59:29,640][INFO] [183/200] Time: 88.109524 s
[2018-10-19 04:59:29,642][INFO] ------------------------------
[2018-10-19 05:00:55,370][INFO] [184/200] Train loss: 497.898692 
[2018-10-19 05:00:58,720][INFO] [184/200] Validation loss: 596.892540 
[2018-10-19 05:00:58,893][INFO] [184/200] Time: 89.250301 s
[2018-10-19 05:00:58,894][INFO] ------------------------------
[2018-10-19 05:02:26,589][INFO] [185/200] Train loss: 464.979074 
[2018-10-19 05:02:29,925][INFO] [185/200] Validation loss: 1035.934217 
[2018-10-19 05:02:30,106][INFO] [185/200] Time: 91.210678 s
[2018-10-19 05:02:30,108][INFO] ------------------------------
[2018-10-19 05:03:55,398][INFO] [186/200] Train loss: 489.960370 
[2018-10-19 05:03:58,773][INFO] [186/200] Validation loss: 437.671341 
[2018-10-19 05:03:58,944][INFO] [186/200] Time: 88.835023 s
[2018-10-19 05:03:58,945][INFO] ------------------------------
[2018-10-19 05:05:23,734][INFO] [187/200] Train loss: 569.376887 
[2018-10-19 05:05:27,120][INFO] [187/200] Validation loss: 533.554249 
[2018-10-19 05:05:27,295][INFO] [187/200] Time: 88.348782 s
[2018-10-19 05:05:27,296][INFO] ------------------------------
[2018-10-19 05:06:53,783][INFO] [188/200] Train loss: 539.508723 
[2018-10-19 05:06:57,774][INFO] [188/200] Validation loss: 601.987409 
[2018-10-19 05:06:57,957][INFO] [188/200] Time: 90.659914 s
[2018-10-19 05:06:57,958][INFO] ------------------------------
[2018-10-19 05:08:22,903][INFO] [189/200] Train loss: 531.981559 
[2018-10-19 05:08:26,562][INFO] [189/200] Validation loss: 639.567808 
[2018-10-19 05:08:26,729][INFO] [189/200] Time: 88.770048 s
[2018-10-19 05:08:26,731][INFO] ------------------------------
[2018-10-19 05:09:52,446][INFO] [190/200] Train loss: 654.293394 
[2018-10-19 05:09:56,110][INFO] [190/200] Validation loss: 998.428997 
[2018-10-19 05:09:56,279][INFO] [190/200] Time: 89.547492 s
[2018-10-19 05:09:56,281][INFO] ------------------------------
[2018-10-19 05:11:21,753][INFO] [191/200] Train loss: 443.735139 
[2018-10-19 05:11:25,048][INFO] [191/200] Validation loss: 423.143867 
[2018-10-19 05:11:25,214][INFO] [191/200] Time: 88.931894 s
[2018-10-19 05:11:25,215][INFO] ------------------------------
[2018-10-19 05:12:50,682][INFO] [192/200] Train loss: 475.711971 
[2018-10-19 05:12:54,073][INFO] [192/200] Validation loss: 363.085981 
[2018-10-19 05:12:54,467][INFO] [192/200] Time: 89.251148 s
[2018-10-19 05:12:54,468][INFO] ------------------------------
[2018-10-19 05:14:19,688][INFO] [193/200] Train loss: 495.370833 
[2018-10-19 05:14:23,634][INFO] [193/200] Validation loss: 502.641202 
[2018-10-19 05:14:23,801][INFO] [193/200] Time: 89.331613 s
[2018-10-19 05:14:23,801][INFO] ------------------------------
[2018-10-19 05:15:50,635][INFO] [194/200] Train loss: 472.590569 
[2018-10-19 05:15:54,403][INFO] [194/200] Validation loss: 575.510717 
[2018-10-19 05:15:54,588][INFO] [194/200] Time: 90.785780 s
[2018-10-19 05:15:54,590][INFO] ------------------------------
[2018-10-19 05:17:21,006][INFO] [195/200] Train loss: 551.594451 
[2018-10-19 05:17:24,418][INFO] [195/200] Validation loss: 520.951116 
[2018-10-19 05:17:24,598][INFO] [195/200] Time: 90.007157 s
[2018-10-19 05:17:24,599][INFO] ------------------------------
[2018-10-19 05:18:50,924][INFO] [196/200] Train loss: 536.279075 
[2018-10-19 05:18:54,263][INFO] [196/200] Validation loss: 1423.046360 
[2018-10-19 05:18:54,445][INFO] [196/200] Time: 89.845232 s
[2018-10-19 05:18:54,447][INFO] ------------------------------
[2018-10-19 05:20:21,037][INFO] [197/200] Train loss: 504.850676 
[2018-10-19 05:20:24,228][INFO] [197/200] Validation loss: 553.779122 
[2018-10-19 05:20:24,371][INFO] [197/200] Time: 89.922579 s
[2018-10-19 05:20:24,372][INFO] ------------------------------
[2018-10-19 05:21:51,495][INFO] [198/200] Train loss: 408.445475 
[2018-10-19 05:21:55,158][INFO] [198/200] Validation loss: 637.923038 
[2018-10-19 05:21:55,329][INFO] [198/200] Time: 90.955831 s
[2018-10-19 05:21:55,330][INFO] ------------------------------
[2018-10-19 05:23:21,232][INFO] [199/200] Train loss: 581.092031 
[2018-10-19 05:23:24,720][INFO] [199/200] Validation loss: 976.283997 
[2018-10-19 05:23:24,892][INFO] [199/200] Time: 89.560308 s
[2018-10-19 05:23:24,893][INFO] ------------------------------
[2018-10-19 05:24:52,205][INFO] [200/200] Train loss: 527.505918 
[2018-10-19 05:24:55,928][INFO] [200/200] Validation loss: 1098.526541 
[2018-10-19 05:24:56,085][INFO] [200/200] Time: 91.190993 s
[2018-10-19 05:24:56,086][INFO] ------------------------------
[2018-10-19 05:24:56,088][INFO] All epochs completed in 17293.220987 s
