[2018-10-17 21:37:08,840][INFO] Training started on cuda:0
[2018-10-17 21:37:08,855][INFO] Visdom successfully connected to server
[2018-10-17 21:37:18,731][INFO] [1/200] Train loss: 18740.813697 
[2018-10-17 21:37:19,989][INFO] [1/200] Validation loss: 16611.984497 
[2018-10-17 21:37:20,173][INFO] [1/200] Time: 11.221065 s
[2018-10-17 21:37:20,175][INFO] ------------------------------
[2018-10-17 21:37:27,890][INFO] [2/200] Train loss: 12028.903994 
[2018-10-17 21:37:29,171][INFO] [2/200] Validation loss: 10502.940063 
[2018-10-17 21:37:29,356][INFO] [2/200] Time: 9.179692 s
[2018-10-17 21:37:29,357][INFO] ------------------------------
[2018-10-17 21:37:35,898][INFO] [3/200] Train loss: 8582.977814 
[2018-10-17 21:37:37,201][INFO] [3/200] Validation loss: 6983.382385 
[2018-10-17 21:37:37,402][INFO] [3/200] Time: 8.043230 s
[2018-10-17 21:37:37,403][INFO] ------------------------------
[2018-10-17 21:37:44,549][INFO] [4/200] Train loss: 4972.575629 
[2018-10-17 21:37:45,907][INFO] [4/200] Validation loss: 3944.725525 
[2018-10-17 21:37:46,109][INFO] [4/200] Time: 8.704278 s
[2018-10-17 21:37:46,110][INFO] ------------------------------
[2018-10-17 21:37:53,655][INFO] [5/200] Train loss: 3083.504615 
[2018-10-17 21:37:54,975][INFO] [5/200] Validation loss: 2663.330688 
[2018-10-17 21:37:55,175][INFO] [5/200] Time: 9.064812 s
[2018-10-17 21:37:55,176][INFO] ------------------------------
[2018-10-17 21:38:03,153][INFO] [6/200] Train loss: 1979.919177 
[2018-10-17 21:38:04,499][INFO] [6/200] Validation loss: 2518.807037 
[2018-10-17 21:38:04,687][INFO] [6/200] Time: 9.509883 s
[2018-10-17 21:38:04,688][INFO] ------------------------------
[2018-10-17 21:38:12,674][INFO] [7/200] Train loss: 1477.431844 
[2018-10-17 21:38:14,009][INFO] [7/200] Validation loss: 1444.835358 
[2018-10-17 21:38:14,239][INFO] [7/200] Time: 9.549480 s
[2018-10-17 21:38:14,240][INFO] ------------------------------
[2018-10-17 21:38:22,024][INFO] [8/200] Train loss: 1174.171607 
[2018-10-17 21:38:23,282][INFO] [8/200] Validation loss: 2147.974014 
[2018-10-17 21:38:23,497][INFO] [8/200] Time: 9.256495 s
[2018-10-17 21:38:23,498][INFO] ------------------------------
[2018-10-17 21:38:31,454][INFO] [9/200] Train loss: 1043.341922 
[2018-10-17 21:38:32,830][INFO] [9/200] Validation loss: 1406.172058 
[2018-10-17 21:38:33,032][INFO] [9/200] Time: 9.532312 s
[2018-10-17 21:38:33,034][INFO] ------------------------------
[2018-10-17 21:38:40,920][INFO] [10/200] Train loss: 935.620659 
[2018-10-17 21:38:42,206][INFO] [10/200] Validation loss: 1794.130859 
[2018-10-17 21:38:42,386][INFO] [10/200] Time: 9.351488 s
[2018-10-17 21:38:42,387][INFO] ------------------------------
[2018-10-17 21:38:49,862][INFO] [11/200] Train loss: 803.647414 
[2018-10-17 21:38:51,189][INFO] [11/200] Validation loss: 1158.953186 
[2018-10-17 21:38:51,413][INFO] [11/200] Time: 9.025172 s
[2018-10-17 21:38:51,415][INFO] ------------------------------
[2018-10-17 21:38:58,854][INFO] [12/200] Train loss: 700.584896 
[2018-10-17 21:39:00,225][INFO] [12/200] Validation loss: 1192.023071 
[2018-10-17 21:39:00,422][INFO] [12/200] Time: 9.006321 s
[2018-10-17 21:39:00,423][INFO] ------------------------------
[2018-10-17 21:39:08,633][INFO] [13/200] Train loss: 652.401252 
[2018-10-17 21:39:10,029][INFO] [13/200] Validation loss: 2517.596924 
[2018-10-17 21:39:10,207][INFO] [13/200] Time: 9.782413 s
[2018-10-17 21:39:10,208][INFO] ------------------------------
[2018-10-17 21:39:18,582][INFO] [14/200] Train loss: 586.232553 
[2018-10-17 21:39:19,900][INFO] [14/200] Validation loss: 1398.291367 
[2018-10-17 21:39:20,085][INFO] [14/200] Time: 9.875808 s
[2018-10-17 21:39:20,086][INFO] ------------------------------
[2018-10-17 21:39:27,881][INFO] [15/200] Train loss: 539.622163 
[2018-10-17 21:39:29,226][INFO] [15/200] Validation loss: 1002.614342 
[2018-10-17 21:39:29,416][INFO] [15/200] Time: 9.328871 s
[2018-10-17 21:39:29,417][INFO] ------------------------------
[2018-10-17 21:39:37,031][INFO] [16/200] Train loss: 486.060541 
[2018-10-17 21:39:38,332][INFO] [16/200] Validation loss: 1068.967514 
[2018-10-17 21:39:38,500][INFO] [16/200] Time: 9.081784 s
[2018-10-17 21:39:38,501][INFO] ------------------------------
[2018-10-17 21:39:46,870][INFO] [17/200] Train loss: 462.687225 
[2018-10-17 21:39:48,130][INFO] [17/200] Validation loss: 792.059883 
[2018-10-17 21:39:48,326][INFO] [17/200] Time: 9.823081 s
[2018-10-17 21:39:48,327][INFO] ------------------------------
[2018-10-17 21:39:55,758][INFO] [18/200] Train loss: 447.320356 
[2018-10-17 21:39:57,065][INFO] [18/200] Validation loss: 870.678024 
[2018-10-17 21:39:57,227][INFO] [18/200] Time: 8.898121 s
[2018-10-17 21:39:57,228][INFO] ------------------------------
[2018-10-17 21:41:02,219][INFO] Training started on cuda:0
[2018-10-17 21:41:02,229][INFO] Visdom successfully connected to server
[2018-10-17 21:41:12,455][INFO] [1/200] Train loss: 18818.149675 
[2018-10-17 21:41:13,697][INFO] [1/200] Validation loss: 16632.719482 
[2018-10-17 21:41:13,870][INFO] [1/200] Time: 11.543002 s
[2018-10-17 21:41:13,871][INFO] ------------------------------
[2018-10-17 21:41:20,998][INFO] [2/200] Train loss: 12296.957513 
[2018-10-17 21:41:22,332][INFO] [2/200] Validation loss: 11160.215210 
[2018-10-17 21:41:22,522][INFO] [2/200] Time: 8.650280 s
[2018-10-17 21:41:22,523][INFO] ------------------------------
[2018-10-17 21:41:28,806][INFO] [3/200] Train loss: 9519.432425 
[2018-10-17 21:41:30,119][INFO] [3/200] Validation loss: 8421.794922 
[2018-10-17 21:41:30,327][INFO] [3/200] Time: 7.803327 s
[2018-10-17 21:41:30,328][INFO] ------------------------------
[2018-10-17 21:41:36,397][INFO] [4/200] Train loss: 5919.498638 
[2018-10-17 21:41:37,687][INFO] [4/200] Validation loss: 4806.653870 
[2018-10-17 21:41:37,865][INFO] [4/200] Time: 7.535699 s
[2018-10-17 21:41:37,866][INFO] ------------------------------
[2018-10-17 21:41:45,243][INFO] [5/200] Train loss: 3547.515095 
[2018-10-17 21:41:46,485][INFO] [5/200] Validation loss: 2910.235870 
[2018-10-17 21:41:46,669][INFO] [5/200] Time: 8.802023 s
[2018-10-17 21:41:46,670][INFO] ------------------------------
[2018-10-17 21:41:54,532][INFO] [6/200] Train loss: 2264.940108 
[2018-10-17 21:41:55,824][INFO] [6/200] Validation loss: 2942.297211 
[2018-10-17 21:41:55,972][INFO] [6/200] Time: 9.300612 s
[2018-10-17 21:41:55,973][INFO] ------------------------------
[2018-10-17 21:42:04,455][INFO] [7/200] Train loss: 1632.077162 
[2018-10-17 21:42:05,763][INFO] [7/200] Validation loss: 1832.619247 
[2018-10-17 21:42:05,943][INFO] [7/200] Time: 9.969396 s
[2018-10-17 21:42:05,944][INFO] ------------------------------
[2018-10-17 21:42:13,789][INFO] [8/200] Train loss: 1300.424702 
[2018-10-17 21:42:15,188][INFO] [8/200] Validation loss: 2959.356232 
[2018-10-17 21:42:15,365][INFO] [8/200] Time: 9.419718 s
[2018-10-17 21:42:15,367][INFO] ------------------------------
[2018-10-17 21:42:22,927][INFO] [9/200] Train loss: 1132.674645 
[2018-10-17 21:42:24,173][INFO] [9/200] Validation loss: 2461.081543 
[2018-10-17 21:42:24,346][INFO] [9/200] Time: 8.977996 s
[2018-10-17 21:42:24,347][INFO] ------------------------------
[2018-10-17 21:42:32,209][INFO] [10/200] Train loss: 985.585357 
[2018-10-17 21:42:33,557][INFO] [10/200] Validation loss: 1439.742310 
[2018-10-17 21:42:33,769][INFO] [10/200] Time: 9.420870 s
[2018-10-17 21:42:33,770][INFO] ------------------------------
[2018-10-17 21:42:41,418][INFO] [11/200] Train loss: 871.663268 
[2018-10-17 21:42:42,709][INFO] [11/200] Validation loss: 998.490349 
[2018-10-17 21:42:42,919][INFO] [11/200] Time: 9.147392 s
[2018-10-17 21:42:42,920][INFO] ------------------------------
[2018-10-17 21:42:49,803][INFO] [12/200] Train loss: 770.126053 
[2018-10-17 21:42:51,042][INFO] [12/200] Validation loss: 2735.721710 
[2018-10-17 21:42:51,219][INFO] [12/200] Time: 8.297768 s
[2018-10-17 21:42:51,221][INFO] ------------------------------
[2018-10-17 21:42:59,635][INFO] [13/200] Train loss: 720.016035 
[2018-10-17 21:43:00,991][INFO] [13/200] Validation loss: 881.989403 
[2018-10-17 21:43:01,196][INFO] [13/200] Time: 9.973771 s
[2018-10-17 21:43:01,196][INFO] ------------------------------
[2018-10-17 21:43:09,099][INFO] [14/200] Train loss: 629.811847 
[2018-10-17 21:43:10,438][INFO] [14/200] Validation loss: 1306.641205 
[2018-10-17 21:43:10,657][INFO] [14/200] Time: 9.460190 s
[2018-10-17 21:43:10,659][INFO] ------------------------------
[2018-10-17 21:43:18,580][INFO] [15/200] Train loss: 569.395242 
[2018-10-17 21:43:19,931][INFO] [15/200] Validation loss: 1308.660324 
[2018-10-17 21:43:20,101][INFO] [15/200] Time: 9.441423 s
[2018-10-17 21:43:20,102][INFO] ------------------------------
[2018-10-17 21:43:28,230][INFO] [16/200] Train loss: 529.775436 
[2018-10-17 21:43:29,545][INFO] [16/200] Validation loss: 1378.677277 
[2018-10-17 21:43:29,786][INFO] [16/200] Time: 9.683169 s
[2018-10-17 21:43:29,788][INFO] ------------------------------
[2018-10-17 21:43:36,775][INFO] [17/200] Train loss: 492.104775 
[2018-10-17 21:43:38,040][INFO] [17/200] Validation loss: 1606.336472 
[2018-10-17 21:43:38,219][INFO] [17/200] Time: 8.429682 s
[2018-10-17 21:43:38,220][INFO] ------------------------------
[2018-10-17 21:43:46,420][INFO] [18/200] Train loss: 443.220652 
[2018-10-17 21:43:47,727][INFO] [18/200] Validation loss: 554.253761 
[2018-10-17 21:43:47,915][INFO] [18/200] Time: 9.693562 s
[2018-10-17 21:43:47,916][INFO] ------------------------------
[2018-10-17 21:43:55,815][INFO] [19/200] Train loss: 427.368162 
[2018-10-17 21:43:57,137][INFO] [19/200] Validation loss: 828.014000 
[2018-10-17 21:43:57,317][INFO] [19/200] Time: 9.400296 s
[2018-10-17 21:43:57,319][INFO] ------------------------------
[2018-10-17 21:44:05,308][INFO] [20/200] Train loss: 378.169372 
[2018-10-17 21:44:06,638][INFO] [20/200] Validation loss: 1432.626190 
[2018-10-17 21:44:06,827][INFO] [20/200] Time: 9.506793 s
[2018-10-17 21:44:06,828][INFO] ------------------------------
[2018-10-17 21:44:14,416][INFO] [21/200] Train loss: 369.984434 
[2018-10-17 21:44:15,781][INFO] [21/200] Validation loss: 910.207222 
[2018-10-17 21:44:15,994][INFO] [21/200] Time: 9.164483 s
[2018-10-17 21:44:15,995][INFO] ------------------------------
[2018-10-17 21:44:23,675][INFO] [22/200] Train loss: 344.495551 
[2018-10-17 21:44:25,062][INFO] [22/200] Validation loss: 645.527008 
[2018-10-17 21:44:25,269][INFO] [22/200] Time: 9.272651 s
[2018-10-17 21:44:25,270][INFO] ------------------------------
[2018-10-17 21:44:32,719][INFO] [23/200] Train loss: 312.791328 
[2018-10-17 21:44:34,108][INFO] [23/200] Validation loss: 1074.259430 
[2018-10-17 21:44:34,271][INFO] [23/200] Time: 8.999840 s
[2018-10-17 21:44:34,272][INFO] ------------------------------
[2018-10-17 21:44:42,351][INFO] [24/200] Train loss: 313.612319 
[2018-10-17 21:44:43,629][INFO] [24/200] Validation loss: 568.923920 
[2018-10-17 21:44:43,796][INFO] [24/200] Time: 9.522974 s
[2018-10-17 21:44:43,797][INFO] ------------------------------
[2018-10-17 21:44:51,746][INFO] [25/200] Train loss: 316.444178 
[2018-10-17 21:44:53,065][INFO] [25/200] Validation loss: 2039.683121 
[2018-10-17 21:44:53,272][INFO] [25/200] Time: 9.474097 s
[2018-10-17 21:44:53,274][INFO] ------------------------------
[2018-10-17 21:45:00,544][INFO] [26/200] Train loss: 282.101254 
[2018-10-17 21:45:01,902][INFO] [26/200] Validation loss: 1109.732895 
[2018-10-17 21:45:02,040][INFO] [26/200] Time: 8.764876 s
[2018-10-17 21:45:02,041][INFO] ------------------------------
[2018-10-17 21:45:10,019][INFO] [27/200] Train loss: 275.500559 
[2018-10-17 21:45:11,338][INFO] [27/200] Validation loss: 536.735588 
[2018-10-17 21:45:11,561][INFO] [27/200] Time: 9.519510 s
[2018-10-17 21:45:11,562][INFO] ------------------------------
[2018-10-17 21:45:19,804][INFO] [28/200] Train loss: 252.602642 
[2018-10-17 21:45:21,159][INFO] [28/200] Validation loss: 457.123085 
[2018-10-17 21:45:21,328][INFO] [28/200] Time: 9.764667 s
[2018-10-17 21:45:21,329][INFO] ------------------------------
[2018-10-17 21:45:29,525][INFO] [29/200] Train loss: 231.707871 
[2018-10-17 21:45:30,867][INFO] [29/200] Validation loss: 442.484665 
[2018-10-17 21:45:31,059][INFO] [29/200] Time: 9.729474 s
[2018-10-17 21:45:31,060][INFO] ------------------------------
[2018-10-17 21:45:39,110][INFO] [30/200] Train loss: 238.987999 
[2018-10-17 21:45:40,464][INFO] [30/200] Validation loss: 495.251423 
[2018-10-17 21:45:40,643][INFO] [30/200] Time: 9.582109 s
[2018-10-17 21:45:40,644][INFO] ------------------------------
[2018-10-17 21:45:48,966][INFO] [31/200] Train loss: 225.737668 
[2018-10-17 21:45:50,299][INFO] [31/200] Validation loss: 696.595703 
[2018-10-17 21:45:50,477][INFO] [31/200] Time: 9.830571 s
[2018-10-17 21:45:50,478][INFO] ------------------------------
[2018-10-17 21:45:58,453][INFO] [32/200] Train loss: 220.919199 
[2018-10-17 21:45:59,857][INFO] [32/200] Validation loss: 868.781502 
[2018-10-17 21:46:00,033][INFO] [32/200] Time: 9.554351 s
[2018-10-17 21:46:00,034][INFO] ------------------------------
[2018-10-17 21:46:08,035][INFO] [33/200] Train loss: 215.437197 
[2018-10-17 21:46:09,314][INFO] [33/200] Validation loss: 399.585003 
[2018-10-17 21:46:09,509][INFO] [33/200] Time: 9.473469 s
[2018-10-17 21:46:09,510][INFO] ------------------------------
[2018-10-17 21:46:17,541][INFO] [34/200] Train loss: 217.060089 
[2018-10-17 21:46:18,745][INFO] [34/200] Validation loss: 463.368786 
[2018-10-17 21:46:18,927][INFO] [34/200] Time: 9.415924 s
[2018-10-17 21:46:18,928][INFO] ------------------------------
[2018-10-17 21:46:26,387][INFO] [35/200] Train loss: 202.358414 
[2018-10-17 21:46:27,749][INFO] [35/200] Validation loss: 479.550388 
[2018-10-17 21:46:27,904][INFO] [35/200] Time: 8.975280 s
[2018-10-17 21:46:27,905][INFO] ------------------------------
[2018-10-17 21:46:34,788][INFO] [36/200] Train loss: 202.066820 
[2018-10-17 21:46:36,063][INFO] [36/200] Validation loss: 407.877609 
[2018-10-17 21:46:36,231][INFO] [36/200] Time: 8.325105 s
[2018-10-17 21:46:36,232][INFO] ------------------------------
[2018-10-17 21:46:44,613][INFO] [37/200] Train loss: 178.605671 
[2018-10-17 21:46:45,903][INFO] [37/200] Validation loss: 1232.990219 
[2018-10-17 21:46:46,087][INFO] [37/200] Time: 9.853872 s
[2018-10-17 21:46:46,088][INFO] ------------------------------
[2018-10-17 21:46:54,202][INFO] [38/200] Train loss: 181.989825 
[2018-10-17 21:46:55,487][INFO] [38/200] Validation loss: 879.188385 
[2018-10-17 21:46:55,667][INFO] [38/200] Time: 9.577840 s
[2018-10-17 21:46:55,669][INFO] ------------------------------
[2018-10-17 21:47:03,544][INFO] [39/200] Train loss: 179.791709 
[2018-10-17 21:47:04,967][INFO] [39/200] Validation loss: 779.779221 
[2018-10-17 21:47:05,212][INFO] [39/200] Time: 9.541713 s
[2018-10-17 21:47:05,213][INFO] ------------------------------
[2018-10-17 21:47:12,947][INFO] [40/200] Train loss: 168.431026 
[2018-10-17 21:47:14,224][INFO] [40/200] Validation loss: 739.864922 
[2018-10-17 21:47:14,446][INFO] [40/200] Time: 9.231918 s
[2018-10-17 21:47:14,447][INFO] ------------------------------
[2018-10-17 21:47:22,306][INFO] [41/200] Train loss: 153.524029 
[2018-10-17 21:47:23,638][INFO] [41/200] Validation loss: 360.411228 
[2018-10-17 21:47:23,818][INFO] [41/200] Time: 9.369675 s
[2018-10-17 21:47:23,819][INFO] ------------------------------
[2018-10-17 21:47:31,849][INFO] [42/200] Train loss: 163.090386 
[2018-10-17 21:47:33,304][INFO] [42/200] Validation loss: 495.255207 
[2018-10-17 21:47:33,480][INFO] [42/200] Time: 9.660336 s
[2018-10-17 21:47:33,481][INFO] ------------------------------
[2018-10-17 21:47:41,612][INFO] [43/200] Train loss: 165.121290 
[2018-10-17 21:47:42,895][INFO] [43/200] Validation loss: 676.864532 
[2018-10-17 21:47:43,069][INFO] [43/200] Time: 9.587185 s
[2018-10-17 21:47:43,071][INFO] ------------------------------
[2018-10-17 21:47:50,164][INFO] [44/200] Train loss: 159.921399 
[2018-10-17 21:47:51,500][INFO] [44/200] Validation loss: 430.821117 
[2018-10-17 21:47:51,677][INFO] [44/200] Time: 8.604530 s
[2018-10-17 21:47:51,678][INFO] ------------------------------
[2018-10-17 21:47:59,042][INFO] [45/200] Train loss: 147.084030 
[2018-10-17 21:48:00,383][INFO] [45/200] Validation loss: 478.621906 
[2018-10-17 21:48:00,583][INFO] [45/200] Time: 8.904285 s
[2018-10-17 21:48:00,584][INFO] ------------------------------
[2018-10-17 21:48:08,566][INFO] [46/200] Train loss: 154.261291 
[2018-10-17 21:48:09,872][INFO] [46/200] Validation loss: 523.244595 
[2018-10-17 21:48:10,039][INFO] [46/200] Time: 9.453478 s
[2018-10-17 21:48:10,040][INFO] ------------------------------
[2018-10-17 21:48:18,576][INFO] [47/200] Train loss: 133.294858 
[2018-10-17 21:48:19,877][INFO] [47/200] Validation loss: 358.393429 
[2018-10-17 21:48:20,027][INFO] [47/200] Time: 9.985663 s
[2018-10-17 21:48:20,028][INFO] ------------------------------
[2018-10-17 21:48:27,948][INFO] [48/200] Train loss: 144.890173 
[2018-10-17 21:48:29,264][INFO] [48/200] Validation loss: 368.332443 
[2018-10-17 21:48:29,451][INFO] [48/200] Time: 9.421538 s
[2018-10-17 21:48:29,452][INFO] ------------------------------
[2018-10-17 21:48:36,984][INFO] [49/200] Train loss: 131.314884 
[2018-10-17 21:48:38,285][INFO] [49/200] Validation loss: 622.648407 
[2018-10-17 21:48:38,468][INFO] [49/200] Time: 9.014794 s
[2018-10-17 21:48:38,469][INFO] ------------------------------
[2018-10-17 21:48:46,590][INFO] [50/200] Train loss: 141.357465 
[2018-10-17 21:48:47,836][INFO] [50/200] Validation loss: 336.240395 
[2018-10-17 21:48:48,023][INFO] [50/200] Time: 9.552987 s
[2018-10-17 21:48:48,024][INFO] ------------------------------
[2018-10-17 21:48:56,219][INFO] [51/200] Train loss: 125.323965 
[2018-10-17 21:48:57,535][INFO] [51/200] Validation loss: 393.170208 
[2018-10-17 21:48:57,719][INFO] [51/200] Time: 9.693735 s
[2018-10-17 21:48:57,720][INFO] ------------------------------
[2018-10-17 21:49:05,553][INFO] [52/200] Train loss: 116.821690 
[2018-10-17 21:49:06,876][INFO] [52/200] Validation loss: 369.563038 
[2018-10-17 21:49:07,040][INFO] [52/200] Time: 9.318192 s
[2018-10-17 21:49:07,041][INFO] ------------------------------
[2018-10-17 21:49:13,661][INFO] [53/200] Train loss: 127.889426 
[2018-10-17 21:49:14,943][INFO] [53/200] Validation loss: 397.934334 
[2018-10-17 21:49:15,127][INFO] [53/200] Time: 8.085156 s
[2018-10-17 21:49:15,129][INFO] ------------------------------
[2018-10-17 21:49:22,416][INFO] [54/200] Train loss: 134.641831 
[2018-10-17 21:49:23,747][INFO] [54/200] Validation loss: 436.603909 
[2018-10-17 21:49:23,928][INFO] [54/200] Time: 8.797563 s
[2018-10-17 21:49:23,929][INFO] ------------------------------
[2018-10-17 21:49:31,961][INFO] [55/200] Train loss: 118.775922 
[2018-10-17 21:49:33,240][INFO] [55/200] Validation loss: 518.170837 
[2018-10-17 21:49:33,410][INFO] [55/200] Time: 9.479835 s
[2018-10-17 21:49:33,411][INFO] ------------------------------
[2018-10-17 21:49:41,934][INFO] [56/200] Train loss: 111.968386 
[2018-10-17 21:49:43,298][INFO] [56/200] Validation loss: 490.782455 
[2018-10-17 21:49:43,432][INFO] [56/200] Time: 10.020383 s
[2018-10-17 21:49:43,433][INFO] ------------------------------
[2018-10-17 21:49:50,715][INFO] [57/200] Train loss: 119.810696 
[2018-10-17 21:49:52,034][INFO] [57/200] Validation loss: 330.956455 
[2018-10-17 21:49:52,224][INFO] [57/200] Time: 8.790106 s
[2018-10-17 21:49:52,225][INFO] ------------------------------
[2018-10-17 21:50:00,325][INFO] [58/200] Train loss: 108.613107 
[2018-10-17 21:50:01,696][INFO] [58/200] Validation loss: 568.865242 
[2018-10-17 21:50:01,898][INFO] [58/200] Time: 9.672037 s
[2018-10-17 21:50:01,899][INFO] ------------------------------
[2018-10-17 21:50:10,032][INFO] [59/200] Train loss: 99.928795 
[2018-10-17 21:50:11,366][INFO] [59/200] Validation loss: 551.925652 
[2018-10-17 21:50:11,573][INFO] [59/200] Time: 9.671848 s
[2018-10-17 21:50:11,574][INFO] ------------------------------
[2018-10-17 21:50:19,639][INFO] [60/200] Train loss: 118.087259 
[2018-10-17 21:50:20,943][INFO] [60/200] Validation loss: 338.251400 
[2018-10-17 21:50:21,124][INFO] [60/200] Time: 9.549397 s
[2018-10-17 21:50:21,126][INFO] ------------------------------
[2018-10-17 21:50:28,412][INFO] [61/200] Train loss: 101.773970 
[2018-10-17 21:50:29,740][INFO] [61/200] Validation loss: 369.772072 
[2018-10-17 21:50:29,920][INFO] [61/200] Time: 8.793535 s
[2018-10-17 21:50:29,921][INFO] ------------------------------
[2018-10-17 21:50:37,998][INFO] [62/200] Train loss: 102.265897 
[2018-10-17 21:50:39,276][INFO] [62/200] Validation loss: 441.663319 
[2018-10-17 21:50:39,420][INFO] [62/200] Time: 9.497109 s
[2018-10-17 21:50:39,421][INFO] ------------------------------
[2018-10-17 21:50:47,293][INFO] [63/200] Train loss: 106.358219 
[2018-10-17 21:50:48,664][INFO] [63/200] Validation loss: 461.552841 
[2018-10-17 21:50:48,836][INFO] [63/200] Time: 9.414743 s
[2018-10-17 21:50:48,838][INFO] ------------------------------
[2018-10-17 21:50:56,771][INFO] [64/200] Train loss: 103.778027 
[2018-10-17 21:50:57,999][INFO] [64/200] Validation loss: 464.354935 
[2018-10-17 21:50:58,172][INFO] [64/200] Time: 9.332796 s
[2018-10-17 21:50:58,173][INFO] ------------------------------
[2018-10-17 21:51:06,489][INFO] [65/200] Train loss: 103.613246 
[2018-10-17 21:51:07,839][INFO] [65/200] Validation loss: 445.130352 
[2018-10-17 21:51:08,019][INFO] [65/200] Time: 9.845121 s
[2018-10-17 21:51:08,020][INFO] ------------------------------
[2018-10-17 21:51:15,620][INFO] [66/200] Train loss: 88.115346 
[2018-10-17 21:51:17,029][INFO] [66/200] Validation loss: 294.277470 
[2018-10-17 21:51:17,229][INFO] [66/200] Time: 9.207838 s
[2018-10-17 21:51:17,231][INFO] ------------------------------
[2018-10-17 21:51:23,994][INFO] [67/200] Train loss: 87.018638 
[2018-10-17 21:51:25,244][INFO] [67/200] Validation loss: 353.664028 
[2018-10-17 21:51:25,420][INFO] [67/200] Time: 8.187663 s
[2018-10-17 21:51:25,421][INFO] ------------------------------
[2018-10-17 21:51:32,672][INFO] [68/200] Train loss: 91.301551 
[2018-10-17 21:51:33,967][INFO] [68/200] Validation loss: 439.717907 
[2018-10-17 21:51:34,178][INFO] [68/200] Time: 8.756273 s
[2018-10-17 21:51:34,180][INFO] ------------------------------
[2018-10-17 21:51:42,365][INFO] [69/200] Train loss: 88.886170 
[2018-10-17 21:51:43,688][INFO] [69/200] Validation loss: 322.752567 
[2018-10-17 21:51:43,900][INFO] [69/200] Time: 9.718652 s
[2018-10-17 21:51:43,901][INFO] ------------------------------
[2018-10-17 21:51:52,244][INFO] [70/200] Train loss: 88.315675 
[2018-10-17 21:51:53,696][INFO] [70/200] Validation loss: 391.858932 
[2018-10-17 21:51:53,924][INFO] [70/200] Time: 10.021575 s
[2018-10-17 21:51:53,926][INFO] ------------------------------
[2018-10-17 21:52:01,952][INFO] [71/200] Train loss: 83.903295 
[2018-10-17 21:52:03,368][INFO] [71/200] Validation loss: 336.622658 
[2018-10-17 21:52:03,542][INFO] [71/200] Time: 9.615085 s
[2018-10-17 21:52:03,544][INFO] ------------------------------
[2018-10-17 21:52:11,370][INFO] [72/200] Train loss: 93.132243 
[2018-10-17 21:52:12,694][INFO] [72/200] Validation loss: 403.756229 
[2018-10-17 21:52:12,921][INFO] [72/200] Time: 9.376108 s
[2018-10-17 21:52:12,922][INFO] ------------------------------
[2018-10-17 21:52:20,779][INFO] [73/200] Train loss: 93.092537 
[2018-10-17 21:52:22,157][INFO] [73/200] Validation loss: 638.029533 
[2018-10-17 21:52:22,342][INFO] [73/200] Time: 9.418290 s
[2018-10-17 21:52:22,344][INFO] ------------------------------
[2018-10-17 21:52:29,553][INFO] [74/200] Train loss: 84.940347 
[2018-10-17 21:52:30,829][INFO] [74/200] Validation loss: 332.927242 
[2018-10-17 21:52:31,025][INFO] [74/200] Time: 8.679893 s
[2018-10-17 21:52:31,026][INFO] ------------------------------
[2018-10-17 21:52:38,771][INFO] [75/200] Train loss: 83.787905 
[2018-10-17 21:52:40,123][INFO] [75/200] Validation loss: 987.122520 
[2018-10-17 21:52:40,306][INFO] [75/200] Time: 9.279078 s
[2018-10-17 21:52:40,307][INFO] ------------------------------
[2018-10-17 21:52:47,929][INFO] [76/200] Train loss: 85.488016 
[2018-10-17 21:52:49,286][INFO] [76/200] Validation loss: 470.062531 
[2018-10-17 21:52:49,454][INFO] [76/200] Time: 9.145798 s
[2018-10-17 21:52:49,456][INFO] ------------------------------
[2018-10-17 21:52:57,428][INFO] [77/200] Train loss: 88.885392 
[2018-10-17 21:52:58,773][INFO] [77/200] Validation loss: 717.084991 
[2018-10-17 21:52:58,963][INFO] [77/200] Time: 9.506256 s
[2018-10-17 21:52:58,964][INFO] ------------------------------
[2018-10-17 21:53:06,939][INFO] [78/200] Train loss: 82.328912 
[2018-10-17 21:53:08,350][INFO] [78/200] Validation loss: 336.330383 
[2018-10-17 21:53:08,552][INFO] [78/200] Time: 9.587205 s
[2018-10-17 21:53:08,553][INFO] ------------------------------
[2018-10-17 21:53:16,281][INFO] [79/200] Train loss: 88.307251 
[2018-10-17 21:53:17,651][INFO] [79/200] Validation loss: 286.849735 
[2018-10-17 21:53:17,862][INFO] [79/200] Time: 9.307006 s
[2018-10-17 21:53:17,863][INFO] ------------------------------
[2018-10-17 21:53:25,781][INFO] [80/200] Train loss: 89.774623 
[2018-10-17 21:53:27,052][INFO] [80/200] Validation loss: 312.664051 
[2018-10-17 21:53:27,256][INFO] [80/200] Time: 9.392436 s
[2018-10-17 21:53:27,257][INFO] ------------------------------
[2018-10-17 21:53:34,990][INFO] [81/200] Train loss: 70.498924 
[2018-10-17 21:53:36,353][INFO] [81/200] Validation loss: 603.822388 
[2018-10-17 21:53:36,519][INFO] [81/200] Time: 9.260621 s
[2018-10-17 21:53:36,520][INFO] ------------------------------
[2018-10-17 21:53:44,266][INFO] [82/200] Train loss: 72.790941 
[2018-10-17 21:53:45,693][INFO] [82/200] Validation loss: 505.820488 
[2018-10-17 21:53:45,895][INFO] [82/200] Time: 9.374733 s
[2018-10-17 21:53:45,896][INFO] ------------------------------
[2018-10-17 21:53:53,721][INFO] [83/200] Train loss: 63.522638 
[2018-10-17 21:53:55,030][INFO] [83/200] Validation loss: 361.800579 
[2018-10-17 21:53:55,230][INFO] [83/200] Time: 9.333158 s
[2018-10-17 21:53:55,231][INFO] ------------------------------
[2018-10-17 21:54:02,809][INFO] [84/200] Train loss: 65.345649 
[2018-10-17 21:54:04,161][INFO] [84/200] Validation loss: 641.066963 
[2018-10-17 21:54:04,331][INFO] [84/200] Time: 9.098019 s
[2018-10-17 21:54:04,332][INFO] ------------------------------
[2018-10-17 21:54:11,524][INFO] [85/200] Train loss: 76.608624 
[2018-10-17 21:54:12,848][INFO] [85/200] Validation loss: 354.471767 
[2018-10-17 21:54:13,025][INFO] [85/200] Time: 8.692313 s
[2018-10-17 21:54:13,027][INFO] ------------------------------
[2018-10-17 21:54:20,564][INFO] [86/200] Train loss: 70.834735 
[2018-10-17 21:54:22,026][INFO] [86/200] Validation loss: 371.658337 
[2018-10-17 21:54:22,234][INFO] [86/200] Time: 9.206266 s
[2018-10-17 21:54:22,235][INFO] ------------------------------
[2018-10-17 21:54:30,199][INFO] [87/200] Train loss: 67.888840 
[2018-10-17 21:54:31,522][INFO] [87/200] Validation loss: 620.895638 
[2018-10-17 21:54:31,695][INFO] [87/200] Time: 9.458735 s
[2018-10-17 21:54:31,696][INFO] ------------------------------
[2018-10-17 21:54:39,465][INFO] [88/200] Train loss: 72.030704 
[2018-10-17 21:54:40,791][INFO] [88/200] Validation loss: 362.022404 
[2018-10-17 21:54:40,959][INFO] [88/200] Time: 9.262051 s
[2018-10-17 21:54:40,961][INFO] ------------------------------
[2018-10-17 21:54:48,938][INFO] [89/200] Train loss: 62.916293 
[2018-10-17 21:54:50,267][INFO] [89/200] Validation loss: 302.136951 
[2018-10-17 21:54:50,433][INFO] [89/200] Time: 9.470994 s
[2018-10-17 21:54:50,434][INFO] ------------------------------
[2018-10-17 21:54:58,304][INFO] [90/200] Train loss: 65.247817 
[2018-10-17 21:54:59,643][INFO] [90/200] Validation loss: 344.196426 
[2018-10-17 21:54:59,817][INFO] [90/200] Time: 9.382113 s
[2018-10-17 21:54:59,818][INFO] ------------------------------
[2018-10-17 21:55:07,725][INFO] [91/200] Train loss: 59.862449 
[2018-10-17 21:55:09,069][INFO] [91/200] Validation loss: 676.719444 
[2018-10-17 21:55:09,230][INFO] [91/200] Time: 9.410671 s
[2018-10-17 21:55:09,231][INFO] ------------------------------
