[2018-11-17 12:59:27,804][INFO] ------------------------------
[2018-11-17 13:01:04,966][INFO] Visdom successfully connected to server
[2018-11-17 13:01:05,172][INFO] ------------------------------
[2018-11-17 13:02:15,997][INFO] [1/400] train loss: 57971.267042
[2018-11-17 13:02:19,933][INFO] [1/400] val loss: 85478.719500
[2018-11-17 13:02:20,340][INFO] [1/400] Time: 75.167291 s
[2018-11-17 13:02:20,341][INFO] ------------------------------
[2018-11-17 13:03:31,249][INFO] [2/400] train loss: 32295.503208
[2018-11-17 13:03:35,332][INFO] [2/400] val loss: 38337.212125
[2018-11-17 13:03:35,869][INFO] [2/400] Time: 75.527300 s
[2018-11-17 13:03:35,870][INFO] ------------------------------
[2018-11-17 13:04:46,554][INFO] [3/400] train loss: 14383.565411
[2018-11-17 13:04:50,559][INFO] [3/400] val loss: 30741.279625
[2018-11-17 13:04:51,152][INFO] [3/400] Time: 75.280843 s
[2018-11-17 13:04:51,154][INFO] ------------------------------
[2018-11-17 13:06:03,258][INFO] [4/400] train loss: 7771.416753
[2018-11-17 13:06:07,208][INFO] [4/400] val loss: 56189.219594
[2018-11-17 13:06:07,471][INFO] [4/400] Time: 76.315529 s
[2018-11-17 13:06:07,472][INFO] ------------------------------
[2018-11-17 13:07:18,928][INFO] [5/400] train loss: 5935.524318
[2018-11-17 13:07:22,881][INFO] [5/400] val loss: 12467.702070
[2018-11-17 13:07:23,424][INFO] [5/400] Time: 75.950487 s
[2018-11-17 13:07:23,425][INFO] ------------------------------
[2018-11-17 13:08:35,122][INFO] [6/400] train loss: 5365.034642
[2018-11-17 13:08:39,289][INFO] [6/400] val loss: 9152.851617
[2018-11-17 13:08:39,721][INFO] [6/400] Time: 76.295121 s
[2018-11-17 13:08:39,722][INFO] ------------------------------
[2018-11-17 13:09:50,839][INFO] [7/400] train loss: 4894.406559
[2018-11-17 13:09:54,767][INFO] [7/400] val loss: 7665.969969
[2018-11-17 13:09:55,225][INFO] [7/400] Time: 75.501744 s
[2018-11-17 13:09:55,226][INFO] ------------------------------
[2018-11-17 13:11:07,610][INFO] [8/400] train loss: 4584.813397
[2018-11-17 13:11:11,574][INFO] [8/400] val loss: 4884.949305
[2018-11-17 13:11:12,115][INFO] [8/400] Time: 76.887839 s
[2018-11-17 13:11:12,117][INFO] ------------------------------
[2018-11-17 13:12:23,594][INFO] [9/400] train loss: 4004.860069
[2018-11-17 13:12:27,531][INFO] [9/400] val loss: 7858.388941
[2018-11-17 13:12:27,887][INFO] [9/400] Time: 75.768497 s
[2018-11-17 13:12:27,888][INFO] ------------------------------
[2018-11-17 13:13:32,799][INFO] Visdom successfully connected to server
[2018-11-17 13:13:33,008][INFO] ------------------------------
[2018-11-17 13:14:45,580][INFO] [1/400] train loss: 56360.068844
[2018-11-17 13:14:49,774][INFO] [1/400] val loss: 86300.640687
[2018-11-17 13:14:50,359][INFO] [1/400] Time: 77.350137 s
[2018-11-17 13:14:50,360][INFO] ------------------------------
[2018-11-17 13:16:03,966][INFO] [2/400] train loss: 39231.833698
[2018-11-17 13:16:08,129][INFO] [2/400] val loss: 42021.401187
[2018-11-17 13:16:08,733][INFO] [2/400] Time: 78.371617 s
[2018-11-17 13:16:08,734][INFO] ------------------------------
[2018-11-17 13:17:22,953][INFO] [3/400] train loss: 32931.277760
[2018-11-17 13:17:27,182][INFO] [3/400] val loss: 33409.147766
[2018-11-17 13:17:27,720][INFO] [3/400] Time: 78.983968 s
[2018-11-17 13:17:27,721][INFO] ------------------------------
[2018-11-17 13:18:41,794][INFO] [4/400] train loss: 25098.820839
[2018-11-17 13:18:45,994][INFO] [4/400] val loss: 22832.138344
[2018-11-17 13:18:46,612][INFO] [4/400] Time: 78.889700 s
[2018-11-17 13:18:46,613][INFO] ------------------------------
[2018-11-17 13:20:00,552][INFO] [5/400] train loss: 19853.850661
[2018-11-17 13:20:04,781][INFO] [5/400] val loss: 22424.303578
[2018-11-17 13:20:05,368][INFO] [5/400] Time: 78.753915 s
[2018-11-17 13:20:05,369][INFO] ------------------------------
[2018-11-17 13:21:19,945][INFO] [6/400] train loss: 16882.245521
[2018-11-17 13:21:24,124][INFO] [6/400] val loss: 40163.397625
[2018-11-17 13:21:24,387][INFO] [6/400] Time: 79.016835 s
[2018-11-17 13:21:24,388][INFO] ------------------------------
[2018-11-17 13:22:39,617][INFO] [7/400] train loss: 12606.804870
[2018-11-17 13:22:43,891][INFO] [7/400] val loss: 20009.888000
[2018-11-17 13:22:44,509][INFO] [7/400] Time: 80.120214 s
[2018-11-17 13:22:44,510][INFO] ------------------------------
[2018-11-17 13:23:58,308][INFO] [8/400] train loss: 8647.000148
[2018-11-17 13:24:02,564][INFO] [8/400] val loss: 16898.082797
[2018-11-17 13:24:03,127][INFO] [8/400] Time: 78.616345 s
[2018-11-17 13:24:03,128][INFO] ------------------------------
[2018-11-17 13:25:16,609][INFO] [9/400] train loss: 5462.115324
[2018-11-17 13:25:20,755][INFO] [9/400] val loss: 17022.807047
[2018-11-17 13:25:21,045][INFO] [9/400] Time: 77.915886 s
[2018-11-17 13:25:21,046][INFO] ------------------------------
[2018-11-17 13:26:33,944][INFO] [10/400] train loss: 3922.956418
[2018-11-17 13:26:38,139][INFO] [10/400] val loss: 16398.413391
[2018-11-17 13:26:38,709][INFO] [10/400] Time: 77.661442 s
[2018-11-17 13:26:38,710][INFO] ------------------------------
[2018-11-17 13:27:52,560][INFO] [11/400] train loss: 3430.916686
[2018-11-17 13:27:56,838][INFO] [11/400] val loss: 7988.534309
[2018-11-17 13:27:57,369][INFO] [11/400] Time: 78.658365 s
[2018-11-17 13:27:57,370][INFO] ------------------------------
[2018-11-17 13:29:10,911][INFO] [12/400] train loss: 3117.344671
[2018-11-17 13:29:15,033][INFO] [12/400] val loss: 45025.786188
[2018-11-17 13:29:15,286][INFO] [12/400] Time: 77.914798 s
[2018-11-17 13:29:15,287][INFO] ------------------------------
[2018-11-17 13:30:29,643][INFO] [13/400] train loss: 2961.130957
[2018-11-17 13:30:34,014][INFO] [13/400] val loss: 11627.844570
[2018-11-17 13:30:34,249][INFO] [13/400] Time: 78.961185 s
[2018-11-17 13:30:34,250][INFO] ------------------------------
[2018-11-17 13:31:46,689][INFO] [14/400] train loss: 2843.283602
[2018-11-17 13:31:50,806][INFO] [14/400] val loss: 4288.200609
[2018-11-17 13:31:51,483][INFO] [14/400] Time: 77.232456 s
[2018-11-17 13:31:51,484][INFO] ------------------------------
[2018-11-17 13:33:04,872][INFO] [15/400] train loss: 2612.759544
[2018-11-17 13:33:09,001][INFO] [15/400] val loss: 3264.563340
[2018-11-17 13:33:09,638][INFO] [15/400] Time: 78.151635 s
[2018-11-17 13:33:09,639][INFO] ------------------------------
[2018-11-17 13:34:23,571][INFO] [16/400] train loss: 2552.784925
[2018-11-17 13:34:27,783][INFO] [16/400] val loss: 8743.342094
[2018-11-17 13:34:28,071][INFO] [16/400] Time: 78.430816 s
[2018-11-17 13:34:28,072][INFO] ------------------------------
[2018-11-17 13:35:41,436][INFO] [17/400] train loss: 2403.034829
[2018-11-17 13:35:45,583][INFO] [17/400] val loss: 7146.788578
[2018-11-17 13:35:45,940][INFO] [17/400] Time: 77.867225 s
[2018-11-17 13:35:45,941][INFO] ------------------------------
[2018-11-17 13:36:59,724][INFO] [18/400] train loss: 2360.241370
[2018-11-17 13:37:04,030][INFO] [18/400] val loss: 4024.833605
[2018-11-17 13:37:04,331][INFO] [18/400] Time: 78.388055 s
[2018-11-17 13:37:04,332][INFO] ------------------------------
[2018-11-17 13:38:17,592][INFO] [19/400] train loss: 2241.416081
[2018-11-17 13:38:21,659][INFO] [19/400] val loss: 8843.384672
[2018-11-17 13:38:21,945][INFO] [19/400] Time: 77.611558 s
[2018-11-17 13:38:21,945][INFO] ------------------------------
[2018-11-17 13:39:35,999][INFO] [20/400] train loss: 2257.872027
[2018-11-17 13:39:40,130][INFO] [20/400] val loss: 7341.758344
[2018-11-17 13:39:40,421][INFO] [20/400] Time: 78.474552 s
[2018-11-17 13:39:40,422][INFO] ------------------------------
[2018-11-17 13:40:53,833][INFO] [21/400] train loss: 2110.307514
[2018-11-17 13:40:57,861][INFO] [21/400] val loss: 10688.079266
[2018-11-17 13:40:58,243][INFO] [21/400] Time: 77.820160 s
[2018-11-17 13:40:58,245][INFO] ------------------------------
[2018-11-17 13:42:11,873][INFO] [22/400] train loss: 2050.587642
[2018-11-17 13:42:16,114][INFO] [22/400] val loss: 3208.579020
[2018-11-17 13:42:16,772][INFO] [22/400] Time: 78.525092 s
[2018-11-17 13:42:16,773][INFO] ------------------------------
[2018-11-17 13:43:30,577][INFO] [23/400] train loss: 2105.272734
[2018-11-17 13:43:34,799][INFO] [23/400] val loss: 2273.390760
[2018-11-17 13:43:35,343][INFO] [23/400] Time: 78.569498 s
[2018-11-17 13:43:35,344][INFO] ------------------------------
[2018-11-17 13:44:49,152][INFO] [24/400] train loss: 2157.903076
[2018-11-17 13:44:53,385][INFO] [24/400] val loss: 2815.419975
[2018-11-17 13:44:53,623][INFO] [24/400] Time: 78.278514 s
[2018-11-17 13:44:53,625][INFO] ------------------------------
[2018-11-17 13:46:09,201][INFO] [25/400] train loss: 2045.457841
[2018-11-17 13:46:13,396][INFO] [25/400] val loss: 10001.528141
[2018-11-17 13:46:13,676][INFO] [25/400] Time: 80.049273 s
[2018-11-17 13:46:13,677][INFO] ------------------------------
[2018-11-17 13:47:28,984][INFO] [26/400] train loss: 1974.888144
[2018-11-17 13:47:33,272][INFO] [26/400] val loss: 47378.349812
[2018-11-17 13:47:33,499][INFO] [26/400] Time: 79.821466 s
[2018-11-17 13:47:33,500][INFO] ------------------------------
[2018-11-17 13:48:46,563][INFO] [27/400] train loss: 1881.755692
[2018-11-17 13:48:50,782][INFO] [27/400] val loss: 10653.442984
[2018-11-17 13:48:51,008][INFO] [27/400] Time: 77.506597 s
[2018-11-17 13:48:51,009][INFO] ------------------------------
[2018-11-17 13:50:04,473][INFO] [28/400] train loss: 1860.542108
[2018-11-17 13:50:08,798][INFO] [28/400] val loss: 4081.472250
[2018-11-17 13:50:09,050][INFO] [28/400] Time: 78.040700 s
[2018-11-17 13:50:09,052][INFO] ------------------------------
[2018-11-17 13:51:22,535][INFO] [29/400] train loss: 1807.193389
[2018-11-17 13:51:26,672][INFO] [29/400] val loss: 8195.589379
[2018-11-17 13:51:26,936][INFO] [29/400] Time: 77.882972 s
[2018-11-17 13:51:26,937][INFO] ------------------------------
[2018-11-17 13:52:42,318][INFO] [30/400] train loss: 1790.238802
[2018-11-17 13:52:46,532][INFO] [30/400] val loss: 2359.021594
[2018-11-17 13:52:46,800][INFO] [30/400] Time: 79.862725 s
[2018-11-17 13:52:46,801][INFO] ------------------------------
[2018-11-17 13:54:00,716][INFO] [31/400] train loss: 1786.610617
[2018-11-17 13:54:04,895][INFO] [31/400] val loss: 9779.071719
[2018-11-17 13:54:05,162][INFO] [31/400] Time: 78.359033 s
[2018-11-17 13:54:05,163][INFO] ------------------------------
[2018-11-17 13:55:17,340][INFO] [32/400] train loss: 1764.243788
[2018-11-17 13:55:21,276][INFO] [32/400] val loss: 6458.909332
[2018-11-17 13:55:21,542][INFO] [32/400] Time: 76.378171 s
[2018-11-17 13:55:21,543][INFO] ------------------------------
[2018-11-17 13:56:35,182][INFO] [33/400] train loss: 1686.868214
[2018-11-17 13:56:39,446][INFO] [33/400] val loss: 6984.932750
[2018-11-17 13:56:39,728][INFO] [33/400] Time: 78.184655 s
[2018-11-17 13:56:39,729][INFO] ------------------------------
[2018-11-17 13:57:53,432][INFO] [34/400] train loss: 1691.097342
[2018-11-17 13:57:57,776][INFO] [34/400] val loss: 21630.467187
[2018-11-17 13:57:58,039][INFO] [34/400] Time: 78.308750 s
[2018-11-17 13:57:58,040][INFO] ------------------------------
[2018-11-17 13:59:12,018][INFO] [35/400] train loss: 1694.853536
[2018-11-17 13:59:16,326][INFO] [35/400] val loss: 2481.800877
[2018-11-17 13:59:16,587][INFO] [35/400] Time: 78.545890 s
[2018-11-17 13:59:16,588][INFO] ------------------------------
[2018-11-17 14:00:30,249][INFO] [36/400] train loss: 1566.936863
[2018-11-17 14:00:34,482][INFO] [36/400] val loss: 5014.261047
[2018-11-17 14:00:34,761][INFO] [36/400] Time: 78.172007 s
[2018-11-17 14:00:34,762][INFO] ------------------------------
[2018-11-17 14:01:47,669][INFO] [37/400] train loss: 1568.919824
[2018-11-17 14:01:51,950][INFO] [37/400] val loss: 4224.344789
[2018-11-17 14:01:52,216][INFO] [37/400] Time: 77.452733 s
[2018-11-17 14:01:52,217][INFO] ------------------------------
[2018-11-17 14:03:06,315][INFO] [38/400] train loss: 1543.605298
[2018-11-17 14:03:10,443][INFO] [38/400] val loss: 2018.444033
[2018-11-17 14:03:10,972][INFO] [38/400] Time: 78.754567 s
[2018-11-17 14:03:10,973][INFO] ------------------------------
[2018-11-17 14:04:26,417][INFO] [39/400] train loss: 1409.781053
[2018-11-17 14:04:30,559][INFO] [39/400] val loss: 3445.893184
[2018-11-17 14:04:30,896][INFO] [39/400] Time: 79.921869 s
[2018-11-17 14:04:30,898][INFO] ------------------------------
[2018-11-17 14:05:43,639][INFO] [40/400] train loss: 1453.520806
[2018-11-17 14:05:47,688][INFO] [40/400] val loss: 2430.860527
[2018-11-17 14:05:47,956][INFO] [40/400] Time: 77.057494 s
[2018-11-17 14:05:47,957][INFO] ------------------------------
[2018-11-17 14:07:01,612][INFO] [41/400] train loss: 1415.640616
[2018-11-17 14:07:05,689][INFO] [41/400] val loss: 2286.316834
[2018-11-17 14:07:05,960][INFO] [41/400] Time: 78.001830 s
[2018-11-17 14:07:05,961][INFO] ------------------------------
[2018-11-17 14:08:18,629][INFO] [42/400] train loss: 1309.801619
[2018-11-17 14:08:22,876][INFO] [42/400] val loss: 6280.460410
[2018-11-17 14:08:23,129][INFO] [42/400] Time: 77.167789 s
[2018-11-17 14:08:23,130][INFO] ------------------------------
[2018-11-17 14:09:36,775][INFO] [43/400] train loss: 1301.288049
[2018-11-17 14:09:41,157][INFO] [43/400] val loss: 1597.955855
[2018-11-17 14:09:41,731][INFO] [43/400] Time: 78.599460 s
[2018-11-17 14:09:41,733][INFO] ------------------------------
[2018-11-17 14:10:54,565][INFO] [44/400] train loss: 1236.083332
[2018-11-17 14:10:58,905][INFO] [44/400] val loss: 939.503898
[2018-11-17 14:10:59,439][INFO] [44/400] Time: 77.704674 s
[2018-11-17 14:10:59,440][INFO] ------------------------------
[2018-11-17 14:12:13,184][INFO] [45/400] train loss: 1217.353443
[2018-11-17 14:12:17,499][INFO] [45/400] val loss: 1598.396197
[2018-11-17 14:12:17,766][INFO] [45/400] Time: 78.324632 s
[2018-11-17 14:12:17,767][INFO] ------------------------------
[2018-11-17 14:13:31,861][INFO] [46/400] train loss: 1217.433133
[2018-11-17 14:13:36,206][INFO] [46/400] val loss: 11462.907023
[2018-11-17 14:13:36,451][INFO] [46/400] Time: 78.682315 s
[2018-11-17 14:13:36,452][INFO] ------------------------------
[2018-11-17 14:14:51,120][INFO] [47/400] train loss: 1136.866230
[2018-11-17 14:14:55,363][INFO] [47/400] val loss: 1276.938632
[2018-11-17 14:14:55,595][INFO] [47/400] Time: 79.141659 s
[2018-11-17 14:14:55,596][INFO] ------------------------------
[2018-11-17 14:16:08,726][INFO] [48/400] train loss: 1126.812117
[2018-11-17 14:16:13,026][INFO] [48/400] val loss: 1666.142056
[2018-11-17 14:16:13,282][INFO] [48/400] Time: 77.684818 s
[2018-11-17 14:16:13,283][INFO] ------------------------------
[2018-11-17 14:17:27,115][INFO] [49/400] train loss: 1094.032502
[2018-11-17 14:17:31,435][INFO] [49/400] val loss: 1297.007881
[2018-11-17 14:17:31,700][INFO] [49/400] Time: 78.415771 s
[2018-11-17 14:17:31,701][INFO] ------------------------------
[2018-11-17 14:18:45,685][INFO] [50/400] train loss: 1058.702442
[2018-11-17 14:18:49,999][INFO] [50/400] val loss: 1679.136918
[2018-11-17 14:18:50,327][INFO] [50/400] Time: 78.624812 s
[2018-11-17 14:18:50,328][INFO] ------------------------------
[2018-11-17 14:20:06,338][INFO] [51/400] train loss: 1074.846676
[2018-11-17 14:20:10,477][INFO] [51/400] val loss: 1255.915823
[2018-11-17 14:20:10,737][INFO] [51/400] Time: 80.407349 s
[2018-11-17 14:20:10,738][INFO] ------------------------------
[2018-11-17 14:21:23,465][INFO] [52/400] train loss: 1030.998893
[2018-11-17 14:21:27,996][INFO] [52/400] val loss: 1407.464020
[2018-11-17 14:21:28,239][INFO] [52/400] Time: 77.500505 s
[2018-11-17 14:21:28,240][INFO] ------------------------------
[2018-11-17 14:22:41,316][INFO] [53/400] train loss: 1016.533382
[2018-11-17 14:22:45,717][INFO] [53/400] val loss: 2154.652947
[2018-11-17 14:22:45,978][INFO] [53/400] Time: 77.737336 s
[2018-11-17 14:22:45,979][INFO] ------------------------------
[2018-11-17 14:23:59,377][INFO] [54/400] train loss: 1050.369053
[2018-11-17 14:24:03,753][INFO] [54/400] val loss: 2246.589146
[2018-11-17 14:24:04,003][INFO] [54/400] Time: 78.022758 s
[2018-11-17 14:24:04,004][INFO] ------------------------------
[2018-11-17 14:25:17,936][INFO] [55/400] train loss: 971.872781
[2018-11-17 14:25:22,338][INFO] [55/400] val loss: 2157.511363
[2018-11-17 14:25:22,601][INFO] [55/400] Time: 78.596668 s
[2018-11-17 14:25:22,602][INFO] ------------------------------
[2018-11-17 14:26:37,370][INFO] [56/400] train loss: 948.225203
[2018-11-17 14:26:41,580][INFO] [56/400] val loss: 1705.293357
[2018-11-17 14:26:41,886][INFO] [56/400] Time: 79.283117 s
[2018-11-17 14:26:41,887][INFO] ------------------------------
[2018-11-17 14:27:56,108][INFO] [57/400] train loss: 914.391966
[2018-11-17 14:28:00,541][INFO] [57/400] val loss: 1178.988299
[2018-11-17 14:28:00,801][INFO] [57/400] Time: 78.912738 s
[2018-11-17 14:28:00,802][INFO] ------------------------------
[2018-11-17 14:29:13,491][INFO] [58/400] train loss: 839.330276
[2018-11-17 14:29:17,814][INFO] [58/400] val loss: 1558.165232
[2018-11-17 14:29:18,088][INFO] [58/400] Time: 77.284780 s
[2018-11-17 14:29:18,089][INFO] ------------------------------
[2018-11-17 14:30:33,172][INFO] [59/400] train loss: 876.596809
[2018-11-17 14:30:37,269][INFO] [59/400] val loss: 2362.868961
[2018-11-17 14:30:37,546][INFO] [59/400] Time: 79.455983 s
[2018-11-17 14:30:37,547][INFO] ------------------------------
[2018-11-17 14:31:54,102][INFO] [60/400] train loss: 849.676491
[2018-11-17 14:31:58,117][INFO] [60/400] val loss: 872.033102
[2018-11-17 14:31:58,670][INFO] [60/400] Time: 81.122177 s
[2018-11-17 14:31:58,672][INFO] ------------------------------
[2018-11-17 14:33:11,645][INFO] [61/400] train loss: 785.519112
[2018-11-17 14:33:15,917][INFO] [61/400] val loss: 2868.350729
[2018-11-17 14:33:16,223][INFO] [61/400] Time: 77.549750 s
[2018-11-17 14:33:16,224][INFO] ------------------------------
[2018-11-17 14:34:30,480][INFO] [62/400] train loss: 838.635574
[2018-11-17 14:34:34,908][INFO] [62/400] val loss: 1325.799881
[2018-11-17 14:34:35,151][INFO] [62/400] Time: 78.925722 s
[2018-11-17 14:34:35,152][INFO] ------------------------------
[2018-11-17 14:35:50,370][INFO] [63/400] train loss: 785.580548
[2018-11-17 14:35:54,681][INFO] [63/400] val loss: 1627.512606
[2018-11-17 14:35:54,963][INFO] [63/400] Time: 79.806400 s
[2018-11-17 14:35:54,964][INFO] ------------------------------
[2018-11-17 14:37:09,110][INFO] [64/400] train loss: 743.159119
[2018-11-17 14:37:13,635][INFO] [64/400] val loss: 1079.502533
[2018-11-17 14:37:13,960][INFO] [64/400] Time: 78.995140 s
[2018-11-17 14:37:13,961][INFO] ------------------------------
[2018-11-17 14:38:27,180][INFO] [65/400] train loss: 706.758567
[2018-11-17 14:38:31,628][INFO] [65/400] val loss: 2613.888930
[2018-11-17 14:38:31,921][INFO] [65/400] Time: 77.958884 s
[2018-11-17 14:38:31,922][INFO] ------------------------------
[2018-11-17 14:39:44,465][INFO] [66/400] train loss: 713.763536
[2018-11-17 14:39:48,977][INFO] [66/400] val loss: 1067.133313
[2018-11-17 14:39:49,285][INFO] [66/400] Time: 77.361305 s
[2018-11-17 14:39:49,287][INFO] ------------------------------
[2018-11-17 14:41:04,733][INFO] [67/400] train loss: 706.056500
[2018-11-17 14:41:09,137][INFO] [67/400] val loss: 2833.789789
[2018-11-17 14:41:09,452][INFO] [67/400] Time: 80.164257 s
[2018-11-17 14:41:09,453][INFO] ------------------------------
[2018-11-17 14:42:23,824][INFO] [68/400] train loss: 708.118031
[2018-11-17 14:42:28,328][INFO] [68/400] val loss: 768.780101
[2018-11-17 14:42:28,913][INFO] [68/400] Time: 79.459183 s
[2018-11-17 14:42:28,914][INFO] ------------------------------
[2018-11-17 14:43:41,607][INFO] [69/400] train loss: 699.612923
[2018-11-17 14:43:46,187][INFO] [69/400] val loss: 1124.463050
[2018-11-17 14:43:46,468][INFO] [69/400] Time: 77.552731 s
[2018-11-17 14:43:46,470][INFO] ------------------------------
[2018-11-17 14:45:00,408][INFO] [70/400] train loss: 646.280091
[2018-11-17 14:45:04,876][INFO] [70/400] val loss: 935.636626
[2018-11-17 14:45:05,150][INFO] [70/400] Time: 78.679507 s
[2018-11-17 14:45:05,151][INFO] ------------------------------
[2018-11-17 14:46:19,926][INFO] [71/400] train loss: 606.094774
[2018-11-17 14:46:24,476][INFO] [71/400] val loss: 7820.758813
[2018-11-17 14:46:24,778][INFO] [71/400] Time: 79.626101 s
[2018-11-17 14:46:24,780][INFO] ------------------------------
[2018-11-17 14:47:40,404][INFO] [72/400] train loss: 590.718494
[2018-11-17 14:47:44,897][INFO] [72/400] val loss: 780.246066
[2018-11-17 14:47:45,185][INFO] [72/400] Time: 80.403596 s
[2018-11-17 14:47:45,187][INFO] ------------------------------
[2018-11-17 14:48:58,976][INFO] [73/400] train loss: 579.339054
[2018-11-17 14:49:03,375][INFO] [73/400] val loss: 957.249107
[2018-11-17 14:49:03,712][INFO] [73/400] Time: 78.523898 s
[2018-11-17 14:49:03,713][INFO] ------------------------------
[2018-11-17 14:50:17,032][INFO] [74/400] train loss: 576.366967
[2018-11-17 14:50:21,490][INFO] [74/400] val loss: 758.835843
[2018-11-17 14:50:22,055][INFO] [74/400] Time: 78.341022 s
[2018-11-17 14:50:22,056][INFO] ------------------------------
[2018-11-17 14:51:36,306][INFO] [75/400] train loss: 552.790928
[2018-11-17 14:51:40,634][INFO] [75/400] val loss: 1620.605602
[2018-11-17 14:51:40,963][INFO] [75/400] Time: 78.905726 s
[2018-11-17 14:51:40,964][INFO] ------------------------------
[2018-11-17 14:52:55,099][INFO] [76/400] train loss: 535.011583
[2018-11-17 14:52:59,553][INFO] [76/400] val loss: 1136.182687
[2018-11-17 14:52:59,852][INFO] [76/400] Time: 78.886131 s
[2018-11-17 14:52:59,853][INFO] ------------------------------
[2018-11-17 14:54:14,514][INFO] [77/400] train loss: 540.193442
[2018-11-17 14:54:18,860][INFO] [77/400] val loss: 634.586444
[2018-11-17 14:54:19,493][INFO] [77/400] Time: 79.638780 s
[2018-11-17 14:54:19,494][INFO] ------------------------------
[2018-11-17 14:55:34,118][INFO] [78/400] train loss: 484.100116
[2018-11-17 14:55:38,511][INFO] [78/400] val loss: 904.741008
[2018-11-17 14:55:38,835][INFO] [78/400] Time: 79.338968 s
[2018-11-17 14:55:38,836][INFO] ------------------------------
[2018-11-17 14:56:51,881][INFO] [79/400] train loss: 467.155538
[2018-11-17 14:56:56,344][INFO] [79/400] val loss: 751.025705
[2018-11-17 14:56:56,652][INFO] [79/400] Time: 77.814097 s
[2018-11-17 14:56:56,653][INFO] ------------------------------
[2018-11-17 14:58:09,092][INFO] [80/400] train loss: 468.037050
[2018-11-17 14:58:12,994][INFO] [80/400] val loss: 1515.504991
[2018-11-17 14:58:13,649][INFO] [80/400] Time: 76.995323 s
[2018-11-17 14:58:13,650][INFO] ------------------------------
[2018-11-17 14:59:28,713][INFO] [81/400] train loss: 478.680956
[2018-11-17 14:59:32,833][INFO] [81/400] val loss: 478.054175
[2018-11-17 14:59:33,441][INFO] [81/400] Time: 79.789582 s
[2018-11-17 14:59:33,442][INFO] ------------------------------
[2018-11-17 15:00:49,620][INFO] [82/400] train loss: 442.460896
[2018-11-17 15:00:53,728][INFO] [82/400] val loss: 806.701709
[2018-11-17 15:00:54,073][INFO] [82/400] Time: 80.629934 s
[2018-11-17 15:00:54,074][INFO] ------------------------------
[2018-11-17 15:02:07,240][INFO] [83/400] train loss: 466.311434
[2018-11-17 15:02:11,812][INFO] [83/400] val loss: 606.917841
[2018-11-17 15:02:12,077][INFO] [83/400] Time: 78.002164 s
[2018-11-17 15:02:12,079][INFO] ------------------------------
[2018-11-17 15:03:27,878][INFO] [84/400] train loss: 413.668499
[2018-11-17 15:03:32,407][INFO] [84/400] val loss: 776.668413
[2018-11-17 15:03:32,691][INFO] [84/400] Time: 80.611292 s
[2018-11-17 15:03:32,692][INFO] ------------------------------
[2018-11-17 15:04:48,651][INFO] [85/400] train loss: 419.728987
[2018-11-17 15:04:52,817][INFO] [85/400] val loss: 901.123571
[2018-11-17 15:04:53,093][INFO] [85/400] Time: 80.399179 s
[2018-11-17 15:04:53,094][INFO] ------------------------------
[2018-11-17 15:06:05,988][INFO] [86/400] train loss: 395.392338
[2018-11-17 15:06:10,542][INFO] [86/400] val loss: 773.150947
[2018-11-17 15:06:10,855][INFO] [86/400] Time: 77.759529 s
[2018-11-17 15:06:10,856][INFO] ------------------------------
[2018-11-17 15:07:26,106][INFO] [87/400] train loss: 401.683771
[2018-11-17 15:07:30,638][INFO] [87/400] val loss: 904.707492
[2018-11-17 15:07:30,975][INFO] [87/400] Time: 80.117000 s
[2018-11-17 15:07:30,976][INFO] ------------------------------
[2018-11-17 15:08:46,393][INFO] [88/400] train loss: 396.382000
[2018-11-17 15:08:50,708][INFO] [88/400] val loss: 632.111595
[2018-11-17 15:08:50,970][INFO] [88/400] Time: 79.992488 s
[2018-11-17 15:08:50,971][INFO] ------------------------------
[2018-11-17 15:10:07,680][INFO] [89/400] train loss: 362.477123
[2018-11-17 15:10:12,199][INFO] [89/400] val loss: 644.883144
[2018-11-17 15:10:12,474][INFO] [89/400] Time: 81.501755 s
[2018-11-17 15:10:12,475][INFO] ------------------------------
[2018-11-17 15:11:26,802][INFO] [90/400] train loss: 356.383363
[2018-11-17 15:11:31,302][INFO] [90/400] val loss: 419.117510
[2018-11-17 15:11:31,838][INFO] [90/400] Time: 79.362538 s
[2018-11-17 15:11:31,840][INFO] ------------------------------
[2018-11-17 15:12:44,456][INFO] [91/400] train loss: 326.280063
[2018-11-17 15:12:48,638][INFO] [91/400] val loss: 731.032876
[2018-11-17 15:12:48,942][INFO] [91/400] Time: 77.101594 s
[2018-11-17 15:12:48,943][INFO] ------------------------------
[2018-11-17 15:14:05,704][INFO] [92/400] train loss: 321.563296
[2018-11-17 15:14:10,298][INFO] [92/400] val loss: 437.402520
[2018-11-17 15:14:10,575][INFO] [92/400] Time: 81.630752 s
[2018-11-17 15:14:10,576][INFO] ------------------------------
[2018-11-17 15:15:24,168][INFO] [93/400] train loss: 329.189890
[2018-11-17 15:15:28,333][INFO] [93/400] val loss: 821.745724
[2018-11-17 15:15:29,012][INFO] [93/400] Time: 78.434816 s
[2018-11-17 15:15:29,013][INFO] ------------------------------
[2018-11-17 15:16:44,840][INFO] [94/400] train loss: 302.767932
[2018-11-17 15:16:48,898][INFO] [94/400] val loss: 487.308068
[2018-11-17 15:16:49,221][INFO] [94/400] Time: 80.206336 s
[2018-11-17 15:16:49,222][INFO] ------------------------------
[2018-11-17 15:18:02,272][INFO] [95/400] train loss: 292.685483
[2018-11-17 15:18:06,857][INFO] [95/400] val loss: 791.630295
[2018-11-17 15:18:07,166][INFO] [95/400] Time: 77.942408 s
[2018-11-17 15:18:07,167][INFO] ------------------------------
[2018-11-17 15:19:21,447][INFO] [96/400] train loss: 261.398091
[2018-11-17 15:19:25,522][INFO] [96/400] val loss: 1294.194492
[2018-11-17 15:19:25,779][INFO] [96/400] Time: 78.610548 s
[2018-11-17 15:19:25,780][INFO] ------------------------------
[2018-11-17 15:20:40,794][INFO] [97/400] train loss: 264.789178
[2018-11-17 15:20:45,361][INFO] [97/400] val loss: 664.105368
[2018-11-17 15:20:45,654][INFO] [97/400] Time: 79.873384 s
[2018-11-17 15:20:45,655][INFO] ------------------------------
[2018-11-17 15:21:58,958][INFO] [98/400] train loss: 249.371156
[2018-11-17 15:22:03,080][INFO] [98/400] val loss: 412.785157
[2018-11-17 15:22:03,587][INFO] [98/400] Time: 77.929842 s
[2018-11-17 15:22:03,588][INFO] ------------------------------
[2018-11-17 15:23:18,528][INFO] [99/400] train loss: 250.742497
[2018-11-17 15:23:23,049][INFO] [99/400] val loss: 754.436385
[2018-11-17 15:23:23,330][INFO] [99/400] Time: 79.740226 s
[2018-11-17 15:23:23,331][INFO] ------------------------------
[2018-11-17 15:24:37,559][INFO] [100/400] train loss: 250.619417
[2018-11-17 15:24:41,680][INFO] [100/400] val loss: 693.042748
[2018-11-17 15:24:41,957][INFO] [100/400] Time: 78.625408 s
[2018-11-17 15:24:41,958][INFO] ------------------------------
[2018-11-17 15:25:56,022][INFO] [101/400] train loss: 239.942118
[2018-11-17 15:26:00,513][INFO] [101/400] val loss: 549.040673
[2018-11-17 15:26:00,790][INFO] [101/400] Time: 78.831440 s
[2018-11-17 15:26:00,792][INFO] ------------------------------
[2018-11-17 15:27:14,884][INFO] [102/400] train loss: 263.022707
[2018-11-17 15:27:19,081][INFO] [102/400] val loss: 1376.371479
[2018-11-17 15:27:19,338][INFO] [102/400] Time: 78.545819 s
[2018-11-17 15:27:19,339][INFO] ------------------------------
[2018-11-17 15:28:32,815][INFO] [103/400] train loss: 238.745827
[2018-11-17 15:28:37,404][INFO] [103/400] val loss: 531.657273
[2018-11-17 15:28:37,669][INFO] [103/400] Time: 78.328823 s
[2018-11-17 15:28:37,670][INFO] ------------------------------
[2018-11-17 15:29:49,908][INFO] [104/400] train loss: 209.755918
[2018-11-17 15:29:53,955][INFO] [104/400] val loss: 2068.312170
[2018-11-17 15:29:54,227][INFO] [104/400] Time: 76.555871 s
[2018-11-17 15:29:54,228][INFO] ------------------------------
[2018-11-17 15:31:08,250][INFO] [105/400] train loss: 225.582862
[2018-11-17 15:31:12,852][INFO] [105/400] val loss: 3412.306520
[2018-11-17 15:31:13,115][INFO] [105/400] Time: 78.885585 s
[2018-11-17 15:31:13,117][INFO] ------------------------------
[2018-11-17 15:32:29,125][INFO] [106/400] train loss: 203.282310
[2018-11-17 15:32:33,354][INFO] [106/400] val loss: 526.296624
[2018-11-17 15:32:33,669][INFO] [106/400] Time: 80.551648 s
[2018-11-17 15:32:33,670][INFO] ------------------------------
[2018-11-17 15:33:46,482][INFO] [107/400] train loss: 188.967183
[2018-11-17 15:33:51,094][INFO] [107/400] val loss: 1272.825078
[2018-11-17 15:33:51,354][INFO] [107/400] Time: 77.682818 s
[2018-11-17 15:33:51,355][INFO] ------------------------------
[2018-11-17 15:35:05,405][INFO] [108/400] train loss: 189.586940
[2018-11-17 15:35:09,523][INFO] [108/400] val loss: 578.641982
[2018-11-17 15:35:09,790][INFO] [108/400] Time: 78.433487 s
[2018-11-17 15:35:09,791][INFO] ------------------------------
[2018-11-17 15:36:25,239][INFO] [109/400] train loss: 193.865469
[2018-11-17 15:36:29,878][INFO] [109/400] val loss: 979.402225
[2018-11-17 15:36:30,227][INFO] [109/400] Time: 80.435516 s
[2018-11-17 15:36:30,229][INFO] ------------------------------
[2018-11-17 15:37:45,526][INFO] [110/400] train loss: 177.763884
[2018-11-17 15:37:49,570][INFO] [110/400] val loss: 674.285218
[2018-11-17 15:37:49,885][INFO] [110/400] Time: 79.653837 s
[2018-11-17 15:37:49,886][INFO] ------------------------------
[2018-11-17 15:39:05,551][INFO] [111/400] train loss: 176.274836
[2018-11-17 15:39:10,266][INFO] [111/400] val loss: 413.079625
[2018-11-17 15:39:10,536][INFO] [111/400] Time: 80.648742 s
[2018-11-17 15:39:10,536][INFO] ------------------------------
[2018-11-17 15:40:24,384][INFO] [112/400] train loss: 158.947304
[2018-11-17 15:40:28,625][INFO] [112/400] val loss: 694.879727
[2018-11-17 15:40:28,935][INFO] [112/400] Time: 78.397472 s
[2018-11-17 15:40:28,936][INFO] ------------------------------
[2018-11-17 15:41:44,506][INFO] [113/400] train loss: 171.766514
[2018-11-17 15:41:48,680][INFO] [113/400] val loss: 555.418027
[2018-11-17 15:41:48,945][INFO] [113/400] Time: 80.006769 s
[2018-11-17 15:41:48,946][INFO] ------------------------------
[2018-11-17 15:43:04,545][INFO] [114/400] train loss: 168.333654
[2018-11-17 15:43:09,226][INFO] [114/400] val loss: 294.865787
[2018-11-17 15:43:09,734][INFO] [114/400] Time: 80.786880 s
[2018-11-17 15:43:09,735][INFO] ------------------------------
[2018-11-17 15:44:24,387][INFO] [115/400] train loss: 147.159047
[2018-11-17 15:44:28,494][INFO] [115/400] val loss: 451.332972
[2018-11-17 15:44:28,761][INFO] [115/400] Time: 79.024382 s
[2018-11-17 15:44:28,762][INFO] ------------------------------
[2018-11-17 15:45:42,483][INFO] [116/400] train loss: 149.464615
[2018-11-17 15:45:46,643][INFO] [116/400] val loss: 408.406943
[2018-11-17 15:45:46,921][INFO] [116/400] Time: 78.158810 s
[2018-11-17 15:45:46,922][INFO] ------------------------------
[2018-11-17 15:47:02,226][INFO] [117/400] train loss: 160.462973
[2018-11-17 15:47:06,970][INFO] [117/400] val loss: 357.320077
[2018-11-17 15:47:07,273][INFO] [117/400] Time: 80.349890 s
[2018-11-17 15:47:07,274][INFO] ------------------------------
[2018-11-17 15:48:22,903][INFO] [118/400] train loss: 159.436877
[2018-11-17 15:48:27,119][INFO] [118/400] val loss: 702.723789
[2018-11-17 15:48:27,477][INFO] [118/400] Time: 80.201184 s
[2018-11-17 15:48:27,478][INFO] ------------------------------
[2018-11-17 15:49:42,210][INFO] [119/400] train loss: 151.990472
[2018-11-17 15:49:46,490][INFO] [119/400] val loss: 348.733438
[2018-11-17 15:49:46,785][INFO] [119/400] Time: 79.306032 s
[2018-11-17 15:49:46,786][INFO] ------------------------------
[2018-11-17 15:51:02,077][INFO] [120/400] train loss: 145.520293
[2018-11-17 15:51:06,774][INFO] [120/400] val loss: 436.134286
[2018-11-17 15:51:07,091][INFO] [120/400] Time: 80.303377 s
[2018-11-17 15:51:07,092][INFO] ------------------------------
[2018-11-17 15:52:21,984][INFO] [121/400] train loss: 135.404533
[2018-11-17 15:52:26,317][INFO] [121/400] val loss: 1232.177914
[2018-11-17 15:52:26,585][INFO] [121/400] Time: 79.491430 s
[2018-11-17 15:52:26,586][INFO] ------------------------------
[2018-11-17 15:53:43,609][INFO] [122/400] train loss: 133.754836
[2018-11-17 15:53:47,763][INFO] [122/400] val loss: 435.141797
[2018-11-17 15:53:48,046][INFO] [122/400] Time: 81.458782 s
[2018-11-17 15:53:48,047][INFO] ------------------------------
[2018-11-17 15:55:03,961][INFO] [123/400] train loss: 143.697932
[2018-11-17 15:55:08,801][INFO] [123/400] val loss: 297.313049
[2018-11-17 15:55:09,067][INFO] [123/400] Time: 81.019145 s
[2018-11-17 15:55:09,068][INFO] ------------------------------
[2018-11-17 15:56:24,452][INFO] [124/400] train loss: 143.766749
[2018-11-17 15:56:28,723][INFO] [124/400] val loss: 407.903148
[2018-11-17 15:56:29,072][INFO] [124/400] Time: 80.003334 s
[2018-11-17 15:56:29,073][INFO] ------------------------------
[2018-11-17 15:57:43,168][INFO] [125/400] train loss: 130.838420
[2018-11-17 15:57:47,236][INFO] [125/400] val loss: 947.007828
[2018-11-17 15:57:47,529][INFO] [125/400] Time: 78.454425 s
[2018-11-17 15:57:47,530][INFO] ------------------------------
[2018-11-17 15:59:01,285][INFO] [126/400] train loss: 133.723604
[2018-11-17 15:59:05,524][INFO] [126/400] val loss: 383.554055
[2018-11-17 15:59:05,816][INFO] [126/400] Time: 78.285581 s
[2018-11-17 15:59:05,817][INFO] ------------------------------
[2018-11-17 16:00:17,812][INFO] [127/400] train loss: 117.874523
[2018-11-17 16:00:22,609][INFO] [127/400] val loss: 243.457288
[2018-11-17 16:00:23,181][INFO] [127/400] Time: 77.363290 s
[2018-11-17 16:00:23,182][INFO] ------------------------------
[2018-11-17 16:01:37,503][INFO] [128/400] train loss: 117.994034
[2018-11-17 16:01:41,693][INFO] [128/400] val loss: 325.953920
[2018-11-17 16:01:41,988][INFO] [128/400] Time: 78.804393 s
[2018-11-17 16:01:41,989][INFO] ------------------------------
[2018-11-17 16:02:54,623][INFO] [129/400] train loss: 115.575366
[2018-11-17 16:02:58,864][INFO] [129/400] val loss: 436.004378
[2018-11-17 16:02:59,166][INFO] [129/400] Time: 77.176308 s
[2018-11-17 16:02:59,167][INFO] ------------------------------
[2018-11-17 16:04:11,836][INFO] [130/400] train loss: 113.878963
[2018-11-17 16:04:16,004][INFO] [130/400] val loss: 409.364057
[2018-11-17 16:04:16,296][INFO] [130/400] Time: 77.128060 s
[2018-11-17 16:04:16,297][INFO] ------------------------------
[2018-11-17 16:05:28,999][INFO] [131/400] train loss: 115.544829
[2018-11-17 16:05:33,084][INFO] [131/400] val loss: 334.970934
[2018-11-17 16:05:33,382][INFO] [131/400] Time: 77.083675 s
[2018-11-17 16:05:33,383][INFO] ------------------------------
[2018-11-17 16:06:46,624][INFO] [132/400] train loss: 110.150731
[2018-11-17 16:06:50,879][INFO] [132/400] val loss: 390.912552
[2018-11-17 16:06:51,640][INFO] [132/400] Time: 78.255180 s
[2018-11-17 16:06:51,641][INFO] ------------------------------
[2018-11-17 16:08:06,257][INFO] [133/400] train loss: 117.177769
[2018-11-17 16:08:10,516][INFO] [133/400] val loss: 614.746776
[2018-11-17 16:08:10,805][INFO] [133/400] Time: 79.163919 s
[2018-11-17 16:08:10,807][INFO] ------------------------------
[2018-11-17 16:09:26,164][INFO] [134/400] train loss: 111.553779
[2018-11-17 16:09:30,489][INFO] [134/400] val loss: 432.429745
[2018-11-17 16:09:30,827][INFO] [134/400] Time: 80.019178 s
[2018-11-17 16:09:30,828][INFO] ------------------------------
[2018-11-17 16:10:42,959][INFO] [135/400] train loss: 108.092340
[2018-11-17 16:10:47,067][INFO] [135/400] val loss: 458.243779
[2018-11-17 16:10:47,346][INFO] [135/400] Time: 76.516049 s
[2018-11-17 16:10:47,347][INFO] ------------------------------
[2018-11-17 16:12:03,408][INFO] [136/400] train loss: 98.959093
[2018-11-17 16:12:07,526][INFO] [136/400] val loss: 428.830354
[2018-11-17 16:12:07,812][INFO] [136/400] Time: 80.464558 s
[2018-11-17 16:12:07,813][INFO] ------------------------------
[2018-11-17 16:13:21,010][INFO] [137/400] train loss: 97.676268
[2018-11-17 16:13:25,138][INFO] [137/400] val loss: 322.669926
[2018-11-17 16:13:25,433][INFO] [137/400] Time: 77.619046 s
[2018-11-17 16:13:25,434][INFO] ------------------------------
[2018-11-17 16:14:37,770][INFO] [138/400] train loss: 101.933350
[2018-11-17 16:14:41,944][INFO] [138/400] val loss: 295.682747
[2018-11-17 16:14:42,266][INFO] [138/400] Time: 76.830637 s
[2018-11-17 16:14:42,267][INFO] ------------------------------
[2018-11-17 16:15:55,548][INFO] [139/400] train loss: 103.143803
[2018-11-17 16:15:59,820][INFO] [139/400] val loss: 561.647986
[2018-11-17 16:16:00,127][INFO] [139/400] Time: 77.859287 s
[2018-11-17 16:16:00,128][INFO] ------------------------------
[2018-11-17 16:17:13,496][INFO] [140/400] train loss: 104.637075
[2018-11-17 16:17:17,722][INFO] [140/400] val loss: 369.332462
[2018-11-17 16:17:18,022][INFO] [140/400] Time: 77.892869 s
[2018-11-17 16:17:18,023][INFO] ------------------------------
[2018-11-17 16:18:31,118][INFO] [141/400] train loss: 104.636511
[2018-11-17 16:18:35,299][INFO] [141/400] val loss: 308.027226
[2018-11-17 16:18:35,655][INFO] [141/400] Time: 77.630828 s
[2018-11-17 16:18:35,656][INFO] ------------------------------
[2018-11-17 16:19:51,142][INFO] [142/400] train loss: 102.383005
[2018-11-17 16:19:55,312][INFO] [142/400] val loss: 307.058342
[2018-11-17 16:19:55,617][INFO] [142/400] Time: 79.959931 s
[2018-11-17 16:19:55,619][INFO] ------------------------------
[2018-11-17 16:21:12,717][INFO] [143/400] train loss: 99.610670
[2018-11-17 16:21:16,951][INFO] [143/400] val loss: 325.068815
[2018-11-17 16:21:17,263][INFO] [143/400] Time: 81.642587 s
[2018-11-17 16:21:17,264][INFO] ------------------------------
[2018-11-17 16:22:31,454][INFO] [144/400] train loss: 102.167381
[2018-11-17 16:22:35,645][INFO] [144/400] val loss: 263.255788
[2018-11-17 16:22:35,931][INFO] [144/400] Time: 78.666571 s
[2018-11-17 16:22:35,932][INFO] ------------------------------
[2018-11-17 16:23:50,343][INFO] [145/400] train loss: 105.061888
[2018-11-17 16:23:54,540][INFO] [145/400] val loss: 243.069912
[2018-11-17 16:23:55,070][INFO] [145/400] Time: 79.136683 s
[2018-11-17 16:23:55,071][INFO] ------------------------------
[2018-11-17 16:25:08,218][INFO] [146/400] train loss: 97.792459
[2018-11-17 16:25:12,516][INFO] [146/400] val loss: 427.525945
[2018-11-17 16:25:12,792][INFO] [146/400] Time: 77.720218 s
[2018-11-17 16:25:12,794][INFO] ------------------------------
[2018-11-17 16:26:26,219][INFO] [147/400] train loss: 91.077974
[2018-11-17 16:26:30,369][INFO] [147/400] val loss: 362.905919
[2018-11-17 16:26:30,687][INFO] [147/400] Time: 77.891496 s
[2018-11-17 16:26:30,688][INFO] ------------------------------
[2018-11-17 16:27:45,230][INFO] [148/400] train loss: 86.744040
[2018-11-17 16:27:49,388][INFO] [148/400] val loss: 420.364113
[2018-11-17 16:27:49,674][INFO] [148/400] Time: 78.985694 s
[2018-11-17 16:27:49,675][INFO] ------------------------------
[2018-11-17 16:29:02,434][INFO] [149/400] train loss: 95.372932
[2018-11-17 16:29:06,644][INFO] [149/400] val loss: 405.322585
[2018-11-17 16:29:06,943][INFO] [149/400] Time: 77.265964 s
[2018-11-17 16:29:06,944][INFO] ------------------------------
[2018-11-17 16:30:24,379][INFO] [150/400] train loss: 92.353289
[2018-11-17 16:30:28,598][INFO] [150/400] val loss: 490.713943
[2018-11-17 16:30:28,886][INFO] [150/400] Time: 81.941318 s
[2018-11-17 16:30:28,887][INFO] ------------------------------
[2018-11-17 16:31:42,681][INFO] [151/400] train loss: 85.614097
[2018-11-17 16:31:46,861][INFO] [151/400] val loss: 406.775775
[2018-11-17 16:31:47,132][INFO] [151/400] Time: 78.243916 s
[2018-11-17 16:31:47,133][INFO] ------------------------------
[2018-11-17 16:33:01,664][INFO] [152/400] train loss: 79.803351
[2018-11-17 16:33:06,031][INFO] [152/400] val loss: 253.300573
[2018-11-17 16:33:06,345][INFO] [152/400] Time: 79.210774 s
[2018-11-17 16:33:06,347][INFO] ------------------------------
[2018-11-17 16:34:20,979][INFO] [153/400] train loss: 84.849330
[2018-11-17 16:34:25,224][INFO] [153/400] val loss: 246.425867
[2018-11-17 16:34:25,520][INFO] [153/400] Time: 79.171574 s
[2018-11-17 16:34:25,521][INFO] ------------------------------
[2018-11-17 16:35:41,109][INFO] [154/400] train loss: 86.535205
[2018-11-17 16:35:45,316][INFO] [154/400] val loss: 273.927479
[2018-11-17 16:35:45,632][INFO] [154/400] Time: 80.109683 s
[2018-11-17 16:35:45,634][INFO] ------------------------------
[2018-11-17 16:36:59,933][INFO] [155/400] train loss: 83.476912
[2018-11-17 16:37:04,240][INFO] [155/400] val loss: 368.915101
[2018-11-17 16:37:04,561][INFO] [155/400] Time: 78.926520 s
[2018-11-17 16:37:04,563][INFO] ------------------------------
[2018-11-17 16:38:18,625][INFO] [156/400] train loss: 87.128353
[2018-11-17 16:38:22,929][INFO] [156/400] val loss: 317.252080
[2018-11-17 16:38:23,294][INFO] [156/400] Time: 78.729894 s
[2018-11-17 16:38:23,295][INFO] ------------------------------
[2018-11-17 16:39:37,234][INFO] [157/400] train loss: 78.517593
[2018-11-17 16:39:41,346][INFO] [157/400] val loss: 279.722461
[2018-11-17 16:39:41,634][INFO] [157/400] Time: 78.337655 s
[2018-11-17 16:39:41,635][INFO] ------------------------------
[2018-11-17 16:40:56,105][INFO] [158/400] train loss: 87.696382
[2018-11-17 16:41:00,293][INFO] [158/400] val loss: 309.445044
[2018-11-17 16:41:00,590][INFO] [158/400] Time: 78.954437 s
[2018-11-17 16:41:00,591][INFO] ------------------------------
[2018-11-17 16:42:15,531][INFO] [159/400] train loss: 79.426649
[2018-11-17 16:42:19,822][INFO] [159/400] val loss: 356.829250
[2018-11-17 16:42:20,117][INFO] [159/400] Time: 79.525028 s
[2018-11-17 16:42:20,118][INFO] ------------------------------
[2018-11-17 16:43:34,786][INFO] [160/400] train loss: 82.539202
[2018-11-17 16:43:39,038][INFO] [160/400] val loss: 418.481175
[2018-11-17 16:43:39,381][INFO] [160/400] Time: 79.261183 s
[2018-11-17 16:43:39,382][INFO] ------------------------------
[2018-11-17 16:44:56,462][INFO] [161/400] train loss: 82.380893
[2018-11-17 16:45:00,717][INFO] [161/400] val loss: 359.898584
[2018-11-17 16:45:01,061][INFO] [161/400] Time: 81.677309 s
[2018-11-17 16:45:01,062][INFO] ------------------------------
[2018-11-17 16:46:15,957][INFO] [162/400] train loss: 78.054293
[2018-11-17 16:46:20,172][INFO] [162/400] val loss: 435.531664
[2018-11-17 16:46:20,457][INFO] [162/400] Time: 79.393865 s
[2018-11-17 16:46:20,458][INFO] ------------------------------
[2018-11-17 16:47:37,268][INFO] [163/400] train loss: 74.523161
[2018-11-17 16:47:41,451][INFO] [163/400] val loss: 312.001739
[2018-11-17 16:47:41,733][INFO] [163/400] Time: 81.273945 s
[2018-11-17 16:47:41,734][INFO] ------------------------------
[2018-11-17 16:48:58,013][INFO] [164/400] train loss: 77.380629
[2018-11-17 16:49:02,328][INFO] [164/400] val loss: 244.090404
[2018-11-17 16:49:02,696][INFO] [164/400] Time: 80.961645 s
[2018-11-17 16:49:02,698][INFO] ------------------------------
[2018-11-17 16:50:15,749][INFO] [165/400] train loss: 75.461761
[2018-11-17 16:50:19,971][INFO] [165/400] val loss: 408.550507
[2018-11-17 16:50:20,274][INFO] [165/400] Time: 77.575134 s
[2018-11-17 16:50:20,275][INFO] ------------------------------
[2018-11-17 16:51:34,504][INFO] [166/400] train loss: 75.926647
[2018-11-17 16:51:38,749][INFO] [166/400] val loss: 247.209927
[2018-11-17 16:51:39,119][INFO] [166/400] Time: 78.842753 s
[2018-11-17 16:51:39,120][INFO] ------------------------------
[2018-11-17 16:52:53,770][INFO] [167/400] train loss: 74.922684
[2018-11-17 16:52:57,900][INFO] [167/400] val loss: 315.730587
[2018-11-17 16:52:58,192][INFO] [167/400] Time: 79.071027 s
[2018-11-17 16:52:58,194][INFO] ------------------------------
[2018-11-17 16:54:12,732][INFO] [168/400] train loss: 70.972859
[2018-11-17 16:54:16,907][INFO] [168/400] val loss: 329.419193
[2018-11-17 16:54:17,162][INFO] [168/400] Time: 78.967843 s
[2018-11-17 16:54:17,164][INFO] ------------------------------
[2018-11-17 16:55:33,652][INFO] [169/400] train loss: 72.119961
[2018-11-17 16:55:38,009][INFO] [169/400] val loss: 262.528412
[2018-11-17 16:55:38,296][INFO] [169/400] Time: 81.132002 s
[2018-11-17 16:55:38,297][INFO] ------------------------------
[2018-11-17 16:56:51,847][INFO] [170/400] train loss: 70.742317
[2018-11-17 16:56:56,048][INFO] [170/400] val loss: 449.591305
[2018-11-17 16:56:56,404][INFO] [170/400] Time: 78.106001 s
[2018-11-17 16:56:56,406][INFO] ------------------------------
[2018-11-17 16:58:10,959][INFO] [171/400] train loss: 75.106455
[2018-11-17 16:58:15,154][INFO] [171/400] val loss: 264.541062
[2018-11-17 16:58:15,439][INFO] [171/400] Time: 79.031984 s
[2018-11-17 16:58:15,440][INFO] ------------------------------
[2018-11-17 16:59:29,123][INFO] [172/400] train loss: 82.384445
[2018-11-17 16:59:33,187][INFO] [172/400] val loss: 499.191751
[2018-11-17 16:59:33,460][INFO] [172/400] Time: 78.019378 s
[2018-11-17 16:59:33,461][INFO] ------------------------------
[2018-11-17 17:00:48,481][INFO] [173/400] train loss: 74.891567
[2018-11-17 17:00:52,769][INFO] [173/400] val loss: 227.033576
[2018-11-17 17:00:53,357][INFO] [173/400] Time: 79.894163 s
[2018-11-17 17:00:53,358][INFO] ------------------------------
[2018-11-17 17:02:07,219][INFO] [174/400] train loss: 66.473113
[2018-11-17 17:02:11,486][INFO] [174/400] val loss: 260.757909
[2018-11-17 17:02:11,812][INFO] [174/400] Time: 78.453162 s
[2018-11-17 17:02:11,813][INFO] ------------------------------
[2018-11-17 17:03:26,411][INFO] [175/400] train loss: 76.288686
[2018-11-17 17:03:30,646][INFO] [175/400] val loss: 246.675694
[2018-11-17 17:03:30,923][INFO] [175/400] Time: 79.109226 s
[2018-11-17 17:03:30,924][INFO] ------------------------------
[2018-11-17 17:04:43,858][INFO] [176/400] train loss: 68.940560
[2018-11-17 17:04:48,038][INFO] [176/400] val loss: 273.495528
[2018-11-17 17:04:48,310][INFO] [176/400] Time: 77.384721 s
[2018-11-17 17:04:48,311][INFO] ------------------------------
[2018-11-17 17:06:02,458][INFO] [177/400] train loss: 68.565281
[2018-11-17 17:06:06,785][INFO] [177/400] val loss: 194.216747
[2018-11-17 17:06:07,340][INFO] [177/400] Time: 79.028319 s
[2018-11-17 17:06:07,341][INFO] ------------------------------
[2018-11-17 17:07:24,797][INFO] [178/400] train loss: 70.148623
[2018-11-17 17:07:29,009][INFO] [178/400] val loss: 207.815509
[2018-11-17 17:07:29,328][INFO] [178/400] Time: 81.985731 s
[2018-11-17 17:07:29,329][INFO] ------------------------------
[2018-11-17 17:08:46,089][INFO] [179/400] train loss: 66.907557
[2018-11-17 17:08:50,353][INFO] [179/400] val loss: 303.645543
[2018-11-17 17:08:50,646][INFO] [179/400] Time: 81.315670 s
[2018-11-17 17:08:50,647][INFO] ------------------------------
[2018-11-17 17:10:05,825][INFO] [180/400] train loss: 69.181251
[2018-11-17 17:10:10,123][INFO] [180/400] val loss: 224.520009
[2018-11-17 17:10:10,408][INFO] [180/400] Time: 79.758861 s
[2018-11-17 17:10:10,409][INFO] ------------------------------
[2018-11-17 17:11:27,185][INFO] [181/400] train loss: 64.746735
[2018-11-17 17:11:31,400][INFO] [181/400] val loss: 328.613175
[2018-11-17 17:11:31,691][INFO] [181/400] Time: 81.281546 s
[2018-11-17 17:11:31,692][INFO] ------------------------------
[2018-11-17 17:12:47,906][INFO] [182/400] train loss: 70.629276
[2018-11-17 17:12:52,141][INFO] [182/400] val loss: 251.025924
[2018-11-17 17:12:52,427][INFO] [182/400] Time: 80.733065 s
[2018-11-17 17:12:52,427][INFO] ------------------------------
[2018-11-17 17:14:07,694][INFO] [183/400] train loss: 68.813220
[2018-11-17 17:14:12,070][INFO] [183/400] val loss: 315.853678
[2018-11-17 17:14:12,351][INFO] [183/400] Time: 79.922693 s
[2018-11-17 17:14:12,352][INFO] ------------------------------
[2018-11-17 17:15:27,109][INFO] [184/400] train loss: 69.768343
[2018-11-17 17:15:31,269][INFO] [184/400] val loss: 235.823128
[2018-11-17 17:15:31,554][INFO] [184/400] Time: 79.200373 s
[2018-11-17 17:15:31,555][INFO] ------------------------------
[2018-11-17 17:16:46,083][INFO] [185/400] train loss: 64.441605
[2018-11-17 17:16:50,524][INFO] [185/400] val loss: 242.734275
[2018-11-17 17:16:50,791][INFO] [185/400] Time: 79.235280 s
[2018-11-17 17:16:50,792][INFO] ------------------------------
[2018-11-17 17:18:06,625][INFO] [186/400] train loss: 59.980579
[2018-11-17 17:18:10,909][INFO] [186/400] val loss: 240.827697
[2018-11-17 17:18:11,248][INFO] [186/400] Time: 80.455198 s
[2018-11-17 17:18:11,249][INFO] ------------------------------
[2018-11-17 17:19:26,020][INFO] [187/400] train loss: 66.447481
[2018-11-17 17:19:30,435][INFO] [187/400] val loss: 537.524754
[2018-11-17 17:19:30,802][INFO] [187/400] Time: 79.551925 s
[2018-11-17 17:19:30,804][INFO] ------------------------------
[2018-11-17 17:20:48,090][INFO] [188/400] train loss: 61.950776
[2018-11-17 17:20:52,367][INFO] [188/400] val loss: 195.542166
[2018-11-17 17:20:52,691][INFO] [188/400] Time: 81.885913 s
[2018-11-17 17:20:52,693][INFO] ------------------------------
[2018-11-17 17:22:09,992][INFO] [189/400] train loss: 66.443417
[2018-11-17 17:22:14,092][INFO] [189/400] val loss: 278.150448
[2018-11-17 17:22:14,384][INFO] [189/400] Time: 81.689997 s
[2018-11-17 17:22:14,385][INFO] ------------------------------
[2018-11-17 17:23:28,924][INFO] [190/400] train loss: 61.984894
[2018-11-17 17:23:33,258][INFO] [190/400] val loss: 354.077465
[2018-11-17 17:23:33,568][INFO] [190/400] Time: 79.182420 s
[2018-11-17 17:23:33,569][INFO] ------------------------------
[2018-11-17 17:24:46,858][INFO] [191/400] train loss: 64.851275
[2018-11-17 17:24:51,138][INFO] [191/400] val loss: 370.569779
[2018-11-17 17:24:51,442][INFO] [191/400] Time: 77.872055 s
[2018-11-17 17:24:51,443][INFO] ------------------------------
[2018-11-17 17:26:05,150][INFO] [192/400] train loss: 63.082343
[2018-11-17 17:26:09,428][INFO] [192/400] val loss: 260.800791
[2018-11-17 17:26:09,740][INFO] [192/400] Time: 78.295764 s
[2018-11-17 17:26:09,741][INFO] ------------------------------
[2018-11-17 17:27:24,616][INFO] [193/400] train loss: 55.689705
[2018-11-17 17:27:28,768][INFO] [193/400] val loss: 373.777293
[2018-11-17 17:27:29,115][INFO] [193/400] Time: 79.372957 s
[2018-11-17 17:27:29,117][INFO] ------------------------------
[2018-11-17 17:28:44,083][INFO] [194/400] train loss: 63.163108
[2018-11-17 17:28:48,304][INFO] [194/400] val loss: 411.152950
[2018-11-17 17:28:48,570][INFO] [194/400] Time: 79.452633 s
[2018-11-17 17:28:48,571][INFO] ------------------------------
[2018-11-17 17:30:03,307][INFO] [195/400] train loss: 61.006127
[2018-11-17 17:30:07,582][INFO] [195/400] val loss: 367.287333
[2018-11-17 17:30:07,869][INFO] [195/400] Time: 79.296444 s
[2018-11-17 17:30:07,870][INFO] ------------------------------
[2018-11-17 17:31:24,885][INFO] [196/400] train loss: 56.630220
[2018-11-17 17:31:29,271][INFO] [196/400] val loss: 362.847285
[2018-11-17 17:31:29,607][INFO] [196/400] Time: 81.736357 s
[2018-11-17 17:31:29,608][INFO] ------------------------------
[2018-11-17 17:32:44,107][INFO] [197/400] train loss: 60.879331
[2018-11-17 17:32:48,463][INFO] [197/400] val loss: 286.654074
[2018-11-17 17:32:48,841][INFO] [197/400] Time: 79.231812 s
[2018-11-17 17:32:48,843][INFO] ------------------------------
[2018-11-17 17:34:06,867][INFO] [198/400] train loss: 56.092095
[2018-11-17 17:34:11,094][INFO] [198/400] val loss: 318.452436
[2018-11-17 17:34:11,408][INFO] [198/400] Time: 82.564478 s
[2018-11-17 17:34:11,409][INFO] ------------------------------
[2018-11-17 17:35:24,845][INFO] [199/400] train loss: 60.783021
[2018-11-17 17:35:29,306][INFO] [199/400] val loss: 269.517670
[2018-11-17 17:35:29,619][INFO] [199/400] Time: 78.208325 s
[2018-11-17 17:35:29,620][INFO] ------------------------------
[2018-11-17 17:36:47,081][INFO] [200/400] train loss: 59.952784
[2018-11-17 17:36:51,381][INFO] [200/400] val loss: 374.405359
[2018-11-17 17:36:51,699][INFO] [200/400] Time: 82.078034 s
[2018-11-17 17:36:51,700][INFO] ------------------------------
[2018-11-17 17:38:08,736][INFO] [201/400] train loss: 54.922782
[2018-11-17 17:38:12,959][INFO] [201/400] val loss: 192.196907
[2018-11-17 17:38:13,583][INFO] [201/400] Time: 81.882583 s
[2018-11-17 17:38:13,584][INFO] ------------------------------
[2018-11-17 17:39:28,027][INFO] [202/400] train loss: 54.525935
[2018-11-17 17:39:32,413][INFO] [202/400] val loss: 263.612353
[2018-11-17 17:39:32,771][INFO] [202/400] Time: 79.185606 s
[2018-11-17 17:39:32,772][INFO] ------------------------------
[2018-11-17 17:40:50,924][INFO] [203/400] train loss: 58.389775
[2018-11-17 17:40:55,276][INFO] [203/400] val loss: 163.923280
[2018-11-17 17:40:55,854][INFO] [203/400] Time: 83.080941 s
[2018-11-17 17:40:55,856][INFO] ------------------------------
[2018-11-17 17:42:11,148][INFO] [204/400] train loss: 52.106013
[2018-11-17 17:42:15,448][INFO] [204/400] val loss: 217.434226
[2018-11-17 17:42:15,763][INFO] [204/400] Time: 79.906234 s
[2018-11-17 17:42:15,764][INFO] ------------------------------
[2018-11-17 17:43:32,192][INFO] [205/400] train loss: 53.309610
[2018-11-17 17:43:36,584][INFO] [205/400] val loss: 267.381640
[2018-11-17 17:43:36,935][INFO] [205/400] Time: 81.169959 s
[2018-11-17 17:43:36,936][INFO] ------------------------------
[2018-11-17 17:44:51,462][INFO] [206/400] train loss: 50.073988
[2018-11-17 17:44:55,739][INFO] [206/400] val loss: 195.511567
[2018-11-17 17:44:56,010][INFO] [206/400] Time: 79.072393 s
[2018-11-17 17:44:56,011][INFO] ------------------------------
[2018-11-17 17:46:13,360][INFO] [207/400] train loss: 50.676168
[2018-11-17 17:46:17,527][INFO] [207/400] val loss: 202.855536
[2018-11-17 17:46:17,786][INFO] [207/400] Time: 81.773937 s
[2018-11-17 17:46:17,787][INFO] ------------------------------
[2018-11-17 17:47:33,043][INFO] [208/400] train loss: 51.510850
[2018-11-17 17:47:37,312][INFO] [208/400] val loss: 210.270505
[2018-11-17 17:47:37,566][INFO] [208/400] Time: 79.778100 s
[2018-11-17 17:47:37,567][INFO] ------------------------------
[2018-11-17 17:48:51,553][INFO] [209/400] train loss: 53.917039
[2018-11-17 17:48:55,726][INFO] [209/400] val loss: 249.001355
[2018-11-17 17:48:55,977][INFO] [209/400] Time: 78.409469 s
[2018-11-17 17:48:55,978][INFO] ------------------------------
[2018-11-17 17:50:10,916][INFO] [210/400] train loss: 52.033244
[2018-11-17 17:50:15,255][INFO] [210/400] val loss: 237.547673
[2018-11-17 17:50:15,615][INFO] [210/400] Time: 79.636266 s
[2018-11-17 17:50:15,617][INFO] ------------------------------
[2018-11-17 17:51:33,314][INFO] [211/400] train loss: 53.264974
[2018-11-17 17:51:37,468][INFO] [211/400] val loss: 321.102921
[2018-11-17 17:51:37,797][INFO] [211/400] Time: 82.179400 s
[2018-11-17 17:51:37,798][INFO] ------------------------------
[2018-11-17 17:52:53,175][INFO] [212/400] train loss: 57.441286
[2018-11-17 17:52:57,455][INFO] [212/400] val loss: 376.812899
[2018-11-17 17:52:57,773][INFO] [212/400] Time: 79.973523 s
[2018-11-17 17:52:57,774][INFO] ------------------------------
[2018-11-17 17:54:11,593][INFO] [213/400] train loss: 57.511754
[2018-11-17 17:54:15,986][INFO] [213/400] val loss: 186.770843
[2018-11-17 17:54:16,304][INFO] [213/400] Time: 78.529568 s
[2018-11-17 17:54:16,306][INFO] ------------------------------
[2018-11-17 17:55:32,406][INFO] [214/400] train loss: 53.041848
[2018-11-17 17:55:36,499][INFO] [214/400] val loss: 216.296606
[2018-11-17 17:55:36,806][INFO] [214/400] Time: 80.499798 s
[2018-11-17 17:55:36,808][INFO] ------------------------------
[2018-11-17 17:56:54,313][INFO] [215/400] train loss: 59.197413
[2018-11-17 17:56:58,676][INFO] [215/400] val loss: 439.221155
[2018-11-17 17:56:58,965][INFO] [215/400] Time: 82.155476 s
[2018-11-17 17:56:58,966][INFO] ------------------------------
[2018-11-17 17:58:14,115][INFO] [216/400] train loss: 48.653279
[2018-11-17 17:58:18,353][INFO] [216/400] val loss: 196.909286
[2018-11-17 17:58:18,667][INFO] [216/400] Time: 79.700117 s
[2018-11-17 17:58:18,668][INFO] ------------------------------
[2018-11-17 17:59:36,132][INFO] [217/400] train loss: 48.046644
[2018-11-17 17:59:40,537][INFO] [217/400] val loss: 272.382941
[2018-11-17 17:59:40,853][INFO] [217/400] Time: 82.183960 s
[2018-11-17 17:59:40,854][INFO] ------------------------------
[2018-11-17 18:00:55,517][INFO] [218/400] train loss: 54.337158
[2018-11-17 18:01:00,018][INFO] [218/400] val loss: 323.613320
[2018-11-17 18:01:00,305][INFO] [218/400] Time: 79.449208 s
[2018-11-17 18:01:00,306][INFO] ------------------------------
[2018-11-17 18:02:14,686][INFO] [219/400] train loss: 58.028989
[2018-11-17 18:02:18,970][INFO] [219/400] val loss: 235.823186
[2018-11-17 18:02:19,277][INFO] [219/400] Time: 78.970115 s
[2018-11-17 18:02:19,278][INFO] ------------------------------
[2018-11-17 18:03:34,554][INFO] [220/400] train loss: 54.240488
[2018-11-17 18:03:38,898][INFO] [220/400] val loss: 300.597645
[2018-11-17 18:03:39,218][INFO] [220/400] Time: 79.938482 s
[2018-11-17 18:03:39,219][INFO] ------------------------------
[2018-11-17 18:04:52,746][INFO] [221/400] train loss: 73.741525
[2018-11-17 18:04:57,021][INFO] [221/400] val loss: 406.835848
[2018-11-17 18:04:57,279][INFO] [221/400] Time: 78.059390 s
[2018-11-17 18:04:57,281][INFO] ------------------------------
[2018-11-17 18:06:13,692][INFO] [222/400] train loss: 56.942003
[2018-11-17 18:06:18,184][INFO] [222/400] val loss: 190.498201
[2018-11-17 18:06:18,410][INFO] [222/400] Time: 81.128149 s
[2018-11-17 18:06:18,411][INFO] ------------------------------
[2018-11-17 18:07:35,938][INFO] [223/400] train loss: 53.533112
[2018-11-17 18:07:40,382][INFO] [223/400] val loss: 228.222642
[2018-11-17 18:07:40,691][INFO] [223/400] Time: 82.278492 s
[2018-11-17 18:07:40,692][INFO] ------------------------------
[2018-11-17 18:08:58,680][INFO] [224/400] train loss: 54.808953
[2018-11-17 18:09:03,142][INFO] [224/400] val loss: 197.033445
[2018-11-17 18:09:03,460][INFO] [224/400] Time: 82.766870 s
[2018-11-17 18:09:03,461][INFO] ------------------------------
[2018-11-17 18:10:17,676][INFO] [225/400] train loss: 55.578101
[2018-11-17 18:10:21,899][INFO] [225/400] val loss: 257.268880
[2018-11-17 18:10:22,145][INFO] [225/400] Time: 78.682832 s
[2018-11-17 18:10:22,146][INFO] ------------------------------
[2018-11-17 18:11:36,735][INFO] [226/400] train loss: 50.040408
[2018-11-17 18:11:40,917][INFO] [226/400] val loss: 213.847171
[2018-11-17 18:11:41,157][INFO] [226/400] Time: 79.009503 s
[2018-11-17 18:11:41,157][INFO] ------------------------------
[2018-11-17 18:12:56,194][INFO] [227/400] train loss: 51.259461
[2018-11-17 18:13:00,373][INFO] [227/400] val loss: 303.842128
[2018-11-17 18:13:00,596][INFO] [227/400] Time: 79.438216 s
[2018-11-17 18:13:00,597][INFO] ------------------------------
[2018-11-17 18:14:13,990][INFO] [228/400] train loss: 50.862030
[2018-11-17 18:14:18,275][INFO] [228/400] val loss: 191.823660
[2018-11-17 18:14:18,528][INFO] [228/400] Time: 77.929666 s
[2018-11-17 18:14:18,529][INFO] ------------------------------
[2018-11-17 18:15:32,286][INFO] [229/400] train loss: 50.626974
[2018-11-17 18:15:36,424][INFO] [229/400] val loss: 203.123467
[2018-11-17 18:15:36,718][INFO] [229/400] Time: 78.188090 s
[2018-11-17 18:15:36,719][INFO] ------------------------------
[2018-11-17 18:16:49,978][INFO] [230/400] train loss: 48.095906
[2018-11-17 18:16:54,303][INFO] [230/400] val loss: 215.006153
[2018-11-17 18:16:54,560][INFO] [230/400] Time: 77.839316 s
[2018-11-17 18:16:54,562][INFO] ------------------------------
[2018-11-17 18:18:08,296][INFO] [231/400] train loss: 47.836280
[2018-11-17 18:18:12,492][INFO] [231/400] val loss: 234.567389
[2018-11-17 18:18:12,750][INFO] [231/400] Time: 78.187083 s
[2018-11-17 18:18:12,751][INFO] ------------------------------
[2018-11-17 18:19:27,992][INFO] [232/400] train loss: 49.184748
[2018-11-17 18:19:32,254][INFO] [232/400] val loss: 176.461625
[2018-11-17 18:19:32,564][INFO] [232/400] Time: 79.811714 s
[2018-11-17 18:19:32,566][INFO] ------------------------------
[2018-11-17 18:20:46,755][INFO] [233/400] train loss: 48.035473
[2018-11-17 18:20:51,203][INFO] [233/400] val loss: 302.486556
[2018-11-17 18:20:51,512][INFO] [233/400] Time: 78.944558 s
[2018-11-17 18:20:51,513][INFO] ------------------------------
[2018-11-17 18:22:05,827][INFO] [234/400] train loss: 47.139764
[2018-11-17 18:22:10,107][INFO] [234/400] val loss: 181.036743
[2018-11-17 18:22:10,387][INFO] [234/400] Time: 78.872752 s
[2018-11-17 18:22:10,388][INFO] ------------------------------
[2018-11-17 18:23:23,589][INFO] [235/400] train loss: 48.559848
[2018-11-17 18:23:27,822][INFO] [235/400] val loss: 402.925994
[2018-11-17 18:23:28,125][INFO] [235/400] Time: 77.735725 s
[2018-11-17 18:23:28,126][INFO] ------------------------------
[2018-11-17 18:24:45,930][INFO] [236/400] train loss: 47.812297
[2018-11-17 18:24:50,273][INFO] [236/400] val loss: 234.106836
[2018-11-17 18:24:50,537][INFO] [236/400] Time: 82.410034 s
[2018-11-17 18:24:50,538][INFO] ------------------------------
[2018-11-17 18:26:04,184][INFO] [237/400] train loss: 44.704249
[2018-11-17 18:26:08,517][INFO] [237/400] val loss: 205.219242
[2018-11-17 18:26:08,765][INFO] [237/400] Time: 78.225614 s
[2018-11-17 18:26:08,766][INFO] ------------------------------
[2018-11-17 18:27:23,085][INFO] [238/400] train loss: 49.088251
[2018-11-17 18:27:27,291][INFO] [238/400] val loss: 222.112038
[2018-11-17 18:27:27,550][INFO] [238/400] Time: 78.782992 s
[2018-11-17 18:27:27,551][INFO] ------------------------------
[2018-11-17 18:28:44,824][INFO] [239/400] train loss: 49.165072
[2018-11-17 18:28:49,132][INFO] [239/400] val loss: 186.286251
[2018-11-17 18:28:49,399][INFO] [239/400] Time: 81.847037 s
[2018-11-17 18:28:49,400][INFO] ------------------------------
[2018-11-17 18:30:03,845][INFO] [240/400] train loss: 48.125564
[2018-11-17 18:30:08,141][INFO] [240/400] val loss: 313.077440
[2018-11-17 18:30:08,428][INFO] [240/400] Time: 79.026883 s
[2018-11-17 18:30:08,429][INFO] ------------------------------
[2018-11-17 18:31:22,265][INFO] [241/400] train loss: 47.753173
[2018-11-17 18:31:26,611][INFO] [241/400] val loss: 199.945019
[2018-11-17 18:31:26,882][INFO] [241/400] Time: 78.451051 s
[2018-11-17 18:31:26,883][INFO] ------------------------------
[2018-11-17 18:32:40,301][INFO] [242/400] train loss: 45.565124
[2018-11-17 18:32:44,638][INFO] [242/400] val loss: 299.702730
[2018-11-17 18:32:44,910][INFO] [242/400] Time: 78.026145 s
[2018-11-17 18:32:44,911][INFO] ------------------------------
[2018-11-17 18:34:01,715][INFO] [243/400] train loss: 46.874678
[2018-11-17 18:34:05,974][INFO] [243/400] val loss: 263.590775
[2018-11-17 18:34:06,238][INFO] [243/400] Time: 81.325547 s
[2018-11-17 18:34:06,239][INFO] ------------------------------
[2018-11-17 18:35:23,308][INFO] [244/400] train loss: 45.445381
[2018-11-17 18:35:27,421][INFO] [244/400] val loss: 258.321088
[2018-11-17 18:35:27,656][INFO] [244/400] Time: 81.415626 s
[2018-11-17 18:35:27,657][INFO] ------------------------------
[2018-11-17 18:36:42,158][INFO] [245/400] train loss: 46.557297
[2018-11-17 18:36:46,352][INFO] [245/400] val loss: 210.939288
[2018-11-17 18:36:46,632][INFO] [245/400] Time: 78.974589 s
[2018-11-17 18:36:46,634][INFO] ------------------------------
[2018-11-17 18:38:00,202][INFO] [246/400] train loss: 50.257578
[2018-11-17 18:38:04,688][INFO] [246/400] val loss: 296.260161
[2018-11-17 18:38:04,951][INFO] [246/400] Time: 78.315806 s
[2018-11-17 18:38:04,951][INFO] ------------------------------
[2018-11-17 18:39:19,155][INFO] [247/400] train loss: 47.899186
[2018-11-17 18:39:23,310][INFO] [247/400] val loss: 403.934952
[2018-11-17 18:39:23,646][INFO] [247/400] Time: 78.693992 s
[2018-11-17 18:39:23,648][INFO] ------------------------------
[2018-11-17 18:40:41,302][INFO] [248/400] train loss: 41.850156
[2018-11-17 18:40:46,339][INFO] [248/400] val loss: 243.223730
[2018-11-17 18:40:46,612][INFO] [248/400] Time: 82.962571 s
[2018-11-17 18:40:46,613][INFO] ------------------------------
[2018-11-17 18:42:01,283][INFO] [249/400] train loss: 45.137502
[2018-11-17 18:42:06,386][INFO] [249/400] val loss: 229.372846
[2018-11-17 18:42:06,642][INFO] [249/400] Time: 80.028207 s
[2018-11-17 18:42:06,643][INFO] ------------------------------
[2018-11-17 18:43:20,948][INFO] [250/400] train loss: 42.282151
[2018-11-17 18:43:26,138][INFO] [250/400] val loss: 387.023921
[2018-11-17 18:43:26,395][INFO] [250/400] Time: 79.750893 s
[2018-11-17 18:43:26,396][INFO] ------------------------------
[2018-11-17 18:44:39,621][INFO] [251/400] train loss: 46.917840
[2018-11-17 18:44:44,810][INFO] [251/400] val loss: 260.362570
[2018-11-17 18:44:45,056][INFO] [251/400] Time: 78.658907 s
[2018-11-17 18:44:45,057][INFO] ------------------------------
[2018-11-17 18:46:00,447][INFO] [252/400] train loss: 49.576951
[2018-11-17 18:46:05,636][INFO] [252/400] val loss: 413.200615
[2018-11-17 18:46:05,892][INFO] [252/400] Time: 80.834604 s
[2018-11-17 18:46:05,893][INFO] ------------------------------
[2018-11-17 18:47:19,730][INFO] [253/400] train loss: 100.380299
[2018-11-17 18:47:24,989][INFO] [253/400] val loss: 214.488993
[2018-11-17 18:47:25,244][INFO] [253/400] Time: 79.350136 s
[2018-11-17 18:47:25,246][INFO] ------------------------------
[2018-11-17 18:48:41,811][INFO] [254/400] train loss: 51.093991
[2018-11-17 18:48:47,175][INFO] [254/400] val loss: 203.291225
[2018-11-17 18:48:47,487][INFO] [254/400] Time: 82.240623 s
[2018-11-17 18:48:47,489][INFO] ------------------------------
[2018-11-17 18:50:03,903][INFO] [255/400] train loss: 49.443032
[2018-11-17 18:50:09,160][INFO] [255/400] val loss: 232.691122
[2018-11-17 18:50:09,497][INFO] [255/400] Time: 82.006655 s
[2018-11-17 18:50:09,498][INFO] ------------------------------
[2018-11-17 18:51:23,338][INFO] [256/400] train loss: 50.464013
[2018-11-17 18:51:28,632][INFO] [256/400] val loss: 302.003335
[2018-11-17 18:51:28,876][INFO] [256/400] Time: 79.376255 s
[2018-11-17 18:51:28,877][INFO] ------------------------------
[2018-11-17 18:52:42,814][INFO] [257/400] train loss: 43.450288
[2018-11-17 18:52:48,006][INFO] [257/400] val loss: 314.283464
[2018-11-17 18:52:48,287][INFO] [257/400] Time: 79.409722 s
[2018-11-17 18:52:48,288][INFO] ------------------------------
[2018-11-17 18:54:01,178][INFO] [258/400] train loss: 42.555176
[2018-11-17 18:54:06,158][INFO] [258/400] val loss: 197.403318
[2018-11-17 18:54:06,412][INFO] [258/400] Time: 78.122014 s
[2018-11-17 18:54:06,413][INFO] ------------------------------
[2018-11-17 18:55:19,469][INFO] [259/400] train loss: 46.942342
[2018-11-17 18:55:23,772][INFO] [259/400] val loss: 236.081917
[2018-11-17 18:55:24,035][INFO] [259/400] Time: 77.621689 s
[2018-11-17 18:55:24,037][INFO] ------------------------------
[2018-11-17 18:56:40,267][INFO] [260/400] train loss: 51.750565
[2018-11-17 18:56:44,700][INFO] [260/400] val loss: 295.545058
[2018-11-17 18:56:44,977][INFO] [260/400] Time: 80.939291 s
[2018-11-17 18:56:44,978][INFO] ------------------------------
[2018-11-17 18:58:01,014][INFO] [261/400] train loss: 42.834391
[2018-11-17 18:58:05,221][INFO] [261/400] val loss: 230.899353
[2018-11-17 18:58:05,482][INFO] [261/400] Time: 80.503265 s
[2018-11-17 18:58:05,483][INFO] ------------------------------
[2018-11-17 18:59:19,612][INFO] [262/400] train loss: 43.247134
[2018-11-17 18:59:23,779][INFO] [262/400] val loss: 226.882175
[2018-11-17 18:59:24,041][INFO] [262/400] Time: 78.556710 s
[2018-11-17 18:59:24,042][INFO] ------------------------------
[2018-11-17 19:00:40,360][INFO] [263/400] train loss: 42.642574
[2018-11-17 19:00:44,693][INFO] [263/400] val loss: 297.393602
[2018-11-17 19:00:44,964][INFO] [263/400] Time: 80.920552 s
[2018-11-17 19:00:44,965][INFO] ------------------------------
[2018-11-17 19:02:01,498][INFO] [264/400] train loss: 37.010637
[2018-11-17 19:02:06,772][INFO] [264/400] val loss: 193.805975
[2018-11-17 19:02:07,022][INFO] [264/400] Time: 82.056625 s
[2018-11-17 19:02:07,023][INFO] ------------------------------
[2018-11-17 19:03:19,931][INFO] [265/400] train loss: 42.533102
[2018-11-17 19:03:25,277][INFO] [265/400] val loss: 222.110510
[2018-11-17 19:03:25,504][INFO] [265/400] Time: 78.479966 s
[2018-11-17 19:03:25,505][INFO] ------------------------------
[2018-11-17 19:04:37,956][INFO] [266/400] train loss: 44.525018
[2018-11-17 19:04:43,220][INFO] [266/400] val loss: 159.883520
[2018-11-17 19:04:43,788][INFO] [266/400] Time: 78.281975 s
[2018-11-17 19:04:43,789][INFO] ------------------------------
[2018-11-17 19:05:58,019][INFO] [267/400] train loss: 45.605758
[2018-11-17 19:06:02,325][INFO] [267/400] val loss: 237.621547
[2018-11-17 19:06:02,592][INFO] [267/400] Time: 78.801330 s
[2018-11-17 19:06:02,593][INFO] ------------------------------
[2018-11-17 19:07:18,572][INFO] [268/400] train loss: 41.194484
[2018-11-17 19:07:22,875][INFO] [268/400] val loss: 212.493518
[2018-11-17 19:07:23,160][INFO] [268/400] Time: 80.566005 s
[2018-11-17 19:07:23,161][INFO] ------------------------------
[2018-11-17 19:08:37,957][INFO] [269/400] train loss: 38.373197
[2018-11-17 19:08:42,250][INFO] [269/400] val loss: 195.578317
[2018-11-17 19:08:42,585][INFO] [269/400] Time: 79.422752 s
[2018-11-17 19:08:42,587][INFO] ------------------------------
[2018-11-17 19:09:59,457][INFO] [270/400] train loss: 43.278183
[2018-11-17 19:10:03,820][INFO] [270/400] val loss: 213.585070
[2018-11-17 19:10:04,107][INFO] [270/400] Time: 81.518456 s
[2018-11-17 19:10:04,108][INFO] ------------------------------
[2018-11-17 19:11:19,095][INFO] [271/400] train loss: 37.904926
[2018-11-17 19:11:24,377][INFO] [271/400] val loss: 188.476674
[2018-11-17 19:11:24,658][INFO] [271/400] Time: 80.548919 s
[2018-11-17 19:11:24,659][INFO] ------------------------------
[2018-11-17 19:12:39,669][INFO] [272/400] train loss: 39.479160
[2018-11-17 19:12:44,982][INFO] [272/400] val loss: 192.408750
[2018-11-17 19:12:45,322][INFO] [272/400] Time: 80.661185 s
[2018-11-17 19:12:45,323][INFO] ------------------------------
[2018-11-17 19:14:02,252][INFO] [273/400] train loss: 41.445494
[2018-11-17 19:14:06,638][INFO] [273/400] val loss: 304.157645
[2018-11-17 19:14:06,961][INFO] [273/400] Time: 81.637048 s
[2018-11-17 19:14:06,963][INFO] ------------------------------
[2018-11-17 19:15:20,654][INFO] [274/400] train loss: 38.391793
[2018-11-17 19:15:25,061][INFO] [274/400] val loss: 204.163382
[2018-11-17 19:15:25,332][INFO] [274/400] Time: 78.367952 s
[2018-11-17 19:15:25,333][INFO] ------------------------------
[2018-11-17 19:16:39,061][INFO] [275/400] train loss: 38.930969
[2018-11-17 19:16:43,344][INFO] [275/400] val loss: 219.412961
[2018-11-17 19:16:43,594][INFO] [275/400] Time: 78.259393 s
[2018-11-17 19:16:43,595][INFO] ------------------------------
[2018-11-17 19:18:52,822][INFO] Visdom successfully connected to server
[2018-11-17 19:18:53,031][INFO] ------------------------------
[2018-11-17 19:20:06,277][INFO] [1/400] train loss: 23.891556
[2018-11-17 19:20:10,105][INFO] [1/400] val loss: 162.311933
[2018-11-17 19:20:10,718][INFO] [1/400] Time: 77.686131 s
[2018-11-17 19:20:10,720][INFO] ------------------------------
[2018-11-17 19:21:25,066][INFO] [2/400] train loss: 21.600538
[2018-11-17 19:21:29,116][INFO] [2/400] val loss: 233.805919
[2018-11-17 19:21:29,430][INFO] [2/400] Time: 78.708730 s
[2018-11-17 19:21:29,432][INFO] ------------------------------
[2018-11-17 19:22:42,806][INFO] [3/400] train loss: 23.146493
[2018-11-17 19:22:47,020][INFO] [3/400] val loss: 263.121300
[2018-11-17 19:22:47,373][INFO] [3/400] Time: 77.939293 s
[2018-11-17 19:22:47,376][INFO] ------------------------------
[2018-11-17 19:24:01,085][INFO] [4/400] train loss: 21.073707
[2018-11-17 19:24:05,059][INFO] [4/400] val loss: 171.241468
[2018-11-17 19:24:05,342][INFO] [4/400] Time: 77.964497 s
[2018-11-17 19:24:05,344][INFO] ------------------------------
[2018-11-17 19:25:19,502][INFO] [5/400] train loss: 20.494489
[2018-11-17 19:25:23,767][INFO] [5/400] val loss: 268.819985
[2018-11-17 19:25:24,124][INFO] [5/400] Time: 78.779049 s
[2018-11-17 19:25:24,126][INFO] ------------------------------
[2018-11-17 19:26:38,151][INFO] [6/400] train loss: 20.391655
[2018-11-17 19:26:42,351][INFO] [6/400] val loss: 310.162052
[2018-11-17 19:26:42,628][INFO] [6/400] Time: 78.501092 s
[2018-11-17 19:26:42,629][INFO] ------------------------------
[2018-11-17 19:27:56,858][INFO] [7/400] train loss: 22.729310
[2018-11-17 19:28:00,856][INFO] [7/400] val loss: 206.383114
[2018-11-17 19:28:01,130][INFO] [7/400] Time: 78.499523 s
[2018-11-17 19:28:01,132][INFO] ------------------------------
[2018-11-17 19:29:14,157][INFO] [8/400] train loss: 22.068012
[2018-11-17 19:29:18,363][INFO] [8/400] val loss: 167.242452
[2018-11-17 19:29:18,642][INFO] [8/400] Time: 77.509453 s
[2018-11-17 19:29:18,643][INFO] ------------------------------
[2018-11-17 19:30:32,276][INFO] [9/400] train loss: 20.525425
[2018-11-17 19:30:36,462][INFO] [9/400] val loss: 202.628694
[2018-11-17 19:30:36,760][INFO] [9/400] Time: 78.116174 s
[2018-11-17 19:30:36,762][INFO] ------------------------------
[2018-11-17 19:31:50,389][INFO] [10/400] train loss: 20.146403
[2018-11-17 19:31:54,296][INFO] [10/400] val loss: 249.321323
[2018-11-17 19:31:54,560][INFO] [10/400] Time: 77.796523 s
[2018-11-17 19:31:54,561][INFO] ------------------------------
[2018-11-17 19:33:07,332][INFO] [11/400] train loss: 20.562938
[2018-11-17 19:33:11,627][INFO] [11/400] val loss: 212.904367
[2018-11-17 19:33:11,884][INFO] [11/400] Time: 77.322434 s
[2018-11-17 19:33:11,885][INFO] ------------------------------
[2018-11-17 19:34:25,941][INFO] [12/400] train loss: 21.378481
[2018-11-17 19:34:30,177][INFO] [12/400] val loss: 215.867041
[2018-11-17 19:34:30,520][INFO] [12/400] Time: 78.634279 s
[2018-11-17 19:34:30,521][INFO] ------------------------------
[2018-11-17 19:35:44,283][INFO] [13/400] train loss: 20.450724
[2018-11-17 19:35:48,302][INFO] [13/400] val loss: 168.844958
[2018-11-17 19:35:48,589][INFO] [13/400] Time: 78.066989 s
[2018-11-17 19:35:48,590][INFO] ------------------------------
[2018-11-17 19:37:02,329][INFO] [14/400] train loss: 20.879682
[2018-11-17 19:37:06,252][INFO] [14/400] val loss: 205.108302
[2018-11-17 19:37:06,530][INFO] [14/400] Time: 77.938214 s
[2018-11-17 19:37:06,531][INFO] ------------------------------
[2018-11-17 19:38:20,431][INFO] [15/400] train loss: 18.565788
[2018-11-17 19:38:24,595][INFO] [15/400] val loss: 153.959992
[2018-11-17 19:38:25,135][INFO] [15/400] Time: 78.603462 s
[2018-11-17 19:38:25,137][INFO] ------------------------------
[2018-11-17 19:39:38,681][INFO] [16/400] train loss: 18.312094
[2018-11-17 19:39:42,735][INFO] [16/400] val loss: 208.318836
[2018-11-17 19:39:43,007][INFO] [16/400] Time: 77.869026 s
[2018-11-17 19:39:43,008][INFO] ------------------------------
[2018-11-17 19:40:56,308][INFO] [17/400] train loss: 18.804840
[2018-11-17 19:41:00,508][INFO] [17/400] val loss: 167.069029
[2018-11-17 19:41:00,849][INFO] [17/400] Time: 77.839723 s
[2018-11-17 19:41:00,850][INFO] ------------------------------
[2018-11-17 19:42:14,407][INFO] [18/400] train loss: 18.987229
[2018-11-17 19:42:18,561][INFO] [18/400] val loss: 267.826938
[2018-11-17 19:42:18,861][INFO] [18/400] Time: 78.009707 s
[2018-11-17 19:42:18,862][INFO] ------------------------------
[2018-11-17 19:43:33,109][INFO] [19/400] train loss: 19.068993
[2018-11-17 19:43:37,337][INFO] [19/400] val loss: 229.298559
[2018-11-17 19:43:37,700][INFO] [19/400] Time: 78.836775 s
[2018-11-17 19:43:37,701][INFO] ------------------------------
[2018-11-17 19:44:50,540][INFO] [20/400] train loss: 19.348372
[2018-11-17 19:44:54,720][INFO] [20/400] val loss: 231.551481
[2018-11-17 19:44:55,018][INFO] [20/400] Time: 77.315662 s
[2018-11-17 19:44:55,019][INFO] ------------------------------
[2018-11-17 19:46:09,248][INFO] [21/400] train loss: 17.948251
[2018-11-17 19:46:13,447][INFO] [21/400] val loss: 222.252415
[2018-11-17 19:46:13,738][INFO] [21/400] Time: 78.717453 s
[2018-11-17 19:46:13,739][INFO] ------------------------------
[2018-11-17 19:47:27,732][INFO] [22/400] train loss: 18.629288
[2018-11-17 19:47:31,839][INFO] [22/400] val loss: 166.443724
[2018-11-17 19:47:32,155][INFO] [22/400] Time: 78.415048 s
[2018-11-17 19:47:32,156][INFO] ------------------------------
[2018-11-17 19:48:45,435][INFO] [23/400] train loss: 19.196233
[2018-11-17 19:48:49,454][INFO] [23/400] val loss: 255.620320
[2018-11-17 19:48:49,736][INFO] [23/400] Time: 77.578686 s
[2018-11-17 19:48:49,737][INFO] ------------------------------
[2018-11-17 19:50:02,353][INFO] [24/400] train loss: 19.287409
[2018-11-17 19:50:06,791][INFO] [24/400] val loss: 180.601731
[2018-11-17 19:50:07,125][INFO] [24/400] Time: 77.387657 s
[2018-11-17 19:50:07,127][INFO] ------------------------------
[2018-11-17 19:51:21,294][INFO] [25/400] train loss: 17.797646
[2018-11-17 19:51:25,195][INFO] [25/400] val loss: 185.879206
[2018-11-17 19:51:25,614][INFO] [25/400] Time: 78.485941 s
[2018-11-17 19:51:25,615][INFO] ------------------------------
[2018-11-17 19:52:38,539][INFO] [26/400] train loss: 19.366622
[2018-11-17 19:52:42,711][INFO] [26/400] val loss: 141.150485
[2018-11-17 19:52:43,147][INFO] [26/400] Time: 77.531224 s
[2018-11-17 19:52:43,148][INFO] ------------------------------
[2018-11-17 19:53:57,126][INFO] [27/400] train loss: 19.121373
[2018-11-17 19:54:01,234][INFO] [27/400] val loss: 378.546939
[2018-11-17 19:54:01,496][INFO] [27/400] Time: 78.347027 s
[2018-11-17 19:54:01,497][INFO] ------------------------------
[2018-11-17 19:55:14,991][INFO] [28/400] train loss: 19.352511
[2018-11-17 19:55:19,021][INFO] [28/400] val loss: 206.892839
[2018-11-17 19:55:19,305][INFO] [28/400] Time: 77.807082 s
[2018-11-17 19:55:19,306][INFO] ------------------------------
[2018-11-17 19:56:33,708][INFO] [29/400] train loss: 22.687981
[2018-11-17 19:56:37,832][INFO] [29/400] val loss: 161.150198
[2018-11-17 19:56:38,091][INFO] [29/400] Time: 78.783336 s
[2018-11-17 19:56:38,092][INFO] ------------------------------
[2018-11-17 19:57:51,323][INFO] [30/400] train loss: 18.547297
[2018-11-17 19:57:55,619][INFO] [30/400] val loss: 173.297946
[2018-11-17 19:57:55,948][INFO] [30/400] Time: 77.855661 s
[2018-11-17 19:57:55,949][INFO] ------------------------------
[2018-11-17 19:59:09,134][INFO] [31/400] train loss: 20.762215
[2018-11-17 19:59:13,359][INFO] [31/400] val loss: 139.557973
[2018-11-17 19:59:13,942][INFO] [31/400] Time: 77.991977 s
[2018-11-17 19:59:13,943][INFO] ------------------------------
[2018-11-17 20:00:26,936][INFO] [32/400] train loss: 18.712180
[2018-11-17 20:00:31,180][INFO] [32/400] val loss: 262.733691
[2018-11-17 20:00:31,469][INFO] [32/400] Time: 77.524292 s
[2018-11-17 20:00:31,470][INFO] ------------------------------
[2018-11-17 20:01:45,116][INFO] [33/400] train loss: 18.866050
[2018-11-17 20:01:49,305][INFO] [33/400] val loss: 195.375116
[2018-11-17 20:01:49,575][INFO] [33/400] Time: 78.105049 s
[2018-11-17 20:01:49,576][INFO] ------------------------------
[2018-11-17 20:03:02,853][INFO] [34/400] train loss: 19.645710
[2018-11-17 20:03:07,101][INFO] [34/400] val loss: 194.526806
[2018-11-17 20:03:07,378][INFO] [34/400] Time: 77.800322 s
[2018-11-17 20:03:07,379][INFO] ------------------------------
[2018-11-17 20:04:20,982][INFO] [35/400] train loss: 18.975401
[2018-11-17 20:04:25,115][INFO] [35/400] val loss: 140.738432
[2018-11-17 20:04:25,409][INFO] [35/400] Time: 78.029011 s
[2018-11-17 20:04:25,410][INFO] ------------------------------
[2018-11-17 20:05:38,002][INFO] [36/400] train loss: 19.918229
[2018-11-17 20:05:42,302][INFO] [36/400] val loss: 185.645857
[2018-11-17 20:05:42,591][INFO] [36/400] Time: 77.180567 s
[2018-11-17 20:05:42,592][INFO] ------------------------------
[2018-11-17 20:06:55,367][INFO] [37/400] train loss: 17.503432
[2018-11-17 20:06:59,350][INFO] [37/400] val loss: 197.915119
[2018-11-17 20:06:59,640][INFO] [37/400] Time: 77.047132 s
[2018-11-17 20:06:59,641][INFO] ------------------------------
[2018-11-17 20:08:13,083][INFO] [38/400] train loss: 17.991292
[2018-11-17 20:08:16,920][INFO] [38/400] val loss: 227.538286
[2018-11-17 20:08:17,280][INFO] [38/400] Time: 77.637610 s
[2018-11-17 20:08:17,281][INFO] ------------------------------
[2018-11-17 20:09:31,480][INFO] [39/400] train loss: 17.408538
[2018-11-17 20:09:35,710][INFO] [39/400] val loss: 222.083768
[2018-11-17 20:09:36,000][INFO] [39/400] Time: 78.717428 s
[2018-11-17 20:09:36,001][INFO] ------------------------------
[2018-11-17 20:10:49,297][INFO] [40/400] train loss: 18.634957
[2018-11-17 20:10:53,460][INFO] [40/400] val loss: 195.083881
[2018-11-17 20:10:53,756][INFO] [40/400] Time: 77.753967 s
[2018-11-17 20:10:53,757][INFO] ------------------------------
[2018-11-17 20:12:06,834][INFO] [41/400] train loss: 19.100199
[2018-11-17 20:12:10,971][INFO] [41/400] val loss: 196.503713
[2018-11-17 20:12:11,333][INFO] [41/400] Time: 77.575300 s
[2018-11-17 20:12:11,335][INFO] ------------------------------
[2018-11-17 20:13:25,435][INFO] [42/400] train loss: 18.437553
[2018-11-17 20:13:29,850][INFO] [42/400] val loss: 144.000672
[2018-11-17 20:13:30,103][INFO] [42/400] Time: 78.766790 s
[2018-11-17 20:13:30,104][INFO] ------------------------------
[2018-11-17 20:14:43,260][INFO] [43/400] train loss: 17.923649
[2018-11-17 20:14:47,337][INFO] [43/400] val loss: 146.588906
[2018-11-17 20:14:47,600][INFO] [43/400] Time: 77.495215 s
[2018-11-17 20:14:47,601][INFO] ------------------------------
[2018-11-17 20:16:02,186][INFO] [44/400] train loss: 17.662359
[2018-11-17 20:16:06,501][INFO] [44/400] val loss: 184.804843
[2018-11-17 20:16:06,764][INFO] [44/400] Time: 79.161352 s
[2018-11-17 20:16:06,765][INFO] ------------------------------
[2018-11-17 20:17:19,518][INFO] [45/400] train loss: 19.411454
[2018-11-17 20:17:23,874][INFO] [45/400] val loss: 220.232360
[2018-11-17 20:17:24,202][INFO] [45/400] Time: 77.436025 s
[2018-11-17 20:17:24,203][INFO] ------------------------------
[2018-11-17 20:18:37,063][INFO] [46/400] train loss: 18.308141
[2018-11-17 20:18:41,009][INFO] [46/400] val loss: 167.479198
[2018-11-17 20:18:41,327][INFO] [46/400] Time: 77.123043 s
[2018-11-17 20:18:41,328][INFO] ------------------------------
[2018-11-17 20:19:54,026][INFO] [47/400] train loss: 18.550700
[2018-11-17 20:19:58,355][INFO] [47/400] val loss: 155.090208
[2018-11-17 20:19:58,616][INFO] [47/400] Time: 77.286736 s
[2018-11-17 20:19:58,616][INFO] ------------------------------
[2018-11-17 20:21:11,134][INFO] [48/400] train loss: 17.106378
[2018-11-17 20:21:15,424][INFO] [48/400] val loss: 188.465717
[2018-11-17 20:21:15,681][INFO] [48/400] Time: 77.063672 s
[2018-11-17 20:21:15,682][INFO] ------------------------------
[2018-11-17 20:22:29,548][INFO] [49/400] train loss: 17.924675
[2018-11-17 20:22:33,889][INFO] [49/400] val loss: 217.123027
[2018-11-17 20:22:34,156][INFO] [49/400] Time: 78.472814 s
[2018-11-17 20:22:34,157][INFO] ------------------------------
[2018-11-17 20:23:47,159][INFO] [50/400] train loss: 20.222449
[2018-11-17 20:23:51,501][INFO] [50/400] val loss: 146.790382
[2018-11-17 20:23:51,823][INFO] [50/400] Time: 77.664509 s
[2018-11-17 20:23:51,824][INFO] ------------------------------
[2018-11-17 20:25:06,878][INFO] [51/400] train loss: 18.607453
[2018-11-17 20:25:11,103][INFO] [51/400] val loss: 153.042038
[2018-11-17 20:25:11,342][INFO] [51/400] Time: 79.516944 s
[2018-11-17 20:25:11,343][INFO] ------------------------------
[2018-11-17 20:26:25,533][INFO] [52/400] train loss: 17.334325
[2018-11-17 20:26:29,826][INFO] [52/400] val loss: 190.583542
[2018-11-17 20:26:30,081][INFO] [52/400] Time: 78.736396 s
[2018-11-17 20:26:30,082][INFO] ------------------------------
[2018-11-17 20:27:43,232][INFO] [53/400] train loss: 17.255426
[2018-11-17 20:27:47,592][INFO] [53/400] val loss: 160.174597
[2018-11-17 20:27:47,917][INFO] [53/400] Time: 77.834567 s
[2018-11-17 20:27:47,918][INFO] ------------------------------
[2018-11-17 20:29:02,968][INFO] [54/400] train loss: 17.525733
[2018-11-17 20:29:07,029][INFO] [54/400] val loss: 191.335432
[2018-11-17 20:29:07,303][INFO] [54/400] Time: 79.383812 s
[2018-11-17 20:29:07,304][INFO] ------------------------------
[2018-11-17 20:30:21,761][INFO] [55/400] train loss: 17.947306
[2018-11-17 20:30:26,035][INFO] [55/400] val loss: 192.764335
[2018-11-17 20:30:26,308][INFO] [55/400] Time: 79.003086 s
[2018-11-17 20:30:26,309][INFO] ------------------------------
[2018-11-17 20:31:39,047][INFO] [56/400] train loss: 18.402500
[2018-11-17 20:31:43,467][INFO] [56/400] val loss: 166.673023
[2018-11-17 20:31:43,739][INFO] [56/400] Time: 77.428378 s
[2018-11-17 20:31:43,741][INFO] ------------------------------
[2018-11-17 20:32:57,877][INFO] [57/400] train loss: 19.944838
[2018-11-17 20:33:01,953][INFO] [57/400] val loss: 132.481782
[2018-11-17 20:33:02,522][INFO] [57/400] Time: 78.780185 s
[2018-11-17 20:33:02,524][INFO] ------------------------------
[2018-11-17 20:34:16,359][INFO] [58/400] train loss: 16.889842
[2018-11-17 20:34:20,400][INFO] [58/400] val loss: 157.687881
[2018-11-17 20:34:20,678][INFO] [58/400] Time: 78.152541 s
[2018-11-17 20:34:20,679][INFO] ------------------------------
[2018-11-17 20:35:34,545][INFO] [59/400] train loss: 17.457981
[2018-11-17 20:35:39,163][INFO] [59/400] val loss: 257.235136
[2018-11-17 20:35:39,418][INFO] [59/400] Time: 78.737955 s
[2018-11-17 20:35:39,419][INFO] ------------------------------
[2018-11-17 20:36:54,075][INFO] [60/400] train loss: 18.104719
[2018-11-17 20:36:58,543][INFO] [60/400] val loss: 194.416021
[2018-11-17 20:36:58,831][INFO] [60/400] Time: 79.410763 s
[2018-11-17 20:36:58,834][INFO] ------------------------------
[2018-11-17 20:38:11,731][INFO] [61/400] train loss: 19.993462
[2018-11-17 20:38:16,085][INFO] [61/400] val loss: 157.268847
[2018-11-17 20:38:16,371][INFO] [61/400] Time: 77.536291 s
[2018-11-17 20:38:16,373][INFO] ------------------------------
[2018-11-17 20:39:29,967][INFO] [62/400] train loss: 17.387011
[2018-11-17 20:39:34,286][INFO] [62/400] val loss: 185.271584
[2018-11-17 20:39:34,606][INFO] [62/400] Time: 78.232741 s
[2018-11-17 20:39:34,608][INFO] ------------------------------
[2018-11-17 20:40:48,298][INFO] [63/400] train loss: 18.239597
[2018-11-17 20:40:52,550][INFO] [63/400] val loss: 165.454647
[2018-11-17 20:40:52,824][INFO] [63/400] Time: 78.214845 s
[2018-11-17 20:40:52,825][INFO] ------------------------------
[2018-11-17 20:42:06,052][INFO] [64/400] train loss: 17.616500
[2018-11-17 20:42:10,439][INFO] [64/400] val loss: 233.274068
[2018-11-17 20:42:10,705][INFO] [64/400] Time: 77.879264 s
[2018-11-17 20:42:10,706][INFO] ------------------------------
[2018-11-17 20:43:25,337][INFO] [65/400] train loss: 17.640259
[2018-11-17 20:43:29,707][INFO] [65/400] val loss: 314.713368
[2018-11-17 20:43:29,983][INFO] [65/400] Time: 79.276855 s
[2018-11-17 20:43:29,985][INFO] ------------------------------
[2018-11-17 20:44:43,558][INFO] [66/400] train loss: 18.581436
[2018-11-17 20:44:47,848][INFO] [66/400] val loss: 234.032885
[2018-11-17 20:44:48,191][INFO] [66/400] Time: 78.205486 s
[2018-11-17 20:44:48,193][INFO] ------------------------------
[2018-11-17 20:46:01,401][INFO] [67/400] train loss: 17.631590
[2018-11-17 20:46:05,782][INFO] [67/400] val loss: 185.191292
[2018-11-17 20:46:06,111][INFO] [67/400] Time: 77.916632 s
[2018-11-17 20:46:06,112][INFO] ------------------------------
[2018-11-17 20:47:19,127][INFO] [68/400] train loss: 18.221745
[2018-11-17 20:47:23,550][INFO] [68/400] val loss: 260.732172
[2018-11-17 20:47:23,885][INFO] [68/400] Time: 77.772481 s
[2018-11-17 20:47:23,887][INFO] ------------------------------
[2018-11-17 20:48:36,851][INFO] [69/400] train loss: 17.466159
[2018-11-17 20:48:41,388][INFO] [69/400] val loss: 188.663863
[2018-11-17 20:48:41,677][INFO] [69/400] Time: 77.789403 s
[2018-11-17 20:48:41,678][INFO] ------------------------------
[2018-11-17 20:49:55,768][INFO] [70/400] train loss: 16.813345
[2018-11-17 20:50:00,114][INFO] [70/400] val loss: 146.452047
[2018-11-17 20:50:00,444][INFO] [70/400] Time: 78.764127 s
[2018-11-17 20:50:00,444][INFO] ------------------------------
[2018-11-17 20:51:13,896][INFO] [71/400] train loss: 18.019352
[2018-11-17 20:51:18,504][INFO] [71/400] val loss: 135.773255
[2018-11-17 20:51:18,816][INFO] [71/400] Time: 78.370470 s
[2018-11-17 20:51:18,818][INFO] ------------------------------
[2018-11-17 20:52:33,065][INFO] [72/400] train loss: 17.094655
[2018-11-17 20:52:37,479][INFO] [72/400] val loss: 166.208799
[2018-11-17 20:52:37,776][INFO] [72/400] Time: 78.957492 s
[2018-11-17 20:52:37,777][INFO] ------------------------------
[2018-11-17 20:53:50,587][INFO] [73/400] train loss: 16.565969
[2018-11-17 20:53:55,191][INFO] [73/400] val loss: 142.971144
[2018-11-17 20:53:55,438][INFO] [73/400] Time: 77.660210 s
[2018-11-17 20:53:55,439][INFO] ------------------------------
[2018-11-17 20:55:07,966][INFO] [74/400] train loss: 17.024985
[2018-11-17 20:55:12,351][INFO] [74/400] val loss: 186.882886
[2018-11-17 20:55:12,664][INFO] [74/400] Time: 77.223325 s
[2018-11-17 20:55:12,665][INFO] ------------------------------
