[2018-11-13 23:42:49,475][INFO] Visdom successfully connected to server
[2018-11-13 23:42:49,730][INFO] ------------------------------
[2018-11-13 23:44:43,388][INFO] [1/500] train loss: 62681.088229
[2018-11-13 23:44:50,574][INFO] [1/500] val loss: 42745.814887
[2018-11-13 23:44:50,973][INFO] [1/500] Time: 121.242757 s
[2018-11-13 23:44:50,974][INFO] ------------------------------
[2018-11-13 23:46:10,199][INFO] [2/500] train loss: 39669.251985
[2018-11-13 23:46:15,171][INFO] [2/500] val loss: 36855.734825
[2018-11-13 23:46:15,517][INFO] [2/500] Time: 84.541539 s
[2018-11-13 23:46:15,518][INFO] ------------------------------
[2018-11-13 23:47:33,358][INFO] [3/500] train loss: 36030.663479
[2018-11-13 23:47:38,550][INFO] [3/500] val loss: 32490.394512
[2018-11-13 23:47:38,947][INFO] [3/500] Time: 83.427507 s
[2018-11-13 23:47:38,949][INFO] ------------------------------
[2018-11-13 23:48:56,140][INFO] [4/500] train loss: 25553.931280
[2018-11-13 23:49:01,207][INFO] [4/500] val loss: 20940.231612
[2018-11-13 23:49:01,585][INFO] [4/500] Time: 82.634942 s
[2018-11-13 23:49:01,586][INFO] ------------------------------
[2018-11-13 23:50:19,086][INFO] [5/500] train loss: 18449.154031
[2018-11-13 23:50:24,087][INFO] [5/500] val loss: 15830.328452
[2018-11-13 23:50:24,461][INFO] [5/500] Time: 82.873861 s
[2018-11-13 23:50:24,462][INFO] ------------------------------
[2018-11-13 23:51:45,776][INFO] [6/500] train loss: 14752.265840
[2018-11-13 23:51:51,056][INFO] [6/500] val loss: 13997.828237
[2018-11-13 23:51:51,500][INFO] [6/500] Time: 87.037300 s
[2018-11-13 23:51:51,501][INFO] ------------------------------
[2018-11-13 23:53:12,548][INFO] [7/500] train loss: 12879.326379
[2018-11-13 23:53:17,430][INFO] [7/500] val loss: 11367.261869
[2018-11-13 23:53:17,955][INFO] [7/500] Time: 86.453009 s
[2018-11-13 23:53:17,956][INFO] ------------------------------
[2018-11-13 23:54:22,095][INFO] Visdom successfully connected to server
[2018-11-13 23:54:22,308][INFO] ------------------------------
[2018-11-13 23:55:40,874][INFO] [1/250] train loss: 62218.750687
[2018-11-13 23:55:45,739][INFO] [1/250] val loss: 42875.192794
[2018-11-13 23:55:46,296][INFO] [1/250] Time: 83.987818 s
[2018-11-13 23:55:46,298][INFO] ------------------------------
[2018-11-13 23:57:04,313][INFO] [2/250] train loss: 39729.512590
[2018-11-13 23:57:09,403][INFO] [2/250] val loss: 36836.692713
[2018-11-13 23:57:09,881][INFO] [2/250] Time: 83.581897 s
[2018-11-13 23:57:09,882][INFO] ------------------------------
[2018-11-13 23:58:28,144][INFO] [3/250] train loss: 35835.646337
[2018-11-13 23:58:33,555][INFO] [3/250] val loss: 31501.954003
[2018-11-13 23:58:33,963][INFO] [3/250] Time: 84.079090 s
[2018-11-13 23:58:33,964][INFO] ------------------------------
[2018-11-13 23:59:54,656][INFO] [4/250] train loss: 25028.414813
[2018-11-14 00:00:00,168][INFO] [4/250] val loss: 21128.091600
[2018-11-14 00:00:00,539][INFO] [4/250] Time: 86.573693 s
[2018-11-14 00:00:00,541][INFO] ------------------------------
[2018-11-14 00:01:20,763][INFO] [5/250] train loss: 18908.067765
[2018-11-14 00:01:25,932][INFO] [5/250] val loss: 16266.999978
[2018-11-14 00:01:26,316][INFO] [5/250] Time: 85.773945 s
[2018-11-14 00:01:26,317][INFO] ------------------------------
[2018-11-14 00:02:47,088][INFO] [6/250] train loss: 14879.449080
[2018-11-14 00:02:52,271][INFO] [6/250] val loss: 13837.804081
[2018-11-14 00:02:52,688][INFO] [6/250] Time: 86.369553 s
[2018-11-14 00:02:52,689][INFO] ------------------------------
[2018-11-14 00:04:14,916][INFO] [7/250] train loss: 12856.623534
[2018-11-14 00:04:20,080][INFO] [7/250] val loss: 11391.396472
[2018-11-14 00:04:20,528][INFO] [7/250] Time: 87.837576 s
[2018-11-14 00:04:20,529][INFO] ------------------------------
[2018-11-14 00:05:42,186][INFO] [8/250] train loss: 9567.761217
[2018-11-14 00:05:47,435][INFO] [8/250] val loss: 7724.217279
[2018-11-14 00:05:47,816][INFO] [8/250] Time: 87.285930 s
[2018-11-14 00:05:47,818][INFO] ------------------------------
[2018-11-14 00:07:07,956][INFO] [9/250] train loss: 6227.188287
[2018-11-14 00:07:13,241][INFO] [9/250] val loss: 4954.360402
[2018-11-14 00:07:13,721][INFO] [9/250] Time: 85.902488 s
[2018-11-14 00:07:13,723][INFO] ------------------------------
[2018-11-14 00:08:34,486][INFO] [10/250] train loss: 3620.133934
[2018-11-14 00:08:40,087][INFO] [10/250] val loss: 2727.588816
[2018-11-14 00:08:40,492][INFO] [10/250] Time: 86.767861 s
[2018-11-14 00:08:40,494][INFO] ------------------------------
[2018-11-14 00:09:59,296][INFO] [11/250] train loss: 2145.590877
[2018-11-14 00:10:04,686][INFO] [11/250] val loss: 1974.222924
[2018-11-14 00:10:05,247][INFO] [11/250] Time: 84.752038 s
[2018-11-14 00:10:05,248][INFO] ------------------------------
[2018-11-14 00:11:23,345][INFO] [12/250] train loss: 1639.072091
[2018-11-14 00:11:28,528][INFO] [12/250] val loss: 1765.868643
[2018-11-14 00:11:28,883][INFO] [12/250] Time: 83.633587 s
[2018-11-14 00:11:28,884][INFO] ------------------------------
[2018-11-14 00:12:49,506][INFO] [13/250] train loss: 1425.906630
[2018-11-14 00:12:54,726][INFO] [13/250] val loss: 1338.398417
[2018-11-14 00:12:55,106][INFO] [13/250] Time: 86.220650 s
[2018-11-14 00:12:55,107][INFO] ------------------------------
[2018-11-14 00:14:17,407][INFO] [14/250] train loss: 1268.527855
[2018-11-14 00:14:22,895][INFO] [14/250] val loss: 1164.321974
[2018-11-14 00:14:23,354][INFO] [14/250] Time: 88.245780 s
[2018-11-14 00:14:23,355][INFO] ------------------------------
[2018-11-14 00:15:43,298][INFO] [15/250] train loss: 1152.937431
[2018-11-14 00:15:48,592][INFO] [15/250] val loss: 1085.614289
[2018-11-14 00:15:48,984][INFO] [15/250] Time: 85.628247 s
[2018-11-14 00:15:48,985][INFO] ------------------------------
[2018-11-14 00:17:14,640][INFO] [16/250] train loss: 1056.994106
[2018-11-14 00:17:20,099][INFO] [16/250] val loss: 1072.682172
[2018-11-14 00:17:20,471][INFO] [16/250] Time: 91.485591 s
[2018-11-14 00:17:20,472][INFO] ------------------------------
[2018-11-14 00:18:42,279][INFO] [17/250] train loss: 974.513871
[2018-11-14 00:18:47,550][INFO] [17/250] val loss: 959.930337
[2018-11-14 00:18:47,964][INFO] [17/250] Time: 87.490790 s
[2018-11-14 00:18:47,966][INFO] ------------------------------
[2018-11-14 00:20:10,758][INFO] [18/250] train loss: 903.661322
[2018-11-14 00:20:16,305][INFO] [18/250] val loss: 958.008529
[2018-11-14 00:20:16,756][INFO] [18/250] Time: 88.788614 s
[2018-11-14 00:20:16,757][INFO] ------------------------------
[2018-11-14 00:21:36,526][INFO] [19/250] train loss: 847.467055
[2018-11-14 00:21:41,650][INFO] [19/250] val loss: 799.601787
[2018-11-14 00:21:42,099][INFO] [19/250] Time: 85.339795 s
[2018-11-14 00:21:42,100][INFO] ------------------------------
[2018-11-14 00:23:03,868][INFO] [20/250] train loss: 794.017780
[2018-11-14 00:23:09,041][INFO] [20/250] val loss: 794.396185
[2018-11-14 00:23:09,580][INFO] [20/250] Time: 87.478947 s
[2018-11-14 00:23:09,581][INFO] ------------------------------
[2018-11-14 00:24:30,003][INFO] [21/250] train loss: 749.570783
[2018-11-14 00:24:35,212][INFO] [21/250] val loss: 809.993644
[2018-11-14 00:24:35,519][INFO] [21/250] Time: 85.936509 s
[2018-11-14 00:24:35,520][INFO] ------------------------------
[2018-11-14 00:25:53,917][INFO] [22/250] train loss: 715.234775
[2018-11-14 00:25:59,557][INFO] [22/250] val loss: 706.733682
[2018-11-14 00:25:59,911][INFO] [22/250] Time: 84.389987 s
[2018-11-14 00:25:59,912][INFO] ------------------------------
[2018-11-14 00:27:22,048][INFO] [23/250] train loss: 673.370607
[2018-11-14 00:27:26,767][INFO] [23/250] val loss: 746.572687
[2018-11-14 00:27:27,044][INFO] [23/250] Time: 87.131067 s
[2018-11-14 00:27:27,045][INFO] ------------------------------
[2018-11-14 00:28:48,218][INFO] [24/250] train loss: 645.597868
[2018-11-14 00:28:53,488][INFO] [24/250] val loss: 650.624395
[2018-11-14 00:28:53,864][INFO] [24/250] Time: 86.818400 s
[2018-11-14 00:28:53,865][INFO] ------------------------------
[2018-11-14 00:30:14,214][INFO] [25/250] train loss: 612.760538
[2018-11-14 00:30:19,324][INFO] [25/250] val loss: 594.731483
[2018-11-14 00:30:19,675][INFO] [25/250] Time: 85.808604 s
[2018-11-14 00:30:19,676][INFO] ------------------------------
[2018-11-14 00:31:41,977][INFO] [26/250] train loss: 585.941268
[2018-11-14 00:31:47,364][INFO] [26/250] val loss: 606.900904
[2018-11-14 00:31:47,716][INFO] [26/250] Time: 88.039732 s
[2018-11-14 00:31:47,718][INFO] ------------------------------
[2018-11-14 00:33:06,267][INFO] [27/250] train loss: 556.253309
[2018-11-14 00:33:11,420][INFO] [27/250] val loss: 557.034505
[2018-11-14 00:33:11,843][INFO] [27/250] Time: 84.124279 s
[2018-11-14 00:33:11,844][INFO] ------------------------------
[2018-11-14 00:34:32,588][INFO] [28/250] train loss: 537.245624
[2018-11-14 00:34:37,519][INFO] [28/250] val loss: 539.233634
[2018-11-14 00:34:37,905][INFO] [28/250] Time: 86.059947 s
[2018-11-14 00:34:37,906][INFO] ------------------------------
[2018-11-14 00:35:59,520][INFO] [29/250] train loss: 514.782139
[2018-11-14 00:36:04,385][INFO] [29/250] val loss: 594.491057
[2018-11-14 00:36:04,714][INFO] [29/250] Time: 86.806904 s
[2018-11-14 00:36:04,715][INFO] ------------------------------
[2018-11-14 00:37:26,420][INFO] [30/250] train loss: 495.636508
[2018-11-14 00:37:31,681][INFO] [30/250] val loss: 496.849639
[2018-11-14 00:37:32,083][INFO] [30/250] Time: 87.367070 s
[2018-11-14 00:37:32,085][INFO] ------------------------------
[2018-11-14 00:38:52,408][INFO] [31/250] train loss: 476.747365
[2018-11-14 00:38:57,077][INFO] [31/250] val loss: 482.076238
[2018-11-14 00:38:57,684][INFO] [31/250] Time: 85.598809 s
[2018-11-14 00:38:57,686][INFO] ------------------------------
[2018-11-14 00:40:18,555][INFO] [32/250] train loss: 460.182406
[2018-11-14 00:40:23,701][INFO] [32/250] val loss: 576.516600
[2018-11-14 00:40:24,044][INFO] [32/250] Time: 86.356682 s
[2018-11-14 00:40:24,045][INFO] ------------------------------
[2018-11-14 00:41:42,145][INFO] [33/250] train loss: 443.408500
[2018-11-14 00:41:47,337][INFO] [33/250] val loss: 556.293153
[2018-11-14 00:41:47,680][INFO] [33/250] Time: 83.633751 s
[2018-11-14 00:41:47,682][INFO] ------------------------------
[2018-11-14 00:43:08,488][INFO] [34/250] train loss: 432.150805
[2018-11-14 00:43:13,822][INFO] [34/250] val loss: 446.968206
[2018-11-14 00:43:14,132][INFO] [34/250] Time: 86.448440 s
[2018-11-14 00:43:14,133][INFO] ------------------------------
[2018-11-14 00:44:32,597][INFO] [35/250] train loss: 416.244418
[2018-11-14 00:44:37,792][INFO] [35/250] val loss: 452.017797
[2018-11-14 00:44:38,177][INFO] [35/250] Time: 84.042254 s
[2018-11-14 00:44:38,178][INFO] ------------------------------
[2018-11-14 00:46:02,327][INFO] [36/250] train loss: 406.110541
[2018-11-14 00:46:07,540][INFO] [36/250] val loss: 521.044115
[2018-11-14 00:46:07,916][INFO] [36/250] Time: 89.736952 s
[2018-11-14 00:46:07,918][INFO] ------------------------------
[2018-11-14 00:47:32,811][INFO] [37/250] train loss: 393.114513
[2018-11-14 00:47:38,273][INFO] [37/250] val loss: 484.552380
[2018-11-14 00:47:38,591][INFO] [37/250] Time: 90.672456 s
[2018-11-14 00:47:38,592][INFO] ------------------------------
[2018-11-14 00:49:03,466][INFO] [38/250] train loss: 382.842458
[2018-11-14 00:49:08,588][INFO] [38/250] val loss: 430.939481
[2018-11-14 00:49:08,973][INFO] [38/250] Time: 90.380421 s
[2018-11-14 00:49:08,974][INFO] ------------------------------
[2018-11-14 00:50:31,194][INFO] [39/250] train loss: 369.691826
[2018-11-14 00:50:36,530][INFO] [39/250] val loss: 401.456052
[2018-11-14 00:50:36,913][INFO] [39/250] Time: 87.937147 s
[2018-11-14 00:50:36,914][INFO] ------------------------------
[2018-11-14 00:52:01,662][INFO] [40/250] train loss: 358.305264
[2018-11-14 00:52:07,041][INFO] [40/250] val loss: 372.620822
[2018-11-14 00:52:07,415][INFO] [40/250] Time: 90.499973 s
[2018-11-14 00:52:07,416][INFO] ------------------------------
[2018-11-14 00:53:32,093][INFO] [41/250] train loss: 350.138366
[2018-11-14 00:53:37,242][INFO] [41/250] val loss: 456.587617
[2018-11-14 00:53:37,595][INFO] [41/250] Time: 90.178695 s
[2018-11-14 00:53:37,597][INFO] ------------------------------
[2018-11-14 00:54:55,422][INFO] [42/250] train loss: 341.110264
[2018-11-14 00:55:00,843][INFO] [42/250] val loss: 393.737188
[2018-11-14 00:55:01,115][INFO] [42/250] Time: 83.516662 s
[2018-11-14 00:55:01,116][INFO] ------------------------------
[2018-11-14 00:56:19,717][INFO] [43/250] train loss: 332.365980
[2018-11-14 00:56:24,860][INFO] [43/250] val loss: 396.027929
[2018-11-14 00:56:25,136][INFO] [43/250] Time: 84.019304 s
[2018-11-14 00:56:25,137][INFO] ------------------------------
[2018-11-14 00:57:49,817][INFO] [44/250] train loss: 326.810752
[2018-11-14 00:57:55,213][INFO] [44/250] val loss: 387.799557
[2018-11-14 00:57:55,472][INFO] [44/250] Time: 90.333360 s
[2018-11-14 00:57:55,473][INFO] ------------------------------
[2018-11-14 00:59:20,945][INFO] [45/250] train loss: 318.102932
[2018-11-14 00:59:25,677][INFO] [45/250] val loss: 328.058392
[2018-11-14 00:59:26,029][INFO] [45/250] Time: 90.555206 s
[2018-11-14 00:59:26,030][INFO] ------------------------------
[2018-11-14 01:00:48,052][INFO] [46/250] train loss: 308.890248
[2018-11-14 01:00:53,306][INFO] [46/250] val loss: 431.225465
[2018-11-14 01:00:53,588][INFO] [46/250] Time: 87.557162 s
[2018-11-14 01:00:53,590][INFO] ------------------------------
[2018-11-14 01:02:15,988][INFO] [47/250] train loss: 303.374413
[2018-11-14 01:02:21,314][INFO] [47/250] val loss: 366.665340
[2018-11-14 01:02:21,582][INFO] [47/250] Time: 87.991257 s
[2018-11-14 01:02:21,583][INFO] ------------------------------
[2018-11-14 01:03:43,338][INFO] [48/250] train loss: 296.062270
[2018-11-14 01:03:48,958][INFO] [48/250] val loss: 414.126730
[2018-11-14 01:03:49,248][INFO] [48/250] Time: 87.664280 s
[2018-11-14 01:03:49,249][INFO] ------------------------------
[2018-11-14 01:05:07,497][INFO] [49/250] train loss: 288.239532
[2018-11-14 01:05:12,888][INFO] [49/250] val loss: 328.328917
[2018-11-14 01:05:13,172][INFO] [49/250] Time: 83.922487 s
[2018-11-14 01:05:13,173][INFO] ------------------------------
[2018-11-14 01:06:31,606][INFO] [50/250] train loss: 284.463718
[2018-11-14 01:06:37,065][INFO] [50/250] val loss: 311.351633
[2018-11-14 01:06:37,521][INFO] [50/250] Time: 84.346694 s
[2018-11-14 01:06:37,522][INFO] ------------------------------
[2018-11-14 01:07:59,426][INFO] [51/250] train loss: 277.782927
[2018-11-14 01:08:04,549][INFO] [51/250] val loss: 320.400661
[2018-11-14 01:08:04,898][INFO] [51/250] Time: 87.374117 s
[2018-11-14 01:08:04,899][INFO] ------------------------------
[2018-11-14 01:09:23,329][INFO] [52/250] train loss: 270.386987
[2018-11-14 01:09:28,816][INFO] [52/250] val loss: 307.821440
[2018-11-14 01:09:29,200][INFO] [52/250] Time: 84.299155 s
[2018-11-14 01:09:29,201][INFO] ------------------------------
[2018-11-14 01:10:52,310][INFO] [53/250] train loss: 266.227829
[2018-11-14 01:10:57,430][INFO] [53/250] val loss: 325.719516
[2018-11-14 01:10:57,753][INFO] [53/250] Time: 88.550683 s
[2018-11-14 01:10:57,754][INFO] ------------------------------
[2018-11-14 01:12:21,595][INFO] [54/250] train loss: 261.914951
[2018-11-14 01:12:27,176][INFO] [54/250] val loss: 313.138126
[2018-11-14 01:12:27,485][INFO] [54/250] Time: 89.730225 s
[2018-11-14 01:12:27,486][INFO] ------------------------------
[2018-11-14 01:13:51,440][INFO] [55/250] train loss: 253.550834
[2018-11-14 01:13:56,740][INFO] [55/250] val loss: 315.286346
[2018-11-14 01:13:57,065][INFO] [55/250] Time: 89.578157 s
[2018-11-14 01:13:57,067][INFO] ------------------------------
[2018-11-14 01:15:20,840][INFO] [56/250] train loss: 252.031366
[2018-11-14 01:15:26,115][INFO] [56/250] val loss: 293.742659
[2018-11-14 01:15:26,485][INFO] [56/250] Time: 89.417086 s
[2018-11-14 01:15:26,486][INFO] ------------------------------
[2018-11-14 01:16:50,578][INFO] [57/250] train loss: 243.980818
[2018-11-14 01:16:55,876][INFO] [57/250] val loss: 315.282240
[2018-11-14 01:16:56,203][INFO] [57/250] Time: 89.716148 s
[2018-11-14 01:16:56,204][INFO] ------------------------------
[2018-11-14 01:18:18,684][INFO] [58/250] train loss: 241.005805
[2018-11-14 01:18:23,987][INFO] [58/250] val loss: 285.498316
[2018-11-14 01:18:24,405][INFO] [58/250] Time: 88.199894 s
[2018-11-14 01:18:24,406][INFO] ------------------------------
[2018-11-14 01:19:48,174][INFO] [59/250] train loss: 237.047959
[2018-11-14 01:19:53,818][INFO] [59/250] val loss: 288.095331
[2018-11-14 01:19:54,088][INFO] [59/250] Time: 89.680651 s
[2018-11-14 01:19:54,089][INFO] ------------------------------
[2018-11-14 01:21:15,521][INFO] [60/250] train loss: 235.221122
[2018-11-14 01:21:20,830][INFO] [60/250] val loss: 291.332876
[2018-11-14 01:21:21,066][INFO] [60/250] Time: 86.975821 s
[2018-11-14 01:21:21,067][INFO] ------------------------------
[2018-11-14 01:22:42,716][INFO] [61/250] train loss: 227.442069
[2018-11-14 01:22:47,953][INFO] [61/250] val loss: 264.911507
[2018-11-14 01:22:48,318][INFO] [61/250] Time: 87.250683 s
[2018-11-14 01:22:48,320][INFO] ------------------------------
[2018-11-14 01:24:11,670][INFO] [62/250] train loss: 224.537937
[2018-11-14 01:24:16,873][INFO] [62/250] val loss: 271.536776
[2018-11-14 01:24:17,224][INFO] [62/250] Time: 88.903636 s
[2018-11-14 01:24:17,226][INFO] ------------------------------
[2018-11-14 01:25:35,788][INFO] [63/250] train loss: 222.454856
[2018-11-14 01:25:41,078][INFO] [63/250] val loss: 236.970816
[2018-11-14 01:25:41,434][INFO] [63/250] Time: 84.207727 s
[2018-11-14 01:25:41,436][INFO] ------------------------------
[2018-11-14 01:27:00,480][INFO] [64/250] train loss: 216.262363
[2018-11-14 01:27:05,905][INFO] [64/250] val loss: 272.379073
[2018-11-14 01:27:06,196][INFO] [64/250] Time: 84.759296 s
[2018-11-14 01:27:06,197][INFO] ------------------------------
[2018-11-14 01:28:26,944][INFO] [65/250] train loss: 213.368670
[2018-11-14 01:28:32,564][INFO] [65/250] val loss: 242.208444
[2018-11-14 01:28:32,859][INFO] [65/250] Time: 86.660491 s
[2018-11-14 01:28:32,860][INFO] ------------------------------
[2018-11-14 01:29:51,588][INFO] [66/250] train loss: 209.149669
[2018-11-14 01:29:57,105][INFO] [66/250] val loss: 277.851811
[2018-11-14 01:29:57,488][INFO] [66/250] Time: 84.626825 s
[2018-11-14 01:29:57,491][INFO] ------------------------------
[2018-11-14 01:31:23,665][INFO] [67/250] train loss: 207.170814
[2018-11-14 01:31:29,107][INFO] [67/250] val loss: 262.574988
[2018-11-14 01:31:29,398][INFO] [67/250] Time: 91.905822 s
[2018-11-14 01:31:29,400][INFO] ------------------------------
[2018-11-14 01:32:51,913][INFO] [68/250] train loss: 204.063268
[2018-11-14 01:32:57,235][INFO] [68/250] val loss: 245.526133
[2018-11-14 01:32:57,591][INFO] [68/250] Time: 88.190010 s
[2018-11-14 01:32:57,593][INFO] ------------------------------
[2018-11-14 01:34:22,694][INFO] [69/250] train loss: 200.992141
[2018-11-14 01:34:27,924][INFO] [69/250] val loss: 264.019839
[2018-11-14 01:34:28,239][INFO] [69/250] Time: 90.644363 s
[2018-11-14 01:34:28,240][INFO] ------------------------------
[2018-11-14 01:35:54,801][INFO] [70/250] train loss: 197.525616
[2018-11-14 01:36:00,426][INFO] [70/250] val loss: 253.803495
[2018-11-14 01:36:00,720][INFO] [70/250] Time: 92.479255 s
[2018-11-14 01:36:00,721][INFO] ------------------------------
[2018-11-14 01:37:19,435][INFO] [71/250] train loss: 196.758498
[2018-11-14 01:37:24,840][INFO] [71/250] val loss: 227.971731
[2018-11-14 01:37:25,271][INFO] [71/250] Time: 84.548705 s
[2018-11-14 01:37:25,273][INFO] ------------------------------
[2018-11-14 01:38:50,753][INFO] [72/250] train loss: 195.382189
[2018-11-14 01:38:55,944][INFO] [72/250] val loss: 254.438119
[2018-11-14 01:38:56,316][INFO] [72/250] Time: 91.041685 s
[2018-11-14 01:38:56,317][INFO] ------------------------------
[2018-11-14 01:40:14,756][INFO] [73/250] train loss: 187.793903
[2018-11-14 01:40:20,111][INFO] [73/250] val loss: 241.399890
[2018-11-14 01:40:20,477][INFO] [73/250] Time: 84.159058 s
[2018-11-14 01:40:20,479][INFO] ------------------------------
[2018-11-14 01:41:39,078][INFO] [74/250] train loss: 187.787659
[2018-11-14 01:41:43,817][INFO] [74/250] val loss: 227.618441
[2018-11-14 01:41:44,286][INFO] [74/250] Time: 83.806368 s
[2018-11-14 01:41:44,288][INFO] ------------------------------
[2018-11-14 01:43:03,123][INFO] [75/250] train loss: 185.370692
[2018-11-14 01:43:08,546][INFO] [75/250] val loss: 285.882483
[2018-11-14 01:43:08,907][INFO] [75/250] Time: 84.617928 s
[2018-11-14 01:43:08,908][INFO] ------------------------------
[2018-11-14 01:44:32,552][INFO] [76/250] train loss: 181.480409
[2018-11-14 01:44:37,644][INFO] [76/250] val loss: 251.980424
[2018-11-14 01:44:37,962][INFO] [76/250] Time: 89.047494 s
[2018-11-14 01:44:37,963][INFO] ------------------------------
[2018-11-14 01:45:56,392][INFO] [77/250] train loss: 179.619831
[2018-11-14 01:46:01,664][INFO] [77/250] val loss: 236.340456
[2018-11-14 01:46:01,962][INFO] [77/250] Time: 83.997810 s
[2018-11-14 01:46:01,963][INFO] ------------------------------
[2018-11-14 01:47:20,210][INFO] [78/250] train loss: 174.749285
[2018-11-14 01:47:25,455][INFO] [78/250] val loss: 233.628302
[2018-11-14 01:47:25,838][INFO] [78/250] Time: 83.873800 s
[2018-11-14 01:47:25,839][INFO] ------------------------------
[2018-11-14 01:48:43,766][INFO] [79/250] train loss: 177.157856
[2018-11-14 01:48:48,798][INFO] [79/250] val loss: 214.003000
[2018-11-14 01:48:49,183][INFO] [79/250] Time: 83.342393 s
[2018-11-14 01:48:49,185][INFO] ------------------------------
[2018-11-14 01:50:11,160][INFO] [80/250] train loss: 171.747606
[2018-11-14 01:50:16,438][INFO] [80/250] val loss: 230.024146
[2018-11-14 01:50:16,755][INFO] [80/250] Time: 87.569137 s
[2018-11-14 01:50:16,756][INFO] ------------------------------
[2018-11-14 01:51:35,079][INFO] [81/250] train loss: 169.107174
[2018-11-14 01:51:40,177][INFO] [81/250] val loss: 201.284361
[2018-11-14 01:51:40,617][INFO] [81/250] Time: 83.859280 s
[2018-11-14 01:51:40,619][INFO] ------------------------------
[2018-11-14 01:53:04,359][INFO] [82/250] train loss: 168.723481
[2018-11-14 01:53:09,718][INFO] [82/250] val loss: 214.603920
[2018-11-14 01:53:10,050][INFO] [82/250] Time: 89.429065 s
[2018-11-14 01:53:10,051][INFO] ------------------------------
[2018-11-14 01:54:32,879][INFO] [83/250] train loss: 166.704506
[2018-11-14 01:54:38,387][INFO] [83/250] val loss: 227.038897
[2018-11-14 01:54:38,683][INFO] [83/250] Time: 88.631906 s
[2018-11-14 01:54:38,685][INFO] ------------------------------
[2018-11-14 01:56:02,618][INFO] [84/250] train loss: 163.458916
[2018-11-14 01:56:07,993][INFO] [84/250] val loss: 195.680797
[2018-11-14 01:56:08,266][INFO] [84/250] Time: 89.580163 s
[2018-11-14 01:56:08,267][INFO] ------------------------------
[2018-11-14 01:57:26,871][INFO] [85/250] train loss: 163.518967
[2018-11-14 01:57:32,439][INFO] [85/250] val loss: 219.784200
[2018-11-14 01:57:32,701][INFO] [85/250] Time: 84.432859 s
[2018-11-14 01:57:32,702][INFO] ------------------------------
[2018-11-14 01:58:50,748][INFO] [86/250] train loss: 159.438230
[2018-11-14 01:58:56,292][INFO] [86/250] val loss: 203.773286
[2018-11-14 01:58:56,651][INFO] [86/250] Time: 83.947782 s
[2018-11-14 01:58:56,652][INFO] ------------------------------
[2018-11-14 02:00:19,797][INFO] [87/250] train loss: 158.445064
[2018-11-14 02:00:25,262][INFO] [87/250] val loss: 185.868537
[2018-11-14 02:00:25,626][INFO] [87/250] Time: 88.973006 s
[2018-11-14 02:00:25,628][INFO] ------------------------------
[2018-11-14 02:01:45,449][INFO] [88/250] train loss: 155.375631
[2018-11-14 02:01:50,582][INFO] [88/250] val loss: 202.898014
[2018-11-14 02:01:50,872][INFO] [88/250] Time: 85.242471 s
[2018-11-14 02:01:50,874][INFO] ------------------------------
[2018-11-14 02:03:12,639][INFO] [89/250] train loss: 154.691208
[2018-11-14 02:03:18,044][INFO] [89/250] val loss: 266.488385
[2018-11-14 02:03:18,387][INFO] [89/250] Time: 87.511717 s
[2018-11-14 02:03:18,388][INFO] ------------------------------
[2018-11-14 02:04:44,201][INFO] [90/250] train loss: 152.230534
[2018-11-14 02:04:49,659][INFO] [90/250] val loss: 214.788983
[2018-11-14 02:04:50,001][INFO] [90/250] Time: 91.611951 s
[2018-11-14 02:04:50,002][INFO] ------------------------------
[2018-11-14 02:06:13,452][INFO] [91/250] train loss: 150.062613
[2018-11-14 02:06:18,761][INFO] [91/250] val loss: 195.678149
[2018-11-14 02:06:19,037][INFO] [91/250] Time: 89.033448 s
[2018-11-14 02:06:19,038][INFO] ------------------------------
[2018-11-14 02:07:36,962][INFO] [92/250] train loss: 149.754735
[2018-11-14 02:07:42,263][INFO] [92/250] val loss: 213.242042
[2018-11-14 02:07:42,585][INFO] [92/250] Time: 83.545778 s
[2018-11-14 02:07:42,587][INFO] ------------------------------
[2018-11-14 02:09:00,909][INFO] [93/250] train loss: 149.676272
[2018-11-14 02:09:06,204][INFO] [93/250] val loss: 189.547523
[2018-11-14 02:09:06,509][INFO] [93/250] Time: 83.920339 s
[2018-11-14 02:09:06,510][INFO] ------------------------------
[2018-11-14 02:10:25,538][INFO] [94/250] train loss: 146.523622
[2018-11-14 02:10:31,063][INFO] [94/250] val loss: 221.449727
[2018-11-14 02:10:31,396][INFO] [94/250] Time: 84.884980 s
[2018-11-14 02:10:31,398][INFO] ------------------------------
[2018-11-14 02:11:50,202][INFO] [95/250] train loss: 144.093335
[2018-11-14 02:11:55,924][INFO] [95/250] val loss: 186.818720
[2018-11-14 02:11:56,256][INFO] [95/250] Time: 84.857487 s
[2018-11-14 02:11:56,258][INFO] ------------------------------
[2018-11-14 02:13:14,494][INFO] [96/250] train loss: 144.465107
[2018-11-14 02:13:19,590][INFO] [96/250] val loss: 189.232239
[2018-11-14 02:13:19,880][INFO] [96/250] Time: 83.620975 s
[2018-11-14 02:13:19,882][INFO] ------------------------------
[2018-11-14 02:14:45,210][INFO] [97/250] train loss: 140.107474
[2018-11-14 02:14:50,911][INFO] [97/250] val loss: 190.706615
[2018-11-14 02:14:51,198][INFO] [97/250] Time: 91.315115 s
[2018-11-14 02:14:51,199][INFO] ------------------------------
[2018-11-14 02:16:09,738][INFO] [98/250] train loss: 140.238498
[2018-11-14 02:16:15,197][INFO] [98/250] val loss: 215.807851
[2018-11-14 02:16:15,534][INFO] [98/250] Time: 84.333505 s
[2018-11-14 02:16:15,535][INFO] ------------------------------
[2018-11-14 02:17:40,657][INFO] [99/250] train loss: 138.122000
[2018-11-14 02:17:46,287][INFO] [99/250] val loss: 187.058795
[2018-11-14 02:17:46,634][INFO] [99/250] Time: 91.098214 s
[2018-11-14 02:17:46,636][INFO] ------------------------------
[2018-11-14 02:19:13,090][INFO] [100/250] train loss: 137.607481
[2018-11-14 02:19:18,520][INFO] [100/250] val loss: 169.880247
[2018-11-14 02:19:18,951][INFO] [100/250] Time: 92.314472 s
[2018-11-14 02:19:18,952][INFO] ------------------------------
[2018-11-14 02:20:42,897][INFO] [101/250] train loss: 134.696145
[2018-11-14 02:20:48,478][INFO] [101/250] val loss: 192.616208
[2018-11-14 02:20:48,767][INFO] [101/250] Time: 89.813934 s
[2018-11-14 02:20:48,768][INFO] ------------------------------
[2018-11-14 02:22:09,313][INFO] [102/250] train loss: 134.475549
[2018-11-14 02:22:14,903][INFO] [102/250] val loss: 195.348594
[2018-11-14 02:22:15,174][INFO] [102/250] Time: 86.405007 s
[2018-11-14 02:22:15,176][INFO] ------------------------------
[2018-11-14 02:23:40,677][INFO] [103/250] train loss: 132.256058
[2018-11-14 02:23:46,176][INFO] [103/250] val loss: 220.580859
[2018-11-14 02:23:46,454][INFO] [103/250] Time: 91.277220 s
[2018-11-14 02:23:46,455][INFO] ------------------------------
[2018-11-14 02:25:12,580][INFO] [104/250] train loss: 132.044808
[2018-11-14 02:25:17,947][INFO] [104/250] val loss: 196.698577
[2018-11-14 02:25:18,333][INFO] [104/250] Time: 91.876924 s
[2018-11-14 02:25:18,334][INFO] ------------------------------
[2018-11-14 02:26:37,637][INFO] [105/250] train loss: 128.685867
[2018-11-14 02:26:42,834][INFO] [105/250] val loss: 170.627970
[2018-11-14 02:26:43,183][INFO] [105/250] Time: 84.848100 s
[2018-11-14 02:26:43,184][INFO] ------------------------------
[2018-11-14 02:28:12,865][INFO] [106/250] train loss: 128.089643
[2018-11-14 02:28:18,212][INFO] [106/250] val loss: 176.067887
[2018-11-14 02:28:18,561][INFO] [106/250] Time: 95.376113 s
[2018-11-14 02:28:18,562][INFO] ------------------------------
[2018-11-14 02:29:43,069][INFO] [107/250] train loss: 127.092745
[2018-11-14 02:29:48,424][INFO] [107/250] val loss: 206.878658
[2018-11-14 02:29:48,755][INFO] [107/250] Time: 90.192057 s
[2018-11-14 02:29:48,756][INFO] ------------------------------
[2018-11-14 02:31:07,817][INFO] [108/250] train loss: 126.973170
[2018-11-14 02:31:13,456][INFO] [108/250] val loss: 168.528422
[2018-11-14 02:31:13,897][INFO] [108/250] Time: 85.139852 s
[2018-11-14 02:31:13,898][INFO] ------------------------------
[2018-11-14 02:32:39,263][INFO] [109/250] train loss: 124.898760
[2018-11-14 02:32:44,308][INFO] [109/250] val loss: 158.833054
[2018-11-14 02:32:44,659][INFO] [109/250] Time: 90.759028 s
[2018-11-14 02:32:44,660][INFO] ------------------------------
[2018-11-14 02:34:08,480][INFO] [110/250] train loss: 124.284174
[2018-11-14 02:34:13,923][INFO] [110/250] val loss: 165.869943
[2018-11-14 02:34:14,211][INFO] [110/250] Time: 89.550432 s
[2018-11-14 02:34:14,212][INFO] ------------------------------
[2018-11-14 02:35:36,055][INFO] [111/250] train loss: 123.009661
[2018-11-14 02:35:41,794][INFO] [111/250] val loss: 184.485637
[2018-11-14 02:35:42,093][INFO] [111/250] Time: 87.879418 s
[2018-11-14 02:35:42,094][INFO] ------------------------------
[2018-11-14 02:37:07,889][INFO] [112/250] train loss: 121.023822
[2018-11-14 02:37:12,965][INFO] [112/250] val loss: 198.405566
[2018-11-14 02:37:13,283][INFO] [112/250] Time: 91.188188 s
[2018-11-14 02:37:13,284][INFO] ------------------------------
[2018-11-14 02:38:36,518][INFO] [113/250] train loss: 120.765717
[2018-11-14 02:38:41,787][INFO] [113/250] val loss: 192.427672
[2018-11-14 02:38:42,057][INFO] [113/250] Time: 88.771944 s
[2018-11-14 02:38:42,058][INFO] ------------------------------
[2018-11-14 02:40:00,514][INFO] [114/250] train loss: 120.928240
[2018-11-14 02:40:05,862][INFO] [114/250] val loss: 167.391884
[2018-11-14 02:40:06,135][INFO] [114/250] Time: 84.075279 s
[2018-11-14 02:40:06,136][INFO] ------------------------------
[2018-11-14 02:41:24,491][INFO] [115/250] train loss: 116.760712
[2018-11-14 02:41:30,045][INFO] [115/250] val loss: 184.711798
[2018-11-14 02:41:30,322][INFO] [115/250] Time: 84.185523 s
[2018-11-14 02:41:30,323][INFO] ------------------------------
[2018-11-14 02:42:51,441][INFO] [116/250] train loss: 118.224091
[2018-11-14 02:42:56,840][INFO] [116/250] val loss: 166.523595
[2018-11-14 02:42:57,214][INFO] [116/250] Time: 86.889611 s
[2018-11-14 02:42:57,215][INFO] ------------------------------
[2018-11-14 02:44:16,658][INFO] [117/250] train loss: 116.157037
[2018-11-14 02:44:22,271][INFO] [117/250] val loss: 150.783626
[2018-11-14 02:44:22,660][INFO] [117/250] Time: 85.443118 s
[2018-11-14 02:44:22,661][INFO] ------------------------------
[2018-11-14 02:45:41,452][INFO] [118/250] train loss: 115.149098
[2018-11-14 02:45:46,921][INFO] [118/250] val loss: 155.533465
[2018-11-14 02:45:47,148][INFO] [118/250] Time: 84.486564 s
[2018-11-14 02:45:47,150][INFO] ------------------------------
[2018-11-14 02:47:11,807][INFO] [119/250] train loss: 113.400107
[2018-11-14 02:47:17,256][INFO] [119/250] val loss: 159.828142
[2018-11-14 02:47:17,549][INFO] [119/250] Time: 90.398198 s
[2018-11-14 02:47:17,550][INFO] ------------------------------
[2018-11-14 02:48:35,549][INFO] [120/250] train loss: 111.274759
[2018-11-14 02:48:40,820][INFO] [120/250] val loss: 156.022868
[2018-11-14 02:48:41,106][INFO] [120/250] Time: 83.555666 s
[2018-11-14 02:48:41,107][INFO] ------------------------------
[2018-11-14 02:50:03,466][INFO] [121/250] train loss: 111.848366
[2018-11-14 02:50:08,977][INFO] [121/250] val loss: 170.450615
[2018-11-14 02:50:09,289][INFO] [121/250] Time: 88.180804 s
[2018-11-14 02:50:09,290][INFO] ------------------------------
[2018-11-14 02:51:28,449][INFO] [122/250] train loss: 109.395538
[2018-11-14 02:51:33,954][INFO] [122/250] val loss: 175.108395
[2018-11-14 02:51:34,287][INFO] [122/250] Time: 84.995373 s
[2018-11-14 02:51:34,289][INFO] ------------------------------
[2018-11-14 02:53:00,405][INFO] [123/250] train loss: 109.486818
[2018-11-14 02:53:05,830][INFO] [123/250] val loss: 157.342548
[2018-11-14 02:53:06,129][INFO] [123/250] Time: 91.839168 s
[2018-11-14 02:53:06,130][INFO] ------------------------------
[2018-11-14 02:54:30,991][INFO] [124/250] train loss: 108.867993
[2018-11-14 02:54:36,609][INFO] [124/250] val loss: 142.766314
[2018-11-14 02:54:36,903][INFO] [124/250] Time: 90.771700 s
[2018-11-14 02:54:36,904][INFO] ------------------------------
[2018-11-14 02:55:59,769][INFO] [125/250] train loss: 106.671812
[2018-11-14 02:56:04,889][INFO] [125/250] val loss: 162.655172
[2018-11-14 02:56:05,192][INFO] [125/250] Time: 88.286636 s
[2018-11-14 02:56:05,192][INFO] ------------------------------
[2018-11-14 02:57:28,750][INFO] [126/250] train loss: 108.831330
[2018-11-14 02:57:34,200][INFO] [126/250] val loss: 148.126460
[2018-11-14 02:57:34,543][INFO] [126/250] Time: 89.350062 s
[2018-11-14 02:57:34,544][INFO] ------------------------------
[2018-11-14 02:58:57,308][INFO] [127/250] train loss: 105.429400
[2018-11-14 02:59:02,598][INFO] [127/250] val loss: 139.073557
[2018-11-14 02:59:03,038][INFO] [127/250] Time: 88.492795 s
[2018-11-14 02:59:03,039][INFO] ------------------------------
[2018-11-14 03:00:21,568][INFO] [128/250] train loss: 104.540529
[2018-11-14 03:00:26,872][INFO] [128/250] val loss: 167.449123
[2018-11-14 03:00:27,173][INFO] [128/250] Time: 84.133282 s
[2018-11-14 03:00:27,174][INFO] ------------------------------
[2018-11-14 03:01:51,760][INFO] [129/250] train loss: 104.685796
[2018-11-14 03:01:57,108][INFO] [129/250] val loss: 169.336999
[2018-11-14 03:01:57,449][INFO] [129/250] Time: 90.274291 s
[2018-11-14 03:01:57,450][INFO] ------------------------------
[2018-11-14 03:03:21,464][INFO] [130/250] train loss: 105.462098
[2018-11-14 03:03:26,777][INFO] [130/250] val loss: 137.514854
[2018-11-14 03:03:27,137][INFO] [130/250] Time: 89.686283 s
[2018-11-14 03:03:27,139][INFO] ------------------------------
[2018-11-14 03:04:50,699][INFO] [131/250] train loss: 102.782244
[2018-11-14 03:04:55,610][INFO] [131/250] val loss: 192.571823
[2018-11-14 03:04:55,929][INFO] [131/250] Time: 88.789445 s
[2018-11-14 03:04:55,930][INFO] ------------------------------
[2018-11-14 03:06:18,710][INFO] [132/250] train loss: 101.399985
[2018-11-14 03:06:24,193][INFO] [132/250] val loss: 142.734402
[2018-11-14 03:06:24,511][INFO] [132/250] Time: 88.580791 s
[2018-11-14 03:06:24,512][INFO] ------------------------------
[2018-11-14 03:07:50,701][INFO] [133/250] train loss: 99.322583
[2018-11-14 03:07:55,779][INFO] [133/250] val loss: 145.537611
[2018-11-14 03:07:56,101][INFO] [133/250] Time: 91.588186 s
[2018-11-14 03:07:56,103][INFO] ------------------------------
[2018-11-14 03:09:14,599][INFO] [134/250] train loss: 99.922980
[2018-11-14 03:09:20,202][INFO] [134/250] val loss: 138.507170
[2018-11-14 03:09:20,500][INFO] [134/250] Time: 84.396096 s
[2018-11-14 03:09:20,501][INFO] ------------------------------
[2018-11-14 03:10:43,252][INFO] [135/250] train loss: 100.244455
[2018-11-14 03:10:48,477][INFO] [135/250] val loss: 146.434001
[2018-11-14 03:10:48,775][INFO] [135/250] Time: 88.273326 s
[2018-11-14 03:10:48,776][INFO] ------------------------------
[2018-11-14 03:12:12,540][INFO] [136/250] train loss: 98.416332
[2018-11-14 03:12:17,961][INFO] [136/250] val loss: 148.981666
[2018-11-14 03:12:18,304][INFO] [136/250] Time: 89.526919 s
[2018-11-14 03:12:18,306][INFO] ------------------------------
[2018-11-14 03:13:42,539][INFO] [137/250] train loss: 97.559229
[2018-11-14 03:13:48,121][INFO] [137/250] val loss: 130.932704
[2018-11-14 03:13:48,503][INFO] [137/250] Time: 90.196077 s
[2018-11-14 03:13:48,504][INFO] ------------------------------
[2018-11-14 03:15:11,982][INFO] [138/250] train loss: 96.781307
[2018-11-14 03:15:17,466][INFO] [138/250] val loss: 151.682665
[2018-11-14 03:15:17,822][INFO] [138/250] Time: 89.317073 s
[2018-11-14 03:15:17,823][INFO] ------------------------------
[2018-11-14 03:16:44,317][INFO] [139/250] train loss: 96.229951
[2018-11-14 03:16:50,099][INFO] [139/250] val loss: 149.731000
[2018-11-14 03:16:50,430][INFO] [139/250] Time: 92.606136 s
[2018-11-14 03:16:50,432][INFO] ------------------------------
[2018-11-14 03:18:09,001][INFO] [140/250] train loss: 95.015442
[2018-11-14 03:18:14,777][INFO] [140/250] val loss: 161.377298
[2018-11-14 03:18:15,075][INFO] [140/250] Time: 84.642210 s
[2018-11-14 03:18:15,076][INFO] ------------------------------
[2018-11-14 03:19:44,932][INFO] [141/250] train loss: 94.541157
[2018-11-14 03:19:50,389][INFO] [141/250] val loss: 138.778685
[2018-11-14 03:19:50,710][INFO] [141/250] Time: 95.633516 s
[2018-11-14 03:19:50,711][INFO] ------------------------------
[2018-11-14 03:21:09,484][INFO] [142/250] train loss: 92.743312
[2018-11-14 03:21:15,087][INFO] [142/250] val loss: 137.997596
[2018-11-14 03:21:15,406][INFO] [142/250] Time: 84.693587 s
[2018-11-14 03:21:15,407][INFO] ------------------------------
[2018-11-14 03:22:37,018][INFO] [143/250] train loss: 93.027110
[2018-11-14 03:22:42,699][INFO] [143/250] val loss: 171.716438
[2018-11-14 03:22:43,044][INFO] [143/250] Time: 87.635719 s
[2018-11-14 03:22:43,046][INFO] ------------------------------
[2018-11-14 03:24:01,834][INFO] [144/250] train loss: 92.995314
[2018-11-14 03:24:07,440][INFO] [144/250] val loss: 138.206189
[2018-11-14 03:24:07,743][INFO] [144/250] Time: 84.696100 s
[2018-11-14 03:24:07,745][INFO] ------------------------------
[2018-11-14 03:25:25,876][INFO] [145/250] train loss: 91.611412
[2018-11-14 03:25:31,046][INFO] [145/250] val loss: 131.963355
[2018-11-14 03:25:31,330][INFO] [145/250] Time: 83.584836 s
[2018-11-14 03:25:31,331][INFO] ------------------------------
[2018-11-14 03:26:56,070][INFO] [146/250] train loss: 92.239815
[2018-11-14 03:27:01,007][INFO] [146/250] val loss: 130.208207
[2018-11-14 03:27:01,390][INFO] [146/250] Time: 90.057760 s
[2018-11-14 03:27:01,391][INFO] ------------------------------
[2018-11-14 03:28:27,010][INFO] [147/250] train loss: 91.239327
[2018-11-14 03:28:32,345][INFO] [147/250] val loss: 147.389991
[2018-11-14 03:28:32,636][INFO] [147/250] Time: 91.244386 s
[2018-11-14 03:28:32,638][INFO] ------------------------------
[2018-11-14 03:29:53,102][INFO] [148/250] train loss: 89.398649
[2018-11-14 03:29:58,395][INFO] [148/250] val loss: 144.027347
[2018-11-14 03:29:58,717][INFO] [148/250] Time: 86.078622 s
[2018-11-14 03:29:58,719][INFO] ------------------------------
[2018-11-14 03:31:17,310][INFO] [149/250] train loss: 89.170434
[2018-11-14 03:31:22,820][INFO] [149/250] val loss: 160.941117
[2018-11-14 03:31:23,148][INFO] [149/250] Time: 84.428101 s
[2018-11-14 03:31:23,149][INFO] ------------------------------
[2018-11-14 03:32:50,270][INFO] [150/250] train loss: 88.139619
[2018-11-14 03:32:55,754][INFO] [150/250] val loss: 133.791057
[2018-11-14 03:32:56,057][INFO] [150/250] Time: 92.907119 s
[2018-11-14 03:32:56,058][INFO] ------------------------------
[2018-11-14 03:34:14,857][INFO] [151/250] train loss: 86.786852
[2018-11-14 03:34:19,922][INFO] [151/250] val loss: 123.938043
[2018-11-14 03:34:20,301][INFO] [151/250] Time: 84.242199 s
[2018-11-14 03:34:20,302][INFO] ------------------------------
[2018-11-14 03:35:46,383][INFO] [152/250] train loss: 88.684834
[2018-11-14 03:35:51,667][INFO] [152/250] val loss: 178.706586
[2018-11-14 03:35:52,023][INFO] [152/250] Time: 91.719146 s
[2018-11-14 03:35:52,024][INFO] ------------------------------
[2018-11-14 03:37:17,465][INFO] [153/250] train loss: 88.105576
[2018-11-14 03:37:22,428][INFO] [153/250] val loss: 146.420678
[2018-11-14 03:37:22,787][INFO] [153/250] Time: 90.762398 s
[2018-11-14 03:37:22,789][INFO] ------------------------------
[2018-11-14 03:38:42,856][INFO] [154/250] train loss: 86.564596
[2018-11-14 03:38:48,366][INFO] [154/250] val loss: 132.641570
[2018-11-14 03:38:48,683][INFO] [154/250] Time: 85.892625 s
[2018-11-14 03:38:48,684][INFO] ------------------------------
[2018-11-14 03:40:17,137][INFO] [155/250] train loss: 85.633955
[2018-11-14 03:40:22,618][INFO] [155/250] val loss: 136.428985
[2018-11-14 03:40:22,914][INFO] [155/250] Time: 94.228769 s
[2018-11-14 03:40:22,915][INFO] ------------------------------
[2018-11-14 03:41:44,857][INFO] [156/250] train loss: 85.579277
[2018-11-14 03:41:50,464][INFO] [156/250] val loss: 144.668502
[2018-11-14 03:41:50,770][INFO] [156/250] Time: 87.853518 s
[2018-11-14 03:41:50,770][INFO] ------------------------------
[2018-11-14 03:43:08,962][INFO] [157/250] train loss: 82.495949
[2018-11-14 03:43:14,698][INFO] [157/250] val loss: 142.183215
[2018-11-14 03:43:14,986][INFO] [157/250] Time: 84.214356 s
[2018-11-14 03:43:14,987][INFO] ------------------------------
[2018-11-14 03:44:39,802][INFO] [158/250] train loss: 82.993615
[2018-11-14 03:44:45,405][INFO] [158/250] val loss: 130.933241
[2018-11-14 03:44:45,729][INFO] [158/250] Time: 90.741368 s
[2018-11-14 03:44:45,730][INFO] ------------------------------
[2018-11-14 03:46:07,816][INFO] [159/250] train loss: 83.670261
[2018-11-14 03:46:13,310][INFO] [159/250] val loss: 137.351504
[2018-11-14 03:46:13,612][INFO] [159/250] Time: 87.880452 s
[2018-11-14 03:46:13,612][INFO] ------------------------------
[2018-11-14 03:47:33,220][INFO] [160/250] train loss: 81.698294
[2018-11-14 03:47:39,113][INFO] [160/250] val loss: 132.531423
[2018-11-14 03:47:39,412][INFO] [160/250] Time: 85.798357 s
[2018-11-14 03:47:39,413][INFO] ------------------------------
[2018-11-14 03:49:07,039][INFO] [161/250] train loss: 81.413978
[2018-11-14 03:49:12,368][INFO] [161/250] val loss: 146.968080
[2018-11-14 03:49:12,731][INFO] [161/250] Time: 93.316947 s
[2018-11-14 03:49:12,732][INFO] ------------------------------
[2018-11-14 03:50:36,468][INFO] [162/250] train loss: 81.329936
[2018-11-14 03:50:42,185][INFO] [162/250] val loss: 117.597452
[2018-11-14 03:50:42,595][INFO] [162/250] Time: 89.862191 s
[2018-11-14 03:50:42,596][INFO] ------------------------------
[2018-11-14 03:52:08,774][INFO] [163/250] train loss: 80.116951
[2018-11-14 03:52:14,609][INFO] [163/250] val loss: 137.771009
[2018-11-14 03:52:14,995][INFO] [163/250] Time: 92.397549 s
[2018-11-14 03:52:14,996][INFO] ------------------------------
[2018-11-14 03:53:44,435][INFO] [164/250] train loss: 80.511219
[2018-11-14 03:53:50,131][INFO] [164/250] val loss: 139.339578
[2018-11-14 03:53:50,468][INFO] [164/250] Time: 95.470746 s
[2018-11-14 03:53:50,469][INFO] ------------------------------
[2018-11-14 03:55:17,497][INFO] [165/250] train loss: 80.599353
[2018-11-14 03:55:22,913][INFO] [165/250] val loss: 127.707801
[2018-11-14 03:55:23,236][INFO] [165/250] Time: 92.766226 s
[2018-11-14 03:55:23,237][INFO] ------------------------------
[2018-11-14 03:56:41,418][INFO] [166/250] train loss: 79.238994
[2018-11-14 03:56:46,403][INFO] [166/250] val loss: 117.146328
[2018-11-14 03:56:46,748][INFO] [166/250] Time: 83.509455 s
[2018-11-14 03:56:46,749][INFO] ------------------------------
[2018-11-14 03:58:13,932][INFO] [167/250] train loss: 77.817677
[2018-11-14 03:58:19,066][INFO] [167/250] val loss: 125.425186
[2018-11-14 03:58:19,356][INFO] [167/250] Time: 92.606335 s
[2018-11-14 03:58:19,358][INFO] ------------------------------
[2018-11-14 03:59:45,122][INFO] [168/250] train loss: 78.066762
[2018-11-14 03:59:50,701][INFO] [168/250] val loss: 147.309729
[2018-11-14 03:59:51,048][INFO] [168/250] Time: 91.689098 s
[2018-11-14 03:59:51,049][INFO] ------------------------------
[2018-11-14 04:01:16,511][INFO] [169/250] train loss: 76.351418
[2018-11-14 04:01:22,250][INFO] [169/250] val loss: 121.397372
[2018-11-14 04:01:22,570][INFO] [169/250] Time: 91.520902 s
[2018-11-14 04:01:22,571][INFO] ------------------------------
[2018-11-14 04:02:50,397][INFO] [170/250] train loss: 76.856468
[2018-11-14 04:02:55,859][INFO] [170/250] val loss: 127.510194
[2018-11-14 04:02:56,164][INFO] [170/250] Time: 93.591915 s
[2018-11-14 04:02:56,166][INFO] ------------------------------
[2018-11-14 04:04:20,564][INFO] [171/250] train loss: 76.249417
[2018-11-14 04:04:25,974][INFO] [171/250] val loss: 125.168934
[2018-11-14 04:04:26,339][INFO] [171/250] Time: 90.172570 s
[2018-11-14 04:04:26,340][INFO] ------------------------------
[2018-11-14 04:05:50,599][INFO] [172/250] train loss: 75.525516
[2018-11-14 04:05:55,911][INFO] [172/250] val loss: 113.324603
[2018-11-14 04:05:56,328][INFO] [172/250] Time: 89.986527 s
[2018-11-14 04:05:56,329][INFO] ------------------------------
[2018-11-14 04:07:20,401][INFO] [173/250] train loss: 76.241061
[2018-11-14 04:07:25,987][INFO] [173/250] val loss: 143.984489
[2018-11-14 04:07:26,374][INFO] [173/250] Time: 90.043291 s
[2018-11-14 04:07:26,375][INFO] ------------------------------
[2018-11-14 04:08:49,220][INFO] [174/250] train loss: 76.171318
[2018-11-14 04:08:55,003][INFO] [174/250] val loss: 106.919866
[2018-11-14 04:08:55,454][INFO] [174/250] Time: 89.077536 s
[2018-11-14 04:08:55,455][INFO] ------------------------------
[2018-11-14 04:10:14,563][INFO] [175/250] train loss: 73.721172
[2018-11-14 04:10:20,117][INFO] [175/250] val loss: 145.527720
[2018-11-14 04:10:20,437][INFO] [175/250] Time: 84.980844 s
[2018-11-14 04:10:20,439][INFO] ------------------------------
[2018-11-14 04:11:44,422][INFO] [176/250] train loss: 75.195639
[2018-11-14 04:11:50,115][INFO] [176/250] val loss: 113.966189
[2018-11-14 04:11:50,441][INFO] [176/250] Time: 90.001109 s
[2018-11-14 04:11:50,443][INFO] ------------------------------
[2018-11-14 04:13:15,060][INFO] [177/250] train loss: 73.639763
[2018-11-14 04:13:20,351][INFO] [177/250] val loss: 145.300917
[2018-11-14 04:13:20,646][INFO] [177/250] Time: 90.201690 s
[2018-11-14 04:13:20,647][INFO] ------------------------------
[2018-11-14 04:14:43,413][INFO] [178/250] train loss: 74.707142
[2018-11-14 04:14:49,107][INFO] [178/250] val loss: 131.913145
[2018-11-14 04:14:49,431][INFO] [178/250] Time: 88.783053 s
[2018-11-14 04:14:49,432][INFO] ------------------------------
[2018-11-14 04:16:12,228][INFO] [179/250] train loss: 72.986448
[2018-11-14 04:16:17,571][INFO] [179/250] val loss: 127.114366
[2018-11-14 04:16:17,887][INFO] [179/250] Time: 88.453740 s
[2018-11-14 04:16:17,888][INFO] ------------------------------
[2018-11-14 04:17:44,379][INFO] [180/250] train loss: 72.024105
[2018-11-14 04:17:49,798][INFO] [180/250] val loss: 110.084621
[2018-11-14 04:17:50,198][INFO] [180/250] Time: 92.308485 s
[2018-11-14 04:17:50,199][INFO] ------------------------------
[2018-11-14 04:19:16,941][INFO] [181/250] train loss: 73.369434
[2018-11-14 04:19:21,975][INFO] [181/250] val loss: 126.194894
[2018-11-14 04:19:22,288][INFO] [181/250] Time: 92.087711 s
[2018-11-14 04:19:22,289][INFO] ------------------------------
[2018-11-14 04:20:50,255][INFO] [182/250] train loss: 71.314070
[2018-11-14 04:20:55,688][INFO] [182/250] val loss: 119.842686
[2018-11-14 04:20:55,980][INFO] [182/250] Time: 93.689322 s
[2018-11-14 04:20:55,981][INFO] ------------------------------
[2018-11-14 04:22:14,198][INFO] [183/250] train loss: 70.565023
[2018-11-14 04:22:19,956][INFO] [183/250] val loss: 117.871468
[2018-11-14 04:22:20,327][INFO] [183/250] Time: 84.345382 s
[2018-11-14 04:22:20,328][INFO] ------------------------------
[2018-11-14 04:23:48,264][INFO] [184/250] train loss: 71.623178
[2018-11-14 04:23:54,115][INFO] [184/250] val loss: 115.201386
[2018-11-14 04:23:54,419][INFO] [184/250] Time: 94.090377 s
[2018-11-14 04:23:54,420][INFO] ------------------------------
[2018-11-14 04:25:17,822][INFO] [185/250] train loss: 70.389193
[2018-11-14 04:25:23,110][INFO] [185/250] val loss: 134.486580
[2018-11-14 04:25:23,460][INFO] [185/250] Time: 89.038908 s
[2018-11-14 04:25:23,461][INFO] ------------------------------
[2018-11-14 04:26:51,204][INFO] [186/250] train loss: 69.768287
[2018-11-14 04:26:56,703][INFO] [186/250] val loss: 125.982911
[2018-11-14 04:26:57,104][INFO] [186/250] Time: 93.641644 s
[2018-11-14 04:26:57,106][INFO] ------------------------------
[2018-11-14 04:28:20,687][INFO] [187/250] train loss: 69.152785
[2018-11-14 04:28:25,793][INFO] [187/250] val loss: 115.314728
[2018-11-14 04:28:26,152][INFO] [187/250] Time: 89.045243 s
[2018-11-14 04:28:26,154][INFO] ------------------------------
[2018-11-14 04:29:44,686][INFO] [188/250] train loss: 68.314869
[2018-11-14 04:29:49,781][INFO] [188/250] val loss: 114.388852
[2018-11-14 04:29:50,169][INFO] [188/250] Time: 84.013655 s
[2018-11-14 04:29:50,170][INFO] ------------------------------
[2018-11-14 04:31:08,697][INFO] [189/250] train loss: 68.476719
[2018-11-14 04:31:14,444][INFO] [189/250] val loss: 119.760017
[2018-11-14 04:31:14,821][INFO] [189/250] Time: 84.650799 s
[2018-11-14 04:31:14,823][INFO] ------------------------------
[2018-11-14 04:32:34,222][INFO] [190/250] train loss: 67.855751
[2018-11-14 04:32:39,880][INFO] [190/250] val loss: 106.884220
[2018-11-14 04:32:40,305][INFO] [190/250] Time: 85.481074 s
[2018-11-14 04:32:40,307][INFO] ------------------------------
[2018-11-14 04:33:59,734][INFO] [191/250] train loss: 66.787935
[2018-11-14 04:34:05,160][INFO] [191/250] val loss: 130.258049
[2018-11-14 04:34:05,396][INFO] [191/250] Time: 85.087413 s
[2018-11-14 04:34:05,398][INFO] ------------------------------
[2018-11-14 04:35:23,645][INFO] [192/250] train loss: 66.949566
[2018-11-14 04:35:28,342][INFO] [192/250] val loss: 127.175799
[2018-11-14 04:35:28,706][INFO] [192/250] Time: 83.307797 s
[2018-11-14 04:35:28,708][INFO] ------------------------------
[2018-11-14 04:36:52,232][INFO] [193/250] train loss: 66.290009
[2018-11-14 04:36:58,324][INFO] [193/250] val loss: 104.989778
[2018-11-14 04:36:58,734][INFO] [193/250] Time: 90.024661 s
[2018-11-14 04:36:58,735][INFO] ------------------------------
[2018-11-14 04:38:16,823][INFO] [194/250] train loss: 65.501731
[2018-11-14 04:38:22,005][INFO] [194/250] val loss: 103.884627
[2018-11-14 04:38:22,455][INFO] [194/250] Time: 83.718141 s
[2018-11-14 04:38:22,456][INFO] ------------------------------
[2018-11-14 04:39:41,207][INFO] [195/250] train loss: 65.475301
[2018-11-14 04:39:46,122][INFO] [195/250] val loss: 110.895212
[2018-11-14 04:39:46,430][INFO] [195/250] Time: 83.972639 s
[2018-11-14 04:39:46,431][INFO] ------------------------------
[2018-11-14 04:41:05,600][INFO] [196/250] train loss: 66.124796
[2018-11-14 04:41:11,077][INFO] [196/250] val loss: 137.294031
[2018-11-14 04:41:11,436][INFO] [196/250] Time: 85.004334 s
[2018-11-14 04:41:11,438][INFO] ------------------------------
[2018-11-14 04:42:36,794][INFO] [197/250] train loss: 65.873029
[2018-11-14 04:42:42,406][INFO] [197/250] val loss: 144.661578
[2018-11-14 04:42:42,693][INFO] [197/250] Time: 91.253526 s
[2018-11-14 04:42:42,693][INFO] ------------------------------
[2018-11-14 04:44:02,317][INFO] [198/250] train loss: 65.299452
[2018-11-14 04:44:07,610][INFO] [198/250] val loss: 121.956601
[2018-11-14 04:44:07,913][INFO] [198/250] Time: 85.218489 s
[2018-11-14 04:44:07,914][INFO] ------------------------------
[2018-11-14 04:45:26,454][INFO] [199/250] train loss: 64.053927
[2018-11-14 04:45:31,408][INFO] [199/250] val loss: 103.021646
[2018-11-14 04:45:31,813][INFO] [199/250] Time: 83.897423 s
[2018-11-14 04:45:31,814][INFO] ------------------------------
[2018-11-14 04:46:50,698][INFO] [200/250] train loss: 64.601073
[2018-11-14 04:46:55,837][INFO] [200/250] val loss: 117.803978
[2018-11-14 04:46:56,154][INFO] [200/250] Time: 84.338986 s
[2018-11-14 04:46:56,155][INFO] ------------------------------
[2018-11-14 04:48:21,121][INFO] [201/250] train loss: 64.657613
[2018-11-14 04:48:26,449][INFO] [201/250] val loss: 120.646739
[2018-11-14 04:48:26,784][INFO] [201/250] Time: 90.627888 s
[2018-11-14 04:48:26,785][INFO] ------------------------------
[2018-11-14 04:49:53,972][INFO] [202/250] train loss: 63.170210
[2018-11-14 04:49:59,550][INFO] [202/250] val loss: 140.757046
[2018-11-14 04:49:59,858][INFO] [202/250] Time: 93.071177 s
[2018-11-14 04:49:59,859][INFO] ------------------------------
[2018-11-14 04:51:23,637][INFO] [203/250] train loss: 62.966857
[2018-11-14 04:51:29,320][INFO] [203/250] val loss: 115.132019
[2018-11-14 04:51:29,702][INFO] [203/250] Time: 89.840722 s
[2018-11-14 04:51:29,703][INFO] ------------------------------
[2018-11-14 04:52:53,893][INFO] [204/250] train loss: 62.140133
[2018-11-14 04:52:59,273][INFO] [204/250] val loss: 133.631419
[2018-11-14 04:52:59,657][INFO] [204/250] Time: 89.952675 s
[2018-11-14 04:52:59,658][INFO] ------------------------------
[2018-11-14 04:54:18,085][INFO] [205/250] train loss: 61.791733
[2018-11-14 04:54:23,089][INFO] [205/250] val loss: 112.511627
[2018-11-14 04:54:23,394][INFO] [205/250] Time: 83.734409 s
[2018-11-14 04:54:23,396][INFO] ------------------------------
[2018-11-14 04:55:45,564][INFO] [206/250] train loss: 63.113069
[2018-11-14 04:55:51,266][INFO] [206/250] val loss: 116.250802
[2018-11-14 04:55:51,601][INFO] [206/250] Time: 88.203791 s
[2018-11-14 04:55:51,602][INFO] ------------------------------
[2018-11-14 04:57:10,709][INFO] [207/250] train loss: 60.907283
[2018-11-14 04:57:15,916][INFO] [207/250] val loss: 110.826997
[2018-11-14 04:57:16,199][INFO] [207/250] Time: 84.595601 s
[2018-11-14 04:57:16,200][INFO] ------------------------------
[2018-11-14 04:58:41,299][INFO] [208/250] train loss: 61.332270
[2018-11-14 04:58:46,926][INFO] [208/250] val loss: 118.480355
[2018-11-14 04:58:47,244][INFO] [208/250] Time: 91.042987 s
[2018-11-14 04:58:47,245][INFO] ------------------------------
[2018-11-14 05:00:12,284][INFO] [209/250] train loss: 61.501314
[2018-11-14 05:00:17,651][INFO] [209/250] val loss: 122.216969
[2018-11-14 05:00:17,935][INFO] [209/250] Time: 90.688716 s
[2018-11-14 05:00:17,936][INFO] ------------------------------
[2018-11-14 05:01:42,568][INFO] [210/250] train loss: 61.524508
[2018-11-14 05:01:47,925][INFO] [210/250] val loss: 100.810260
[2018-11-14 05:01:48,372][INFO] [210/250] Time: 90.435231 s
[2018-11-14 05:01:48,374][INFO] ------------------------------
[2018-11-14 05:03:07,045][INFO] [211/250] train loss: 59.564606
[2018-11-14 05:03:12,435][INFO] [211/250] val loss: 118.814641
[2018-11-14 05:03:12,683][INFO] [211/250] Time: 84.308079 s
[2018-11-14 05:03:12,684][INFO] ------------------------------
[2018-11-14 05:04:32,359][INFO] [212/250] train loss: 60.517858
[2018-11-14 05:04:38,039][INFO] [212/250] val loss: 126.133715
[2018-11-14 05:04:38,364][INFO] [212/250] Time: 85.678504 s
[2018-11-14 05:04:38,365][INFO] ------------------------------
[2018-11-14 05:05:56,649][INFO] [213/250] train loss: 59.824949
[2018-11-14 05:06:01,914][INFO] [213/250] val loss: 106.835264
[2018-11-14 05:06:02,195][INFO] [213/250] Time: 83.829551 s
[2018-11-14 05:06:02,196][INFO] ------------------------------
[2018-11-14 05:07:23,777][INFO] [214/250] train loss: 60.798489
[2018-11-14 05:07:29,112][INFO] [214/250] val loss: 100.559557
[2018-11-14 05:07:29,491][INFO] [214/250] Time: 87.294399 s
[2018-11-14 05:07:29,493][INFO] ------------------------------
[2018-11-14 05:08:53,813][INFO] [215/250] train loss: 60.309312
[2018-11-14 05:08:59,054][INFO] [215/250] val loss: 105.173269
[2018-11-14 05:08:59,342][INFO] [215/250] Time: 89.847735 s
[2018-11-14 05:08:59,343][INFO] ------------------------------
[2018-11-14 05:10:17,894][INFO] [216/250] train loss: 58.675771
[2018-11-14 05:10:23,094][INFO] [216/250] val loss: 114.552528
[2018-11-14 05:10:23,373][INFO] [216/250] Time: 84.028606 s
[2018-11-14 05:10:23,374][INFO] ------------------------------
[2018-11-14 05:11:46,338][INFO] [217/250] train loss: 58.388566
[2018-11-14 05:11:52,210][INFO] [217/250] val loss: 99.261007
[2018-11-14 05:11:52,696][INFO] [217/250] Time: 89.321238 s
[2018-11-14 05:11:52,700][INFO] ------------------------------
[2018-11-14 05:13:11,487][INFO] [218/250] train loss: 59.669532
[2018-11-14 05:13:17,151][INFO] [218/250] val loss: 129.295613
[2018-11-14 05:13:17,512][INFO] [218/250] Time: 84.810280 s
[2018-11-14 05:13:17,515][INFO] ------------------------------
[2018-11-14 05:14:36,528][INFO] [219/250] train loss: 57.213311
[2018-11-14 05:14:41,658][INFO] [219/250] val loss: 96.732091
[2018-11-14 05:14:42,091][INFO] [219/250] Time: 84.574667 s
[2018-11-14 05:14:42,092][INFO] ------------------------------
[2018-11-14 05:16:01,327][INFO] [220/250] train loss: 58.184911
[2018-11-14 05:16:06,595][INFO] [220/250] val loss: 113.947309
[2018-11-14 05:16:06,883][INFO] [220/250] Time: 84.789690 s
[2018-11-14 05:16:06,884][INFO] ------------------------------
[2018-11-14 05:17:31,100][INFO] [221/250] train loss: 58.597910
[2018-11-14 05:17:36,454][INFO] [221/250] val loss: 96.554011
[2018-11-14 05:17:36,801][INFO] [221/250] Time: 89.915379 s
[2018-11-14 05:17:36,802][INFO] ------------------------------
[2018-11-14 05:18:56,337][INFO] [222/250] train loss: 56.727014
[2018-11-14 05:19:01,553][INFO] [222/250] val loss: 112.103824
[2018-11-14 05:19:02,611][INFO] [222/250] Time: 85.807298 s
[2018-11-14 05:19:02,612][INFO] ------------------------------
[2018-11-14 05:20:20,967][INFO] [223/250] train loss: 56.314284
[2018-11-14 05:20:26,157][INFO] [223/250] val loss: 122.784731
[2018-11-14 05:20:26,455][INFO] [223/250] Time: 83.842903 s
[2018-11-14 05:20:26,457][INFO] ------------------------------
[2018-11-14 05:21:48,912][INFO] [224/250] train loss: 56.664544
[2018-11-14 05:21:54,449][INFO] [224/250] val loss: 100.151196
[2018-11-14 05:21:54,709][INFO] [224/250] Time: 88.251639 s
[2018-11-14 05:21:54,710][INFO] ------------------------------
[2018-11-14 05:23:16,545][INFO] [225/250] train loss: 56.273578
[2018-11-14 05:23:21,652][INFO] [225/250] val loss: 119.193065
[2018-11-14 05:23:21,935][INFO] [225/250] Time: 87.224237 s
[2018-11-14 05:23:21,936][INFO] ------------------------------
[2018-11-14 05:24:45,632][INFO] [226/250] train loss: 56.418236
[2018-11-14 05:24:51,046][INFO] [226/250] val loss: 99.071954
[2018-11-14 05:24:51,320][INFO] [226/250] Time: 89.382942 s
[2018-11-14 05:24:51,321][INFO] ------------------------------
[2018-11-14 05:26:09,703][INFO] [227/250] train loss: 55.512962
[2018-11-14 05:26:14,832][INFO] [227/250] val loss: 117.721896
[2018-11-14 05:26:15,129][INFO] [227/250] Time: 83.806911 s
[2018-11-14 05:26:15,130][INFO] ------------------------------
[2018-11-14 05:27:35,353][INFO] [228/250] train loss: 55.121027
[2018-11-14 05:27:40,989][INFO] [228/250] val loss: 101.633501
[2018-11-14 05:27:41,332][INFO] [228/250] Time: 86.200516 s
[2018-11-14 05:27:41,333][INFO] ------------------------------
[2018-11-14 05:28:59,928][INFO] [229/250] train loss: 54.189117
[2018-11-14 05:29:05,247][INFO] [229/250] val loss: 107.376436
[2018-11-14 05:29:05,520][INFO] [229/250] Time: 84.185247 s
[2018-11-14 05:29:05,521][INFO] ------------------------------
[2018-11-14 05:30:27,575][INFO] [230/250] train loss: 55.791851
[2018-11-14 05:30:33,097][INFO] [230/250] val loss: 112.052921
[2018-11-14 05:30:33,396][INFO] [230/250] Time: 87.874307 s
[2018-11-14 05:30:33,397][INFO] ------------------------------
[2018-11-14 05:31:53,603][INFO] [231/250] train loss: 54.423946
[2018-11-14 05:31:58,848][INFO] [231/250] val loss: 117.248989
[2018-11-14 05:31:59,131][INFO] [231/250] Time: 85.732354 s
[2018-11-14 05:31:59,132][INFO] ------------------------------
[2018-11-14 05:33:18,213][INFO] [232/250] train loss: 54.042503
[2018-11-14 05:33:24,103][INFO] [232/250] val loss: 107.599679
[2018-11-14 05:33:24,383][INFO] [232/250] Time: 85.250627 s
[2018-11-14 05:33:24,384][INFO] ------------------------------
[2018-11-14 05:34:44,325][INFO] [233/250] train loss: 54.018454
[2018-11-14 05:34:49,638][INFO] [233/250] val loss: 100.801449
[2018-11-14 05:34:49,970][INFO] [233/250] Time: 85.584452 s
[2018-11-14 05:34:49,971][INFO] ------------------------------
[2018-11-14 05:36:08,607][INFO] [234/250] train loss: 53.948082
[2018-11-14 05:36:14,503][INFO] [234/250] val loss: 114.697911
[2018-11-14 05:36:14,845][INFO] [234/250] Time: 84.872235 s
[2018-11-14 05:36:14,846][INFO] ------------------------------
[2018-11-14 05:37:39,370][INFO] [235/250] train loss: 53.064000
[2018-11-14 05:37:44,799][INFO] [235/250] val loss: 112.760567
[2018-11-14 05:37:45,127][INFO] [235/250] Time: 90.280118 s
[2018-11-14 05:37:45,128][INFO] ------------------------------
[2018-11-14 05:39:15,426][INFO] [236/250] train loss: 53.529947
[2018-11-14 05:39:20,388][INFO] [236/250] val loss: 97.260494
[2018-11-14 05:39:20,717][INFO] [236/250] Time: 95.587991 s
[2018-11-14 05:39:20,718][INFO] ------------------------------
[2018-11-14 05:40:48,327][INFO] [237/250] train loss: 52.421831
[2018-11-14 05:40:53,957][INFO] [237/250] val loss: 118.184390
[2018-11-14 05:40:54,246][INFO] [237/250] Time: 93.526582 s
[2018-11-14 05:40:54,247][INFO] ------------------------------
[2018-11-14 05:42:13,190][INFO] [238/250] train loss: 53.022391
[2018-11-14 05:42:18,582][INFO] [238/250] val loss: 120.823192
[2018-11-14 05:42:18,937][INFO] [238/250] Time: 84.689172 s
[2018-11-14 05:42:18,938][INFO] ------------------------------
[2018-11-14 05:43:44,760][INFO] [239/250] train loss: 53.104389
[2018-11-14 05:43:50,332][INFO] [239/250] val loss: 95.535451
[2018-11-14 05:43:50,784][INFO] [239/250] Time: 91.844741 s
[2018-11-14 05:43:50,785][INFO] ------------------------------
[2018-11-14 05:45:14,579][INFO] [240/250] train loss: 52.265877
[2018-11-14 05:45:19,780][INFO] [240/250] val loss: 102.101916
[2018-11-14 05:45:20,168][INFO] [240/250] Time: 89.381826 s
[2018-11-14 05:45:20,170][INFO] ------------------------------
[2018-11-14 05:46:48,236][INFO] [241/250] train loss: 51.435960
[2018-11-14 05:46:53,418][INFO] [241/250] val loss: 100.963893
[2018-11-14 05:46:53,771][INFO] [241/250] Time: 93.600255 s
[2018-11-14 05:46:53,773][INFO] ------------------------------
[2018-11-14 05:48:21,423][INFO] [242/250] train loss: 51.321398
[2018-11-14 05:48:26,935][INFO] [242/250] val loss: 89.322335
[2018-11-14 05:48:27,381][INFO] [242/250] Time: 93.606808 s
[2018-11-14 05:48:27,382][INFO] ------------------------------
[2018-11-14 05:49:53,408][INFO] [243/250] train loss: 51.059908
[2018-11-14 05:49:59,262][INFO] [243/250] val loss: 99.013999
[2018-11-14 05:49:59,550][INFO] [243/250] Time: 92.166667 s
[2018-11-14 05:49:59,551][INFO] ------------------------------
[2018-11-14 05:51:23,843][INFO] [244/250] train loss: 51.272720
[2018-11-14 05:51:29,240][INFO] [244/250] val loss: 124.148082
[2018-11-14 05:51:29,533][INFO] [244/250] Time: 89.981503 s
[2018-11-14 05:51:29,534][INFO] ------------------------------
[2018-11-14 05:52:53,504][INFO] [245/250] train loss: 51.695106
[2018-11-14 05:52:59,008][INFO] [245/250] val loss: 115.751183
[2018-11-14 05:52:59,348][INFO] [245/250] Time: 89.813248 s
[2018-11-14 05:52:59,349][INFO] ------------------------------
[2018-11-14 05:54:28,059][INFO] [246/250] train loss: 51.986709
[2018-11-14 05:54:33,705][INFO] [246/250] val loss: 104.118122
[2018-11-14 05:54:34,100][INFO] [246/250] Time: 94.750120 s
[2018-11-14 05:54:34,102][INFO] ------------------------------
[2018-11-14 05:55:52,537][INFO] [247/250] train loss: 50.866761
[2018-11-14 05:55:58,296][INFO] [247/250] val loss: 110.898751
[2018-11-14 05:55:58,599][INFO] [247/250] Time: 84.496304 s
[2018-11-14 05:55:58,600][INFO] ------------------------------
[2018-11-14 05:57:23,609][INFO] [248/250] train loss: 50.203114
[2018-11-14 05:57:29,169][INFO] [248/250] val loss: 95.516347
[2018-11-14 05:57:29,463][INFO] [248/250] Time: 90.862376 s
[2018-11-14 05:57:29,465][INFO] ------------------------------
[2018-11-14 05:58:56,602][INFO] [249/250] train loss: 50.262463
[2018-11-14 05:59:02,435][INFO] [249/250] val loss: 92.393746
[2018-11-14 05:59:02,714][INFO] [249/250] Time: 93.249017 s
[2018-11-14 05:59:02,715][INFO] ------------------------------
[2018-11-14 06:00:21,708][INFO] [250/250] train loss: 49.720504
[2018-11-14 06:00:26,577][INFO] [250/250] val loss: 103.982096
[2018-11-14 06:00:26,858][INFO] [250/250] Time: 84.141532 s
[2018-11-14 06:00:26,859][INFO] [-----] All epochs completed in 366m 5s
