[2018-11-16 20:38:35,082][INFO] Visdom successfully connected to server
[2018-11-16 20:38:35,293][INFO] ------------------------------
[2018-11-16 20:38:55,854][INFO] Visdom successfully connected to server
[2018-11-16 20:38:56,064][INFO] ------------------------------
[2018-11-16 20:39:28,351][INFO] Visdom successfully connected to server
[2018-11-16 20:39:28,574][INFO] ------------------------------
[2018-11-16 20:40:10,896][INFO] [1/500] train loss: 49259.882816
[2018-11-16 20:40:13,430][INFO] [1/500] val loss: 83138.531562
[2018-11-16 20:40:13,865][INFO] [1/500] Time: 45.290104 s
[2018-11-16 20:40:13,868][INFO] ------------------------------
[2018-11-16 20:40:56,740][INFO] [2/500] train loss: 33056.243017
[2018-11-16 20:40:59,245][INFO] [2/500] val loss: 57567.898750
[2018-11-16 20:40:59,651][INFO] [2/500] Time: 45.781944 s
[2018-11-16 20:40:59,652][INFO] ------------------------------
[2018-11-16 20:41:42,265][INFO] [3/500] train loss: 28286.819127
[2018-11-16 20:41:44,757][INFO] [3/500] val loss: 33997.313766
[2018-11-16 20:41:45,183][INFO] [3/500] Time: 45.529996 s
[2018-11-16 20:41:45,184][INFO] ------------------------------
[2018-11-16 20:42:27,679][INFO] [4/500] train loss: 26654.535668
[2018-11-16 20:42:30,329][INFO] [4/500] val loss: 40861.377437
[2018-11-16 20:42:30,614][INFO] [4/500] Time: 45.428277 s
[2018-11-16 20:42:30,615][INFO] ------------------------------
[2018-11-16 20:43:13,267][INFO] [5/500] train loss: 23221.320788
[2018-11-16 20:43:15,696][INFO] [5/500] val loss: 27438.685750
[2018-11-16 20:43:16,191][INFO] [5/500] Time: 45.575833 s
[2018-11-16 20:43:16,192][INFO] ------------------------------
[2018-11-16 20:43:59,321][INFO] [6/500] train loss: 18855.760885
[2018-11-16 20:44:02,009][INFO] [6/500] val loss: 31955.978250
[2018-11-16 20:44:02,351][INFO] [6/500] Time: 46.157355 s
[2018-11-16 20:44:02,352][INFO] ------------------------------
[2018-11-16 20:44:45,810][INFO] [7/500] train loss: 18050.849472
[2018-11-16 20:44:48,211][INFO] [7/500] val loss: 26128.686688
[2018-11-16 20:44:48,732][INFO] [7/500] Time: 46.378196 s
[2018-11-16 20:44:48,733][INFO] ------------------------------
[2018-11-16 20:45:32,159][INFO] [8/500] train loss: 15639.246272
[2018-11-16 20:45:34,723][INFO] [8/500] val loss: 15405.529578
[2018-11-16 20:45:35,296][INFO] [8/500] Time: 46.561685 s
[2018-11-16 20:45:35,297][INFO] ------------------------------
[2018-11-16 20:46:18,697][INFO] [9/500] train loss: 11176.219012
[2018-11-16 20:46:21,435][INFO] [9/500] val loss: 18708.816406
[2018-11-16 20:46:21,681][INFO] [9/500] Time: 46.382629 s
[2018-11-16 20:46:21,682][INFO] ------------------------------
[2018-11-16 20:47:04,442][INFO] [10/500] train loss: 7756.813732
[2018-11-16 20:47:07,321][INFO] [10/500] val loss: 25681.623375
[2018-11-16 20:47:07,586][INFO] [10/500] Time: 45.903328 s
[2018-11-16 20:47:07,587][INFO] ------------------------------
[2018-11-16 20:47:50,725][INFO] [11/500] train loss: 6498.871412
[2018-11-16 20:47:53,474][INFO] [11/500] val loss: 13027.138133
[2018-11-16 20:47:53,963][INFO] [11/500] Time: 46.374597 s
[2018-11-16 20:47:53,964][INFO] ------------------------------
[2018-11-16 20:48:37,113][INFO] [12/500] train loss: 5969.525997
[2018-11-16 20:48:39,866][INFO] [12/500] val loss: 9033.546359
[2018-11-16 20:48:40,366][INFO] [12/500] Time: 46.400556 s
[2018-11-16 20:48:40,367][INFO] ------------------------------
[2018-11-16 20:49:23,365][INFO] [13/500] train loss: 5726.160747
[2018-11-16 20:49:26,131][INFO] [13/500] val loss: 5460.547445
[2018-11-16 20:49:26,614][INFO] [13/500] Time: 46.245981 s
[2018-11-16 20:49:26,615][INFO] ------------------------------
[2018-11-16 20:50:10,184][INFO] [14/500] train loss: 5518.895784
[2018-11-16 20:50:12,917][INFO] [14/500] val loss: 8957.443523
[2018-11-16 20:50:13,190][INFO] [14/500] Time: 46.574401 s
[2018-11-16 20:50:13,191][INFO] ------------------------------
[2018-11-16 20:50:56,368][INFO] [15/500] train loss: 5259.970694
[2018-11-16 20:50:59,040][INFO] [15/500] val loss: 5547.782773
[2018-11-16 20:50:59,317][INFO] [15/500] Time: 46.124986 s
[2018-11-16 20:50:59,318][INFO] ------------------------------
[2018-11-16 20:51:43,018][INFO] [16/500] train loss: 5125.282258
[2018-11-16 20:51:45,533][INFO] [16/500] val loss: 9094.916992
[2018-11-16 20:51:45,924][INFO] [16/500] Time: 46.605402 s
[2018-11-16 20:51:45,925][INFO] ------------------------------
[2018-11-16 20:52:29,300][INFO] [17/500] train loss: 4943.183098
[2018-11-16 20:52:32,027][INFO] [17/500] val loss: 5320.101734
[2018-11-16 20:52:32,551][INFO] [17/500] Time: 46.624977 s
[2018-11-16 20:52:32,552][INFO] ------------------------------
[2018-11-16 20:53:16,777][INFO] [18/500] train loss: 4815.050978
[2018-11-16 20:53:19,647][INFO] [18/500] val loss: 5022.988121
[2018-11-16 20:53:20,148][INFO] [18/500] Time: 47.594970 s
[2018-11-16 20:53:20,149][INFO] ------------------------------
[2018-11-16 20:54:03,462][INFO] [19/500] train loss: 4719.641260
[2018-11-16 20:54:06,059][INFO] [19/500] val loss: 4095.607113
[2018-11-16 20:54:06,573][INFO] [19/500] Time: 46.422747 s
[2018-11-16 20:54:06,574][INFO] ------------------------------
[2018-11-16 20:54:49,841][INFO] [20/500] train loss: 4746.512503
[2018-11-16 20:54:52,657][INFO] [20/500] val loss: 9245.638625
[2018-11-16 20:54:52,907][INFO] [20/500] Time: 46.332179 s
[2018-11-16 20:54:52,908][INFO] ------------------------------
[2018-11-16 20:55:36,203][INFO] [21/500] train loss: 4465.885326
[2018-11-16 20:55:38,825][INFO] [21/500] val loss: 4358.491711
[2018-11-16 20:55:39,158][INFO] [21/500] Time: 46.249733 s
[2018-11-16 20:55:39,159][INFO] ------------------------------
[2018-11-16 20:56:22,069][INFO] [22/500] train loss: 4494.013487
[2018-11-16 20:56:24,805][INFO] [22/500] val loss: 7482.364273
[2018-11-16 20:56:25,065][INFO] [22/500] Time: 45.904443 s
[2018-11-16 20:56:25,066][INFO] ------------------------------
[2018-11-16 20:57:08,178][INFO] [23/500] train loss: 4190.629922
[2018-11-16 20:57:10,818][INFO] [23/500] val loss: 4937.598234
[2018-11-16 20:57:11,086][INFO] [23/500] Time: 46.019867 s
[2018-11-16 20:57:11,087][INFO] ------------------------------
[2018-11-16 20:57:54,174][INFO] [24/500] train loss: 4293.557793
[2018-11-16 20:57:56,795][INFO] [24/500] val loss: 6094.233277
[2018-11-16 20:57:57,197][INFO] [24/500] Time: 46.108191 s
[2018-11-16 20:57:57,198][INFO] ------------------------------
[2018-11-16 20:58:40,412][INFO] [25/500] train loss: 4302.199803
[2018-11-16 20:58:43,134][INFO] [25/500] val loss: 5602.081766
[2018-11-16 20:58:43,403][INFO] [25/500] Time: 46.203773 s
[2018-11-16 20:58:43,404][INFO] ------------------------------
[2018-11-16 20:59:26,823][INFO] [26/500] train loss: 4083.131508
[2018-11-16 20:59:29,595][INFO] [26/500] val loss: 5835.169586
[2018-11-16 20:59:29,844][INFO] [26/500] Time: 46.438865 s
[2018-11-16 20:59:29,845][INFO] ------------------------------
[2018-11-16 21:00:14,077][INFO] [27/500] train loss: 4080.899928
[2018-11-16 21:00:16,678][INFO] [27/500] val loss: 2693.120063
[2018-11-16 21:00:17,170][INFO] [27/500] Time: 47.324056 s
[2018-11-16 21:00:17,171][INFO] ------------------------------
[2018-11-16 21:01:01,581][INFO] [28/500] train loss: 3994.491199
[2018-11-16 21:01:04,226][INFO] [28/500] val loss: 4276.867504
[2018-11-16 21:01:04,490][INFO] [28/500] Time: 47.318455 s
[2018-11-16 21:01:04,491][INFO] ------------------------------
[2018-11-16 21:01:47,823][INFO] [29/500] train loss: 3922.643820
[2018-11-16 21:01:50,560][INFO] [29/500] val loss: 8132.191906
[2018-11-16 21:01:50,819][INFO] [29/500] Time: 46.327154 s
[2018-11-16 21:01:50,820][INFO] ------------------------------
[2018-11-16 21:02:34,236][INFO] [30/500] train loss: 3986.513986
[2018-11-16 21:02:36,903][INFO] [30/500] val loss: 3037.767178
[2018-11-16 21:02:37,168][INFO] [30/500] Time: 46.346594 s
[2018-11-16 21:02:37,169][INFO] ------------------------------
[2018-11-16 21:03:20,037][INFO] [31/500] train loss: 3916.824702
[2018-11-16 21:03:22,476][INFO] [31/500] val loss: 3845.100691
[2018-11-16 21:03:22,768][INFO] [31/500] Time: 45.598498 s
[2018-11-16 21:03:22,769][INFO] ------------------------------
[2018-11-16 21:04:06,553][INFO] [32/500] train loss: 3816.303312
[2018-11-16 21:04:09,169][INFO] [32/500] val loss: 4024.492939
[2018-11-16 21:04:09,457][INFO] [32/500] Time: 46.687127 s
[2018-11-16 21:04:09,458][INFO] ------------------------------
[2018-11-16 21:04:52,607][INFO] [33/500] train loss: 3798.955760
[2018-11-16 21:04:55,145][INFO] [33/500] val loss: 9082.233867
[2018-11-16 21:04:55,419][INFO] [33/500] Time: 45.959722 s
[2018-11-16 21:04:55,420][INFO] ------------------------------
[2018-11-16 21:05:38,996][INFO] [34/500] train loss: 3800.990229
[2018-11-16 21:05:41,648][INFO] [34/500] val loss: 5444.250055
[2018-11-16 21:05:41,982][INFO] [34/500] Time: 46.561234 s
[2018-11-16 21:05:41,983][INFO] ------------------------------
[2018-11-16 21:06:25,896][INFO] [35/500] train loss: 3505.419535
[2018-11-16 21:06:28,579][INFO] [35/500] val loss: 3862.640563
[2018-11-16 21:06:28,872][INFO] [35/500] Time: 46.887057 s
[2018-11-16 21:06:28,873][INFO] ------------------------------
[2018-11-16 21:07:11,973][INFO] [36/500] train loss: 3627.298444
[2018-11-16 21:07:14,501][INFO] [36/500] val loss: 2729.901367
[2018-11-16 21:07:14,791][INFO] [36/500] Time: 45.917759 s
[2018-11-16 21:07:14,792][INFO] ------------------------------
[2018-11-16 21:07:58,248][INFO] [37/500] train loss: 3510.008720
[2018-11-16 21:08:00,948][INFO] [37/500] val loss: 3123.370238
[2018-11-16 21:08:01,247][INFO] [37/500] Time: 46.453826 s
[2018-11-16 21:08:01,248][INFO] ------------------------------
[2018-11-16 21:08:44,739][INFO] [38/500] train loss: 3627.988481
[2018-11-16 21:08:47,389][INFO] [38/500] val loss: 2373.304129
[2018-11-16 21:08:47,905][INFO] [38/500] Time: 46.656306 s
[2018-11-16 21:08:47,907][INFO] ------------------------------
[2018-11-16 21:09:31,533][INFO] [39/500] train loss: 3524.097750
[2018-11-16 21:09:34,276][INFO] [39/500] val loss: 4412.910715
[2018-11-16 21:09:34,575][INFO] [39/500] Time: 46.666533 s
[2018-11-16 21:09:34,576][INFO] ------------------------------
[2018-11-16 21:10:18,028][INFO] [40/500] train loss: 3505.832287
[2018-11-16 21:10:20,778][INFO] [40/500] val loss: 3547.887205
[2018-11-16 21:10:21,074][INFO] [40/500] Time: 46.497720 s
[2018-11-16 21:10:21,075][INFO] ------------------------------
[2018-11-16 21:11:05,128][INFO] [41/500] train loss: 3610.007409
[2018-11-16 21:11:07,784][INFO] [41/500] val loss: 3776.581795
[2018-11-16 21:11:08,135][INFO] [41/500] Time: 47.059208 s
[2018-11-16 21:11:08,136][INFO] ------------------------------
[2018-11-16 21:11:52,222][INFO] [42/500] train loss: 3553.504199
[2018-11-16 21:11:54,863][INFO] [42/500] val loss: 5077.027566
[2018-11-16 21:11:55,129][INFO] [42/500] Time: 46.991626 s
[2018-11-16 21:11:55,130][INFO] ------------------------------
[2018-11-16 21:12:38,835][INFO] [43/500] train loss: 3525.203756
[2018-11-16 21:12:41,498][INFO] [43/500] val loss: 1937.885258
[2018-11-16 21:12:41,987][INFO] [43/500] Time: 46.855770 s
[2018-11-16 21:12:41,988][INFO] ------------------------------
[2018-11-16 21:13:25,809][INFO] [44/500] train loss: 3415.250276
[2018-11-16 21:13:28,438][INFO] [44/500] val loss: 4841.091117
[2018-11-16 21:13:28,709][INFO] [44/500] Time: 46.720026 s
[2018-11-16 21:13:28,710][INFO] ------------------------------
[2018-11-16 21:14:12,391][INFO] [45/500] train loss: 3395.183562
[2018-11-16 21:14:14,963][INFO] [45/500] val loss: 2068.074391
[2018-11-16 21:14:15,204][INFO] [45/500] Time: 46.493606 s
[2018-11-16 21:14:15,205][INFO] ------------------------------
[2018-11-16 21:14:58,213][INFO] [46/500] train loss: 3391.040147
[2018-11-16 21:15:00,934][INFO] [46/500] val loss: 2588.566252
[2018-11-16 21:15:01,206][INFO] [46/500] Time: 45.999905 s
[2018-11-16 21:15:01,207][INFO] ------------------------------
[2018-11-16 21:15:44,874][INFO] [47/500] train loss: 3342.880517
[2018-11-16 21:15:47,473][INFO] [47/500] val loss: 5144.742605
[2018-11-16 21:15:47,739][INFO] [47/500] Time: 46.530599 s
[2018-11-16 21:15:47,740][INFO] ------------------------------
[2018-11-16 21:16:31,281][INFO] [48/500] train loss: 3366.802562
[2018-11-16 21:16:33,943][INFO] [48/500] val loss: 2510.145330
[2018-11-16 21:16:34,231][INFO] [48/500] Time: 46.489974 s
[2018-11-16 21:16:34,232][INFO] ------------------------------
[2018-11-16 21:17:18,343][INFO] [49/500] train loss: 3272.459791
[2018-11-16 21:17:20,952][INFO] [49/500] val loss: 3542.957465
[2018-11-16 21:17:21,230][INFO] [49/500] Time: 46.996212 s
[2018-11-16 21:17:21,231][INFO] ------------------------------
[2018-11-16 21:18:04,997][INFO] [50/500] train loss: 3280.578186
[2018-11-16 21:18:07,426][INFO] [50/500] val loss: 4074.436268
[2018-11-16 21:18:07,703][INFO] [50/500] Time: 46.472036 s
[2018-11-16 21:18:07,705][INFO] ------------------------------
[2018-11-16 21:18:50,972][INFO] [51/500] train loss: 3215.674715
[2018-11-16 21:18:53,686][INFO] [51/500] val loss: 1757.206498
[2018-11-16 21:18:54,200][INFO] [51/500] Time: 46.494990 s
[2018-11-16 21:18:54,203][INFO] ------------------------------
[2018-11-16 21:19:37,332][INFO] [52/500] train loss: 3278.258756
[2018-11-16 21:19:40,066][INFO] [52/500] val loss: 3310.583051
[2018-11-16 21:19:40,405][INFO] [52/500] Time: 46.200758 s
[2018-11-16 21:19:40,406][INFO] ------------------------------
[2018-11-16 21:20:24,846][INFO] [53/500] train loss: 3161.223985
[2018-11-16 21:20:27,605][INFO] [53/500] val loss: 2779.966752
[2018-11-16 21:20:27,885][INFO] [53/500] Time: 47.477086 s
[2018-11-16 21:20:27,887][INFO] ------------------------------
[2018-11-16 21:21:11,203][INFO] [54/500] train loss: 3242.654489
[2018-11-16 21:21:13,825][INFO] [54/500] val loss: 2482.610783
[2018-11-16 21:21:14,104][INFO] [54/500] Time: 46.215193 s
[2018-11-16 21:21:14,104][INFO] ------------------------------
[2018-11-16 21:21:57,623][INFO] [55/500] train loss: 3175.268434
[2018-11-16 21:22:00,346][INFO] [55/500] val loss: 3993.838516
[2018-11-16 21:22:00,620][INFO] [55/500] Time: 46.514599 s
[2018-11-16 21:22:00,621][INFO] ------------------------------
[2018-11-16 21:22:43,614][INFO] [56/500] train loss: 3155.598137
[2018-11-16 21:22:46,189][INFO] [56/500] val loss: 2855.397449
[2018-11-16 21:22:46,546][INFO] [56/500] Time: 45.924391 s
[2018-11-16 21:22:46,547][INFO] ------------------------------
[2018-11-16 21:23:30,518][INFO] [57/500] train loss: 3134.791533
[2018-11-16 21:23:33,166][INFO] [57/500] val loss: 5160.470438
[2018-11-16 21:23:33,460][INFO] [57/500] Time: 46.911325 s
[2018-11-16 21:23:33,462][INFO] ------------------------------
[2018-11-16 21:24:17,092][INFO] [58/500] train loss: 3139.705495
[2018-11-16 21:24:19,670][INFO] [58/500] val loss: 4510.418645
[2018-11-16 21:24:20,007][INFO] [58/500] Time: 46.544076 s
[2018-11-16 21:24:20,008][INFO] ------------------------------
[2018-11-16 21:25:03,915][INFO] [59/500] train loss: 3092.958995
[2018-11-16 21:25:06,612][INFO] [59/500] val loss: 1962.851904
[2018-11-16 21:25:06,898][INFO] [59/500] Time: 46.889261 s
[2018-11-16 21:25:06,899][INFO] ------------------------------
[2018-11-16 21:25:50,686][INFO] [60/500] train loss: 3051.850322
[2018-11-16 21:25:53,401][INFO] [60/500] val loss: 2509.644932
[2018-11-16 21:25:53,735][INFO] [60/500] Time: 46.835128 s
[2018-11-16 21:25:53,737][INFO] ------------------------------
[2018-11-16 21:26:37,462][INFO] [61/500] train loss: 3053.744434
[2018-11-16 21:26:40,078][INFO] [61/500] val loss: 2597.953117
[2018-11-16 21:26:40,369][INFO] [61/500] Time: 46.631015 s
[2018-11-16 21:26:40,370][INFO] ------------------------------
[2018-11-16 21:27:24,329][INFO] [62/500] train loss: 3006.515309
[2018-11-16 21:27:26,954][INFO] [62/500] val loss: 1812.362779
[2018-11-16 21:27:27,257][INFO] [62/500] Time: 46.886996 s
[2018-11-16 21:27:27,259][INFO] ------------------------------
[2018-11-16 21:28:11,421][INFO] [63/500] train loss: 3066.572282
[2018-11-16 21:28:13,998][INFO] [63/500] val loss: 1559.456523
[2018-11-16 21:28:14,491][INFO] [63/500] Time: 47.230724 s
[2018-11-16 21:28:14,492][INFO] ------------------------------
[2018-11-16 21:28:57,587][INFO] [64/500] train loss: 3017.381480
[2018-11-16 21:29:00,197][INFO] [64/500] val loss: 2785.422762
[2018-11-16 21:29:00,498][INFO] [64/500] Time: 46.005322 s
[2018-11-16 21:29:00,499][INFO] ------------------------------
[2018-11-16 21:29:44,800][INFO] [65/500] train loss: 2962.527221
[2018-11-16 21:29:47,476][INFO] [65/500] val loss: 2882.326354
[2018-11-16 21:29:47,744][INFO] [65/500] Time: 47.244232 s
[2018-11-16 21:29:47,745][INFO] ------------------------------
[2018-11-16 21:30:31,227][INFO] [66/500] train loss: 3049.847159
[2018-11-16 21:30:34,044][INFO] [66/500] val loss: 3052.758004
[2018-11-16 21:30:34,394][INFO] [66/500] Time: 46.647190 s
[2018-11-16 21:30:34,395][INFO] ------------------------------
[2018-11-16 21:31:18,933][INFO] [67/500] train loss: 2941.735590
[2018-11-16 21:31:21,447][INFO] [67/500] val loss: 1846.637352
[2018-11-16 21:31:21,744][INFO] [67/500] Time: 47.348042 s
[2018-11-16 21:31:21,745][INFO] ------------------------------
[2018-11-16 21:32:05,222][INFO] [68/500] train loss: 2914.338585
[2018-11-16 21:32:07,986][INFO] [68/500] val loss: 2580.933996
[2018-11-16 21:32:08,283][INFO] [68/500] Time: 46.536424 s
[2018-11-16 21:32:08,284][INFO] ------------------------------
[2018-11-16 21:32:51,294][INFO] [69/500] train loss: 2939.212164
[2018-11-16 21:32:53,887][INFO] [69/500] val loss: 2307.890912
[2018-11-16 21:32:54,173][INFO] [69/500] Time: 45.888232 s
[2018-11-16 21:32:54,174][INFO] ------------------------------
[2018-11-16 21:33:37,857][INFO] [70/500] train loss: 2844.630422
[2018-11-16 21:33:40,549][INFO] [70/500] val loss: 1848.051893
[2018-11-16 21:33:40,847][INFO] [70/500] Time: 46.671977 s
[2018-11-16 21:33:40,848][INFO] ------------------------------
[2018-11-16 21:34:24,605][INFO] [71/500] train loss: 2854.932273
[2018-11-16 21:34:27,376][INFO] [71/500] val loss: 2532.475426
[2018-11-16 21:34:27,677][INFO] [71/500] Time: 46.828130 s
[2018-11-16 21:34:27,678][INFO] ------------------------------
[2018-11-16 21:35:11,660][INFO] [72/500] train loss: 2930.938150
[2018-11-16 21:35:14,399][INFO] [72/500] val loss: 3258.988354
[2018-11-16 21:35:14,692][INFO] [72/500] Time: 47.013092 s
[2018-11-16 21:35:14,693][INFO] ------------------------------
[2018-11-16 21:35:58,926][INFO] [73/500] train loss: 2753.871270
[2018-11-16 21:36:01,527][INFO] [73/500] val loss: 1853.645274
[2018-11-16 21:36:01,839][INFO] [73/500] Time: 47.144462 s
[2018-11-16 21:36:01,840][INFO] ------------------------------
[2018-11-16 21:36:45,392][INFO] [74/500] train loss: 2770.140826
[2018-11-16 21:36:47,986][INFO] [74/500] val loss: 2915.427346
[2018-11-16 21:36:48,278][INFO] [74/500] Time: 46.437593 s
[2018-11-16 21:36:48,279][INFO] ------------------------------
[2018-11-16 21:37:31,503][INFO] [75/500] train loss: 2790.843134
[2018-11-16 21:37:34,246][INFO] [75/500] val loss: 1525.074948
[2018-11-16 21:37:34,754][INFO] [75/500] Time: 46.473946 s
[2018-11-16 21:37:34,755][INFO] ------------------------------
[2018-11-16 21:38:18,637][INFO] [76/500] train loss: 2765.931617
[2018-11-16 21:38:21,261][INFO] [76/500] val loss: 1396.390434
[2018-11-16 21:38:21,766][INFO] [76/500] Time: 47.010457 s
[2018-11-16 21:38:21,768][INFO] ------------------------------
[2018-11-16 21:39:05,487][INFO] [77/500] train loss: 2744.527590
[2018-11-16 21:39:08,121][INFO] [77/500] val loss: 1129.530212
[2018-11-16 21:39:08,590][INFO] [77/500] Time: 46.821227 s
[2018-11-16 21:39:08,591][INFO] ------------------------------
[2018-11-16 21:39:51,863][INFO] [78/500] train loss: 2791.900575
[2018-11-16 21:39:54,611][INFO] [78/500] val loss: 1543.347172
[2018-11-16 21:39:54,901][INFO] [78/500] Time: 46.309000 s
[2018-11-16 21:39:54,902][INFO] ------------------------------
[2018-11-16 21:40:38,815][INFO] [79/500] train loss: 2799.241562
[2018-11-16 21:40:41,499][INFO] [79/500] val loss: 1119.746944
[2018-11-16 21:40:42,012][INFO] [79/500] Time: 47.108949 s
[2018-11-16 21:40:42,014][INFO] ------------------------------
[2018-11-16 21:41:25,780][INFO] [80/500] train loss: 2702.248524
[2018-11-16 21:41:28,525][INFO] [80/500] val loss: 1371.315507
[2018-11-16 21:41:28,840][INFO] [80/500] Time: 46.823934 s
[2018-11-16 21:41:28,841][INFO] ------------------------------
[2018-11-16 21:42:12,152][INFO] [81/500] train loss: 2704.930558
[2018-11-16 21:42:14,923][INFO] [81/500] val loss: 2764.395951
[2018-11-16 21:42:15,201][INFO] [81/500] Time: 46.360055 s
[2018-11-16 21:42:15,203][INFO] ------------------------------
[2018-11-16 21:42:59,017][INFO] [82/500] train loss: 2609.663014
[2018-11-16 21:43:01,613][INFO] [82/500] val loss: 2029.158842
[2018-11-16 21:43:01,902][INFO] [82/500] Time: 46.698197 s
[2018-11-16 21:43:01,903][INFO] ------------------------------
[2018-11-16 21:43:45,221][INFO] [83/500] train loss: 2675.908985
[2018-11-16 21:43:47,976][INFO] [83/500] val loss: 2390.816701
[2018-11-16 21:43:48,227][INFO] [83/500] Time: 46.323307 s
[2018-11-16 21:43:48,228][INFO] ------------------------------
[2018-11-16 21:44:32,066][INFO] [84/500] train loss: 2642.787810
[2018-11-16 21:44:34,677][INFO] [84/500] val loss: 3400.857705
[2018-11-16 21:44:34,932][INFO] [84/500] Time: 46.702475 s
[2018-11-16 21:44:34,932][INFO] ------------------------------
[2018-11-16 21:45:18,608][INFO] [85/500] train loss: 2595.460559
[2018-11-16 21:45:21,416][INFO] [85/500] val loss: 2580.425676
[2018-11-16 21:45:21,667][INFO] [85/500] Time: 46.734348 s
[2018-11-16 21:45:21,668][INFO] ------------------------------
[2018-11-16 21:46:04,972][INFO] [86/500] train loss: 2532.303720
[2018-11-16 21:46:07,664][INFO] [86/500] val loss: 2168.602549
[2018-11-16 21:46:07,917][INFO] [86/500] Time: 46.247568 s
[2018-11-16 21:46:07,918][INFO] ------------------------------
[2018-11-16 21:46:51,871][INFO] [87/500] train loss: 2582.179782
[2018-11-16 21:46:54,591][INFO] [87/500] val loss: 1910.567143
[2018-11-16 21:46:54,930][INFO] [87/500] Time: 47.011937 s
[2018-11-16 21:46:54,932][INFO] ------------------------------
[2018-11-16 21:47:38,296][INFO] [88/500] train loss: 2575.197524
[2018-11-16 21:47:41,115][INFO] [88/500] val loss: 1914.805273
[2018-11-16 21:47:41,377][INFO] [88/500] Time: 46.443692 s
[2018-11-16 21:47:41,378][INFO] ------------------------------
[2018-11-16 21:48:25,829][INFO] [89/500] train loss: 2563.410503
[2018-11-16 21:48:28,626][INFO] [89/500] val loss: 1169.517088
[2018-11-16 21:48:28,900][INFO] [89/500] Time: 47.520938 s
[2018-11-16 21:48:28,901][INFO] ------------------------------
[2018-11-16 21:49:12,162][INFO] [90/500] train loss: 2501.910522
[2018-11-16 21:49:14,773][INFO] [90/500] val loss: 2153.128187
[2018-11-16 21:49:15,092][INFO] [90/500] Time: 46.189700 s
[2018-11-16 21:49:15,093][INFO] ------------------------------
[2018-11-16 21:49:59,799][INFO] [91/500] train loss: 2432.768740
[2018-11-16 21:50:02,463][INFO] [91/500] val loss: 1914.649494
[2018-11-16 21:50:02,815][INFO] [91/500] Time: 47.720392 s
[2018-11-16 21:50:02,816][INFO] ------------------------------
[2018-11-16 21:50:47,410][INFO] [92/500] train loss: 2424.071143
[2018-11-16 21:50:50,112][INFO] [92/500] val loss: 1747.275445
[2018-11-16 21:50:50,373][INFO] [92/500] Time: 47.555230 s
[2018-11-16 21:50:50,374][INFO] ------------------------------
[2018-11-16 21:51:34,582][INFO] [93/500] train loss: 2413.367187
[2018-11-16 21:51:37,349][INFO] [93/500] val loss: 1696.530725
[2018-11-16 21:51:37,607][INFO] [93/500] Time: 47.232008 s
[2018-11-16 21:51:37,608][INFO] ------------------------------
[2018-11-16 21:52:21,313][INFO] [94/500] train loss: 2418.395530
[2018-11-16 21:52:24,063][INFO] [94/500] val loss: 1601.943288
[2018-11-16 21:52:24,359][INFO] [94/500] Time: 46.749990 s
[2018-11-16 21:52:24,360][INFO] ------------------------------
[2018-11-16 21:53:09,180][INFO] [95/500] train loss: 2412.152617
[2018-11-16 21:53:11,847][INFO] [95/500] val loss: 944.022862
[2018-11-16 21:53:12,324][INFO] [95/500] Time: 47.962073 s
[2018-11-16 21:53:12,325][INFO] ------------------------------
[2018-11-16 21:53:55,601][INFO] [96/500] train loss: 2374.205944
[2018-11-16 21:53:58,215][INFO] [96/500] val loss: 1459.114904
[2018-11-16 21:53:58,426][INFO] [96/500] Time: 46.100434 s
[2018-11-16 21:53:58,427][INFO] ------------------------------
[2018-11-16 21:54:42,429][INFO] [97/500] train loss: 2401.299278
[2018-11-16 21:54:45,089][INFO] [97/500] val loss: 1464.002682
[2018-11-16 21:54:45,351][INFO] [97/500] Time: 46.922737 s
[2018-11-16 21:54:45,352][INFO] ------------------------------
[2018-11-16 21:55:29,270][INFO] [98/500] train loss: 2337.366179
[2018-11-16 21:55:31,961][INFO] [98/500] val loss: 1201.878164
[2018-11-16 21:55:32,207][INFO] [98/500] Time: 46.854501 s
[2018-11-16 21:55:32,208][INFO] ------------------------------
[2018-11-16 21:56:16,348][INFO] [99/500] train loss: 2256.859625
[2018-11-16 21:56:19,060][INFO] [99/500] val loss: 1116.556562
[2018-11-16 21:56:19,328][INFO] [99/500] Time: 47.118630 s
[2018-11-16 21:56:19,329][INFO] ------------------------------
[2018-11-16 21:57:02,722][INFO] [100/500] train loss: 2268.800395
[2018-11-16 21:57:05,350][INFO] [100/500] val loss: 1347.780002
[2018-11-16 21:57:05,627][INFO] [100/500] Time: 46.297853 s
[2018-11-16 21:57:05,629][INFO] ------------------------------
[2018-11-16 21:57:49,065][INFO] [101/500] train loss: 2270.376736
[2018-11-16 21:57:51,729][INFO] [101/500] val loss: 1014.072570
[2018-11-16 21:57:52,034][INFO] [101/500] Time: 46.404727 s
[2018-11-16 21:57:52,035][INFO] ------------------------------
[2018-11-16 21:58:35,650][INFO] [102/500] train loss: 2228.732418
[2018-11-16 21:58:38,374][INFO] [102/500] val loss: 1134.054284
[2018-11-16 21:58:38,699][INFO] [102/500] Time: 46.662169 s
[2018-11-16 21:58:38,700][INFO] ------------------------------
[2018-11-16 21:59:22,785][INFO] [103/500] train loss: 2195.272612
[2018-11-16 21:59:25,445][INFO] [103/500] val loss: 1015.945789
[2018-11-16 21:59:25,724][INFO] [103/500] Time: 47.022790 s
[2018-11-16 21:59:25,725][INFO] ------------------------------
[2018-11-16 22:00:09,666][INFO] [104/500] train loss: 2169.004581
[2018-11-16 22:00:12,457][INFO] [104/500] val loss: 691.393011
[2018-11-16 22:00:13,021][INFO] [104/500] Time: 47.293926 s
[2018-11-16 22:00:13,023][INFO] ------------------------------
[2018-11-16 22:00:57,149][INFO] [105/500] train loss: 2122.190446
[2018-11-16 22:00:59,824][INFO] [105/500] val loss: 773.281022
[2018-11-16 22:01:00,105][INFO] [105/500] Time: 47.080689 s
[2018-11-16 22:01:00,106][INFO] ------------------------------
[2018-11-16 22:01:43,553][INFO] [106/500] train loss: 2136.730574
[2018-11-16 22:01:46,159][INFO] [106/500] val loss: 641.254966
[2018-11-16 22:01:46,705][INFO] [106/500] Time: 46.598383 s
[2018-11-16 22:01:46,707][INFO] ------------------------------
[2018-11-16 22:02:31,214][INFO] [107/500] train loss: 2046.349220
[2018-11-16 22:02:33,969][INFO] [107/500] val loss: 751.081202
[2018-11-16 22:02:34,223][INFO] [107/500] Time: 47.514940 s
[2018-11-16 22:02:34,224][INFO] ------------------------------
[2018-11-16 22:03:17,492][INFO] [108/500] train loss: 2037.778868
[2018-11-16 22:03:20,084][INFO] [108/500] val loss: 772.213208
[2018-11-16 22:03:20,356][INFO] [108/500] Time: 46.130794 s
[2018-11-16 22:03:20,357][INFO] ------------------------------
[2018-11-16 22:04:03,654][INFO] [109/500] train loss: 1984.192153
[2018-11-16 22:04:06,516][INFO] [109/500] val loss: 859.164386
[2018-11-16 22:04:06,795][INFO] [109/500] Time: 46.436588 s
[2018-11-16 22:04:06,796][INFO] ------------------------------
[2018-11-16 22:04:50,359][INFO] [110/500] train loss: 2035.853423
[2018-11-16 22:04:53,040][INFO] [110/500] val loss: 647.648914
[2018-11-16 22:04:53,349][INFO] [110/500] Time: 46.551628 s
[2018-11-16 22:04:53,350][INFO] ------------------------------
[2018-11-16 22:05:37,042][INFO] [111/500] train loss: 2037.057082
[2018-11-16 22:05:39,557][INFO] [111/500] val loss: 632.108688
[2018-11-16 22:05:40,114][INFO] [111/500] Time: 46.762244 s
[2018-11-16 22:05:40,115][INFO] ------------------------------
[2018-11-16 22:06:23,337][INFO] [112/500] train loss: 2015.957315
[2018-11-16 22:06:26,113][INFO] [112/500] val loss: 1341.343490
[2018-11-16 22:06:26,357][INFO] [112/500] Time: 46.241039 s
[2018-11-16 22:06:26,358][INFO] ------------------------------
[2018-11-16 22:07:11,172][INFO] [113/500] train loss: 1971.538158
[2018-11-16 22:07:13,870][INFO] [113/500] val loss: 591.503663
[2018-11-16 22:07:14,411][INFO] [113/500] Time: 48.051950 s
[2018-11-16 22:07:14,412][INFO] ------------------------------
[2018-11-16 22:07:58,832][INFO] [114/500] train loss: 1983.302479
[2018-11-16 22:08:01,578][INFO] [114/500] val loss: 707.556534
[2018-11-16 22:08:01,855][INFO] [114/500] Time: 47.441564 s
[2018-11-16 22:08:01,856][INFO] ------------------------------
[2018-11-16 22:08:45,997][INFO] [115/500] train loss: 1966.646859
[2018-11-16 22:08:48,789][INFO] [115/500] val loss: 1037.148261
[2018-11-16 22:08:49,063][INFO] [115/500] Time: 47.206295 s
[2018-11-16 22:08:49,065][INFO] ------------------------------
[2018-11-16 22:09:32,443][INFO] [116/500] train loss: 1980.006319
[2018-11-16 22:09:35,138][INFO] [116/500] val loss: 642.136226
[2018-11-16 22:09:35,413][INFO] [116/500] Time: 46.347019 s
[2018-11-16 22:09:35,414][INFO] ------------------------------
[2018-11-16 22:10:19,688][INFO] [117/500] train loss: 1949.351903
[2018-11-16 22:10:22,387][INFO] [117/500] val loss: 770.538905
[2018-11-16 22:10:22,660][INFO] [117/500] Time: 47.245704 s
[2018-11-16 22:10:22,661][INFO] ------------------------------
[2018-11-16 22:11:06,352][INFO] [118/500] train loss: 1926.776582
[2018-11-16 22:11:09,070][INFO] [118/500] val loss: 791.908461
[2018-11-16 22:11:09,337][INFO] [118/500] Time: 46.674097 s
[2018-11-16 22:11:09,338][INFO] ------------------------------
[2018-11-16 22:11:52,959][INFO] [119/500] train loss: 1889.884979
[2018-11-16 22:11:55,688][INFO] [119/500] val loss: 733.812087
[2018-11-16 22:11:55,982][INFO] [119/500] Time: 46.643457 s
[2018-11-16 22:11:55,984][INFO] ------------------------------
[2018-11-16 22:12:39,607][INFO] [120/500] train loss: 1872.039787
[2018-11-16 22:12:42,256][INFO] [120/500] val loss: 746.444140
[2018-11-16 22:12:42,533][INFO] [120/500] Time: 46.548555 s
[2018-11-16 22:12:42,534][INFO] ------------------------------
[2018-11-16 22:13:26,983][INFO] [121/500] train loss: 1875.996993
[2018-11-16 22:13:29,747][INFO] [121/500] val loss: 503.426132
[2018-11-16 22:13:30,248][INFO] [121/500] Time: 47.713446 s
[2018-11-16 22:13:30,250][INFO] ------------------------------
[2018-11-16 22:14:13,907][INFO] [122/500] train loss: 1853.887914
[2018-11-16 22:14:16,747][INFO] [122/500] val loss: 767.318454
[2018-11-16 22:14:17,016][INFO] [122/500] Time: 46.765269 s
[2018-11-16 22:14:17,017][INFO] ------------------------------
[2018-11-16 22:15:01,513][INFO] [123/500] train loss: 1870.081260
[2018-11-16 22:15:04,204][INFO] [123/500] val loss: 647.834133
[2018-11-16 22:15:04,482][INFO] [123/500] Time: 47.464273 s
[2018-11-16 22:15:04,483][INFO] ------------------------------
[2018-11-16 22:15:47,946][INFO] [124/500] train loss: 1907.975626
[2018-11-16 22:15:50,661][INFO] [124/500] val loss: 854.557888
[2018-11-16 22:15:50,932][INFO] [124/500] Time: 46.448215 s
[2018-11-16 22:15:50,933][INFO] ------------------------------
[2018-11-16 22:16:33,988][INFO] [125/500] train loss: 1854.700281
[2018-11-16 22:16:36,680][INFO] [125/500] val loss: 524.204079
[2018-11-16 22:16:36,954][INFO] [125/500] Time: 46.020210 s
[2018-11-16 22:16:36,955][INFO] ------------------------------
[2018-11-16 22:17:20,899][INFO] [126/500] train loss: 1836.862852
[2018-11-16 22:17:23,445][INFO] [126/500] val loss: 633.932585
[2018-11-16 22:17:23,721][INFO] [126/500] Time: 46.765525 s
[2018-11-16 22:17:23,723][INFO] ------------------------------
[2018-11-16 22:18:08,977][INFO] [127/500] train loss: 1795.668748
[2018-11-16 22:18:11,700][INFO] [127/500] val loss: 526.946102
[2018-11-16 22:18:11,993][INFO] [127/500] Time: 48.268899 s
[2018-11-16 22:18:11,994][INFO] ------------------------------
[2018-11-16 22:18:55,940][INFO] [128/500] train loss: 1780.782907
[2018-11-16 22:18:58,466][INFO] [128/500] val loss: 657.380152
[2018-11-16 22:18:58,740][INFO] [128/500] Time: 46.744778 s
[2018-11-16 22:18:58,741][INFO] ------------------------------
[2018-11-16 22:19:43,010][INFO] [129/500] train loss: 1783.543335
[2018-11-16 22:19:45,809][INFO] [129/500] val loss: 870.964859
[2018-11-16 22:19:46,075][INFO] [129/500] Time: 47.332978 s
[2018-11-16 22:19:46,076][INFO] ------------------------------
[2018-11-16 22:20:30,278][INFO] [130/500] train loss: 1772.105514
[2018-11-16 22:20:32,969][INFO] [130/500] val loss: 574.033833
[2018-11-16 22:20:33,232][INFO] [130/500] Time: 47.156062 s
[2018-11-16 22:20:33,233][INFO] ------------------------------
[2018-11-16 22:21:17,410][INFO] [131/500] train loss: 1791.298863
[2018-11-16 22:21:20,094][INFO] [131/500] val loss: 666.776612
[2018-11-16 22:21:20,363][INFO] [131/500] Time: 47.128350 s
[2018-11-16 22:21:20,363][INFO] ------------------------------
[2018-11-16 22:22:03,711][INFO] [132/500] train loss: 1786.375391
[2018-11-16 22:22:06,403][INFO] [132/500] val loss: 617.790565
[2018-11-16 22:22:06,686][INFO] [132/500] Time: 46.322076 s
[2018-11-16 22:22:06,688][INFO] ------------------------------
[2018-11-16 22:22:50,215][INFO] [133/500] train loss: 1752.839247
[2018-11-16 22:22:52,937][INFO] [133/500] val loss: 543.722927
[2018-11-16 22:22:53,210][INFO] [133/500] Time: 46.521865 s
[2018-11-16 22:22:53,211][INFO] ------------------------------
[2018-11-16 22:23:36,624][INFO] [134/500] train loss: 1725.278134
[2018-11-16 22:23:39,389][INFO] [134/500] val loss: 685.049447
[2018-11-16 22:23:39,664][INFO] [134/500] Time: 46.451657 s
[2018-11-16 22:23:39,665][INFO] ------------------------------
[2018-11-16 22:24:24,010][INFO] [135/500] train loss: 1732.742772
[2018-11-16 22:24:26,636][INFO] [135/500] val loss: 568.505312
[2018-11-16 22:24:26,911][INFO] [135/500] Time: 47.245265 s
[2018-11-16 22:24:26,912][INFO] ------------------------------
[2018-11-16 22:25:10,515][INFO] [136/500] train loss: 1749.251977
[2018-11-16 22:25:13,296][INFO] [136/500] val loss: 541.721644
[2018-11-16 22:25:13,563][INFO] [136/500] Time: 46.649817 s
[2018-11-16 22:25:13,564][INFO] ------------------------------
[2018-11-16 22:25:57,077][INFO] [137/500] train loss: 1724.653447
[2018-11-16 22:25:59,882][INFO] [137/500] val loss: 468.367569
[2018-11-16 22:26:00,467][INFO] [137/500] Time: 46.902092 s
[2018-11-16 22:26:00,468][INFO] ------------------------------
[2018-11-16 22:26:45,120][INFO] [138/500] train loss: 1737.667488
[2018-11-16 22:26:47,858][INFO] [138/500] val loss: 630.134808
[2018-11-16 22:26:48,193][INFO] [138/500] Time: 47.722832 s
[2018-11-16 22:26:48,194][INFO] ------------------------------
[2018-11-16 22:27:33,531][INFO] [139/500] train loss: 1765.752869
[2018-11-16 22:27:36,362][INFO] [139/500] val loss: 572.251877
[2018-11-16 22:27:36,644][INFO] [139/500] Time: 48.449054 s
[2018-11-16 22:27:36,645][INFO] ------------------------------
[2018-11-16 22:28:20,151][INFO] [140/500] train loss: 1722.668008
[2018-11-16 22:28:22,767][INFO] [140/500] val loss: 576.160476
[2018-11-16 22:28:23,050][INFO] [140/500] Time: 46.403390 s
[2018-11-16 22:28:23,051][INFO] ------------------------------
[2018-11-16 22:29:08,051][INFO] [141/500] train loss: 1717.621370
[2018-11-16 22:29:10,878][INFO] [141/500] val loss: 501.341861
[2018-11-16 22:29:11,166][INFO] [141/500] Time: 48.114338 s
[2018-11-16 22:29:11,167][INFO] ------------------------------
[2018-11-16 22:29:54,828][INFO] [142/500] train loss: 1693.131090
[2018-11-16 22:29:57,564][INFO] [142/500] val loss: 433.199518
[2018-11-16 22:29:58,059][INFO] [142/500] Time: 46.891400 s
[2018-11-16 22:29:58,060][INFO] ------------------------------
[2018-11-16 22:30:42,085][INFO] [143/500] train loss: 1699.929691
[2018-11-16 22:30:44,682][INFO] [143/500] val loss: 332.485218
[2018-11-16 22:30:45,190][INFO] [143/500] Time: 47.128817 s
[2018-11-16 22:30:45,192][INFO] ------------------------------
[2018-11-16 22:31:28,763][INFO] [144/500] train loss: 1707.450781
[2018-11-16 22:31:31,453][INFO] [144/500] val loss: 399.957459
[2018-11-16 22:31:31,805][INFO] [144/500] Time: 46.612083 s
[2018-11-16 22:31:31,806][INFO] ------------------------------
[2018-11-16 22:32:16,141][INFO] [145/500] train loss: 1707.213653
[2018-11-16 22:32:18,944][INFO] [145/500] val loss: 476.225973
[2018-11-16 22:32:19,315][INFO] [145/500] Time: 47.507796 s
[2018-11-16 22:32:19,317][INFO] ------------------------------
[2018-11-16 22:33:02,933][INFO] [146/500] train loss: 1684.764285
[2018-11-16 22:33:05,538][INFO] [146/500] val loss: 452.127555
[2018-11-16 22:33:05,865][INFO] [146/500] Time: 46.546406 s
[2018-11-16 22:33:05,867][INFO] ------------------------------
[2018-11-16 22:33:50,725][INFO] [147/500] train loss: 1653.807478
[2018-11-16 22:33:53,476][INFO] [147/500] val loss: 477.042433
[2018-11-16 22:33:53,760][INFO] [147/500] Time: 47.892352 s
[2018-11-16 22:33:53,761][INFO] ------------------------------
[2018-11-16 22:34:38,275][INFO] [148/500] train loss: 1671.941325
[2018-11-16 22:34:40,983][INFO] [148/500] val loss: 544.764381
[2018-11-16 22:34:41,264][INFO] [148/500] Time: 47.501025 s
[2018-11-16 22:34:41,264][INFO] ------------------------------
[2018-11-16 22:35:25,117][INFO] [149/500] train loss: 1672.289418
[2018-11-16 22:35:27,722][INFO] [149/500] val loss: 506.315619
[2018-11-16 22:35:27,995][INFO] [149/500] Time: 46.729814 s
[2018-11-16 22:35:27,996][INFO] ------------------------------
[2018-11-16 22:36:12,228][INFO] [150/500] train loss: 1689.225426
[2018-11-16 22:36:14,986][INFO] [150/500] val loss: 508.862399
[2018-11-16 22:36:15,273][INFO] [150/500] Time: 47.276159 s
[2018-11-16 22:36:15,274][INFO] ------------------------------
[2018-11-16 22:36:58,879][INFO] [151/500] train loss: 1654.949584
[2018-11-16 22:37:01,517][INFO] [151/500] val loss: 345.595810
[2018-11-16 22:37:01,788][INFO] [151/500] Time: 46.513385 s
[2018-11-16 22:37:01,789][INFO] ------------------------------
[2018-11-16 22:37:46,315][INFO] [152/500] train loss: 1642.991275
[2018-11-16 22:37:49,034][INFO] [152/500] val loss: 558.439547
[2018-11-16 22:37:49,320][INFO] [152/500] Time: 47.529498 s
[2018-11-16 22:37:49,321][INFO] ------------------------------
[2018-11-16 22:38:33,726][INFO] [153/500] train loss: 1659.884002
[2018-11-16 22:38:36,450][INFO] [153/500] val loss: 421.463471
[2018-11-16 22:38:36,711][INFO] [153/500] Time: 47.388828 s
[2018-11-16 22:38:36,712][INFO] ------------------------------
[2018-11-16 22:39:20,425][INFO] [154/500] train loss: 1646.246351
[2018-11-16 22:39:23,156][INFO] [154/500] val loss: 389.291790
[2018-11-16 22:39:23,434][INFO] [154/500] Time: 46.720764 s
[2018-11-16 22:39:23,434][INFO] ------------------------------
[2018-11-16 22:40:07,946][INFO] [155/500] train loss: 1664.850367
[2018-11-16 22:40:10,585][INFO] [155/500] val loss: 459.803742
[2018-11-16 22:40:10,867][INFO] [155/500] Time: 47.431964 s
[2018-11-16 22:40:10,869][INFO] ------------------------------
[2018-11-16 22:40:54,419][INFO] [156/500] train loss: 1650.035421
[2018-11-16 22:40:57,142][INFO] [156/500] val loss: 426.071591
[2018-11-16 22:40:57,431][INFO] [156/500] Time: 46.561377 s
[2018-11-16 22:40:57,432][INFO] ------------------------------
[2018-11-16 22:41:41,734][INFO] [157/500] train loss: 1628.912250
[2018-11-16 22:41:44,549][INFO] [157/500] val loss: 526.521770
[2018-11-16 22:41:44,839][INFO] [157/500] Time: 47.406708 s
[2018-11-16 22:41:44,840][INFO] ------------------------------
[2018-11-16 22:42:29,509][INFO] [158/500] train loss: 1645.402209
[2018-11-16 22:42:32,216][INFO] [158/500] val loss: 328.447497
[2018-11-16 22:42:32,699][INFO] [158/500] Time: 47.857845 s
[2018-11-16 22:42:32,700][INFO] ------------------------------
[2018-11-16 22:43:17,902][INFO] [159/500] train loss: 1631.152819
[2018-11-16 22:43:20,553][INFO] [159/500] val loss: 372.089978
[2018-11-16 22:43:20,829][INFO] [159/500] Time: 48.127198 s
[2018-11-16 22:43:20,830][INFO] ------------------------------
[2018-11-16 22:44:04,442][INFO] [160/500] train loss: 1600.930611
[2018-11-16 22:44:07,210][INFO] [160/500] val loss: 422.844818
[2018-11-16 22:44:07,499][INFO] [160/500] Time: 46.667718 s
[2018-11-16 22:44:07,500][INFO] ------------------------------
[2018-11-16 22:44:51,292][INFO] [161/500] train loss: 1645.377124
[2018-11-16 22:44:54,105][INFO] [161/500] val loss: 454.619011
[2018-11-16 22:44:54,447][INFO] [161/500] Time: 46.946095 s
[2018-11-16 22:44:54,448][INFO] ------------------------------
[2018-11-16 22:45:39,802][INFO] [162/500] train loss: 1642.617936
[2018-11-16 22:45:42,645][INFO] [162/500] val loss: 469.303264
[2018-11-16 22:45:42,964][INFO] [162/500] Time: 48.514278 s
[2018-11-16 22:45:42,965][INFO] ------------------------------
[2018-11-16 22:46:27,052][INFO] [163/500] train loss: 1601.200279
[2018-11-16 22:46:29,904][INFO] [163/500] val loss: 328.566294
[2018-11-16 22:46:30,268][INFO] [163/500] Time: 47.301561 s
[2018-11-16 22:46:30,269][INFO] ------------------------------
[2018-11-16 22:47:14,617][INFO] [164/500] train loss: 1628.448684
[2018-11-16 22:47:17,416][INFO] [164/500] val loss: 422.232917
[2018-11-16 22:47:17,705][INFO] [164/500] Time: 47.435053 s
[2018-11-16 22:47:17,706][INFO] ------------------------------
[2018-11-16 22:48:02,992][INFO] [165/500] train loss: 1602.850845
[2018-11-16 22:48:05,755][INFO] [165/500] val loss: 387.720391
[2018-11-16 22:48:06,040][INFO] [165/500] Time: 48.333715 s
[2018-11-16 22:48:06,041][INFO] ------------------------------
[2018-11-16 22:48:50,427][INFO] [166/500] train loss: 1615.769865
[2018-11-16 22:48:53,234][INFO] [166/500] val loss: 376.926903
[2018-11-16 22:48:53,507][INFO] [166/500] Time: 47.464697 s
[2018-11-16 22:48:53,508][INFO] ------------------------------
[2018-11-16 22:49:38,032][INFO] [167/500] train loss: 1615.691146
[2018-11-16 22:49:40,733][INFO] [167/500] val loss: 495.270584
[2018-11-16 22:49:41,072][INFO] [167/500] Time: 47.562604 s
[2018-11-16 22:49:41,073][INFO] ------------------------------
[2018-11-16 22:50:25,833][INFO] [168/500] train loss: 1596.347381
[2018-11-16 22:50:28,599][INFO] [168/500] val loss: 471.096924
[2018-11-16 22:50:28,879][INFO] [168/500] Time: 47.805045 s
[2018-11-16 22:50:28,881][INFO] ------------------------------
[2018-11-16 22:51:12,979][INFO] [169/500] train loss: 1596.902076
[2018-11-16 22:51:15,682][INFO] [169/500] val loss: 404.826361
[2018-11-16 22:51:16,020][INFO] [169/500] Time: 47.138432 s
[2018-11-16 22:51:16,022][INFO] ------------------------------
[2018-11-16 22:52:01,647][INFO] [170/500] train loss: 1604.081353
[2018-11-16 22:52:04,548][INFO] [170/500] val loss: 304.518141
[2018-11-16 22:52:05,057][INFO] [170/500] Time: 49.033613 s
[2018-11-16 22:52:05,058][INFO] ------------------------------
[2018-11-16 22:52:49,942][INFO] [171/500] train loss: 1606.201883
[2018-11-16 22:52:52,798][INFO] [171/500] val loss: 355.527486
[2018-11-16 22:52:53,100][INFO] [171/500] Time: 48.041369 s
[2018-11-16 22:52:53,101][INFO] ------------------------------
[2018-11-16 22:53:36,714][INFO] [172/500] train loss: 1602.871202
[2018-11-16 22:53:39,500][INFO] [172/500] val loss: 469.462307
[2018-11-16 22:53:39,772][INFO] [172/500] Time: 46.668926 s
[2018-11-16 22:53:39,773][INFO] ------------------------------
[2018-11-16 22:54:24,136][INFO] [173/500] train loss: 1588.041585
[2018-11-16 22:54:27,009][INFO] [173/500] val loss: 418.423207
[2018-11-16 22:54:27,281][INFO] [173/500] Time: 47.507119 s
[2018-11-16 22:54:27,282][INFO] ------------------------------
[2018-11-16 22:55:11,714][INFO] [174/500] train loss: 1583.487994
[2018-11-16 22:55:14,429][INFO] [174/500] val loss: 462.171457
[2018-11-16 22:55:14,713][INFO] [174/500] Time: 47.429682 s
[2018-11-16 22:55:14,714][INFO] ------------------------------
[2018-11-16 22:55:59,253][INFO] [175/500] train loss: 1561.513497
[2018-11-16 22:56:02,030][INFO] [175/500] val loss: 388.982347
[2018-11-16 22:56:02,313][INFO] [175/500] Time: 47.598424 s
[2018-11-16 22:56:02,314][INFO] ------------------------------
[2018-11-16 22:56:46,147][INFO] [176/500] train loss: 1577.735806
[2018-11-16 22:56:48,836][INFO] [176/500] val loss: 431.076081
[2018-11-16 22:56:49,117][INFO] [176/500] Time: 46.802207 s
[2018-11-16 22:56:49,118][INFO] ------------------------------
[2018-11-16 22:57:32,701][INFO] [177/500] train loss: 1577.933450
[2018-11-16 22:57:35,454][INFO] [177/500] val loss: 430.805107
[2018-11-16 22:57:35,726][INFO] [177/500] Time: 46.607061 s
[2018-11-16 22:57:35,727][INFO] ------------------------------
[2018-11-16 22:58:20,385][INFO] [178/500] train loss: 1590.454996
[2018-11-16 22:58:23,128][INFO] [178/500] val loss: 485.226103
[2018-11-16 22:58:23,403][INFO] [178/500] Time: 47.675169 s
[2018-11-16 22:58:23,404][INFO] ------------------------------
[2018-11-16 22:59:07,895][INFO] [179/500] train loss: 1579.014966
[2018-11-16 22:59:10,615][INFO] [179/500] val loss: 444.281198
[2018-11-16 22:59:10,898][INFO] [179/500] Time: 47.493348 s
[2018-11-16 22:59:10,899][INFO] ------------------------------
[2018-11-16 22:59:55,232][INFO] [180/500] train loss: 1590.037697
[2018-11-16 22:59:57,966][INFO] [180/500] val loss: 367.746643
[2018-11-16 22:59:58,300][INFO] [180/500] Time: 47.399876 s
[2018-11-16 22:59:58,302][INFO] ------------------------------
[2018-11-16 23:00:42,088][INFO] [181/500] train loss: 1573.524598
[2018-11-16 23:00:44,803][INFO] [181/500] val loss: 356.677662
[2018-11-16 23:00:45,081][INFO] [181/500] Time: 46.777457 s
[2018-11-16 23:00:45,082][INFO] ------------------------------
[2018-11-16 23:01:30,311][INFO] [182/500] train loss: 1563.310936
[2018-11-16 23:01:33,157][INFO] [182/500] val loss: 396.780983
[2018-11-16 23:01:33,428][INFO] [182/500] Time: 48.345470 s
[2018-11-16 23:01:33,429][INFO] ------------------------------
[2018-11-16 23:02:17,464][INFO] [183/500] train loss: 1571.674368
[2018-11-16 23:02:20,114][INFO] [183/500] val loss: 330.870656
[2018-11-16 23:02:20,387][INFO] [183/500] Time: 46.957223 s
[2018-11-16 23:02:20,388][INFO] ------------------------------
[2018-11-16 23:03:04,034][INFO] [184/500] train loss: 1572.789133
[2018-11-16 23:03:06,819][INFO] [184/500] val loss: 340.594464
[2018-11-16 23:03:07,102][INFO] [184/500] Time: 46.712505 s
[2018-11-16 23:03:07,103][INFO] ------------------------------
[2018-11-16 23:03:50,693][INFO] [185/500] train loss: 1549.735697
[2018-11-16 23:03:53,359][INFO] [185/500] val loss: 454.771615
[2018-11-16 23:03:53,721][INFO] [185/500] Time: 46.617367 s
[2018-11-16 23:03:53,723][INFO] ------------------------------
[2018-11-16 23:04:37,678][INFO] [186/500] train loss: 1572.658031
[2018-11-16 23:04:41,204][INFO] [186/500] val loss: 337.246046
[2018-11-16 23:04:41,475][INFO] [186/500] Time: 47.751399 s
[2018-11-16 23:04:41,476][INFO] ------------------------------
[2018-11-16 23:05:25,382][INFO] [187/500] train loss: 1531.702721
[2018-11-16 23:05:28,889][INFO] [187/500] val loss: 407.848948
[2018-11-16 23:05:29,225][INFO] [187/500] Time: 47.747504 s
[2018-11-16 23:05:29,226][INFO] ------------------------------
[2018-11-16 23:06:12,361][INFO] [188/500] train loss: 1549.234281
[2018-11-16 23:06:15,765][INFO] [188/500] val loss: 365.134553
[2018-11-16 23:06:16,096][INFO] [188/500] Time: 46.868709 s
[2018-11-16 23:06:16,097][INFO] ------------------------------
[2018-11-16 23:07:01,384][INFO] [189/500] train loss: 1564.082718
[2018-11-16 23:07:05,020][INFO] [189/500] val loss: 426.711825
[2018-11-16 23:07:05,341][INFO] [189/500] Time: 49.242424 s
[2018-11-16 23:07:05,342][INFO] ------------------------------
[2018-11-16 23:07:48,998][INFO] [190/500] train loss: 1568.078041
[2018-11-16 23:07:52,452][INFO] [190/500] val loss: 495.587383
[2018-11-16 23:07:52,747][INFO] [190/500] Time: 47.404639 s
[2018-11-16 23:07:52,748][INFO] ------------------------------
[2018-11-16 23:08:36,023][INFO] [191/500] train loss: 1611.819493
[2018-11-16 23:08:38,617][INFO] [191/500] val loss: 389.972705
[2018-11-16 23:08:38,907][INFO] [191/500] Time: 46.157176 s
[2018-11-16 23:08:38,908][INFO] ------------------------------
[2018-11-16 23:09:23,924][INFO] [192/500] train loss: 1556.072114
[2018-11-16 23:09:26,820][INFO] [192/500] val loss: 342.404987
[2018-11-16 23:09:27,109][INFO] [192/500] Time: 48.199306 s
[2018-11-16 23:09:27,110][INFO] ------------------------------
[2018-11-16 23:10:11,450][INFO] [193/500] train loss: 1536.341887
[2018-11-16 23:10:14,336][INFO] [193/500] val loss: 441.541102
[2018-11-16 23:10:14,696][INFO] [193/500] Time: 47.585231 s
[2018-11-16 23:10:14,697][INFO] ------------------------------
[2018-11-16 23:10:59,053][INFO] [194/500] train loss: 1546.243134
[2018-11-16 23:11:02,502][INFO] [194/500] val loss: 334.876395
[2018-11-16 23:11:02,838][INFO] [194/500] Time: 48.139857 s
[2018-11-16 23:11:02,840][INFO] ------------------------------
[2018-11-16 23:11:47,886][INFO] [195/500] train loss: 1554.458204
[2018-11-16 23:11:51,578][INFO] [195/500] val loss: 365.290637
[2018-11-16 23:11:51,921][INFO] [195/500] Time: 49.080203 s
[2018-11-16 23:11:51,922][INFO] ------------------------------
[2018-11-16 23:12:35,039][INFO] [196/500] train loss: 1546.349528
[2018-11-16 23:12:37,808][INFO] [196/500] val loss: 330.289532
[2018-11-16 23:12:38,097][INFO] [196/500] Time: 46.174477 s
[2018-11-16 23:12:38,099][INFO] ------------------------------
[2018-11-16 23:13:22,641][INFO] [197/500] train loss: 1536.216151
[2018-11-16 23:13:25,406][INFO] [197/500] val loss: 372.103788
[2018-11-16 23:13:25,686][INFO] [197/500] Time: 47.585876 s
[2018-11-16 23:13:25,687][INFO] ------------------------------
[2018-11-16 23:14:10,409][INFO] [198/500] train loss: 1536.965791
[2018-11-16 23:14:13,241][INFO] [198/500] val loss: 405.904572
[2018-11-16 23:14:13,585][INFO] [198/500] Time: 47.897859 s
[2018-11-16 23:14:13,587][INFO] ------------------------------
[2018-11-16 23:14:58,484][INFO] [199/500] train loss: 1534.170609
[2018-11-16 23:15:02,086][INFO] [199/500] val loss: 288.710828
[2018-11-16 23:15:02,594][INFO] [199/500] Time: 49.005757 s
[2018-11-16 23:15:02,595][INFO] ------------------------------
[2018-11-16 23:15:47,879][INFO] [200/500] train loss: 1537.864848
[2018-11-16 23:15:50,742][INFO] [200/500] val loss: 302.994443
[2018-11-16 23:15:51,035][INFO] [200/500] Time: 48.438901 s
[2018-11-16 23:15:51,036][INFO] ------------------------------
[2018-11-16 23:16:35,570][INFO] [201/500] train loss: 1535.080432
[2018-11-16 23:16:38,367][INFO] [201/500] val loss: 373.468735
[2018-11-16 23:16:38,672][INFO] [201/500] Time: 47.634710 s
[2018-11-16 23:16:38,673][INFO] ------------------------------
[2018-11-16 23:17:24,484][INFO] [202/500] train loss: 1530.367552
[2018-11-16 23:17:27,251][INFO] [202/500] val loss: 367.605961
[2018-11-16 23:17:27,606][INFO] [202/500] Time: 48.931868 s
[2018-11-16 23:17:27,607][INFO] ------------------------------
[2018-11-16 23:18:12,002][INFO] [203/500] train loss: 1532.302956
[2018-11-16 23:18:14,909][INFO] [203/500] val loss: 397.640808
[2018-11-16 23:18:15,958][INFO] [203/500] Time: 48.348805 s
[2018-11-16 23:18:15,959][INFO] ------------------------------
[2018-11-16 23:19:00,472][INFO] [204/500] train loss: 1530.437660
[2018-11-16 23:19:03,303][INFO] [204/500] val loss: 308.642954
[2018-11-16 23:19:03,594][INFO] [204/500] Time: 47.633767 s
[2018-11-16 23:19:03,595][INFO] ------------------------------
[2018-11-16 23:19:49,366][INFO] [205/500] train loss: 1513.440462
[2018-11-16 23:19:52,081][INFO] [205/500] val loss: 294.324369
[2018-11-16 23:19:52,364][INFO] [205/500] Time: 48.767242 s
[2018-11-16 23:19:52,365][INFO] ------------------------------
[2018-11-16 23:20:36,947][INFO] [206/500] train loss: 1543.246435
[2018-11-16 23:20:39,686][INFO] [206/500] val loss: 424.905219
[2018-11-16 23:20:39,952][INFO] [206/500] Time: 47.586101 s
[2018-11-16 23:20:39,953][INFO] ------------------------------
[2018-11-16 23:21:23,672][INFO] [207/500] train loss: 1538.976562
[2018-11-16 23:21:26,475][INFO] [207/500] val loss: 271.769980
[2018-11-16 23:21:26,968][INFO] [207/500] Time: 47.014188 s
[2018-11-16 23:21:26,969][INFO] ------------------------------
[2018-11-16 23:22:12,283][INFO] [208/500] train loss: 1521.004190
[2018-11-16 23:22:15,134][INFO] [208/500] val loss: 273.327783
[2018-11-16 23:22:15,397][INFO] [208/500] Time: 48.426748 s
[2018-11-16 23:22:15,398][INFO] ------------------------------
[2018-11-16 23:22:59,834][INFO] [209/500] train loss: 1541.565618
[2018-11-16 23:23:02,686][INFO] [209/500] val loss: 264.937740
[2018-11-16 23:23:03,205][INFO] [209/500] Time: 47.806463 s
[2018-11-16 23:23:03,207][INFO] ------------------------------
[2018-11-16 23:23:47,066][INFO] [210/500] train loss: 1522.080206
[2018-11-16 23:23:49,901][INFO] [210/500] val loss: 333.828200
[2018-11-16 23:23:50,143][INFO] [210/500] Time: 46.935256 s
[2018-11-16 23:23:50,144][INFO] ------------------------------
[2018-11-16 23:24:34,704][INFO] [211/500] train loss: 1542.072687
[2018-11-16 23:24:37,596][INFO] [211/500] val loss: 331.662861
[2018-11-16 23:24:37,845][INFO] [211/500] Time: 47.700402 s
[2018-11-16 23:24:37,846][INFO] ------------------------------
[2018-11-16 23:25:21,797][INFO] [212/500] train loss: 1514.258748
[2018-11-16 23:25:24,505][INFO] [212/500] val loss: 235.266627
[2018-11-16 23:25:24,989][INFO] [212/500] Time: 47.142221 s
[2018-11-16 23:25:24,990][INFO] ------------------------------
[2018-11-16 23:26:08,196][INFO] [213/500] train loss: 1541.373032
[2018-11-16 23:26:10,915][INFO] [213/500] val loss: 311.451130
[2018-11-16 23:26:11,157][INFO] [213/500] Time: 46.166238 s
[2018-11-16 23:26:11,158][INFO] ------------------------------
[2018-11-16 23:26:56,369][INFO] [214/500] train loss: 1501.781280
[2018-11-16 23:26:59,141][INFO] [214/500] val loss: 380.840177
[2018-11-16 23:26:59,424][INFO] [214/500] Time: 48.264550 s
[2018-11-16 23:26:59,425][INFO] ------------------------------
[2018-11-16 23:27:43,877][INFO] [215/500] train loss: 1518.106727
[2018-11-16 23:27:46,699][INFO] [215/500] val loss: 284.258043
[2018-11-16 23:27:46,964][INFO] [215/500] Time: 47.537533 s
[2018-11-16 23:27:46,965][INFO] ------------------------------
[2018-11-16 23:28:30,048][INFO] [216/500] train loss: 1512.639003
[2018-11-16 23:28:32,899][INFO] [216/500] val loss: 290.390699
[2018-11-16 23:28:33,159][INFO] [216/500] Time: 46.193046 s
[2018-11-16 23:28:33,160][INFO] ------------------------------
[2018-11-16 23:29:16,939][INFO] [217/500] train loss: 1509.070916
[2018-11-16 23:29:19,763][INFO] [217/500] val loss: 303.582429
[2018-11-16 23:29:20,089][INFO] [217/500] Time: 46.927431 s
[2018-11-16 23:29:20,091][INFO] ------------------------------
[2018-11-16 23:30:05,907][INFO] [218/500] train loss: 1520.546482
[2018-11-16 23:30:08,848][INFO] [218/500] val loss: 364.016086
[2018-11-16 23:30:09,104][INFO] [218/500] Time: 49.011996 s
[2018-11-16 23:30:09,105][INFO] ------------------------------
[2018-11-16 23:30:53,811][INFO] [219/500] train loss: 1516.339147
[2018-11-16 23:30:56,593][INFO] [219/500] val loss: 347.445151
[2018-11-16 23:30:56,888][INFO] [219/500] Time: 47.781958 s
[2018-11-16 23:30:56,889][INFO] ------------------------------
[2018-11-16 23:31:41,519][INFO] [220/500] train loss: 1520.671383
[2018-11-16 23:31:44,320][INFO] [220/500] val loss: 327.066187
[2018-11-16 23:31:44,595][INFO] [220/500] Time: 47.704256 s
[2018-11-16 23:31:44,596][INFO] ------------------------------
[2018-11-16 23:32:29,362][INFO] [221/500] train loss: 1493.400962
[2018-11-16 23:32:32,254][INFO] [221/500] val loss: 288.262250
[2018-11-16 23:32:32,505][INFO] [221/500] Time: 47.908361 s
[2018-11-16 23:32:32,506][INFO] ------------------------------
[2018-11-16 23:33:17,454][INFO] [222/500] train loss: 1519.864599
[2018-11-16 23:33:20,257][INFO] [222/500] val loss: 408.763262
[2018-11-16 23:33:20,569][INFO] [222/500] Time: 48.061545 s
[2018-11-16 23:33:20,570][INFO] ------------------------------
[2018-11-16 23:34:07,056][INFO] [223/500] train loss: 1507.919327
[2018-11-16 23:34:09,960][INFO] [223/500] val loss: 441.745102
[2018-11-16 23:34:10,313][INFO] [223/500] Time: 49.741827 s
[2018-11-16 23:34:10,314][INFO] ------------------------------
[2018-11-16 23:34:54,850][INFO] [224/500] train loss: 1503.656100
[2018-11-16 23:34:57,714][INFO] [224/500] val loss: 379.558522
[2018-11-16 23:34:57,977][INFO] [224/500] Time: 47.661842 s
[2018-11-16 23:34:57,978][INFO] ------------------------------
[2018-11-16 23:35:42,872][INFO] [225/500] train loss: 1501.650832
[2018-11-16 23:35:45,628][INFO] [225/500] val loss: 396.276374
[2018-11-16 23:35:45,920][INFO] [225/500] Time: 47.941056 s
[2018-11-16 23:35:45,921][INFO] ------------------------------
[2018-11-16 23:36:32,059][INFO] [226/500] train loss: 1513.329274
[2018-11-16 23:36:34,841][INFO] [226/500] val loss: 400.239129
[2018-11-16 23:36:35,102][INFO] [226/500] Time: 49.180044 s
[2018-11-16 23:36:35,103][INFO] ------------------------------
[2018-11-16 23:37:18,282][INFO] [227/500] train loss: 1512.370446
[2018-11-16 23:37:22,040][INFO] [227/500] val loss: 326.357333
[2018-11-16 23:37:22,306][INFO] [227/500] Time: 47.202126 s
[2018-11-16 23:37:22,308][INFO] ------------------------------
[2018-11-16 23:38:06,545][INFO] [228/500] train loss: 1486.300796
[2018-11-16 23:38:09,257][INFO] [228/500] val loss: 285.471910
[2018-11-16 23:38:09,514][INFO] [228/500] Time: 47.205184 s
[2018-11-16 23:38:09,515][INFO] ------------------------------
[2018-11-16 23:38:53,726][INFO] [229/500] train loss: 1502.280631
[2018-11-16 23:38:56,443][INFO] [229/500] val loss: 381.952522
[2018-11-16 23:38:56,713][INFO] [229/500] Time: 47.197901 s
[2018-11-16 23:38:56,714][INFO] ------------------------------
[2018-11-16 23:39:39,728][INFO] [230/500] train loss: 1496.945408
[2018-11-16 23:39:43,257][INFO] [230/500] val loss: 293.582656
[2018-11-16 23:39:43,579][INFO] [230/500] Time: 46.864218 s
[2018-11-16 23:39:43,581][INFO] ------------------------------
[2018-11-16 23:40:28,899][INFO] [231/500] train loss: 1503.300812
[2018-11-16 23:40:31,675][INFO] [231/500] val loss: 362.510591
[2018-11-16 23:40:31,955][INFO] [231/500] Time: 48.372303 s
[2018-11-16 23:40:31,956][INFO] ------------------------------
[2018-11-16 23:41:16,005][INFO] [232/500] train loss: 1501.374122
[2018-11-16 23:41:18,833][INFO] [232/500] val loss: 440.162879
[2018-11-16 23:41:19,134][INFO] [232/500] Time: 47.177921 s
[2018-11-16 23:41:19,135][INFO] ------------------------------
[2018-11-16 23:42:02,335][INFO] [233/500] train loss: 1514.963522
[2018-11-16 23:42:06,038][INFO] [233/500] val loss: 341.382587
[2018-11-16 23:42:06,284][INFO] [233/500] Time: 47.147200 s
[2018-11-16 23:42:06,285][INFO] ------------------------------
[2018-11-16 23:42:49,477][INFO] [234/500] train loss: 1486.614319
[2018-11-16 23:42:52,340][INFO] [234/500] val loss: 359.382009
[2018-11-16 23:42:52,611][INFO] [234/500] Time: 46.324946 s
[2018-11-16 23:42:52,612][INFO] ------------------------------
[2018-11-16 23:43:37,012][INFO] [235/500] train loss: 1479.012886
[2018-11-16 23:43:39,850][INFO] [235/500] val loss: 317.760965
[2018-11-16 23:43:40,105][INFO] [235/500] Time: 47.492018 s
[2018-11-16 23:43:40,106][INFO] ------------------------------
[2018-11-16 23:46:48,470][INFO] Visdom successfully connected to server
[2018-11-16 23:46:48,677][INFO] ------------------------------
[2018-11-16 23:47:31,797][INFO] [1/150] train loss: 1393.869597
[2018-11-16 23:47:34,411][INFO] [1/150] val loss: 173.734822
[2018-11-16 23:47:35,028][INFO] [1/150] Time: 46.349786 s
[2018-11-16 23:47:35,029][INFO] ------------------------------
[2018-11-16 23:48:18,030][INFO] [2/150] train loss: 1378.607531
[2018-11-16 23:48:20,661][INFO] [2/150] val loss: 201.241215
[2018-11-16 23:48:20,945][INFO] [2/150] Time: 45.914328 s
[2018-11-16 23:48:20,946][INFO] ------------------------------
[2018-11-16 23:49:03,691][INFO] [3/150] train loss: 1366.679479
[2018-11-16 23:49:06,103][INFO] [3/150] val loss: 196.742951
[2018-11-16 23:49:06,414][INFO] [3/150] Time: 45.467173 s
[2018-11-16 23:49:06,415][INFO] ------------------------------
[2018-11-16 23:49:48,798][INFO] [4/150] train loss: 1370.315005
[2018-11-16 23:49:51,415][INFO] [4/150] val loss: 197.496744
[2018-11-16 23:49:51,790][INFO] [4/150] Time: 45.374338 s
[2018-11-16 23:49:51,792][INFO] ------------------------------
[2018-11-16 23:50:34,919][INFO] [5/150] train loss: 1359.358416
[2018-11-16 23:50:37,406][INFO] [5/150] val loss: 190.205680
[2018-11-16 23:50:37,736][INFO] [5/150] Time: 45.943456 s
[2018-11-16 23:50:37,737][INFO] ------------------------------
[2018-11-16 23:51:20,728][INFO] [6/150] train loss: 1355.719436
[2018-11-16 23:51:23,170][INFO] [6/150] val loss: 175.733936
[2018-11-16 23:51:23,445][INFO] [6/150] Time: 45.706888 s
[2018-11-16 23:51:23,446][INFO] ------------------------------
[2018-11-16 23:52:06,793][INFO] [7/150] train loss: 1364.051720
[2018-11-16 23:52:09,342][INFO] [7/150] val loss: 173.868913
[2018-11-16 23:52:09,633][INFO] [7/150] Time: 46.186607 s
[2018-11-16 23:52:09,634][INFO] ------------------------------
[2018-11-16 23:52:53,114][INFO] [8/150] train loss: 1368.558208
[2018-11-16 23:52:55,657][INFO] [8/150] val loss: 186.299773
[2018-11-16 23:52:55,953][INFO] [8/150] Time: 46.317793 s
[2018-11-16 23:52:55,954][INFO] ------------------------------
[2018-11-16 23:53:38,619][INFO] [9/150] train loss: 1350.121698
[2018-11-16 23:53:41,143][INFO] [9/150] val loss: 176.733610
[2018-11-16 23:53:41,437][INFO] [9/150] Time: 45.482337 s
[2018-11-16 23:53:41,438][INFO] ------------------------------
[2018-11-16 23:54:23,983][INFO] [10/150] train loss: 1354.898979
[2018-11-16 23:54:26,658][INFO] [10/150] val loss: 172.319067
[2018-11-16 23:54:27,156][INFO] [10/150] Time: 45.716903 s
[2018-11-16 23:54:27,157][INFO] ------------------------------
[2018-11-16 23:55:09,965][INFO] [11/150] train loss: 1361.522121
[2018-11-16 23:55:12,625][INFO] [11/150] val loss: 166.310006
[2018-11-16 23:55:13,141][INFO] [11/150] Time: 45.982962 s
[2018-11-16 23:55:13,142][INFO] ------------------------------
[2018-11-16 23:55:56,433][INFO] [12/150] train loss: 1353.113104
[2018-11-16 23:55:59,103][INFO] [12/150] val loss: 166.380999
[2018-11-16 23:55:59,456][INFO] [12/150] Time: 46.312378 s
[2018-11-16 23:55:59,457][INFO] ------------------------------
[2018-11-16 23:56:43,084][INFO] [13/150] train loss: 1352.662288
[2018-11-16 23:56:45,806][INFO] [13/150] val loss: 172.790221
[2018-11-16 23:56:46,096][INFO] [13/150] Time: 46.636847 s
[2018-11-16 23:56:46,097][INFO] ------------------------------
[2018-11-16 23:57:28,932][INFO] [14/150] train loss: 1350.926803
[2018-11-16 23:57:31,578][INFO] [14/150] val loss: 205.391107
[2018-11-16 23:57:31,868][INFO] [14/150] Time: 45.770077 s
[2018-11-16 23:57:31,869][INFO] ------------------------------
[2018-11-16 23:58:15,488][INFO] [15/150] train loss: 1337.586287
[2018-11-16 23:58:18,056][INFO] [15/150] val loss: 174.418095
[2018-11-16 23:58:18,468][INFO] [15/150] Time: 46.598430 s
[2018-11-16 23:58:18,470][INFO] ------------------------------
[2018-11-16 23:59:01,850][INFO] [16/150] train loss: 1349.290363
[2018-11-16 23:59:04,447][INFO] [16/150] val loss: 172.185376
[2018-11-16 23:59:04,764][INFO] [16/150] Time: 46.293513 s
[2018-11-16 23:59:04,766][INFO] ------------------------------
[2018-11-16 23:59:48,804][INFO] [17/150] train loss: 1353.149660
[2018-11-16 23:59:51,473][INFO] [17/150] val loss: 196.922893
[2018-11-16 23:59:51,763][INFO] [17/150] Time: 46.996828 s
[2018-11-16 23:59:51,764][INFO] ------------------------------
[2018-11-17 00:00:34,467][INFO] [18/150] train loss: 1370.760993
[2018-11-17 00:00:37,134][INFO] [18/150] val loss: 179.477896
[2018-11-17 00:00:37,427][INFO] [18/150] Time: 45.661984 s
[2018-11-17 00:00:37,428][INFO] ------------------------------
[2018-11-17 00:01:21,489][INFO] [19/150] train loss: 1339.899127
[2018-11-17 00:01:24,370][INFO] [19/150] val loss: 171.169839
[2018-11-17 00:01:24,664][INFO] [19/150] Time: 47.235183 s
[2018-11-17 00:01:24,665][INFO] ------------------------------
[2018-11-17 00:02:07,720][INFO] [20/150] train loss: 1345.467012
[2018-11-17 00:02:10,297][INFO] [20/150] val loss: 168.853070
[2018-11-17 00:02:10,599][INFO] [20/150] Time: 45.932281 s
[2018-11-17 00:02:10,600][INFO] ------------------------------
[2018-11-17 00:02:53,955][INFO] [21/150] train loss: 1356.625291
[2018-11-17 00:02:56,671][INFO] [21/150] val loss: 186.687982
[2018-11-17 00:02:56,980][INFO] [21/150] Time: 46.378864 s
[2018-11-17 00:02:56,981][INFO] ------------------------------
[2018-11-17 00:03:39,991][INFO] [22/150] train loss: 1340.687148
[2018-11-17 00:03:42,784][INFO] [22/150] val loss: 180.865436
[2018-11-17 00:03:43,134][INFO] [22/150] Time: 46.152591 s
[2018-11-17 00:03:43,136][INFO] ------------------------------
[2018-11-17 00:04:26,240][INFO] [23/150] train loss: 1347.334323
[2018-11-17 00:04:28,661][INFO] [23/150] val loss: 161.701067
[2018-11-17 00:04:29,192][INFO] [23/150] Time: 46.054452 s
[2018-11-17 00:04:29,193][INFO] ------------------------------
[2018-11-17 00:05:11,783][INFO] [24/150] train loss: 1347.119776
[2018-11-17 00:05:14,390][INFO] [24/150] val loss: 170.721922
[2018-11-17 00:05:14,675][INFO] [24/150] Time: 45.479994 s
[2018-11-17 00:05:14,676][INFO] ------------------------------
[2018-11-17 00:05:58,730][INFO] [25/150] train loss: 1341.303968
[2018-11-17 00:06:01,573][INFO] [25/150] val loss: 178.937546
[2018-11-17 00:06:01,867][INFO] [25/150] Time: 47.190634 s
[2018-11-17 00:06:01,869][INFO] ------------------------------
[2018-11-17 00:06:45,460][INFO] [26/150] train loss: 1335.628786
[2018-11-17 00:06:47,959][INFO] [26/150] val loss: 179.949144
[2018-11-17 00:06:48,231][INFO] [26/150] Time: 46.360964 s
[2018-11-17 00:06:48,232][INFO] ------------------------------
[2018-11-17 00:07:31,184][INFO] [27/150] train loss: 1351.391573
[2018-11-17 00:07:33,766][INFO] [27/150] val loss: 203.038867
[2018-11-17 00:07:34,103][INFO] [27/150] Time: 45.869514 s
[2018-11-17 00:07:34,104][INFO] ------------------------------
[2018-11-17 00:08:17,445][INFO] [28/150] train loss: 1353.373392
[2018-11-17 00:08:20,109][INFO] [28/150] val loss: 180.218852
[2018-11-17 00:08:20,392][INFO] [28/150] Time: 46.286733 s
[2018-11-17 00:08:20,393][INFO] ------------------------------
[2018-11-17 00:09:04,470][INFO] [29/150] train loss: 1342.985504
[2018-11-17 00:09:07,132][INFO] [29/150] val loss: 177.459942
[2018-11-17 00:09:07,419][INFO] [29/150] Time: 47.024821 s
[2018-11-17 00:09:07,420][INFO] ------------------------------
[2018-11-17 00:09:50,317][INFO] [30/150] train loss: 1330.958462
[2018-11-17 00:09:52,923][INFO] [30/150] val loss: 170.299230
[2018-11-17 00:09:53,224][INFO] [30/150] Time: 45.802958 s
[2018-11-17 00:09:53,225][INFO] ------------------------------
[2018-11-17 00:10:36,353][INFO] [31/150] train loss: 1334.710481
[2018-11-17 00:10:38,920][INFO] [31/150] val loss: 168.877613
[2018-11-17 00:10:39,206][INFO] [31/150] Time: 45.979793 s
[2018-11-17 00:10:39,207][INFO] ------------------------------
[2018-11-17 00:11:22,558][INFO] [32/150] train loss: 1335.589134
[2018-11-17 00:11:25,253][INFO] [32/150] val loss: 173.989806
[2018-11-17 00:11:25,643][INFO] [32/150] Time: 46.435341 s
[2018-11-17 00:11:25,645][INFO] ------------------------------
[2018-11-17 00:12:09,561][INFO] [33/150] train loss: 1338.450396
[2018-11-17 00:12:12,113][INFO] [33/150] val loss: 189.879939
[2018-11-17 00:12:12,460][INFO] [33/150] Time: 46.813988 s
[2018-11-17 00:12:12,461][INFO] ------------------------------
[2018-11-17 00:12:55,366][INFO] [34/150] train loss: 1335.395241
[2018-11-17 00:12:57,936][INFO] [34/150] val loss: 162.896927
[2018-11-17 00:12:58,236][INFO] [34/150] Time: 45.773436 s
[2018-11-17 00:12:58,239][INFO] ------------------------------
[2018-11-17 00:13:41,142][INFO] [35/150] train loss: 1351.712759
[2018-11-17 00:13:43,715][INFO] [35/150] val loss: 174.135007
[2018-11-17 00:13:44,110][INFO] [35/150] Time: 45.869188 s
[2018-11-17 00:13:44,111][INFO] ------------------------------
[2018-11-17 00:14:27,937][INFO] [36/150] train loss: 1334.949658
[2018-11-17 00:14:30,395][INFO] [36/150] val loss: 164.726592
[2018-11-17 00:14:30,708][INFO] [36/150] Time: 46.596405 s
[2018-11-17 00:14:30,709][INFO] ------------------------------
[2018-11-17 00:15:13,788][INFO] [37/150] train loss: 1331.934772
[2018-11-17 00:15:16,346][INFO] [37/150] val loss: 185.700568
[2018-11-17 00:15:16,662][INFO] [37/150] Time: 45.952136 s
[2018-11-17 00:15:16,663][INFO] ------------------------------
[2018-11-17 00:16:00,234][INFO] [38/150] train loss: 1335.406448
[2018-11-17 00:16:02,901][INFO] [38/150] val loss: 172.603302
[2018-11-17 00:16:03,252][INFO] [38/150] Time: 46.587710 s
[2018-11-17 00:16:03,253][INFO] ------------------------------
[2018-11-17 00:16:47,518][INFO] [39/150] train loss: 1335.955048
[2018-11-17 00:16:49,979][INFO] [39/150] val loss: 167.299647
[2018-11-17 00:16:50,282][INFO] [39/150] Time: 47.027200 s
[2018-11-17 00:16:50,283][INFO] ------------------------------
[2018-11-17 00:17:34,351][INFO] [40/150] train loss: 1327.611208
[2018-11-17 00:17:36,969][INFO] [40/150] val loss: 169.234726
[2018-11-17 00:17:37,334][INFO] [40/150] Time: 47.049446 s
[2018-11-17 00:17:37,335][INFO] ------------------------------
[2018-11-17 00:18:21,435][INFO] [41/150] train loss: 1342.925954
[2018-11-17 00:18:24,238][INFO] [41/150] val loss: 156.568711
[2018-11-17 00:18:24,776][INFO] [41/150] Time: 47.439233 s
[2018-11-17 00:18:24,777][INFO] ------------------------------
[2018-11-17 00:19:08,631][INFO] [42/150] train loss: 1349.832919
[2018-11-17 00:19:11,405][INFO] [42/150] val loss: 157.918105
[2018-11-17 00:19:11,704][INFO] [42/150] Time: 46.926061 s
[2018-11-17 00:19:11,705][INFO] ------------------------------
[2018-11-17 00:19:54,894][INFO] [43/150] train loss: 1338.238199
[2018-11-17 00:19:57,467][INFO] [43/150] val loss: 174.240257
[2018-11-17 00:19:57,761][INFO] [43/150] Time: 46.055540 s
[2018-11-17 00:19:57,762][INFO] ------------------------------
[2018-11-17 00:20:41,266][INFO] [44/150] train loss: 1329.194048
[2018-11-17 00:20:43,827][INFO] [44/150] val loss: 176.492116
[2018-11-17 00:20:44,100][INFO] [44/150] Time: 46.337019 s
[2018-11-17 00:20:44,101][INFO] ------------------------------
[2018-11-17 00:21:27,799][INFO] [45/150] train loss: 1335.859856
[2018-11-17 00:21:30,487][INFO] [45/150] val loss: 156.353281
[2018-11-17 00:21:30,986][INFO] [45/150] Time: 46.883911 s
[2018-11-17 00:21:30,987][INFO] ------------------------------
[2018-11-17 00:22:14,089][INFO] [46/150] train loss: 1332.074243
[2018-11-17 00:22:16,726][INFO] [46/150] val loss: 176.028808
[2018-11-17 00:22:17,036][INFO] [46/150] Time: 46.047457 s
[2018-11-17 00:22:17,037][INFO] ------------------------------
[2018-11-17 00:23:00,917][INFO] [47/150] train loss: 1341.692605
[2018-11-17 00:23:03,608][INFO] [47/150] val loss: 166.357567
[2018-11-17 00:23:03,908][INFO] [47/150] Time: 46.870136 s
[2018-11-17 00:23:03,909][INFO] ------------------------------
[2018-11-17 00:23:47,558][INFO] [48/150] train loss: 1343.690074
[2018-11-17 00:23:50,259][INFO] [48/150] val loss: 165.901336
[2018-11-17 00:23:50,609][INFO] [48/150] Time: 46.698724 s
[2018-11-17 00:23:50,610][INFO] ------------------------------
[2018-11-17 00:24:34,063][INFO] [49/150] train loss: 1338.741953
[2018-11-17 00:24:36,865][INFO] [49/150] val loss: 163.701628
[2018-11-17 00:24:37,213][INFO] [49/150] Time: 46.602390 s
[2018-11-17 00:24:37,215][INFO] ------------------------------
[2018-11-17 00:25:21,075][INFO] [50/150] train loss: 1338.014993
[2018-11-17 00:25:23,674][INFO] [50/150] val loss: 190.288725
[2018-11-17 00:25:23,951][INFO] [50/150] Time: 46.735350 s
[2018-11-17 00:25:23,952][INFO] ------------------------------
[2018-11-17 00:26:06,949][INFO] [51/150] train loss: 1322.738818
[2018-11-17 00:26:09,484][INFO] [51/150] val loss: 192.555808
[2018-11-17 00:26:09,754][INFO] [51/150] Time: 45.801165 s
[2018-11-17 00:26:09,755][INFO] ------------------------------
[2018-11-17 00:26:52,715][INFO] [52/150] train loss: 1350.412544
[2018-11-17 00:26:55,273][INFO] [52/150] val loss: 156.465964
[2018-11-17 00:26:55,560][INFO] [52/150] Time: 45.804148 s
[2018-11-17 00:26:55,561][INFO] ------------------------------
[2018-11-17 00:27:39,265][INFO] [53/150] train loss: 1323.486272
[2018-11-17 00:27:41,750][INFO] [53/150] val loss: 169.502567
[2018-11-17 00:27:42,049][INFO] [53/150] Time: 46.486507 s
[2018-11-17 00:27:42,050][INFO] ------------------------------
[2018-11-17 00:28:25,397][INFO] [54/150] train loss: 1334.643995
[2018-11-17 00:28:27,954][INFO] [54/150] val loss: 183.503836
[2018-11-17 00:28:28,296][INFO] [54/150] Time: 46.244833 s
[2018-11-17 00:28:28,298][INFO] ------------------------------
[2018-11-17 00:29:11,791][INFO] [55/150] train loss: 1317.141654
[2018-11-17 00:29:14,408][INFO] [55/150] val loss: 174.836536
[2018-11-17 00:29:14,763][INFO] [55/150] Time: 46.463871 s
[2018-11-17 00:29:14,764][INFO] ------------------------------
[2018-11-17 00:29:58,437][INFO] [56/150] train loss: 1337.610939
[2018-11-17 00:30:01,116][INFO] [56/150] val loss: 201.471462
[2018-11-17 00:30:01,450][INFO] [56/150] Time: 46.685780 s
[2018-11-17 00:30:01,451][INFO] ------------------------------
[2018-11-17 00:30:44,662][INFO] [57/150] train loss: 1322.017884
[2018-11-17 00:30:47,219][INFO] [57/150] val loss: 168.381101
[2018-11-17 00:30:47,562][INFO] [57/150] Time: 46.109852 s
[2018-11-17 00:30:47,563][INFO] ------------------------------
[2018-11-17 00:31:30,979][INFO] [58/150] train loss: 1336.414904
[2018-11-17 00:31:33,711][INFO] [58/150] val loss: 176.034522
[2018-11-17 00:31:34,028][INFO] [58/150] Time: 46.463736 s
[2018-11-17 00:31:34,029][INFO] ------------------------------
[2018-11-17 00:32:17,443][INFO] [59/150] train loss: 1332.587421
[2018-11-17 00:32:20,060][INFO] [59/150] val loss: 185.878467
[2018-11-17 00:32:20,356][INFO] [59/150] Time: 46.326015 s
[2018-11-17 00:32:20,357][INFO] ------------------------------
[2018-11-17 00:33:04,269][INFO] [60/150] train loss: 1338.968874
[2018-11-17 00:33:07,033][INFO] [60/150] val loss: 169.738220
[2018-11-17 00:33:07,364][INFO] [60/150] Time: 47.006163 s
[2018-11-17 00:33:07,366][INFO] ------------------------------
[2018-11-17 00:33:50,328][INFO] [61/150] train loss: 1333.482044
[2018-11-17 00:33:53,012][INFO] [61/150] val loss: 175.429919
[2018-11-17 00:33:53,358][INFO] [61/150] Time: 45.991278 s
[2018-11-17 00:33:53,359][INFO] ------------------------------
[2018-11-17 00:34:37,120][INFO] [62/150] train loss: 1332.523007
[2018-11-17 00:34:39,708][INFO] [62/150] val loss: 159.569165
[2018-11-17 00:34:40,071][INFO] [62/150] Time: 46.710670 s
[2018-11-17 00:34:40,072][INFO] ------------------------------
[2018-11-17 00:35:23,794][INFO] [63/150] train loss: 1340.793367
[2018-11-17 00:35:26,444][INFO] [63/150] val loss: 166.434597
[2018-11-17 00:35:26,769][INFO] [63/150] Time: 46.696087 s
[2018-11-17 00:35:26,770][INFO] ------------------------------
[2018-11-17 00:36:11,407][INFO] [64/150] train loss: 1333.966478
[2018-11-17 00:36:13,997][INFO] [64/150] val loss: 178.667964
[2018-11-17 00:36:14,320][INFO] [64/150] Time: 47.548148 s
[2018-11-17 00:36:14,321][INFO] ------------------------------
[2018-11-17 00:36:57,917][INFO] [65/150] train loss: 1327.194541
[2018-11-17 00:37:00,516][INFO] [65/150] val loss: 172.828089
[2018-11-17 00:37:00,833][INFO] [65/150] Time: 46.510683 s
[2018-11-17 00:37:00,834][INFO] ------------------------------
[2018-11-17 00:37:43,985][INFO] [66/150] train loss: 1321.909184
[2018-11-17 00:37:46,598][INFO] [66/150] val loss: 155.825851
[2018-11-17 00:37:47,123][INFO] [66/150] Time: 46.288069 s
[2018-11-17 00:37:47,124][INFO] ------------------------------
[2018-11-17 00:38:30,494][INFO] [67/150] train loss: 1333.387748
[2018-11-17 00:38:33,136][INFO] [67/150] val loss: 162.819325
[2018-11-17 00:38:33,484][INFO] [67/150] Time: 46.358180 s
[2018-11-17 00:38:33,485][INFO] ------------------------------
[2018-11-17 00:39:16,793][INFO] [68/150] train loss: 1329.193208
[2018-11-17 00:39:19,553][INFO] [68/150] val loss: 171.045177
[2018-11-17 00:39:19,865][INFO] [68/150] Time: 46.379617 s
[2018-11-17 00:39:19,866][INFO] ------------------------------
[2018-11-17 00:40:02,767][INFO] [69/150] train loss: 1330.460474
[2018-11-17 00:40:05,485][INFO] [69/150] val loss: 174.170236
[2018-11-17 00:40:05,786][INFO] [69/150] Time: 45.918463 s
[2018-11-17 00:40:05,787][INFO] ------------------------------
[2018-11-17 00:40:49,498][INFO] [70/150] train loss: 1320.651272
[2018-11-17 00:40:52,166][INFO] [70/150] val loss: 162.714910
[2018-11-17 00:40:52,466][INFO] [70/150] Time: 46.678322 s
[2018-11-17 00:40:52,468][INFO] ------------------------------
[2018-11-17 00:41:35,660][INFO] [71/150] train loss: 1325.606954
[2018-11-17 00:41:38,291][INFO] [71/150] val loss: 175.835358
[2018-11-17 00:41:38,612][INFO] [71/150] Time: 46.143164 s
[2018-11-17 00:41:38,613][INFO] ------------------------------
[2018-11-17 00:42:22,253][INFO] [72/150] train loss: 1344.616414
[2018-11-17 00:42:24,876][INFO] [72/150] val loss: 168.045645
[2018-11-17 00:42:25,210][INFO] [72/150] Time: 46.596137 s
[2018-11-17 00:42:25,211][INFO] ------------------------------
[2018-11-17 00:43:08,628][INFO] [73/150] train loss: 1328.146528
[2018-11-17 00:43:11,233][INFO] [73/150] val loss: 148.843596
[2018-11-17 00:43:11,769][INFO] [73/150] Time: 46.557127 s
[2018-11-17 00:43:11,770][INFO] ------------------------------
[2018-11-17 00:43:54,759][INFO] [74/150] train loss: 1328.398443
[2018-11-17 00:43:57,560][INFO] [74/150] val loss: 183.445563
[2018-11-17 00:43:57,982][INFO] [74/150] Time: 46.210560 s
[2018-11-17 00:43:57,983][INFO] ------------------------------
[2018-11-17 00:44:41,922][INFO] [75/150] train loss: 1327.072199
[2018-11-17 00:44:44,671][INFO] [75/150] val loss: 153.038088
[2018-11-17 00:44:44,985][INFO] [75/150] Time: 47.000299 s
[2018-11-17 00:44:44,986][INFO] ------------------------------
[2018-11-17 00:45:29,092][INFO] [76/150] train loss: 1330.534095
[2018-11-17 00:45:31,693][INFO] [76/150] val loss: 163.305832
[2018-11-17 00:45:32,049][INFO] [76/150] Time: 47.061328 s
[2018-11-17 00:45:32,052][INFO] ------------------------------
[2018-11-17 00:46:16,778][INFO] [77/150] train loss: 1323.653076
[2018-11-17 00:46:19,563][INFO] [77/150] val loss: 155.558987
[2018-11-17 00:46:19,859][INFO] [77/150] Time: 47.805861 s
[2018-11-17 00:46:19,860][INFO] ------------------------------
[2018-11-17 00:47:03,537][INFO] [78/150] train loss: 1318.545536
[2018-11-17 00:47:06,262][INFO] [78/150] val loss: 157.151095
[2018-11-17 00:47:06,601][INFO] [78/150] Time: 46.739786 s
[2018-11-17 00:47:06,602][INFO] ------------------------------
[2018-11-17 00:47:50,537][INFO] [79/150] train loss: 1321.945105
[2018-11-17 00:47:53,151][INFO] [79/150] val loss: 201.947147
[2018-11-17 00:47:53,473][INFO] [79/150] Time: 46.869264 s
[2018-11-17 00:47:53,474][INFO] ------------------------------
[2018-11-17 00:48:37,028][INFO] [80/150] train loss: 1341.760500
[2018-11-17 00:48:39,635][INFO] [80/150] val loss: 176.748823
[2018-11-17 00:48:39,964][INFO] [80/150] Time: 46.489269 s
[2018-11-17 00:48:39,965][INFO] ------------------------------
[2018-11-17 00:49:23,740][INFO] [81/150] train loss: 1328.204088
[2018-11-17 00:49:26,385][INFO] [81/150] val loss: 159.212263
[2018-11-17 00:49:26,708][INFO] [81/150] Time: 46.741556 s
[2018-11-17 00:49:26,709][INFO] ------------------------------
[2018-11-17 00:50:10,465][INFO] [82/150] train loss: 1329.936200
[2018-11-17 00:50:13,044][INFO] [82/150] val loss: 155.810371
[2018-11-17 00:50:13,375][INFO] [82/150] Time: 46.664822 s
[2018-11-17 00:50:13,376][INFO] ------------------------------
[2018-11-17 00:50:57,154][INFO] [83/150] train loss: 1334.352130
[2018-11-17 00:50:59,777][INFO] [83/150] val loss: 153.459886
[2018-11-17 00:51:00,079][INFO] [83/150] Time: 46.701868 s
[2018-11-17 00:51:00,080][INFO] ------------------------------
[2018-11-17 00:51:43,055][INFO] [84/150] train loss: 1328.114343
[2018-11-17 00:51:45,719][INFO] [84/150] val loss: 161.623069
[2018-11-17 00:51:45,985][INFO] [84/150] Time: 45.904131 s
[2018-11-17 00:51:45,986][INFO] ------------------------------
[2018-11-17 00:52:29,606][INFO] [85/150] train loss: 1326.455581
[2018-11-17 00:52:32,146][INFO] [85/150] val loss: 168.645689
[2018-11-17 00:52:32,445][INFO] [85/150] Time: 46.458041 s
[2018-11-17 00:52:32,446][INFO] ------------------------------
[2018-11-17 00:53:16,241][INFO] [86/150] train loss: 1323.147796
[2018-11-17 00:53:19,009][INFO] [86/150] val loss: 159.580284
[2018-11-17 00:53:19,287][INFO] [86/150] Time: 46.840681 s
[2018-11-17 00:53:19,288][INFO] ------------------------------
[2018-11-17 00:54:02,986][INFO] [87/150] train loss: 1329.215697
[2018-11-17 00:54:05,700][INFO] [87/150] val loss: 167.709579
[2018-11-17 00:54:06,049][INFO] [87/150] Time: 46.759767 s
[2018-11-17 00:54:06,050][INFO] ------------------------------
[2018-11-17 00:54:50,142][INFO] [88/150] train loss: 1317.271564
[2018-11-17 00:54:52,777][INFO] [88/150] val loss: 175.225201
[2018-11-17 00:54:53,148][INFO] [88/150] Time: 47.096726 s
[2018-11-17 00:54:53,149][INFO] ------------------------------
[2018-11-17 00:55:36,724][INFO] [89/150] train loss: 1327.383801
[2018-11-17 00:55:39,356][INFO] [89/150] val loss: 165.926830
[2018-11-17 00:55:39,702][INFO] [89/150] Time: 46.552451 s
[2018-11-17 00:55:39,703][INFO] ------------------------------
[2018-11-17 00:56:23,341][INFO] [90/150] train loss: 1322.581213
[2018-11-17 00:56:26,126][INFO] [90/150] val loss: 151.965296
[2018-11-17 00:56:26,434][INFO] [90/150] Time: 46.730394 s
[2018-11-17 00:56:26,435][INFO] ------------------------------
[2018-11-17 00:57:09,569][INFO] [91/150] train loss: 1327.023669
[2018-11-17 00:57:12,280][INFO] [91/150] val loss: 184.348144
[2018-11-17 00:57:12,566][INFO] [91/150] Time: 46.130109 s
[2018-11-17 00:57:12,567][INFO] ------------------------------
[2018-11-17 00:57:56,539][INFO] [92/150] train loss: 1328.851624
[2018-11-17 00:57:59,231][INFO] [92/150] val loss: 176.660235
[2018-11-17 00:57:59,551][INFO] [92/150] Time: 46.982299 s
[2018-11-17 00:57:59,552][INFO] ------------------------------
[2018-11-17 00:58:43,329][INFO] [93/150] train loss: 1318.707661
[2018-11-17 00:58:45,899][INFO] [93/150] val loss: 179.653687
[2018-11-17 00:58:46,215][INFO] [93/150] Time: 46.661890 s
[2018-11-17 00:58:46,216][INFO] ------------------------------
[2018-11-17 00:59:30,332][INFO] [94/150] train loss: 1314.825712
[2018-11-17 00:59:33,113][INFO] [94/150] val loss: 178.883309
[2018-11-17 00:59:33,382][INFO] [94/150] Time: 47.165167 s
[2018-11-17 00:59:33,383][INFO] ------------------------------
[2018-11-17 01:00:16,831][INFO] [95/150] train loss: 1324.150701
[2018-11-17 01:00:19,410][INFO] [95/150] val loss: 173.975675
[2018-11-17 01:00:19,694][INFO] [95/150] Time: 46.310186 s
[2018-11-17 01:00:19,695][INFO] ------------------------------
[2018-11-17 01:01:02,900][INFO] [96/150] train loss: 1329.995906
[2018-11-17 01:01:05,610][INFO] [96/150] val loss: 162.848111
[2018-11-17 01:01:05,903][INFO] [96/150] Time: 46.207377 s
[2018-11-17 01:01:05,904][INFO] ------------------------------
[2018-11-17 01:01:49,660][INFO] [97/150] train loss: 1330.873546
[2018-11-17 01:01:52,233][INFO] [97/150] val loss: 179.015728
[2018-11-17 01:01:52,562][INFO] [97/150] Time: 46.656489 s
[2018-11-17 01:01:52,563][INFO] ------------------------------
[2018-11-17 01:02:35,784][INFO] [98/150] train loss: 1329.758475
[2018-11-17 01:02:38,371][INFO] [98/150] val loss: 178.125946
[2018-11-17 01:02:38,696][INFO] [98/150] Time: 46.132041 s
[2018-11-17 01:02:38,697][INFO] ------------------------------
[2018-11-17 01:03:21,682][INFO] [99/150] train loss: 1335.308406
[2018-11-17 01:03:24,253][INFO] [99/150] val loss: 156.296289
[2018-11-17 01:03:24,602][INFO] [99/150] Time: 45.903904 s
[2018-11-17 01:03:24,603][INFO] ------------------------------
[2018-11-17 01:04:08,812][INFO] [100/150] train loss: 1327.035165
[2018-11-17 01:04:11,551][INFO] [100/150] val loss: 177.069256
[2018-11-17 01:04:11,846][INFO] [100/150] Time: 47.241518 s
[2018-11-17 01:04:11,847][INFO] ------------------------------
[2018-11-17 01:04:55,365][INFO] [101/150] train loss: 1327.941014
[2018-11-17 01:04:58,035][INFO] [101/150] val loss: 174.460542
[2018-11-17 01:04:58,314][INFO] [101/150] Time: 46.466008 s
[2018-11-17 01:04:58,315][INFO] ------------------------------
[2018-11-17 01:05:41,129][INFO] [102/150] train loss: 1327.936291
[2018-11-17 01:05:43,705][INFO] [102/150] val loss: 164.832399
[2018-11-17 01:05:43,989][INFO] [102/150] Time: 45.672776 s
[2018-11-17 01:05:43,990][INFO] ------------------------------
[2018-11-17 01:06:27,633][INFO] [103/150] train loss: 1313.572418
[2018-11-17 01:06:30,217][INFO] [103/150] val loss: 177.173238
[2018-11-17 01:06:30,531][INFO] [103/150] Time: 46.540658 s
[2018-11-17 01:06:30,532][INFO] ------------------------------
[2018-11-17 01:07:14,253][INFO] [104/150] train loss: 1329.010563
[2018-11-17 01:07:16,902][INFO] [104/150] val loss: 160.206186
[2018-11-17 01:07:17,207][INFO] [104/150] Time: 46.673596 s
[2018-11-17 01:07:17,208][INFO] ------------------------------
[2018-11-17 01:08:01,206][INFO] [105/150] train loss: 1338.184149
[2018-11-17 01:08:03,700][INFO] [105/150] val loss: 173.971476
[2018-11-17 01:08:04,003][INFO] [105/150] Time: 46.793476 s
[2018-11-17 01:08:04,004][INFO] ------------------------------
[2018-11-17 01:08:47,776][INFO] [106/150] train loss: 1323.058011
[2018-11-17 01:08:50,466][INFO] [106/150] val loss: 173.409856
[2018-11-17 01:08:50,760][INFO] [106/150] Time: 46.755018 s
[2018-11-17 01:08:50,761][INFO] ------------------------------
[2018-11-17 01:09:34,717][INFO] [107/150] train loss: 1331.423515
[2018-11-17 01:09:37,420][INFO] [107/150] val loss: 169.445568
[2018-11-17 01:09:37,711][INFO] [107/150] Time: 46.949286 s
[2018-11-17 01:09:37,712][INFO] ------------------------------
[2018-11-17 01:10:21,293][INFO] [108/150] train loss: 1324.423051
[2018-11-17 01:10:23,841][INFO] [108/150] val loss: 165.831969
[2018-11-17 01:10:24,110][INFO] [108/150] Time: 46.397703 s
[2018-11-17 01:10:24,111][INFO] ------------------------------
[2018-11-17 01:11:07,705][INFO] [109/150] train loss: 1319.078682
[2018-11-17 01:11:10,299][INFO] [109/150] val loss: 151.145167
[2018-11-17 01:11:10,604][INFO] [109/150] Time: 46.491873 s
[2018-11-17 01:11:10,605][INFO] ------------------------------
[2018-11-17 01:11:54,574][INFO] [110/150] train loss: 1328.794537
[2018-11-17 01:11:57,294][INFO] [110/150] val loss: 171.006676
[2018-11-17 01:11:57,616][INFO] [110/150] Time: 47.010357 s
[2018-11-17 01:11:57,617][INFO] ------------------------------
[2018-11-17 01:12:41,831][INFO] [111/150] train loss: 1326.866783
[2018-11-17 01:12:44,583][INFO] [111/150] val loss: 196.349159
[2018-11-17 01:12:44,929][INFO] [111/150] Time: 47.310795 s
[2018-11-17 01:12:44,930][INFO] ------------------------------
[2018-11-17 01:13:28,829][INFO] [112/150] train loss: 1317.957027
[2018-11-17 01:13:31,487][INFO] [112/150] val loss: 167.950162
[2018-11-17 01:13:31,795][INFO] [112/150] Time: 46.863364 s
[2018-11-17 01:13:31,796][INFO] ------------------------------
[2018-11-17 01:14:15,395][INFO] [113/150] train loss: 1319.458322
[2018-11-17 01:14:18,028][INFO] [113/150] val loss: 182.424292
[2018-11-17 01:14:18,344][INFO] [113/150] Time: 46.547348 s
[2018-11-17 01:14:18,345][INFO] ------------------------------
[2018-11-17 01:15:02,223][INFO] [114/150] train loss: 1322.284847
[2018-11-17 01:15:04,898][INFO] [114/150] val loss: 173.176352
[2018-11-17 01:15:05,247][INFO] [114/150] Time: 46.900938 s
[2018-11-17 01:15:05,248][INFO] ------------------------------
[2018-11-17 01:15:49,193][INFO] [115/150] train loss: 1328.212600
[2018-11-17 01:15:51,691][INFO] [115/150] val loss: 163.679455
[2018-11-17 01:15:52,000][INFO] [115/150] Time: 46.750804 s
[2018-11-17 01:15:52,001][INFO] ------------------------------
[2018-11-17 01:16:36,206][INFO] [116/150] train loss: 1326.805810
[2018-11-17 01:16:38,946][INFO] [116/150] val loss: 150.100237
[2018-11-17 01:16:39,306][INFO] [116/150] Time: 47.304440 s
[2018-11-17 01:16:39,307][INFO] ------------------------------
[2018-11-17 01:17:24,742][INFO] [117/150] train loss: 1327.105485
[2018-11-17 01:17:27,516][INFO] [117/150] val loss: 172.557554
[2018-11-17 01:17:27,808][INFO] [117/150] Time: 48.499614 s
[2018-11-17 01:17:27,809][INFO] ------------------------------
[2018-11-17 01:18:11,675][INFO] [118/150] train loss: 1313.762730
[2018-11-17 01:18:14,466][INFO] [118/150] val loss: 171.159907
[2018-11-17 01:18:14,755][INFO] [118/150] Time: 46.943918 s
[2018-11-17 01:18:14,756][INFO] ------------------------------
[2018-11-17 01:18:59,079][INFO] [119/150] train loss: 1332.764953
[2018-11-17 01:19:01,745][INFO] [119/150] val loss: 179.583100
[2018-11-17 01:19:02,048][INFO] [119/150] Time: 47.291417 s
[2018-11-17 01:19:02,049][INFO] ------------------------------
[2018-11-17 01:19:45,159][INFO] [120/150] train loss: 1330.064305
[2018-11-17 01:19:47,924][INFO] [120/150] val loss: 163.500159
[2018-11-17 01:19:48,223][INFO] [120/150] Time: 46.173340 s
[2018-11-17 01:19:48,225][INFO] ------------------------------
[2018-11-17 01:20:31,175][INFO] [121/150] train loss: 1327.216068
[2018-11-17 01:20:33,807][INFO] [121/150] val loss: 167.746555
[2018-11-17 01:20:34,113][INFO] [121/150] Time: 45.887035 s
[2018-11-17 01:20:34,114][INFO] ------------------------------
[2018-11-17 01:21:18,295][INFO] [122/150] train loss: 1327.288707
[2018-11-17 01:21:20,927][INFO] [122/150] val loss: 162.391797
[2018-11-17 01:21:21,228][INFO] [122/150] Time: 47.113724 s
[2018-11-17 01:21:21,230][INFO] ------------------------------
[2018-11-17 01:22:05,007][INFO] [123/150] train loss: 1329.644272
[2018-11-17 01:22:07,696][INFO] [123/150] val loss: 188.030936
[2018-11-17 01:22:07,998][INFO] [123/150] Time: 46.767756 s
[2018-11-17 01:22:07,999][INFO] ------------------------------
[2018-11-17 01:22:52,229][INFO] [124/150] train loss: 1325.230704
[2018-11-17 01:22:54,978][INFO] [124/150] val loss: 162.228892
[2018-11-17 01:22:55,284][INFO] [124/150] Time: 47.284266 s
[2018-11-17 01:22:55,285][INFO] ------------------------------
[2018-11-17 01:23:39,829][INFO] [125/150] train loss: 1330.952429
[2018-11-17 01:23:42,614][INFO] [125/150] val loss: 161.518759
[2018-11-17 01:23:42,975][INFO] [125/150] Time: 47.688967 s
[2018-11-17 01:23:42,976][INFO] ------------------------------
[2018-11-17 01:24:27,526][INFO] [126/150] train loss: 1319.832466
[2018-11-17 01:24:30,238][INFO] [126/150] val loss: 186.366036
[2018-11-17 01:24:30,580][INFO] [126/150] Time: 47.603473 s
[2018-11-17 01:24:30,581][INFO] ------------------------------
[2018-11-17 01:25:14,639][INFO] [127/150] train loss: 1319.543953
[2018-11-17 01:25:17,264][INFO] [127/150] val loss: 160.436663
[2018-11-17 01:25:17,620][INFO] [127/150] Time: 47.037366 s
[2018-11-17 01:25:17,621][INFO] ------------------------------
[2018-11-17 01:26:01,739][INFO] [128/150] train loss: 1316.793851
[2018-11-17 01:26:04,401][INFO] [128/150] val loss: 157.825832
[2018-11-17 01:26:04,723][INFO] [128/150] Time: 47.101274 s
[2018-11-17 01:26:04,725][INFO] ------------------------------
[2018-11-17 01:26:48,917][INFO] [129/150] train loss: 1326.295169
[2018-11-17 01:26:51,582][INFO] [129/150] val loss: 170.039697
[2018-11-17 01:26:51,883][INFO] [129/150] Time: 47.157454 s
[2018-11-17 01:26:51,884][INFO] ------------------------------
[2018-11-17 01:27:36,155][INFO] [130/150] train loss: 1327.097158
[2018-11-17 01:27:38,778][INFO] [130/150] val loss: 157.633178
[2018-11-17 01:27:39,145][INFO] [130/150] Time: 47.260530 s
[2018-11-17 01:27:39,147][INFO] ------------------------------
[2018-11-17 01:28:23,212][INFO] [131/150] train loss: 1319.105519
[2018-11-17 01:28:25,862][INFO] [131/150] val loss: 166.742947
[2018-11-17 01:28:26,154][INFO] [131/150] Time: 47.006634 s
[2018-11-17 01:28:26,155][INFO] ------------------------------
[2018-11-17 01:29:10,130][INFO] [132/150] train loss: 1317.705049
[2018-11-17 01:29:12,766][INFO] [132/150] val loss: 161.696246
[2018-11-17 01:29:13,066][INFO] [132/150] Time: 46.909996 s
[2018-11-17 01:29:13,067][INFO] ------------------------------
[2018-11-17 01:29:57,789][INFO] [133/150] train loss: 1323.648560
[2018-11-17 01:30:00,435][INFO] [133/150] val loss: 164.486032
[2018-11-17 01:30:00,739][INFO] [133/150] Time: 47.671117 s
[2018-11-17 01:30:00,740][INFO] ------------------------------
[2018-11-17 01:30:44,682][INFO] [134/150] train loss: 1311.983740
[2018-11-17 01:30:47,452][INFO] [134/150] val loss: 157.822907
[2018-11-17 01:30:47,721][INFO] [134/150] Time: 46.979341 s
[2018-11-17 01:30:47,722][INFO] ------------------------------
[2018-11-17 01:31:31,908][INFO] [135/150] train loss: 1330.330960
[2018-11-17 01:31:34,577][INFO] [135/150] val loss: 152.803238
[2018-11-17 01:31:34,937][INFO] [135/150] Time: 47.214589 s
[2018-11-17 01:31:34,939][INFO] ------------------------------
[2018-11-17 01:32:19,621][INFO] [136/150] train loss: 1319.776051
[2018-11-17 01:32:22,302][INFO] [136/150] val loss: 185.079294
[2018-11-17 01:32:22,601][INFO] [136/150] Time: 47.660422 s
[2018-11-17 01:32:22,602][INFO] ------------------------------
[2018-11-17 01:33:05,888][INFO] [137/150] train loss: 1318.297259
[2018-11-17 01:33:08,528][INFO] [137/150] val loss: 187.580457
[2018-11-17 01:33:08,847][INFO] [137/150] Time: 46.244369 s
[2018-11-17 01:33:08,848][INFO] ------------------------------
[2018-11-17 01:33:52,818][INFO] [138/150] train loss: 1310.388724
[2018-11-17 01:33:55,540][INFO] [138/150] val loss: 191.116271
[2018-11-17 01:33:55,938][INFO] [138/150] Time: 47.088681 s
[2018-11-17 01:33:55,939][INFO] ------------------------------
[2018-11-17 01:34:39,449][INFO] [139/150] train loss: 1321.169556
[2018-11-17 01:34:42,140][INFO] [139/150] val loss: 150.078869
[2018-11-17 01:34:42,509][INFO] [139/150] Time: 46.569189 s
[2018-11-17 01:34:42,511][INFO] ------------------------------
[2018-11-17 01:35:26,188][INFO] [140/150] train loss: 1315.562822
[2018-11-17 01:35:28,778][INFO] [140/150] val loss: 171.832895
[2018-11-17 01:35:29,085][INFO] [140/150] Time: 46.573115 s
[2018-11-17 01:35:29,086][INFO] ------------------------------
[2018-11-17 01:36:13,738][INFO] [141/150] train loss: 1313.985408
[2018-11-17 01:36:16,341][INFO] [141/150] val loss: 169.029581
[2018-11-17 01:36:16,679][INFO] [141/150] Time: 47.592013 s
[2018-11-17 01:36:16,680][INFO] ------------------------------
[2018-11-17 01:37:00,447][INFO] [142/150] train loss: 1329.988592
[2018-11-17 01:37:03,055][INFO] [142/150] val loss: 188.932572
[2018-11-17 01:37:03,371][INFO] [142/150] Time: 46.690007 s
[2018-11-17 01:37:03,372][INFO] ------------------------------
[2018-11-17 01:37:46,735][INFO] [143/150] train loss: 1323.203456
[2018-11-17 01:37:49,465][INFO] [143/150] val loss: 180.603996
[2018-11-17 01:37:49,792][INFO] [143/150] Time: 46.418439 s
[2018-11-17 01:37:49,793][INFO] ------------------------------
[2018-11-17 01:38:33,894][INFO] [144/150] train loss: 1313.967353
[2018-11-17 01:38:36,602][INFO] [144/150] val loss: 161.081313
[2018-11-17 01:38:36,939][INFO] [144/150] Time: 47.144825 s
[2018-11-17 01:38:36,940][INFO] ------------------------------
[2018-11-17 01:39:21,052][INFO] [145/150] train loss: 1322.824506
[2018-11-17 01:39:23,663][INFO] [145/150] val loss: 160.063135
[2018-11-17 01:39:24,049][INFO] [145/150] Time: 47.108394 s
[2018-11-17 01:39:24,050][INFO] ------------------------------
[2018-11-17 01:40:07,918][INFO] [146/150] train loss: 1328.271925
[2018-11-17 01:40:10,647][INFO] [146/150] val loss: 159.519099
[2018-11-17 01:40:11,030][INFO] [146/150] Time: 46.978359 s
[2018-11-17 01:40:11,031][INFO] ------------------------------
[2018-11-17 01:40:55,426][INFO] [147/150] train loss: 1316.585646
[2018-11-17 01:40:58,240][INFO] [147/150] val loss: 161.601077
[2018-11-17 01:40:58,609][INFO] [147/150] Time: 47.577529 s
[2018-11-17 01:40:58,610][INFO] ------------------------------
[2018-11-17 01:41:42,749][INFO] [148/150] train loss: 1322.339698
[2018-11-17 01:41:45,482][INFO] [148/150] val loss: 178.308017
[2018-11-17 01:41:45,840][INFO] [148/150] Time: 47.228781 s
[2018-11-17 01:41:45,841][INFO] ------------------------------
[2018-11-17 01:42:30,163][INFO] [149/150] train loss: 1328.306531
[2018-11-17 01:42:33,061][INFO] [149/150] val loss: 174.635505
[2018-11-17 01:42:33,390][INFO] [149/150] Time: 47.547923 s
[2018-11-17 01:42:33,391][INFO] ------------------------------
[2018-11-17 01:43:17,133][INFO] [150/150] train loss: 1317.564267
[2018-11-17 01:43:19,667][INFO] [150/150] val loss: 162.739979
[2018-11-17 01:43:20,061][INFO] [150/150] Time: 46.669007 s
[2018-11-17 01:43:20,063][INFO] [-----] All epochs completed in 116m 31s
