[2018-10-18 17:20:38,391][INFO] Training started on cuda:0
[2018-10-18 17:21:18,981][INFO] [1/200] Train loss: 19644.791704 
[2018-10-18 17:21:20,532][INFO] [1/200] Validation loss: 15149.037720 
[2018-10-18 17:21:20,691][INFO] [1/200] Time: 42.297384 s
[2018-10-18 17:21:20,692][INFO] ------------------------------
[2018-10-18 17:21:59,048][INFO] [2/200] Train loss: 12604.777226 
[2018-10-18 17:23:24,432][INFO] Training started on cuda:0
[2018-10-18 17:24:01,630][INFO] [1/200] Train loss: 20696.227188 
[2018-10-18 17:26:00,173][INFO] Training started on cuda:0
[2018-10-18 17:28:43,259][INFO] Training started on cuda:0
[2018-10-18 17:28:43,285][INFO] Visdom successfully connected to server
[2018-10-18 17:29:36,448][INFO] [1/200] Train loss: 20005.623211 
[2018-10-18 17:29:38,051][INFO] [1/200] Validation loss: 16531.235352 
[2018-10-18 17:29:38,482][INFO] [1/200] Time: 55.099354 s
[2018-10-18 17:29:38,483][INFO] ------------------------------
[2018-10-18 17:30:28,992][INFO] [2/200] Train loss: 14247.477041 
[2018-10-18 17:30:30,383][INFO] [2/200] Validation loss: 30314.642334 
[2018-10-18 17:30:30,544][INFO] [2/200] Time: 52.059659 s
[2018-10-18 17:30:30,545][INFO] ------------------------------
[2018-10-18 17:31:20,952][INFO] [3/200] Train loss: 14213.998394 
[2018-10-18 17:31:22,431][INFO] [3/200] Validation loss: 11422.347412 
[2018-10-18 17:31:22,877][INFO] [3/200] Time: 52.331196 s
[2018-10-18 17:31:22,878][INFO] ------------------------------
[2018-10-18 17:32:13,668][INFO] [4/200] Train loss: 13539.759497 
[2018-10-18 17:32:15,165][INFO] [4/200] Validation loss: 11883.899902 
[2018-10-18 17:32:15,361][INFO] [4/200] Time: 52.482626 s
[2018-10-18 17:32:15,362][INFO] ------------------------------
[2018-10-18 17:33:05,893][INFO] [5/200] Train loss: 13529.380407 
[2018-10-18 17:33:07,340][INFO] [5/200] Validation loss: 11827.182007 
[2018-10-18 17:33:07,503][INFO] [5/200] Time: 52.139971 s
[2018-10-18 17:33:07,504][INFO] ------------------------------
[2018-10-18 17:33:58,246][INFO] [6/200] Train loss: 13973.326690 
[2018-10-18 17:33:59,823][INFO] [6/200] Validation loss: 12274.196777 
[2018-10-18 17:33:59,995][INFO] [6/200] Time: 52.490102 s
[2018-10-18 17:33:59,996][INFO] ------------------------------
[2018-10-18 17:34:51,189][INFO] [7/200] Train loss: 14098.250341 
[2018-10-18 17:34:52,680][INFO] [7/200] Validation loss: 10930.414429 
[2018-10-18 17:34:53,158][INFO] [7/200] Time: 53.160786 s
[2018-10-18 17:34:53,161][INFO] ------------------------------
[2018-10-18 17:35:37,098][INFO] Training started on cuda:0
[2018-10-18 17:35:37,126][INFO] Visdom successfully connected to server
[2018-10-18 17:36:30,570][INFO] [1/200] Train loss: 21036.061386 
[2018-10-18 17:36:32,045][INFO] [1/200] Validation loss: 19186.189209 
[2018-10-18 17:36:32,512][INFO] [1/200] Time: 55.287663 s
[2018-10-18 17:36:32,513][INFO] ------------------------------
[2018-10-18 17:37:23,215][INFO] [2/200] Train loss: 13579.490680 
[2018-10-18 17:37:24,714][INFO] [2/200] Validation loss: 11395.109985 
[2018-10-18 17:37:25,108][INFO] [2/200] Time: 52.594175 s
[2018-10-18 17:37:25,109][INFO] ------------------------------
[2018-10-18 17:38:15,597][INFO] [3/200] Train loss: 12785.829554 
[2018-10-18 17:38:17,218][INFO] [3/200] Validation loss: 10918.661743 
[2018-10-18 17:38:17,664][INFO] [3/200] Time: 52.553967 s
[2018-10-18 17:38:17,665][INFO] ------------------------------
[2018-10-18 17:39:08,353][INFO] [4/200] Train loss: 12166.053160 
[2018-10-18 17:39:09,860][INFO] [4/200] Validation loss: 10872.702271 
[2018-10-18 17:39:10,269][INFO] [4/200] Time: 52.602725 s
[2018-10-18 17:39:10,270][INFO] ------------------------------
[2018-10-18 17:40:01,059][INFO] [5/200] Train loss: 12457.319552 
[2018-10-18 17:40:02,425][INFO] [5/200] Validation loss: 11110.676147 
[2018-10-18 17:40:02,602][INFO] [5/200] Time: 52.331660 s
[2018-10-18 17:40:02,603][INFO] ------------------------------
[2018-10-18 17:40:53,291][INFO] [6/200] Train loss: 12090.870445 
[2018-10-18 17:40:54,777][INFO] [6/200] Validation loss: 11103.666870 
[2018-10-18 17:40:54,938][INFO] [6/200] Time: 52.334215 s
[2018-10-18 17:40:54,940][INFO] ------------------------------
[2018-10-18 17:41:46,101][INFO] [7/200] Train loss: 13912.258592 
[2018-10-18 17:41:47,632][INFO] [7/200] Validation loss: 32952.115723 
[2018-10-18 17:41:47,807][INFO] [7/200] Time: 52.865947 s
[2018-10-18 17:41:47,808][INFO] ------------------------------
[2018-10-18 17:42:38,856][INFO] [8/200] Train loss: 11801.710472 
[2018-10-18 17:42:40,429][INFO] [8/200] Validation loss: 11057.900024 
[2018-10-18 17:42:40,585][INFO] [8/200] Time: 52.776355 s
[2018-10-18 17:42:40,586][INFO] ------------------------------
[2018-10-18 17:43:31,525][INFO] [9/200] Train loss: 11141.109939 
[2018-10-18 17:43:33,033][INFO] [9/200] Validation loss: 11136.160400 
[2018-10-18 17:43:33,205][INFO] [9/200] Time: 52.618218 s
[2018-10-18 17:43:33,206][INFO] ------------------------------
[2018-10-18 17:44:24,397][INFO] [10/200] Train loss: 12292.998905 
[2018-10-18 17:44:25,914][INFO] [10/200] Validation loss: 11926.036743 
[2018-10-18 17:44:26,073][INFO] [10/200] Time: 52.865897 s
[2018-10-18 17:44:26,074][INFO] ------------------------------
[2018-10-18 17:44:59,394][INFO] Training started on cuda:0
[2018-10-18 17:44:59,421][INFO] Visdom successfully connected to server
[2018-10-18 17:45:52,940][INFO] [1/200] Train loss: 71692.201801 
[2018-10-18 17:45:54,588][INFO] [1/200] Validation loss: 18502.471680 
[2018-10-18 17:45:55,036][INFO] [1/200] Time: 55.517138 s
[2018-10-18 17:45:55,038][INFO] ------------------------------
[2018-10-18 17:46:46,149][INFO] [2/200] Train loss: 20885.607455 
[2018-10-18 17:46:47,740][INFO] [2/200] Validation loss: 16301.117065 
[2018-10-18 17:46:48,135][INFO] [2/200] Time: 53.095629 s
[2018-10-18 17:46:48,136][INFO] ------------------------------
[2018-10-18 17:47:38,615][INFO] [3/200] Train loss: 20123.331264 
[2018-10-18 17:47:40,068][INFO] [3/200] Validation loss: 108037.715820 
[2018-10-18 17:47:40,233][INFO] [3/200] Time: 52.096488 s
[2018-10-18 17:47:40,234][INFO] ------------------------------
[2018-10-18 17:48:31,060][INFO] [4/200] Train loss: 20568.762446 
[2018-10-18 17:48:32,474][INFO] [4/200] Validation loss: 12147.104004 
[2018-10-18 17:48:32,862][INFO] [4/200] Time: 52.626631 s
[2018-10-18 17:48:32,863][INFO] ------------------------------
[2018-10-18 17:49:23,821][INFO] [5/200] Train loss: 18702.048173 
[2018-10-18 17:49:25,319][INFO] [5/200] Validation loss: 11161.137695 
[2018-10-18 17:49:25,793][INFO] [5/200] Time: 52.928399 s
[2018-10-18 17:49:25,794][INFO] ------------------------------
[2018-10-18 17:50:16,726][INFO] [6/200] Train loss: 12342.853208 
[2018-10-18 17:50:18,314][INFO] [6/200] Validation loss: 28754.214111 
[2018-10-18 17:50:18,460][INFO] [6/200] Time: 52.665106 s
[2018-10-18 17:50:18,462][INFO] ------------------------------
[2018-10-18 17:51:09,708][INFO] [7/200] Train loss: 13423.399401 
[2018-10-18 17:51:11,220][INFO] [7/200] Validation loss: 18982.373047 
[2018-10-18 17:51:11,385][INFO] [7/200] Time: 52.922698 s
[2018-10-18 17:51:11,386][INFO] ------------------------------
[2018-10-18 17:52:02,160][INFO] [8/200] Train loss: 11935.021766 
[2018-10-18 17:52:03,530][INFO] [8/200] Validation loss: 10863.276367 
[2018-10-18 17:52:03,965][INFO] [8/200] Time: 52.577097 s
[2018-10-18 17:52:03,966][INFO] ------------------------------
[2018-10-18 17:52:54,570][INFO] [9/200] Train loss: 11647.347722 
[2018-10-18 17:52:55,972][INFO] [9/200] Validation loss: 10989.873291 
[2018-10-18 17:52:56,129][INFO] [9/200] Time: 52.162604 s
[2018-10-18 17:52:56,130][INFO] ------------------------------
[2018-10-18 17:53:46,998][INFO] [10/200] Train loss: 12068.498624 
[2018-10-18 17:53:48,568][INFO] [10/200] Validation loss: 11115.822144 
[2018-10-18 17:53:48,715][INFO] [10/200] Time: 52.583812 s
[2018-10-18 17:53:48,717][INFO] ------------------------------
[2018-10-18 17:54:34,381][INFO] Training started on cuda:0
[2018-10-18 17:54:34,414][INFO] Visdom successfully connected to server
[2018-10-18 17:55:27,794][INFO] [1/200] Train loss: 135572.393758 
[2018-10-18 17:55:29,326][INFO] [1/200] Validation loss: 95479.243164 
[2018-10-18 17:55:29,757][INFO] [1/200] Time: 55.246107 s
[2018-10-18 17:55:29,759][INFO] ------------------------------
[2018-10-18 17:56:19,894][INFO] [2/200] Train loss: 29887.132308 
[2018-10-18 17:56:21,377][INFO] [2/200] Validation loss: 25992.249268 
[2018-10-18 17:56:21,804][INFO] [2/200] Time: 52.044410 s
[2018-10-18 17:56:21,805][INFO] ------------------------------
[2018-10-18 17:57:12,092][INFO] [3/200] Train loss: 75144.151079 
[2018-10-18 17:57:13,489][INFO] [3/200] Validation loss: 58385.693848 
[2018-10-18 17:57:13,659][INFO] [3/200] Time: 51.852451 s
[2018-10-18 17:57:13,660][INFO] ------------------------------
[2018-10-18 17:58:03,920][INFO] [4/200] Train loss: 30091.417045 
[2018-10-18 17:58:05,417][INFO] [4/200] Validation loss: 32685.728760 
[2018-10-18 17:58:05,599][INFO] [4/200] Time: 51.937521 s
[2018-10-18 17:58:05,600][INFO] ------------------------------
[2018-10-18 17:58:56,013][INFO] [5/200] Train loss: 27252.584633 
[2018-10-18 17:58:57,450][INFO] [5/200] Validation loss: 29687.377686 
[2018-10-18 17:58:57,636][INFO] [5/200] Time: 52.035238 s
[2018-10-18 17:58:57,637][INFO] ------------------------------
[2018-10-18 17:59:47,713][INFO] [6/200] Train loss: 28679.605161 
[2018-10-18 17:59:49,101][INFO] [6/200] Validation loss: 11291.582275 
[2018-10-18 17:59:49,528][INFO] [6/200] Time: 51.889869 s
[2018-10-18 17:59:49,529][INFO] ------------------------------
[2018-10-18 18:00:39,995][INFO] [7/200] Train loss: 21630.919850 
[2018-10-18 18:00:41,462][INFO] [7/200] Validation loss: 11254.484741 
[2018-10-18 18:00:41,891][INFO] [7/200] Time: 52.361269 s
[2018-10-18 18:00:41,893][INFO] ------------------------------
[2018-10-18 18:01:32,302][INFO] [8/200] Train loss: 20320.078217 
[2018-10-18 18:01:33,757][INFO] [8/200] Validation loss: 11304.497437 
[2018-10-18 18:01:33,928][INFO] [8/200] Time: 52.034752 s
[2018-10-18 18:01:33,930][INFO] ------------------------------
[2018-10-18 18:02:24,286][INFO] [9/200] Train loss: 18547.607114 
[2018-10-18 18:02:25,749][INFO] [9/200] Validation loss: 19400.024902 
[2018-10-18 18:02:25,930][INFO] [9/200] Time: 51.999445 s
[2018-10-18 18:02:25,931][INFO] ------------------------------
[2018-10-18 18:03:16,325][INFO] [10/200] Train loss: 14764.195129 
[2018-10-18 18:03:17,754][INFO] [10/200] Validation loss: 20145.474854 
[2018-10-18 18:03:17,903][INFO] [10/200] Time: 51.970977 s
[2018-10-18 18:03:17,904][INFO] ------------------------------
[2018-10-18 18:04:08,246][INFO] [11/200] Train loss: 16469.144649 
[2018-10-18 18:04:09,689][INFO] [11/200] Validation loss: 10905.259521 
[2018-10-18 18:04:10,123][INFO] [11/200] Time: 52.218930 s
[2018-10-18 18:04:10,125][INFO] ------------------------------
[2018-10-18 18:05:00,586][INFO] [12/200] Train loss: 18281.309184 
[2018-10-18 18:05:02,049][INFO] [12/200] Validation loss: 13365.741089 
[2018-10-18 18:05:02,230][INFO] [12/200] Time: 52.103609 s
[2018-10-18 18:05:02,231][INFO] ------------------------------
[2018-10-18 18:05:52,980][INFO] [13/200] Train loss: 13085.207562 
[2018-10-18 18:05:54,426][INFO] [13/200] Validation loss: 10962.822510 
[2018-10-18 18:05:54,614][INFO] [13/200] Time: 52.382199 s
[2018-10-18 18:05:54,615][INFO] ------------------------------
[2018-10-18 18:06:45,222][INFO] [14/200] Train loss: 13623.389655 
[2018-10-18 18:06:46,695][INFO] [14/200] Validation loss: 11127.809570 
[2018-10-18 18:06:46,841][INFO] [14/200] Time: 52.224053 s
[2018-10-18 18:06:46,841][INFO] ------------------------------
[2018-10-18 18:07:37,384][INFO] [15/200] Train loss: 12358.792634 
[2018-10-18 18:07:38,917][INFO] [15/200] Validation loss: 11800.816040 
[2018-10-18 18:07:39,099][INFO] [15/200] Time: 52.256836 s
[2018-10-18 18:07:39,100][INFO] ------------------------------
[2018-10-18 18:08:29,419][INFO] [16/200] Train loss: 14996.534579 
[2018-10-18 18:08:31,015][INFO] [16/200] Validation loss: 13459.459106 
[2018-10-18 18:08:31,167][INFO] [16/200] Time: 52.065990 s
[2018-10-18 18:08:31,168][INFO] ------------------------------
[2018-10-18 18:09:21,708][INFO] [17/200] Train loss: 13843.686930 
[2018-10-18 18:09:23,190][INFO] [17/200] Validation loss: 15742.572388 
[2018-10-18 18:09:23,329][INFO] [17/200] Time: 52.160226 s
[2018-10-18 18:09:23,330][INFO] ------------------------------
[2018-10-18 18:10:13,854][INFO] [18/200] Train loss: 15126.996290 
[2018-10-18 18:10:15,387][INFO] [18/200] Validation loss: 11215.934082 
[2018-10-18 18:10:15,553][INFO] [18/200] Time: 52.221437 s
[2018-10-18 18:10:15,554][INFO] ------------------------------
[2018-10-18 18:11:06,111][INFO] [19/200] Train loss: 14884.989933 
[2018-10-18 18:11:07,650][INFO] [19/200] Validation loss: 11147.091187 
[2018-10-18 18:11:07,817][INFO] [19/200] Time: 52.261922 s
[2018-10-18 18:11:07,818][INFO] ------------------------------
[2018-10-18 18:11:58,427][INFO] [20/200] Train loss: 14216.711055 
[2018-10-18 18:11:59,917][INFO] [20/200] Validation loss: 21063.593262 
[2018-10-18 18:12:00,077][INFO] [20/200] Time: 52.258000 s
[2018-10-18 18:12:00,078][INFO] ------------------------------
[2018-10-18 18:12:50,330][INFO] [21/200] Train loss: 14663.991630 
[2018-10-18 18:12:51,692][INFO] [21/200] Validation loss: 14681.684937 
[2018-10-18 18:12:51,873][INFO] [21/200] Time: 51.793829 s
[2018-10-18 18:12:51,874][INFO] ------------------------------
[2018-10-18 18:13:42,528][INFO] [22/200] Train loss: 92305.979328 
[2018-10-18 18:13:44,029][INFO] [22/200] Validation loss: 72850.454102 
[2018-10-18 18:13:44,195][INFO] [22/200] Time: 52.319467 s
[2018-10-18 18:13:44,196][INFO] ------------------------------
[2018-10-18 18:14:34,648][INFO] [23/200] Train loss: 91158.646268 
[2018-10-18 18:14:36,034][INFO] [23/200] Validation loss: 81204.199219 
[2018-10-18 18:14:36,187][INFO] [23/200] Time: 51.990016 s
[2018-10-18 18:14:36,188][INFO] ------------------------------
[2018-10-18 18:15:26,543][INFO] [24/200] Train loss: 113519.814617 
[2018-10-18 18:15:28,194][INFO] [24/200] Validation loss: 67696.755371 
[2018-10-18 18:15:28,319][INFO] [24/200] Time: 52.130241 s
[2018-10-18 18:15:28,320][INFO] ------------------------------
[2018-10-18 18:16:17,912][INFO] Training started on cuda:0
[2018-10-18 18:16:17,935][INFO] Visdom successfully connected to server
[2018-10-18 18:17:10,713][INFO] [1/200] Train loss: 6803175941827904592150528.000000 
[2018-10-18 18:17:12,331][INFO] [1/200] Validation loss: 12840.641602 
[2018-10-18 18:17:12,659][INFO] [1/200] Time: 54.625900 s
[2018-10-18 18:17:12,660][INFO] ------------------------------
[2018-10-18 18:18:02,593][INFO] [2/200] Train loss: 39652.852428 
[2018-10-18 18:18:04,143][INFO] [2/200] Validation loss: 12540.401123 
[2018-10-18 18:18:04,586][INFO] [2/200] Time: 51.925339 s
[2018-10-18 18:18:04,588][INFO] ------------------------------
[2018-10-18 18:18:55,148][INFO] [3/200] Train loss: 15285.798861 
[2018-10-18 18:18:56,566][INFO] [3/200] Validation loss: 12192.121948 
[2018-10-18 18:18:57,020][INFO] [3/200] Time: 52.430784 s
[2018-10-18 18:18:57,021][INFO] ------------------------------
[2018-10-18 18:19:47,169][INFO] [4/200] Train loss: 20917.264347 
[2018-10-18 18:19:48,664][INFO] [4/200] Validation loss: 32175.402100 
[2018-10-18 18:19:48,821][INFO] [4/200] Time: 51.799573 s
[2018-10-18 18:19:48,822][INFO] ------------------------------
[2018-10-18 18:20:39,124][INFO] [5/200] Train loss: 18341.443799 
[2018-10-18 18:20:40,743][INFO] [5/200] Validation loss: 23490.181152 
[2018-10-18 18:20:40,981][INFO] [5/200] Time: 52.158034 s
[2018-10-18 18:20:40,982][INFO] ------------------------------
[2018-10-18 18:21:31,345][INFO] [6/200] Train loss: 16753.213834 
[2018-10-18 18:21:32,930][INFO] [6/200] Validation loss: 13387.357910 
[2018-10-18 18:21:33,104][INFO] [6/200] Time: 52.120453 s
[2018-10-18 18:21:33,105][INFO] ------------------------------
[2018-10-18 18:22:23,749][INFO] [7/200] Train loss: 19348.557761 
[2018-10-18 18:22:25,292][INFO] [7/200] Validation loss: 12390.665527 
[2018-10-18 18:22:25,453][INFO] [7/200] Time: 52.346964 s
[2018-10-18 18:22:25,454][INFO] ------------------------------
[2018-10-18 18:23:15,910][INFO] [8/200] Train loss: 20407.917471 
[2018-10-18 18:23:17,504][INFO] [8/200] Validation loss: 12537.546875 
[2018-10-18 18:23:17,684][INFO] [8/200] Time: 52.228844 s
[2018-10-18 18:23:17,685][INFO] ------------------------------
[2018-10-18 18:24:08,250][INFO] [9/200] Train loss: 17647.133016 
[2018-10-18 18:24:09,843][INFO] [9/200] Validation loss: 23076.261230 
[2018-10-18 18:24:10,047][INFO] [9/200] Time: 52.360889 s
[2018-10-18 18:24:10,047][INFO] ------------------------------
[2018-10-18 18:25:00,669][INFO] [10/200] Train loss: 22156.414030 
[2018-10-18 18:25:02,158][INFO] [10/200] Validation loss: 23598.801270 
[2018-10-18 18:25:02,323][INFO] [10/200] Time: 52.274796 s
[2018-10-18 18:25:02,324][INFO] ------------------------------
[2018-10-18 18:25:52,834][INFO] [11/200] Train loss: 20397.701886 
[2018-10-18 18:25:54,313][INFO] [11/200] Validation loss: 12403.468994 
[2018-10-18 18:25:54,467][INFO] [11/200] Time: 52.141991 s
[2018-10-18 18:25:54,468][INFO] ------------------------------
[2018-10-18 18:26:44,778][INFO] [12/200] Train loss: 29156.092996 
[2018-10-18 18:26:46,294][INFO] [12/200] Validation loss: 19967.518799 
[2018-10-18 18:26:46,465][INFO] [12/200] Time: 51.996292 s
[2018-10-18 18:26:46,466][INFO] ------------------------------
[2018-10-18 18:27:36,915][INFO] [13/200] Train loss: 42156.086599 
[2018-10-18 18:27:38,449][INFO] [13/200] Validation loss: 12322.873779 
[2018-10-18 18:27:38,643][INFO] [13/200] Time: 52.175926 s
[2018-10-18 18:27:38,645][INFO] ------------------------------
[2018-10-18 18:29:01,763][INFO] Training started on cuda:0
[2018-10-18 18:29:01,790][INFO] Visdom successfully connected to server
[2018-10-18 18:29:54,215][INFO] [1/200] Train loss: inf 
[2018-10-18 18:29:55,804][INFO] [1/200] Validation loss: 22354.434814 
[2018-10-18 18:29:56,119][INFO] [1/200] Time: 54.231399 s
[2018-10-18 18:29:56,120][INFO] ------------------------------
[2018-10-18 18:30:43,009][INFO] Training started on cuda:0
[2018-10-18 18:30:43,027][INFO] Visdom successfully connected to server
[2018-10-18 18:31:36,420][INFO] [1/200] Train loss: 168399.568333 
[2018-10-18 18:31:38,094][INFO] [1/200] Validation loss: 61065.236328 
[2018-10-18 18:31:38,514][INFO] [1/200] Time: 55.389463 s
[2018-10-18 18:31:38,515][INFO] ------------------------------
[2018-10-18 18:32:28,925][INFO] [2/200] Train loss: 35508.540989 
[2018-10-18 18:32:30,361][INFO] [2/200] Validation loss: 13656.017700 
[2018-10-18 18:32:30,790][INFO] [2/200] Time: 52.273310 s
[2018-10-18 18:32:30,791][INFO] ------------------------------
[2018-10-18 18:33:20,504][INFO] [3/200] Train loss: 20762.834791 
[2018-10-18 18:33:21,918][INFO] [3/200] Validation loss: 13423.077759 
[2018-10-18 18:33:22,355][INFO] [3/200] Time: 51.562445 s
[2018-10-18 18:33:22,356][INFO] ------------------------------
[2018-10-18 18:34:12,286][INFO] [4/200] Train loss: 16091.677276 
[2018-10-18 18:34:13,755][INFO] [4/200] Validation loss: 12791.566040 
[2018-10-18 18:34:14,185][INFO] [4/200] Time: 51.828086 s
[2018-10-18 18:34:14,186][INFO] ------------------------------
[2018-10-18 18:35:04,573][INFO] [5/200] Train loss: 14620.921941 
[2018-10-18 18:35:06,128][INFO] [5/200] Validation loss: 19897.781738 
[2018-10-18 18:35:06,316][INFO] [5/200] Time: 52.128838 s
[2018-10-18 18:35:06,317][INFO] ------------------------------
[2018-10-18 18:35:56,447][INFO] [6/200] Train loss: 15218.110797 
[2018-10-18 18:35:57,866][INFO] [6/200] Validation loss: 14103.225220 
[2018-10-18 18:35:58,032][INFO] [6/200] Time: 51.713520 s
[2018-10-18 18:35:58,033][INFO] ------------------------------
[2018-10-18 18:36:48,391][INFO] [7/200] Train loss: 16519.325595 
[2018-10-18 18:36:50,059][INFO] [7/200] Validation loss: 21305.587402 
[2018-10-18 18:36:50,236][INFO] [7/200] Time: 52.202634 s
[2018-10-18 18:36:50,238][INFO] ------------------------------
[2018-10-18 18:37:40,487][INFO] [8/200] Train loss: 17837.767323 
[2018-10-18 18:37:42,102][INFO] [8/200] Validation loss: 12481.808594 
[2018-10-18 18:37:42,528][INFO] [8/200] Time: 52.288961 s
[2018-10-18 18:37:42,529][INFO] ------------------------------
[2018-10-18 18:38:32,832][INFO] [9/200] Train loss: 17167.554615 
[2018-10-18 18:38:34,288][INFO] [9/200] Validation loss: 10944.525757 
[2018-10-18 18:38:34,728][INFO] [9/200] Time: 52.198577 s
[2018-10-18 18:38:34,729][INFO] ------------------------------
[2018-10-18 18:39:25,130][INFO] [10/200] Train loss: 15334.566911 
[2018-10-18 18:39:26,597][INFO] [10/200] Validation loss: 11264.918701 
[2018-10-18 18:39:26,773][INFO] [10/200] Time: 52.043717 s
[2018-10-18 18:39:26,775][INFO] ------------------------------
[2018-10-18 18:40:17,109][INFO] [11/200] Train loss: 19107.569428 
[2018-10-18 18:40:18,724][INFO] [11/200] Validation loss: 11438.895996 
[2018-10-18 18:40:18,881][INFO] [11/200] Time: 52.105340 s
[2018-10-18 18:40:18,882][INFO] ------------------------------
[2018-10-18 18:41:09,193][INFO] [12/200] Train loss: 19086.103385 
[2018-10-18 18:41:10,625][INFO] [12/200] Validation loss: 13525.987305 
[2018-10-18 18:41:10,799][INFO] [12/200] Time: 51.915766 s
[2018-10-18 18:41:10,800][INFO] ------------------------------
[2018-10-18 18:42:01,032][INFO] [13/200] Train loss: 14578.526937 
[2018-10-18 18:42:02,658][INFO] [13/200] Validation loss: 11786.390015 
[2018-10-18 18:42:02,825][INFO] [13/200] Time: 52.024235 s
[2018-10-18 18:42:02,826][INFO] ------------------------------
[2018-10-18 18:42:53,161][INFO] [14/200] Train loss: 17657.410150 
[2018-10-18 18:42:54,470][INFO] [14/200] Validation loss: 68298.268066 
[2018-10-18 18:42:54,647][INFO] [14/200] Time: 51.820550 s
[2018-10-18 18:42:54,648][INFO] ------------------------------
[2018-10-18 18:43:45,099][INFO] [15/200] Train loss: 16360.503932 
[2018-10-18 18:43:46,817][INFO] [15/200] Validation loss: 80033.317383 
[2018-10-18 18:43:46,993][INFO] [15/200] Time: 52.343948 s
[2018-10-18 18:43:46,995][INFO] ------------------------------
[2018-10-18 18:44:37,582][INFO] [16/200] Train loss: 17901.600435 
[2018-10-18 18:44:39,152][INFO] [16/200] Validation loss: 11732.333618 
[2018-10-18 18:44:39,333][INFO] [16/200] Time: 52.337274 s
[2018-10-18 18:44:39,335][INFO] ------------------------------
[2018-10-18 18:45:30,139][INFO] [17/200] Train loss: 176078.860299 
[2018-10-18 18:45:31,708][INFO] [17/200] Validation loss: 32495.384033 
[2018-10-18 18:45:31,882][INFO] [17/200] Time: 52.546126 s
[2018-10-18 18:45:31,883][INFO] ------------------------------
[2018-10-18 18:46:22,397][INFO] [18/200] Train loss: 159168.734198 
[2018-10-18 18:46:23,875][INFO] [18/200] Validation loss: 390478.417969 
[2018-10-18 18:46:24,072][INFO] [18/200] Time: 52.187426 s
[2018-10-18 18:46:24,073][INFO] ------------------------------
[2018-10-18 18:47:14,592][INFO] [19/200] Train loss: 127351.438267 
[2018-10-18 18:47:16,132][INFO] [19/200] Validation loss: 156910.527344 
[2018-10-18 18:47:16,325][INFO] [19/200] Time: 52.250372 s
[2018-10-18 18:47:16,326][INFO] ------------------------------
[2018-10-18 18:48:06,647][INFO] [20/200] Train loss: 136527.542612 
[2018-10-18 18:48:08,153][INFO] [20/200] Validation loss: 50091.307617 
[2018-10-18 18:48:08,337][INFO] [20/200] Time: 52.010188 s
[2018-10-18 18:48:08,338][INFO] ------------------------------
[2018-10-18 18:48:58,541][INFO] [21/200] Train loss: 157185.426673 
[2018-10-18 18:49:00,136][INFO] [21/200] Validation loss: 8376.831970 
[2018-10-18 18:49:00,585][INFO] [21/200] Time: 52.246675 s
[2018-10-18 18:49:00,586][INFO] ------------------------------
[2018-10-18 18:49:50,733][INFO] [22/200] Train loss: 96114.855148 
[2018-10-18 18:49:52,156][INFO] [22/200] Validation loss: 27608.198486 
[2018-10-18 18:49:52,320][INFO] [22/200] Time: 51.732807 s
[2018-10-18 18:49:52,321][INFO] ------------------------------
[2018-10-18 18:50:42,824][INFO] [23/200] Train loss: 119048.789010 
[2018-10-18 18:50:44,167][INFO] [23/200] Validation loss: 48452.452148 
[2018-10-18 18:50:44,333][INFO] [23/200] Time: 52.010578 s
[2018-10-18 18:50:44,334][INFO] ------------------------------
[2018-10-18 18:51:34,768][INFO] [24/200] Train loss: 69229.261961 
[2018-10-18 18:51:36,212][INFO] [24/200] Validation loss: 20509.695557 
[2018-10-18 18:51:36,384][INFO] [24/200] Time: 52.049170 s
[2018-10-18 18:51:36,385][INFO] ------------------------------
[2018-10-18 18:52:26,771][INFO] [25/200] Train loss: 71539.599249 
[2018-10-18 18:52:28,400][INFO] [25/200] Validation loss: 300434.285156 
[2018-10-18 18:52:28,575][INFO] [25/200] Time: 52.189876 s
[2018-10-18 18:52:28,576][INFO] ------------------------------
[2018-10-18 18:53:18,839][INFO] [26/200] Train loss: 116436.422298 
[2018-10-18 18:53:20,365][INFO] [26/200] Validation loss: 14389.142090 
[2018-10-18 18:53:20,555][INFO] [26/200] Time: 51.977904 s
[2018-10-18 18:53:20,557][INFO] ------------------------------
[2018-10-18 18:54:11,043][INFO] [27/200] Train loss: 81433.852739 
[2018-10-18 18:54:12,500][INFO] [27/200] Validation loss: 8246.386292 
[2018-10-18 18:54:12,933][INFO] [27/200] Time: 52.375074 s
[2018-10-18 18:54:12,934][INFO] ------------------------------
[2018-10-18 18:54:31,443][INFO] Training started on cuda:0
[2018-10-18 18:54:31,469][INFO] Visdom successfully connected to server
[2018-10-18 18:55:24,920][INFO] [1/200] Train loss: 22044.796718 
[2018-10-18 18:55:26,437][INFO] [1/200] Validation loss: 21964.303467 
[2018-10-18 18:55:26,838][INFO] [1/200] Time: 55.272056 s
[2018-10-18 18:55:26,839][INFO] ------------------------------
[2018-10-18 18:56:17,494][INFO] [2/200] Train loss: 20771.563811 
[2018-10-18 18:56:18,834][INFO] [2/200] Validation loss: 19212.521973 
[2018-10-18 18:56:19,221][INFO] [2/200] Time: 52.380435 s
[2018-10-18 18:56:19,222][INFO] ------------------------------
[2018-10-18 18:57:09,497][INFO] [3/200] Train loss: 17821.602939 
[2018-10-18 18:57:10,811][INFO] [3/200] Validation loss: 16673.249756 
[2018-10-18 18:57:11,239][INFO] [3/200] Time: 52.015638 s
[2018-10-18 18:57:11,240][INFO] ------------------------------
[2018-10-18 18:58:02,001][INFO] [4/200] Train loss: 15339.004345 
[2018-10-18 18:58:03,572][INFO] [4/200] Validation loss: 14148.036743 
[2018-10-18 18:58:03,970][INFO] [4/200] Time: 52.728394 s
[2018-10-18 18:58:03,971][INFO] ------------------------------
[2018-10-18 18:58:54,542][INFO] [5/200] Train loss: 12775.782869 
[2018-10-18 18:58:55,921][INFO] [5/200] Validation loss: 11501.899780 
[2018-10-18 18:58:56,360][INFO] [5/200] Time: 52.388744 s
[2018-10-18 18:58:56,361][INFO] ------------------------------
[2018-10-18 18:59:46,643][INFO] [6/200] Train loss: 11414.321643 
[2018-10-18 18:59:48,105][INFO] [6/200] Validation loss: 11160.091187 
[2018-10-18 18:59:48,508][INFO] [6/200] Time: 52.145048 s
[2018-10-18 18:59:48,508][INFO] ------------------------------
[2018-10-18 19:00:39,276][INFO] [7/200] Train loss: 11217.011339 
[2018-10-18 19:00:40,807][INFO] [7/200] Validation loss: 11032.044189 
[2018-10-18 19:00:41,234][INFO] [7/200] Time: 52.725153 s
[2018-10-18 19:00:41,236][INFO] ------------------------------
[2018-10-18 19:01:32,221][INFO] [8/200] Train loss: 11153.027344 
[2018-10-18 19:01:33,739][INFO] [8/200] Validation loss: 10907.228027 
[2018-10-18 19:01:34,172][INFO] [8/200] Time: 52.934672 s
[2018-10-18 19:01:34,173][INFO] ------------------------------
[2018-10-18 19:02:25,256][INFO] [9/200] Train loss: 11099.790865 
[2018-10-18 19:02:26,563][INFO] [9/200] Validation loss: 11105.044312 
[2018-10-18 19:02:26,724][INFO] [9/200] Time: 52.550444 s
[2018-10-18 19:02:26,725][INFO] ------------------------------
[2018-10-18 19:03:17,284][INFO] [10/200] Train loss: 11076.218291 
[2018-10-18 19:03:18,654][INFO] [10/200] Validation loss: 10981.446533 
[2018-10-18 19:03:18,821][INFO] [10/200] Time: 52.094627 s
[2018-10-18 19:03:18,822][INFO] ------------------------------
[2018-10-18 19:04:09,886][INFO] [11/200] Train loss: 11050.039292 
[2018-10-18 19:04:11,433][INFO] [11/200] Validation loss: 10853.940063 
[2018-10-18 19:04:11,875][INFO] [11/200] Time: 53.052140 s
[2018-10-18 19:04:11,877][INFO] ------------------------------
[2018-10-18 19:05:02,702][INFO] [12/200] Train loss: 11083.195666 
[2018-10-18 19:05:04,267][INFO] [12/200] Validation loss: 10981.859985 
[2018-10-18 19:05:04,390][INFO] [12/200] Time: 52.512242 s
[2018-10-18 19:05:04,391][INFO] ------------------------------
[2018-10-18 19:05:55,138][INFO] [13/200] Train loss: 11043.234985 
[2018-10-18 19:05:56,621][INFO] [13/200] Validation loss: 10887.061279 
[2018-10-18 19:05:56,770][INFO] [13/200] Time: 52.377808 s
[2018-10-18 19:05:56,771][INFO] ------------------------------
[2018-10-18 19:06:47,060][INFO] [14/200] Train loss: 11020.793395 
[2018-10-18 19:06:48,517][INFO] [14/200] Validation loss: 10990.395386 
[2018-10-18 19:06:48,686][INFO] [14/200] Time: 51.913790 s
[2018-10-18 19:06:48,687][INFO] ------------------------------
[2018-10-18 19:07:39,108][INFO] [15/200] Train loss: 11028.937251 
[2018-10-18 19:07:40,543][INFO] [15/200] Validation loss: 10880.133667 
[2018-10-18 19:07:40,710][INFO] [15/200] Time: 52.022646 s
[2018-10-18 19:07:40,711][INFO] ------------------------------
[2018-10-18 19:08:31,598][INFO] [16/200] Train loss: 10971.202096 
[2018-10-18 19:08:33,117][INFO] [16/200] Validation loss: 10941.571899 
[2018-10-18 19:08:33,256][INFO] [16/200] Time: 52.544079 s
[2018-10-18 19:08:33,257][INFO] ------------------------------
[2018-10-18 19:09:23,751][INFO] [17/200] Train loss: 11037.348698 
[2018-10-18 19:09:25,282][INFO] [17/200] Validation loss: 10987.370728 
[2018-10-18 19:09:25,464][INFO] [17/200] Time: 52.206160 s
[2018-10-18 19:09:25,465][INFO] ------------------------------
[2018-10-18 19:10:16,591][INFO] [18/200] Train loss: 10953.358457 
[2018-10-18 19:10:18,116][INFO] [18/200] Validation loss: 10903.738037 
[2018-10-18 19:10:18,287][INFO] [18/200] Time: 52.821139 s
[2018-10-18 19:10:18,288][INFO] ------------------------------
[2018-10-18 19:11:08,941][INFO] [19/200] Train loss: 10953.904140 
[2018-10-18 19:11:10,450][INFO] [19/200] Validation loss: 10828.904297 
[2018-10-18 19:11:10,879][INFO] [19/200] Time: 52.589337 s
[2018-10-18 19:11:10,880][INFO] ------------------------------
[2018-10-18 19:12:01,466][INFO] [20/200] Train loss: 10956.716397 
[2018-10-18 19:12:02,915][INFO] [20/200] Validation loss: 10941.631714 
[2018-10-18 19:12:03,093][INFO] [20/200] Time: 52.212100 s
[2018-10-18 19:12:03,094][INFO] ------------------------------
[2018-10-18 19:12:54,515][INFO] [21/200] Train loss: 10955.336468 
[2018-10-18 19:12:55,934][INFO] [21/200] Validation loss: 10944.086792 
[2018-10-18 19:12:56,105][INFO] [21/200] Time: 53.008996 s
[2018-10-18 19:12:56,106][INFO] ------------------------------
[2018-10-18 19:13:46,454][INFO] [22/200] Train loss: 10930.301116 
[2018-10-18 19:13:47,914][INFO] [22/200] Validation loss: 10827.602539 
[2018-10-18 19:13:48,374][INFO] [22/200] Time: 52.266915 s
[2018-10-18 19:13:48,375][INFO] ------------------------------
[2018-10-18 19:14:39,641][INFO] [23/200] Train loss: 10943.219635 
[2018-10-18 19:14:41,281][INFO] [23/200] Validation loss: 10843.678467 
[2018-10-18 19:14:41,438][INFO] [23/200] Time: 53.062091 s
[2018-10-18 19:14:41,440][INFO] ------------------------------
[2018-10-18 19:15:53,900][INFO] Training started on cuda:0
[2018-10-18 19:15:53,927][INFO] Visdom successfully connected to server
[2018-10-18 19:16:47,303][INFO] [1/200] Train loss: 21115.463769 
[2018-10-18 19:16:48,993][INFO] [1/200] Validation loss: 19638.017578 
[2018-10-18 19:16:49,443][INFO] [1/200] Time: 55.417696 s
[2018-10-18 19:16:49,444][INFO] ------------------------------
[2018-10-18 19:17:40,500][INFO] [2/200] Train loss: 14942.137472 
[2018-10-18 19:17:41,974][INFO] [2/200] Validation loss: 11108.575562 
[2018-10-18 19:17:42,387][INFO] [2/200] Time: 52.941535 s
[2018-10-18 19:17:42,388][INFO] ------------------------------
[2018-10-18 19:18:33,173][INFO] [3/200] Train loss: 13140.470880 
[2018-10-18 19:18:34,674][INFO] [3/200] Validation loss: 20402.675049 
[2018-10-18 19:18:34,849][INFO] [3/200] Time: 52.460094 s
[2018-10-18 19:18:34,851][INFO] ------------------------------
[2018-10-18 19:19:25,098][INFO] [4/200] Train loss: 11824.963946 
[2018-10-18 19:19:26,576][INFO] [4/200] Validation loss: 10978.919800 
[2018-10-18 19:19:26,975][INFO] [4/200] Time: 52.123570 s
[2018-10-18 19:19:26,977][INFO] ------------------------------
[2018-10-18 19:20:17,949][INFO] [5/200] Train loss: 11381.847964 
[2018-10-18 19:20:19,556][INFO] [5/200] Validation loss: 11130.923462 
[2018-10-18 19:20:19,729][INFO] [5/200] Time: 52.751202 s
[2018-10-18 19:20:19,730][INFO] ------------------------------
[2018-10-18 19:21:10,180][INFO] [6/200] Train loss: 11368.382773 
[2018-10-18 19:21:11,723][INFO] [6/200] Validation loss: 12528.961548 
[2018-10-18 19:21:11,878][INFO] [6/200] Time: 52.146559 s
[2018-10-18 19:21:11,879][INFO] ------------------------------
[2018-10-18 19:22:02,486][INFO] [7/200] Train loss: 11201.815246 
[2018-10-18 19:22:04,127][INFO] [7/200] Validation loss: 10916.007690 
[2018-10-18 19:22:04,511][INFO] [7/200] Time: 52.631767 s
[2018-10-18 19:22:04,513][INFO] ------------------------------
[2018-10-18 19:22:55,081][INFO] [8/200] Train loss: 11175.144236 
[2018-10-18 19:22:56,481][INFO] [8/200] Validation loss: 11050.250000 
[2018-10-18 19:22:56,655][INFO] [8/200] Time: 52.141382 s
[2018-10-18 19:22:56,656][INFO] ------------------------------
[2018-10-18 19:23:47,644][INFO] [9/200] Train loss: 11061.351805 
[2018-10-18 19:23:49,140][INFO] [9/200] Validation loss: 10872.938843 
[2018-10-18 19:23:49,556][INFO] [9/200] Time: 52.898711 s
[2018-10-18 19:23:49,558][INFO] ------------------------------
[2018-10-18 19:24:40,932][INFO] [10/200] Train loss: 12030.137086 
[2018-10-18 19:24:42,492][INFO] [10/200] Validation loss: 15104.318115 
[2018-10-18 19:24:42,655][INFO] [10/200] Time: 53.096022 s
[2018-10-18 19:24:42,657][INFO] ------------------------------
[2018-10-18 19:25:33,501][INFO] [11/200] Train loss: 11078.739789 
[2018-10-18 19:25:34,988][INFO] [11/200] Validation loss: 10847.397583 
[2018-10-18 19:25:35,444][INFO] [11/200] Time: 52.786075 s
[2018-10-18 19:25:35,445][INFO] ------------------------------
[2018-10-18 19:26:26,069][INFO] [12/200] Train loss: 11130.429556 
[2018-10-18 19:26:27,579][INFO] [12/200] Validation loss: 11411.482544 
[2018-10-18 19:26:27,749][INFO] [12/200] Time: 52.302919 s
[2018-10-18 19:26:27,750][INFO] ------------------------------
[2018-10-18 19:27:18,430][INFO] [13/200] Train loss: 11030.273483 
[2018-10-18 19:27:19,773][INFO] [13/200] Validation loss: 10923.934204 
[2018-10-18 19:27:19,939][INFO] [13/200] Time: 52.187898 s
[2018-10-18 19:27:19,940][INFO] ------------------------------
[2018-10-18 19:28:10,525][INFO] [14/200] Train loss: 11328.244626 
[2018-10-18 19:28:12,002][INFO] [14/200] Validation loss: 10933.754272 
[2018-10-18 19:28:12,169][INFO] [14/200] Time: 52.227612 s
[2018-10-18 19:28:12,170][INFO] ------------------------------
[2018-10-18 19:29:02,705][INFO] [15/200] Train loss: 11045.144020 
[2018-10-18 19:29:04,300][INFO] [15/200] Validation loss: 13874.233398 
[2018-10-18 19:29:04,472][INFO] [15/200] Time: 52.301310 s
[2018-10-18 19:29:04,473][INFO] ------------------------------
[2018-10-18 19:29:55,205][INFO] [16/200] Train loss: 11338.690010 
[2018-10-18 19:29:56,905][INFO] [16/200] Validation loss: 10884.558472 
[2018-10-18 19:29:57,075][INFO] [16/200] Time: 52.599944 s
[2018-10-18 19:29:57,076][INFO] ------------------------------
[2018-10-18 19:30:47,878][INFO] [17/200] Train loss: 11136.281447 
[2018-10-18 19:30:49,424][INFO] [17/200] Validation loss: 10821.371216 
[2018-10-18 19:30:49,814][INFO] [17/200] Time: 52.737390 s
[2018-10-18 19:30:49,816][INFO] ------------------------------
[2018-10-18 19:31:40,472][INFO] [18/200] Train loss: 11025.531224 
[2018-10-18 19:31:42,158][INFO] [18/200] Validation loss: 10886.440552 
[2018-10-18 19:31:42,308][INFO] [18/200] Time: 52.491202 s
[2018-10-18 19:31:42,309][INFO] ------------------------------
[2018-10-18 19:32:33,110][INFO] [19/200] Train loss: 11058.584994 
[2018-10-18 19:32:34,715][INFO] [19/200] Validation loss: 10836.078369 
[2018-10-18 19:32:34,884][INFO] [19/200] Time: 52.574576 s
[2018-10-18 19:32:34,886][INFO] ------------------------------
[2018-10-18 19:33:25,879][INFO] [20/200] Train loss: 11006.014721 
[2018-10-18 19:33:27,282][INFO] [20/200] Validation loss: 13407.805054 
[2018-10-18 19:33:27,491][INFO] [20/200] Time: 52.603694 s
[2018-10-18 19:33:27,492][INFO] ------------------------------
[2018-10-18 19:34:18,312][INFO] [21/200] Train loss: 11274.240451 
[2018-10-18 19:34:19,823][INFO] [21/200] Validation loss: 11061.427002 
[2018-10-18 19:34:19,988][INFO] [21/200] Time: 52.494071 s
[2018-10-18 19:34:19,989][INFO] ------------------------------
[2018-10-18 19:35:10,531][INFO] [22/200] Train loss: 11042.081664 
[2018-10-18 19:35:12,024][INFO] [22/200] Validation loss: 10810.038696 
[2018-10-18 19:35:12,410][INFO] [22/200] Time: 52.420243 s
[2018-10-18 19:35:12,411][INFO] ------------------------------
[2018-10-18 19:36:02,665][INFO] [23/200] Train loss: 10988.019420 
[2018-10-18 19:36:04,283][INFO] [23/200] Validation loss: 10877.452637 
[2018-10-18 19:36:04,438][INFO] [23/200] Time: 52.026009 s
[2018-10-18 19:36:04,439][INFO] ------------------------------
[2018-10-18 19:36:55,469][INFO] [24/200] Train loss: 11071.819965 
[2018-10-18 19:36:57,047][INFO] [24/200] Validation loss: 11532.631470 
[2018-10-18 19:36:57,161][INFO] [24/200] Time: 52.720671 s
[2018-10-18 19:36:57,162][INFO] ------------------------------
[2018-10-18 19:37:48,111][INFO] [25/200] Train loss: 11214.423599 
[2018-10-18 19:37:49,649][INFO] [25/200] Validation loss: 10956.356445 
[2018-10-18 19:37:49,800][INFO] [25/200] Time: 52.637495 s
[2018-10-18 19:37:49,802][INFO] ------------------------------
[2018-10-18 19:38:40,346][INFO] [26/200] Train loss: 10990.168277 
[2018-10-18 19:38:41,856][INFO] [26/200] Validation loss: 10904.791382 
[2018-10-18 19:38:42,005][INFO] [26/200] Time: 52.202038 s
[2018-10-18 19:38:42,006][INFO] ------------------------------
[2018-10-18 19:39:32,905][INFO] [27/200] Train loss: 10963.504424 
[2018-10-18 19:39:34,531][INFO] [27/200] Validation loss: 10855.450317 
[2018-10-18 19:39:34,699][INFO] [27/200] Time: 52.691168 s
[2018-10-18 19:39:34,700][INFO] ------------------------------
[2018-10-18 19:40:26,038][INFO] [28/200] Train loss: 11300.507944 
[2018-10-18 19:40:27,614][INFO] [28/200] Validation loss: 10798.816528 
[2018-10-18 19:40:28,038][INFO] [28/200] Time: 53.337436 s
[2018-10-18 19:40:28,040][INFO] ------------------------------
[2018-10-18 19:41:19,157][INFO] [29/200] Train loss: 11094.289062 
[2018-10-18 19:41:20,674][INFO] [29/200] Validation loss: 10918.799683 
[2018-10-18 19:41:20,842][INFO] [29/200] Time: 52.800765 s
[2018-10-18 19:41:20,843][INFO] ------------------------------
[2018-10-18 19:42:11,114][INFO] [30/200] Train loss: 11174.471542 
[2018-10-18 19:42:12,610][INFO] [30/200] Validation loss: 10852.305298 
[2018-10-18 19:42:12,758][INFO] [30/200] Time: 51.913740 s
[2018-10-18 19:42:12,759][INFO] ------------------------------
[2018-10-18 19:43:03,474][INFO] [31/200] Train loss: 11157.378900 
[2018-10-18 19:43:05,150][INFO] [31/200] Validation loss: 10964.895020 
[2018-10-18 19:43:05,308][INFO] [31/200] Time: 52.548732 s
[2018-10-18 19:43:05,310][INFO] ------------------------------
[2018-10-18 19:43:55,670][INFO] [32/200] Train loss: 11072.033079 
[2018-10-18 19:43:57,269][INFO] [32/200] Validation loss: 11336.747803 
[2018-10-18 19:43:57,422][INFO] [32/200] Time: 52.110761 s
[2018-10-18 19:43:57,423][INFO] ------------------------------
[2018-10-18 19:44:47,897][INFO] [33/200] Train loss: 11151.786985 
[2018-10-18 19:44:49,555][INFO] [33/200] Validation loss: 10805.195923 
[2018-10-18 19:44:49,730][INFO] [33/200] Time: 52.305603 s
[2018-10-18 19:44:49,731][INFO] ------------------------------
[2018-10-18 19:45:40,698][INFO] [34/200] Train loss: 11769.735358 
[2018-10-18 19:45:42,320][INFO] [34/200] Validation loss: 10904.795654 
[2018-10-18 19:45:42,446][INFO] [34/200] Time: 52.714079 s
[2018-10-18 19:45:42,447][INFO] ------------------------------
[2018-10-18 19:46:33,354][INFO] [35/200] Train loss: 11073.817435 
[2018-10-18 19:46:34,956][INFO] [35/200] Validation loss: 11098.618530 
[2018-10-18 19:46:35,123][INFO] [35/200] Time: 52.674726 s
[2018-10-18 19:46:35,124][INFO] ------------------------------
[2018-10-18 19:47:25,852][INFO] [36/200] Train loss: 11051.670446 
[2018-10-18 19:47:27,373][INFO] [36/200] Validation loss: 10879.206543 
[2018-10-18 19:47:27,548][INFO] [36/200] Time: 52.423267 s
[2018-10-18 19:47:27,549][INFO] ------------------------------
[2018-10-18 19:48:18,362][INFO] [37/200] Train loss: 10979.240444 
[2018-10-18 19:48:20,011][INFO] [37/200] Validation loss: 10901.416748 
[2018-10-18 19:48:20,188][INFO] [37/200] Time: 52.636690 s
[2018-10-18 19:48:20,189][INFO] ------------------------------
[2018-10-18 19:49:10,833][INFO] [38/200] Train loss: 11397.821990 
[2018-10-18 19:49:12,205][INFO] [38/200] Validation loss: 12494.633423 
[2018-10-18 19:49:12,378][INFO] [38/200] Time: 52.188878 s
[2018-10-18 19:49:12,380][INFO] ------------------------------
[2018-10-18 19:50:03,639][INFO] [39/200] Train loss: 11222.014884 
[2018-10-18 19:50:05,165][INFO] [39/200] Validation loss: 10818.784302 
[2018-10-18 19:50:05,331][INFO] [39/200] Time: 52.950232 s
[2018-10-18 19:50:05,332][INFO] ------------------------------
[2018-10-18 19:50:55,847][INFO] [40/200] Train loss: 11036.414154 
[2018-10-18 19:50:57,367][INFO] [40/200] Validation loss: 12636.560181 
[2018-10-18 19:50:57,513][INFO] [40/200] Time: 52.179565 s
[2018-10-18 19:50:57,514][INFO] ------------------------------
[2018-10-18 19:51:48,326][INFO] [41/200] Train loss: 11255.530057 
[2018-10-18 19:51:49,826][INFO] [41/200] Validation loss: 10810.200317 
[2018-10-18 19:51:50,004][INFO] [41/200] Time: 52.488786 s
[2018-10-18 19:51:50,005][INFO] ------------------------------
[2018-10-18 19:52:40,783][INFO] [42/200] Train loss: 11098.174556 
[2018-10-18 19:52:42,387][INFO] [42/200] Validation loss: 11333.878296 
[2018-10-18 19:52:42,532][INFO] [42/200] Time: 52.525385 s
[2018-10-18 19:52:42,532][INFO] ------------------------------
[2018-10-18 19:53:33,335][INFO] [43/200] Train loss: 11743.620078 
[2018-10-18 19:53:34,801][INFO] [43/200] Validation loss: 10934.009399 
[2018-10-18 19:53:34,970][INFO] [43/200] Time: 52.436904 s
[2018-10-18 19:53:34,972][INFO] ------------------------------
[2018-10-18 19:54:25,589][INFO] [44/200] Train loss: 10928.434053 
[2018-10-18 19:54:27,217][INFO] [44/200] Validation loss: 10846.521362 
[2018-10-18 19:54:27,375][INFO] [44/200] Time: 52.401808 s
[2018-10-18 19:54:27,376][INFO] ------------------------------
[2018-10-18 19:55:18,286][INFO] [45/200] Train loss: 10998.743393 
[2018-10-18 19:55:19,935][INFO] [45/200] Validation loss: 10795.650513 
[2018-10-18 19:55:20,353][INFO] [45/200] Time: 52.975664 s
[2018-10-18 19:55:20,354][INFO] ------------------------------
[2018-10-18 19:56:11,471][INFO] [46/200] Train loss: 11088.285608 
[2018-10-18 19:56:13,038][INFO] [46/200] Validation loss: 11374.497437 
[2018-10-18 19:56:13,182][INFO] [46/200] Time: 52.826718 s
[2018-10-18 19:56:13,183][INFO] ------------------------------
[2018-10-18 19:57:03,819][INFO] [47/200] Train loss: 11129.059531 
[2018-10-18 19:57:05,409][INFO] [47/200] Validation loss: 10793.574219 
[2018-10-18 19:57:05,829][INFO] [47/200] Time: 52.644653 s
[2018-10-18 19:57:05,830][INFO] ------------------------------
[2018-10-18 19:57:56,681][INFO] [48/200] Train loss: 11434.581546 
[2018-10-18 19:57:58,230][INFO] [48/200] Validation loss: 10845.845459 
[2018-10-18 19:57:58,396][INFO] [48/200] Time: 52.564553 s
[2018-10-18 19:57:58,397][INFO] ------------------------------
