[2018-10-19 08:30:47,054][INFO] Training started on cuda:0
[2018-10-19 08:30:47,069][INFO] Visdom successfully connected to server
[2018-10-19 08:31:50,505][INFO] [1/300] Train loss: 21188.558414 
[2018-10-19 08:31:54,158][INFO] [1/300] Validation loss: 20183.733643 
[2018-10-19 08:31:54,554][INFO] [1/300] Time: 67.386966 s
[2018-10-19 08:31:54,555][INFO] ------------------------------
[2018-10-19 08:32:56,688][INFO] [2/300] Train loss: 19548.857366 
[2018-10-19 08:32:59,918][INFO] [2/300] Validation loss: 18117.770172 
[2018-10-19 08:33:00,333][INFO] [2/300] Time: 65.776735 s
[2018-10-19 08:33:00,335][INFO] ------------------------------
[2018-10-19 08:34:01,908][INFO] [3/300] Train loss: 18125.448997 
[2018-10-19 08:34:05,299][INFO] [3/300] Validation loss: 16905.854095 
[2018-10-19 08:34:05,704][INFO] [3/300] Time: 65.368000 s
[2018-10-19 08:34:05,705][INFO] ------------------------------
[2018-10-19 08:35:09,476][INFO] [4/300] Train loss: 16808.393527 
[2018-10-19 08:35:12,957][INFO] [4/300] Validation loss: 15547.673859 
[2018-10-19 08:35:13,350][INFO] [4/300] Time: 67.643877 s
[2018-10-19 08:35:13,351][INFO] ------------------------------
[2018-10-19 08:36:16,348][INFO] [5/300] Train loss: 15554.087887 
[2018-10-19 08:36:19,879][INFO] [5/300] Validation loss: 13900.031311 
[2018-10-19 08:36:20,305][INFO] [5/300] Time: 66.952867 s
[2018-10-19 08:36:20,306][INFO] ------------------------------
[2018-10-19 08:37:21,035][INFO] [6/300] Train loss: 14487.423565 
[2018-10-19 08:37:24,285][INFO] [6/300] Validation loss: 13553.339966 
[2018-10-19 08:37:24,689][INFO] [6/300] Time: 64.382095 s
[2018-10-19 08:37:24,691][INFO] ------------------------------
[2018-10-19 08:38:28,406][INFO] [7/300] Train loss: 13479.573325 
[2018-10-19 08:38:31,971][INFO] [7/300] Validation loss: 12470.203949 
[2018-10-19 08:38:32,375][INFO] [7/300] Time: 67.682676 s
[2018-10-19 08:38:32,376][INFO] ------------------------------
[2018-10-19 08:39:35,996][INFO] [8/300] Train loss: 12643.952976 
[2018-10-19 08:39:39,346][INFO] [8/300] Validation loss: 11418.689880 
[2018-10-19 08:39:39,714][INFO] [8/300] Time: 67.337733 s
[2018-10-19 08:39:39,716][INFO] ------------------------------
[2018-10-19 08:40:43,452][INFO] [9/300] Train loss: 11889.257972 
[2018-10-19 08:40:46,894][INFO] [9/300] Validation loss: 10769.649872 
[2018-10-19 08:40:47,293][INFO] [9/300] Time: 67.576443 s
[2018-10-19 08:40:47,294][INFO] ------------------------------
[2018-10-19 08:41:50,328][INFO] [10/300] Train loss: 11287.414675 
[2018-10-19 08:41:53,846][INFO] [10/300] Validation loss: 10170.577454 
[2018-10-19 08:41:54,234][INFO] [10/300] Time: 66.938954 s
[2018-10-19 08:41:54,235][INFO] ------------------------------
[2018-10-19 08:42:58,132][INFO] [11/300] Train loss: 10728.442199 
[2018-10-19 08:43:01,581][INFO] [11/300] Validation loss: 10270.989563 
[2018-10-19 08:43:01,745][INFO] [11/300] Time: 67.509056 s
[2018-10-19 08:43:01,746][INFO] ------------------------------
[2018-10-19 08:44:06,008][INFO] [12/300] Train loss: 10274.233295 
[2018-10-19 08:44:09,439][INFO] [12/300] Validation loss: 9346.857010 
[2018-10-19 08:44:09,843][INFO] [12/300] Time: 68.095035 s
[2018-10-19 08:44:09,844][INFO] ------------------------------
[2018-10-19 08:45:12,454][INFO] [13/300] Train loss: 9844.122410 
[2018-10-19 08:45:15,945][INFO] [13/300] Validation loss: 9134.212341 
[2018-10-19 08:45:16,326][INFO] [13/300] Time: 66.481868 s
[2018-10-19 08:45:16,328][INFO] ------------------------------
[2018-10-19 08:46:20,334][INFO] [14/300] Train loss: 9438.357896 
[2018-10-19 08:46:23,590][INFO] [14/300] Validation loss: 8624.383743 
[2018-10-19 08:46:24,003][INFO] [14/300] Time: 67.674275 s
[2018-10-19 08:46:24,004][INFO] ------------------------------
[2018-10-19 08:47:27,075][INFO] [15/300] Train loss: 9153.992667 
[2018-10-19 08:47:30,411][INFO] [15/300] Validation loss: 8807.005768 
[2018-10-19 08:47:30,595][INFO] [15/300] Time: 66.590321 s
[2018-10-19 08:47:30,597][INFO] ------------------------------
[2018-10-19 08:48:34,411][INFO] [16/300] Train loss: 8877.529117 
[2018-10-19 08:48:38,063][INFO] [16/300] Validation loss: 9010.388885 
[2018-10-19 08:48:38,242][INFO] [16/300] Time: 67.644550 s
[2018-10-19 08:48:38,243][INFO] ------------------------------
[2018-10-19 08:49:40,645][INFO] [17/300] Train loss: 8627.238458 
[2018-10-19 08:49:44,168][INFO] [17/300] Validation loss: 8208.115219 
[2018-10-19 08:49:44,594][INFO] [17/300] Time: 66.349921 s
[2018-10-19 08:49:44,595][INFO] ------------------------------
[2018-10-19 08:50:46,996][INFO] [18/300] Train loss: 8336.803815 
[2018-10-19 08:50:50,362][INFO] [18/300] Validation loss: 7970.995834 
[2018-10-19 08:50:50,765][INFO] [18/300] Time: 66.169450 s
[2018-10-19 08:50:50,766][INFO] ------------------------------
[2018-10-19 08:51:54,275][INFO] [19/300] Train loss: 8009.052083 
[2018-10-19 08:51:57,934][INFO] [19/300] Validation loss: 8361.894135 
[2018-10-19 08:51:58,113][INFO] [19/300] Time: 67.345470 s
[2018-10-19 08:51:58,114][INFO] ------------------------------
[2018-10-19 08:53:01,399][INFO] [20/300] Train loss: 7720.586073 
[2018-10-19 08:53:04,839][INFO] [20/300] Validation loss: 7710.087418 
[2018-10-19 08:53:05,245][INFO] [20/300] Time: 67.130625 s
[2018-10-19 08:53:05,246][INFO] ------------------------------
[2018-10-19 08:54:07,602][INFO] [21/300] Train loss: 7447.075349 
[2018-10-19 08:54:11,068][INFO] [21/300] Validation loss: 7293.574127 
[2018-10-19 08:54:11,498][INFO] [21/300] Time: 66.250960 s
[2018-10-19 08:54:11,499][INFO] ------------------------------
[2018-10-19 08:55:14,720][INFO] [22/300] Train loss: 7258.121528 
[2018-10-19 08:55:18,254][INFO] [22/300] Validation loss: 7924.256805 
[2018-10-19 08:55:18,424][INFO] [22/300] Time: 66.922782 s
[2018-10-19 08:55:18,425][INFO] ------------------------------
[2018-10-19 08:56:20,459][INFO] [23/300] Train loss: 7075.945079 
[2018-10-19 08:56:24,030][INFO] [23/300] Validation loss: 8643.989471 
[2018-10-19 08:56:24,184][INFO] [23/300] Time: 65.758097 s
[2018-10-19 08:56:24,185][INFO] ------------------------------
[2018-10-19 08:57:27,522][INFO] [24/300] Train loss: 6879.826927 
[2018-10-19 08:57:31,169][INFO] [24/300] Validation loss: 7094.093231 
[2018-10-19 08:57:31,491][INFO] [24/300] Time: 67.304594 s
[2018-10-19 08:57:31,492][INFO] ------------------------------
[2018-10-19 08:58:33,647][INFO] [25/300] Train loss: 6744.063407 
[2018-10-19 08:58:36,823][INFO] [25/300] Validation loss: 6442.566650 
[2018-10-19 08:58:37,149][INFO] [25/300] Time: 65.656313 s
[2018-10-19 08:58:37,150][INFO] ------------------------------
[2018-10-19 08:59:39,773][INFO] [26/300] Train loss: 6596.187138 
[2018-10-19 08:59:43,233][INFO] [26/300] Validation loss: 11472.869843 
[2018-10-19 08:59:43,404][INFO] [26/300] Time: 66.253717 s
[2018-10-19 08:59:43,405][INFO] ------------------------------
[2018-10-19 09:00:46,414][INFO] [27/300] Train loss: 6467.361261 
[2018-10-19 09:00:49,594][INFO] [27/300] Validation loss: 6418.452988 
[2018-10-19 09:00:49,992][INFO] [27/300] Time: 66.585231 s
[2018-10-19 09:00:49,993][INFO] ------------------------------
[2018-10-19 09:01:53,845][INFO] [28/300] Train loss: 6347.433362 
[2018-10-19 09:01:57,314][INFO] [28/300] Validation loss: 8456.869873 
[2018-10-19 09:01:57,480][INFO] [28/300] Time: 67.486510 s
[2018-10-19 09:01:57,481][INFO] ------------------------------
[2018-10-19 09:03:00,932][INFO] [29/300] Train loss: 6234.321630 
[2018-10-19 09:03:04,279][INFO] [29/300] Validation loss: 7404.753799 
[2018-10-19 09:03:04,461][INFO] [29/300] Time: 66.978643 s
[2018-10-19 09:03:04,463][INFO] ------------------------------
[2018-10-19 09:04:07,516][INFO] [30/300] Train loss: 6120.539785 
[2018-10-19 09:04:10,971][INFO] [30/300] Validation loss: 6761.289230 
[2018-10-19 09:04:11,152][INFO] [30/300] Time: 66.688192 s
[2018-10-19 09:04:11,153][INFO] ------------------------------
[2018-10-19 09:05:14,393][INFO] [31/300] Train loss: 5959.613290 
[2018-10-19 09:05:17,833][INFO] [31/300] Validation loss: 5623.434814 
[2018-10-19 09:05:18,240][INFO] [31/300] Time: 67.086294 s
[2018-10-19 09:05:18,242][INFO] ------------------------------
[2018-10-19 09:06:21,764][INFO] [32/300] Train loss: 5754.759476 
[2018-10-19 09:06:25,342][INFO] [32/300] Validation loss: 7174.222412 
[2018-10-19 09:06:25,519][INFO] [32/300] Time: 67.275731 s
[2018-10-19 09:06:25,520][INFO] ------------------------------
[2018-10-19 09:07:28,827][INFO] [33/300] Train loss: 5568.822785 
[2018-10-19 09:07:32,187][INFO] [33/300] Validation loss: 6007.660294 
[2018-10-19 09:07:32,359][INFO] [33/300] Time: 66.837561 s
[2018-10-19 09:07:32,360][INFO] ------------------------------
[2018-10-19 09:08:33,558][INFO] [34/300] Train loss: 5336.717202 
[2018-10-19 09:08:36,757][INFO] [34/300] Validation loss: 4820.644073 
[2018-10-19 09:08:37,150][INFO] [34/300] Time: 64.789239 s
[2018-10-19 09:08:37,153][INFO] ------------------------------
[2018-10-19 09:09:40,790][INFO] [35/300] Train loss: 5113.767777 
[2018-10-19 09:09:44,264][INFO] [35/300] Validation loss: 4697.677841 
[2018-10-19 09:09:44,653][INFO] [35/300] Time: 67.498763 s
[2018-10-19 09:09:44,654][INFO] ------------------------------
[2018-10-19 09:10:48,480][INFO] [36/300] Train loss: 4936.603891 
[2018-10-19 09:10:51,909][INFO] [36/300] Validation loss: 4879.877670 
[2018-10-19 09:10:52,094][INFO] [36/300] Time: 67.439344 s
[2018-10-19 09:10:52,095][INFO] ------------------------------
[2018-10-19 09:11:55,690][INFO] [37/300] Train loss: 4746.184775 
[2018-10-19 09:11:59,116][INFO] [37/300] Validation loss: 6856.656708 
[2018-10-19 09:11:59,289][INFO] [37/300] Time: 67.192158 s
[2018-10-19 09:11:59,290][INFO] ------------------------------
[2018-10-19 09:13:02,463][INFO] [38/300] Train loss: 4596.954940 
[2018-10-19 09:13:05,895][INFO] [38/300] Validation loss: 4964.803040 
[2018-10-19 09:13:06,049][INFO] [38/300] Time: 66.757376 s
[2018-10-19 09:13:06,051][INFO] ------------------------------
[2018-10-19 09:14:09,104][INFO] [39/300] Train loss: 4435.103931 
[2018-10-19 09:14:12,612][INFO] [39/300] Validation loss: 10886.241638 
[2018-10-19 09:14:12,786][INFO] [39/300] Time: 66.733104 s
[2018-10-19 09:14:12,787][INFO] ------------------------------
[2018-10-19 09:15:16,069][INFO] [40/300] Train loss: 4293.927370 
[2018-10-19 09:15:19,592][INFO] [40/300] Validation loss: 8322.781693 
[2018-10-19 09:15:19,775][INFO] [40/300] Time: 66.986621 s
[2018-10-19 09:15:19,776][INFO] ------------------------------
[2018-10-19 09:16:22,833][INFO] [41/300] Train loss: 4192.053373 
[2018-10-19 09:16:26,103][INFO] [41/300] Validation loss: 4296.077255 
[2018-10-19 09:16:26,506][INFO] [41/300] Time: 66.728585 s
[2018-10-19 09:16:26,507][INFO] ------------------------------
[2018-10-19 09:17:28,699][INFO] [42/300] Train loss: 4087.307766 
[2018-10-19 09:17:32,019][INFO] [42/300] Validation loss: 7502.416901 
[2018-10-19 09:17:32,187][INFO] [42/300] Time: 65.678928 s
[2018-10-19 09:17:32,188][INFO] ------------------------------
[2018-10-19 09:18:34,494][INFO] [43/300] Train loss: 4007.811289 
[2018-10-19 09:18:37,758][INFO] [43/300] Validation loss: 4564.504158 
[2018-10-19 09:18:37,925][INFO] [43/300] Time: 65.735950 s
[2018-10-19 09:18:37,926][INFO] ------------------------------
[2018-10-19 09:19:40,573][INFO] [44/300] Train loss: 3919.385005 
[2018-10-19 09:19:44,080][INFO] [44/300] Validation loss: 10542.604767 
[2018-10-19 09:19:44,252][INFO] [44/300] Time: 66.325148 s
[2018-10-19 09:19:44,253][INFO] ------------------------------
[2018-10-19 09:20:48,110][INFO] [45/300] Train loss: 3797.950130 
[2018-10-19 09:20:51,655][INFO] [45/300] Validation loss: 4623.217644 
[2018-10-19 09:20:51,815][INFO] [45/300] Time: 67.560728 s
[2018-10-19 09:20:51,816][INFO] ------------------------------
[2018-10-19 09:21:55,582][INFO] [46/300] Train loss: 3705.236474 
[2018-10-19 09:21:59,349][INFO] [46/300] Validation loss: 5963.046524 
[2018-10-19 09:21:59,520][INFO] [46/300] Time: 67.702192 s
[2018-10-19 09:21:59,521][INFO] ------------------------------
[2018-10-19 09:23:02,280][INFO] [47/300] Train loss: 3627.394855 
[2018-10-19 09:23:05,595][INFO] [47/300] Validation loss: 11791.855988 
[2018-10-19 09:23:05,762][INFO] [47/300] Time: 66.240379 s
[2018-10-19 09:23:05,763][INFO] ------------------------------
[2018-10-19 09:24:09,247][INFO] [48/300] Train loss: 3521.238164 
[2018-10-19 09:24:12,683][INFO] [48/300] Validation loss: 7764.015167 
[2018-10-19 09:24:12,853][INFO] [48/300] Time: 67.088836 s
[2018-10-19 09:24:12,855][INFO] ------------------------------
[2018-10-19 09:25:15,812][INFO] [49/300] Train loss: 3397.098488 
[2018-10-19 09:25:18,932][INFO] [49/300] Validation loss: 4518.506691 
[2018-10-19 09:25:19,136][INFO] [49/300] Time: 66.279836 s
[2018-10-19 09:25:19,137][INFO] ------------------------------
[2018-10-19 09:26:21,797][INFO] [50/300] Train loss: 3326.485661 
[2018-10-19 09:26:25,203][INFO] [50/300] Validation loss: 9436.628296 
[2018-10-19 09:26:25,380][INFO] [50/300] Time: 66.242082 s
[2018-10-19 09:26:25,381][INFO] ------------------------------
[2018-10-19 09:27:27,522][INFO] [51/300] Train loss: 3243.491263 
[2018-10-19 09:27:31,027][INFO] [51/300] Validation loss: 3246.305717 
[2018-10-19 09:27:31,482][INFO] [51/300] Time: 66.100466 s
[2018-10-19 09:27:31,484][INFO] ------------------------------
[2018-10-19 09:28:34,399][INFO] [52/300] Train loss: 3178.387069 
[2018-10-19 09:28:37,623][INFO] [52/300] Validation loss: 9820.011932 
[2018-10-19 09:28:37,806][INFO] [52/300] Time: 66.321089 s
[2018-10-19 09:28:37,807][INFO] ------------------------------
[2018-10-19 09:29:40,220][INFO] [53/300] Train loss: 3112.614170 
[2018-10-19 09:29:43,654][INFO] [53/300] Validation loss: 3862.445961 
[2018-10-19 09:29:43,833][INFO] [53/300] Time: 66.025207 s
[2018-10-19 09:29:43,835][INFO] ------------------------------
[2018-10-19 09:30:45,763][INFO] [54/300] Train loss: 3019.467160 
[2018-10-19 09:30:49,193][INFO] [54/300] Validation loss: 7281.842743 
[2018-10-19 09:30:49,393][INFO] [54/300] Time: 65.556982 s
[2018-10-19 09:30:49,394][INFO] ------------------------------
[2018-10-19 09:31:52,053][INFO] [55/300] Train loss: 2950.350857 
[2018-10-19 09:31:55,447][INFO] [55/300] Validation loss: 5397.261887 
[2018-10-19 09:31:55,626][INFO] [55/300] Time: 66.229967 s
[2018-10-19 09:31:55,627][INFO] ------------------------------
[2018-10-19 09:32:57,809][INFO] [56/300] Train loss: 2868.719807 
[2018-10-19 09:33:01,238][INFO] [56/300] Validation loss: 11017.703308 
[2018-10-19 09:33:01,409][INFO] [56/300] Time: 65.781676 s
[2018-10-19 09:33:01,410][INFO] ------------------------------
[2018-10-19 09:34:04,298][INFO] [57/300] Train loss: 2786.504004 
[2018-10-19 09:34:07,460][INFO] [57/300] Validation loss: 7000.013840 
[2018-10-19 09:34:07,636][INFO] [57/300] Time: 66.224359 s
[2018-10-19 09:34:07,638][INFO] ------------------------------
[2018-10-19 09:35:10,924][INFO] [58/300] Train loss: 2684.268883 
[2018-10-19 09:35:14,513][INFO] [58/300] Validation loss: 10155.013489 
[2018-10-19 09:35:14,685][INFO] [58/300] Time: 67.045954 s
[2018-10-19 09:35:14,686][INFO] ------------------------------
[2018-10-19 09:36:17,866][INFO] [59/300] Train loss: 2602.505459 
[2018-10-19 09:36:21,411][INFO] [59/300] Validation loss: 4002.029739 
[2018-10-19 09:36:21,597][INFO] [59/300] Time: 66.910202 s
[2018-10-19 09:36:21,598][INFO] ------------------------------
[2018-10-19 09:37:25,198][INFO] [60/300] Train loss: 2538.125894 
[2018-10-19 09:37:28,487][INFO] [60/300] Validation loss: 2603.186058 
[2018-10-19 09:37:28,891][INFO] [60/300] Time: 67.292474 s
[2018-10-19 09:37:28,893][INFO] ------------------------------
[2018-10-19 09:38:32,788][INFO] [61/300] Train loss: 2448.540973 
[2018-10-19 09:38:36,373][INFO] [61/300] Validation loss: 8919.305679 
[2018-10-19 09:38:36,553][INFO] [61/300] Time: 67.659157 s
[2018-10-19 09:38:36,554][INFO] ------------------------------
[2018-10-19 09:39:39,667][INFO] [62/300] Train loss: 2362.531901 
[2018-10-19 09:39:43,097][INFO] [62/300] Validation loss: 14043.105774 
[2018-10-19 09:39:43,248][INFO] [62/300] Time: 66.693133 s
[2018-10-19 09:39:43,249][INFO] ------------------------------
[2018-10-19 09:40:45,699][INFO] [63/300] Train loss: 2275.005753 
[2018-10-19 09:40:49,124][INFO] [63/300] Validation loss: 2838.362671 
[2018-10-19 09:40:49,309][INFO] [63/300] Time: 66.059707 s
[2018-10-19 09:40:49,311][INFO] ------------------------------
[2018-10-19 09:41:53,718][INFO] [64/300] Train loss: 2173.404199 
[2018-10-19 09:41:57,097][INFO] [64/300] Validation loss: 11887.546051 
[2018-10-19 09:41:57,267][INFO] [64/300] Time: 67.954441 s
[2018-10-19 09:41:57,268][INFO] ------------------------------
[2018-10-19 09:43:00,127][INFO] [65/300] Train loss: 2101.946148 
[2018-10-19 09:43:03,585][INFO] [65/300] Validation loss: 6100.647537 
[2018-10-19 09:43:03,763][INFO] [65/300] Time: 66.494211 s
[2018-10-19 09:43:03,764][INFO] ------------------------------
[2018-10-19 09:44:06,039][INFO] [66/300] Train loss: 2026.370151 
[2018-10-19 09:44:09,484][INFO] [66/300] Validation loss: 7767.782379 
[2018-10-19 09:44:09,660][INFO] [66/300] Time: 65.895728 s
[2018-10-19 09:44:09,661][INFO] ------------------------------
[2018-10-19 09:45:12,415][INFO] [67/300] Train loss: 1942.824045 
[2018-10-19 09:45:15,749][INFO] [67/300] Validation loss: 2431.005409 
[2018-10-19 09:45:16,149][INFO] [67/300] Time: 66.486569 s
[2018-10-19 09:45:16,150][INFO] ------------------------------
[2018-10-19 09:46:18,709][INFO] [68/300] Train loss: 1853.291679 
[2018-10-19 09:46:21,962][INFO] [68/300] Validation loss: 2036.519436 
[2018-10-19 09:46:22,364][INFO] [68/300] Time: 66.213741 s
[2018-10-19 09:46:22,365][INFO] ------------------------------
[2018-10-19 09:47:24,551][INFO] [69/300] Train loss: 1791.784281 
[2018-10-19 09:47:27,927][INFO] [69/300] Validation loss: 8562.504745 
[2018-10-19 09:47:28,115][INFO] [69/300] Time: 65.749673 s
[2018-10-19 09:47:28,117][INFO] ------------------------------
[2018-10-19 09:48:31,290][INFO] [70/300] Train loss: 1724.189647 
[2018-10-19 09:48:34,790][INFO] [70/300] Validation loss: 3003.294662 
[2018-10-19 09:48:34,971][INFO] [70/300] Time: 66.852912 s
[2018-10-19 09:48:34,972][INFO] ------------------------------
[2018-10-19 09:49:37,836][INFO] [71/300] Train loss: 1660.757803 
[2018-10-19 09:49:41,155][INFO] [71/300] Validation loss: 9503.294586 
[2018-10-19 09:49:41,340][INFO] [71/300] Time: 66.367027 s
[2018-10-19 09:49:41,342][INFO] ------------------------------
[2018-10-19 09:50:45,265][INFO] [72/300] Train loss: 1595.549658 
[2018-10-19 09:50:48,938][INFO] [72/300] Validation loss: 1589.373203 
[2018-10-19 09:50:49,338][INFO] [72/300] Time: 67.995003 s
[2018-10-19 09:50:49,339][INFO] ------------------------------
[2018-10-19 09:51:51,904][INFO] [73/300] Train loss: 1559.211466 
[2018-10-19 09:51:55,260][INFO] [73/300] Validation loss: 6492.660034 
[2018-10-19 09:51:55,436][INFO] [73/300] Time: 66.095886 s
[2018-10-19 09:51:55,437][INFO] ------------------------------
[2018-10-19 09:52:59,131][INFO] [74/300] Train loss: 1532.900978 
[2018-10-19 09:53:02,758][INFO] [74/300] Validation loss: 8550.230560 
[2018-10-19 09:53:02,922][INFO] [74/300] Time: 67.484058 s
[2018-10-19 09:53:02,923][INFO] ------------------------------
[2018-10-19 09:54:06,536][INFO] [75/300] Train loss: 1489.595988 
[2018-10-19 09:54:10,248][INFO] [75/300] Validation loss: 6593.590988 
[2018-10-19 09:54:10,422][INFO] [75/300] Time: 67.497559 s
[2018-10-19 09:54:10,424][INFO] ------------------------------
[2018-10-19 09:55:13,941][INFO] [76/300] Train loss: 1446.027020 
[2018-10-19 09:55:17,263][INFO] [76/300] Validation loss: 11153.952576 
[2018-10-19 09:55:17,448][INFO] [76/300] Time: 67.023612 s
[2018-10-19 09:55:17,449][INFO] ------------------------------
[2018-10-19 09:56:19,507][INFO] [77/300] Train loss: 1372.518675 
[2018-10-19 09:56:22,840][INFO] [77/300] Validation loss: 3558.526756 
[2018-10-19 09:56:23,021][INFO] [77/300] Time: 65.571054 s
[2018-10-19 09:56:23,022][INFO] ------------------------------
[2018-10-19 09:57:25,640][INFO] [78/300] Train loss: 1330.624836 
[2018-10-19 09:57:29,331][INFO] [78/300] Validation loss: 6087.499802 
[2018-10-19 09:57:29,517][INFO] [78/300] Time: 66.493669 s
[2018-10-19 09:57:29,518][INFO] ------------------------------
[2018-10-19 09:58:33,373][INFO] [79/300] Train loss: 1266.885012 
[2018-10-19 09:58:36,606][INFO] [79/300] Validation loss: 9897.678467 
[2018-10-19 09:58:36,794][INFO] [79/300] Time: 67.274966 s
[2018-10-19 09:58:36,795][INFO] ------------------------------
[2018-10-19 09:59:39,574][INFO] [80/300] Train loss: 1213.403013 
[2018-10-19 09:59:43,248][INFO] [80/300] Validation loss: 4168.879539 
[2018-10-19 09:59:43,424][INFO] [80/300] Time: 66.627468 s
[2018-10-19 09:59:43,425][INFO] ------------------------------
[2018-10-19 10:00:46,297][INFO] [81/300] Train loss: 1146.874683 
[2018-10-19 10:00:49,631][INFO] [81/300] Validation loss: 6787.032211 
[2018-10-19 10:00:49,824][INFO] [81/300] Time: 66.398408 s
[2018-10-19 10:00:49,825][INFO] ------------------------------
[2018-10-19 10:01:53,289][INFO] [82/300] Train loss: 1103.650120 
[2018-10-19 10:01:56,794][INFO] [82/300] Validation loss: 9713.730957 
[2018-10-19 10:01:56,979][INFO] [82/300] Time: 67.153106 s
[2018-10-19 10:01:56,980][INFO] ------------------------------
[2018-10-19 10:03:00,603][INFO] [83/300] Train loss: 1076.268920 
[2018-10-19 10:03:03,892][INFO] [83/300] Validation loss: 3523.152832 
[2018-10-19 10:03:04,063][INFO] [83/300] Time: 67.081461 s
[2018-10-19 10:03:04,064][INFO] ------------------------------
[2018-10-19 10:04:06,501][INFO] [84/300] Train loss: 1059.822199 
[2018-10-19 10:04:10,028][INFO] [84/300] Validation loss: 2881.586136 
[2018-10-19 10:04:10,204][INFO] [84/300] Time: 66.138664 s
[2018-10-19 10:04:10,206][INFO] ------------------------------
[2018-10-19 10:05:12,581][INFO] [85/300] Train loss: 1022.077676 
[2018-10-19 10:05:15,931][INFO] [85/300] Validation loss: 1882.710575 
[2018-10-19 10:05:16,102][INFO] [85/300] Time: 65.895399 s
[2018-10-19 10:05:16,103][INFO] ------------------------------
[2018-10-19 10:06:18,739][INFO] [86/300] Train loss: 1012.807018 
[2018-10-19 10:06:22,354][INFO] [86/300] Validation loss: 6181.251663 
[2018-10-19 10:06:22,524][INFO] [86/300] Time: 66.419891 s
[2018-10-19 10:06:22,525][INFO] ------------------------------
[2018-10-19 10:07:25,275][INFO] [87/300] Train loss: 985.429859 
[2018-10-19 10:07:28,517][INFO] [87/300] Validation loss: 657.928585 
[2018-10-19 10:07:28,890][INFO] [87/300] Time: 66.363940 s
[2018-10-19 10:07:28,892][INFO] ------------------------------
[2018-10-19 10:08:32,476][INFO] [88/300] Train loss: 996.221566 
[2018-10-19 10:08:35,924][INFO] [88/300] Validation loss: 3468.488159 
[2018-10-19 10:08:36,083][INFO] [88/300] Time: 67.190184 s
[2018-10-19 10:08:36,085][INFO] ------------------------------
[2018-10-19 10:09:40,104][INFO] [89/300] Train loss: 963.889584 
[2018-10-19 10:09:43,327][INFO] [89/300] Validation loss: 10294.488495 
[2018-10-19 10:09:43,481][INFO] [89/300] Time: 67.395689 s
[2018-10-19 10:09:43,482][INFO] ------------------------------
[2018-10-19 10:10:47,607][INFO] [90/300] Train loss: 950.650078 
[2018-10-19 10:10:51,208][INFO] [90/300] Validation loss: 1918.800255 
[2018-10-19 10:10:51,352][INFO] [90/300] Time: 67.868223 s
[2018-10-19 10:10:51,353][INFO] ------------------------------
[2018-10-19 10:11:54,682][INFO] [91/300] Train loss: 920.465485 
[2018-10-19 10:11:58,209][INFO] [91/300] Validation loss: 1745.473824 
[2018-10-19 10:11:58,345][INFO] [91/300] Time: 66.991060 s
[2018-10-19 10:11:58,346][INFO] ------------------------------
[2018-10-19 10:13:01,772][INFO] [92/300] Train loss: 904.536384 
[2018-10-19 10:13:05,019][INFO] [92/300] Validation loss: 6244.642014 
[2018-10-19 10:13:05,177][INFO] [92/300] Time: 66.830780 s
[2018-10-19 10:13:05,179][INFO] ------------------------------
[2018-10-19 10:14:07,918][INFO] [93/300] Train loss: 931.365733 
[2018-10-19 10:14:11,761][INFO] [93/300] Validation loss: 4394.229927 
[2018-10-19 10:14:11,909][INFO] [93/300] Time: 66.729142 s
[2018-10-19 10:14:11,910][INFO] ------------------------------
[2018-10-19 10:15:14,682][INFO] [94/300] Train loss: 901.552556 
[2018-10-19 10:15:17,943][INFO] [94/300] Validation loss: 3343.300987 
[2018-10-19 10:15:18,122][INFO] [94/300] Time: 66.211458 s
[2018-10-19 10:15:18,124][INFO] ------------------------------
[2018-10-19 10:16:20,800][INFO] [95/300] Train loss: 884.764667 
[2018-10-19 10:16:24,108][INFO] [95/300] Validation loss: 12053.040588 
[2018-10-19 10:16:24,270][INFO] [95/300] Time: 66.144613 s
[2018-10-19 10:16:24,271][INFO] ------------------------------
[2018-10-19 10:17:28,036][INFO] [96/300] Train loss: 877.585630 
[2018-10-19 10:17:31,665][INFO] [96/300] Validation loss: 667.327442 
[2018-10-19 10:17:31,825][INFO] [96/300] Time: 67.553690 s
[2018-10-19 10:17:31,826][INFO] ------------------------------
[2018-10-19 10:18:35,675][INFO] [97/300] Train loss: 867.799297 
[2018-10-19 10:18:38,814][INFO] [97/300] Validation loss: 2362.034042 
[2018-10-19 10:18:38,974][INFO] [97/300] Time: 67.146292 s
[2018-10-19 10:18:38,975][INFO] ------------------------------
[2018-10-19 10:19:42,095][INFO] [98/300] Train loss: 859.560377 
[2018-10-19 10:19:45,537][INFO] [98/300] Validation loss: 1986.694386 
[2018-10-19 10:19:45,712][INFO] [98/300] Time: 66.735965 s
[2018-10-19 10:19:45,713][INFO] ------------------------------
[2018-10-19 10:20:49,253][INFO] [99/300] Train loss: 868.800697 
[2018-10-19 10:20:52,644][INFO] [99/300] Validation loss: 3839.864891 
[2018-10-19 10:20:52,826][INFO] [99/300] Time: 67.111654 s
[2018-10-19 10:20:52,827][INFO] ------------------------------
[2018-10-19 10:21:55,705][INFO] [100/300] Train loss: 840.189544 
[2018-10-19 10:21:59,064][INFO] [100/300] Validation loss: 5365.804398 
[2018-10-19 10:21:59,229][INFO] [100/300] Time: 66.401570 s
[2018-10-19 10:21:59,230][INFO] ------------------------------
[2018-10-19 10:23:01,701][INFO] [101/300] Train loss: 851.731599 
[2018-10-19 10:23:05,529][INFO] [101/300] Validation loss: 4719.001892 
[2018-10-19 10:23:05,692][INFO] [101/300] Time: 66.461088 s
[2018-10-19 10:23:05,693][INFO] ------------------------------
[2018-10-19 10:24:08,411][INFO] [102/300] Train loss: 831.721160 
[2018-10-19 10:24:11,751][INFO] [102/300] Validation loss: 2796.862587 
[2018-10-19 10:24:11,903][INFO] [102/300] Time: 66.208721 s
[2018-10-19 10:24:11,904][INFO] ------------------------------
[2018-10-19 10:25:15,112][INFO] [103/300] Train loss: 820.394951 
[2018-10-19 10:25:18,356][INFO] [103/300] Validation loss: 890.396259 
[2018-10-19 10:25:18,516][INFO] [103/300] Time: 66.610518 s
[2018-10-19 10:25:18,517][INFO] ------------------------------
[2018-10-19 10:26:21,278][INFO] [104/300] Train loss: 833.875536 
[2018-10-19 10:26:24,951][INFO] [104/300] Validation loss: 1852.306087 
[2018-10-19 10:26:25,111][INFO] [104/300] Time: 66.593428 s
[2018-10-19 10:26:25,112][INFO] ------------------------------
[2018-10-19 10:27:28,172][INFO] [105/300] Train loss: 817.573226 
[2018-10-19 10:27:31,519][INFO] [105/300] Validation loss: 1333.738491 
[2018-10-19 10:27:31,681][INFO] [105/300] Time: 66.568653 s
[2018-10-19 10:27:31,683][INFO] ------------------------------
[2018-10-19 10:28:34,535][INFO] [106/300] Train loss: 811.849843 
[2018-10-19 10:28:37,803][INFO] [106/300] Validation loss: 8518.966370 
[2018-10-19 10:28:37,977][INFO] [106/300] Time: 66.293921 s
[2018-10-19 10:28:37,978][INFO] ------------------------------
[2018-10-19 10:29:35,273][INFO] [107/300] Train loss: 807.867393 
[2018-10-19 10:29:37,752][INFO] [107/300] Validation loss: 3231.248764 
[2018-10-19 10:29:37,848][INFO] [107/300] Time: 59.869190 s
[2018-10-19 10:29:37,849][INFO] ------------------------------
[2018-10-19 10:30:32,766][INFO] [108/300] Train loss: 814.075561 
[2018-10-19 10:30:35,533][INFO] [108/300] Validation loss: 7397.025742 
[2018-10-19 10:30:35,630][INFO] [108/300] Time: 57.780180 s
[2018-10-19 10:30:35,631][INFO] ------------------------------
[2018-10-19 10:31:30,537][INFO] [109/300] Train loss: 794.027402 
[2018-10-19 10:31:33,065][INFO] [109/300] Validation loss: 1577.887077 
[2018-10-19 10:31:33,207][INFO] [109/300] Time: 57.576117 s
[2018-10-19 10:31:33,208][INFO] ------------------------------
[2018-10-19 10:32:28,179][INFO] [110/300] Train loss: 790.349233 
[2018-10-19 10:32:30,687][INFO] [110/300] Validation loss: 970.734880 
[2018-10-19 10:32:30,811][INFO] [110/300] Time: 57.602689 s
[2018-10-19 10:32:30,812][INFO] ------------------------------
[2018-10-19 10:33:25,922][INFO] [111/300] Train loss: 799.446690 
[2018-10-19 10:33:28,775][INFO] [111/300] Validation loss: 554.513872 
[2018-10-19 10:33:29,046][INFO] [111/300] Time: 58.234068 s
[2018-10-19 10:33:29,047][INFO] ------------------------------
[2018-10-19 10:34:23,927][INFO] [112/300] Train loss: 774.202538 
[2018-10-19 10:34:26,414][INFO] [112/300] Validation loss: 2543.286171 
[2018-10-19 10:34:26,516][INFO] [112/300] Time: 57.468333 s
[2018-10-19 10:34:26,517][INFO] ------------------------------
[2018-10-19 10:35:21,775][INFO] [113/300] Train loss: 768.718217 
[2018-10-19 10:35:24,376][INFO] [113/300] Validation loss: 2392.887268 
[2018-10-19 10:35:24,494][INFO] [113/300] Time: 57.976615 s
[2018-10-19 10:35:24,495][INFO] ------------------------------
[2018-10-19 10:36:19,847][INFO] [114/300] Train loss: 776.538551 
[2018-10-19 10:36:22,380][INFO] [114/300] Validation loss: 612.506997 
[2018-10-19 10:36:22,503][INFO] [114/300] Time: 58.007710 s
[2018-10-19 10:36:22,504][INFO] ------------------------------
[2018-10-19 10:37:17,613][INFO] [115/300] Train loss: 760.419657 
[2018-10-19 10:37:20,319][INFO] [115/300] Validation loss: 903.364531 
[2018-10-19 10:37:20,419][INFO] [115/300] Time: 57.914231 s
[2018-10-19 10:37:20,419][INFO] ------------------------------
[2018-10-19 10:38:15,253][INFO] [116/300] Train loss: 768.988501 
[2018-10-19 10:38:17,764][INFO] [116/300] Validation loss: 10635.560425 
[2018-10-19 10:38:17,862][INFO] [116/300] Time: 57.442279 s
[2018-10-19 10:38:17,863][INFO] ------------------------------
[2018-10-19 10:39:12,811][INFO] [117/300] Train loss: 753.894192 
[2018-10-19 10:39:15,324][INFO] [117/300] Validation loss: 960.483763 
[2018-10-19 10:39:15,426][INFO] [117/300] Time: 57.562453 s
[2018-10-19 10:39:15,427][INFO] ------------------------------
[2018-10-19 10:40:10,304][INFO] [118/300] Train loss: 746.351506 
[2018-10-19 10:40:12,787][INFO] [118/300] Validation loss: 4669.796692 
[2018-10-19 10:40:12,900][INFO] [118/300] Time: 57.472535 s
[2018-10-19 10:40:12,900][INFO] ------------------------------
[2018-10-19 10:41:07,287][INFO] [119/300] Train loss: 744.952816 
[2018-10-19 10:41:09,713][INFO] [119/300] Validation loss: 2035.855785 
[2018-10-19 10:41:09,839][INFO] [119/300] Time: 56.938158 s
[2018-10-19 10:41:09,840][INFO] ------------------------------
[2018-10-19 10:42:04,278][INFO] [120/300] Train loss: 740.661636 
[2018-10-19 10:42:07,090][INFO] [120/300] Validation loss: 666.225870 
[2018-10-19 10:42:07,184][INFO] [120/300] Time: 57.343215 s
[2018-10-19 10:42:07,184][INFO] ------------------------------
[2018-10-19 10:43:02,260][INFO] [121/300] Train loss: 744.366629 
[2018-10-19 10:43:04,753][INFO] [121/300] Validation loss: 2492.392082 
[2018-10-19 10:43:04,859][INFO] [121/300] Time: 57.674391 s
[2018-10-19 10:43:04,860][INFO] ------------------------------
[2018-10-19 10:44:06,017][INFO] [122/300] Train loss: 741.343146 
[2018-10-19 10:44:09,294][INFO] [122/300] Validation loss: 1084.575514 
[2018-10-19 10:44:09,444][INFO] [122/300] Time: 64.583005 s
[2018-10-19 10:44:09,445][INFO] ------------------------------
[2018-10-19 10:45:12,204][INFO] [123/300] Train loss: 727.292697 
[2018-10-19 10:45:15,488][INFO] [123/300] Validation loss: 1659.157379 
[2018-10-19 10:45:15,674][INFO] [123/300] Time: 66.229062 s
[2018-10-19 10:45:15,676][INFO] ------------------------------
[2018-10-19 10:46:18,234][INFO] [124/300] Train loss: 728.986893 
[2018-10-19 10:46:21,688][INFO] [124/300] Validation loss: 3701.410431 
[2018-10-19 10:46:21,865][INFO] [124/300] Time: 66.188355 s
[2018-10-19 10:46:21,866][INFO] ------------------------------
[2018-10-19 10:47:22,980][INFO] [125/300] Train loss: 721.696807 
[2018-10-19 10:47:25,797][INFO] [125/300] Validation loss: 8927.859070 
[2018-10-19 10:47:25,901][INFO] [125/300] Time: 64.033348 s
[2018-10-19 10:47:25,901][INFO] ------------------------------
[2018-10-19 10:48:20,738][INFO] [126/300] Train loss: 724.979685 
[2018-10-19 10:48:23,375][INFO] [126/300] Validation loss: 1537.500153 
[2018-10-19 10:48:23,477][INFO] [126/300] Time: 57.575057 s
[2018-10-19 10:48:23,478][INFO] ------------------------------
[2018-10-19 10:49:18,466][INFO] [127/300] Train loss: 703.708705 
[2018-10-19 10:49:21,020][INFO] [127/300] Validation loss: 568.184458 
[2018-10-19 10:49:21,159][INFO] [127/300] Time: 57.680535 s
[2018-10-19 10:49:21,160][INFO] ------------------------------
[2018-10-19 10:50:16,530][INFO] [128/300] Train loss: 697.744940 
[2018-10-19 10:50:19,075][INFO] [128/300] Validation loss: 5594.971359 
[2018-10-19 10:50:19,184][INFO] [128/300] Time: 58.023973 s
[2018-10-19 10:50:19,185][INFO] ------------------------------
[2018-10-19 10:51:14,091][INFO] [129/300] Train loss: 705.178051 
[2018-10-19 10:51:16,660][INFO] [129/300] Validation loss: 560.237109 
[2018-10-19 10:51:16,795][INFO] [129/300] Time: 57.609638 s
[2018-10-19 10:51:16,796][INFO] ------------------------------
[2018-10-19 10:52:11,885][INFO] [130/300] Train loss: 716.369956 
[2018-10-19 10:52:14,377][INFO] [130/300] Validation loss: 2862.723969 
[2018-10-19 10:52:14,495][INFO] [130/300] Time: 57.699040 s
[2018-10-19 10:52:14,496][INFO] ------------------------------
[2018-10-19 10:53:08,996][INFO] [131/300] Train loss: 690.018346 
[2018-10-19 10:53:11,747][INFO] [131/300] Validation loss: 11623.825439 
[2018-10-19 10:53:11,843][INFO] [131/300] Time: 57.346420 s
[2018-10-19 10:53:11,844][INFO] ------------------------------
[2018-10-19 10:54:06,548][INFO] [132/300] Train loss: 700.494367 
[2018-10-19 10:54:09,325][INFO] [132/300] Validation loss: 7261.482208 
[2018-10-19 10:54:09,427][INFO] [132/300] Time: 57.583028 s
[2018-10-19 10:54:09,428][INFO] ------------------------------
[2018-10-19 10:55:09,171][INFO] [133/300] Train loss: 700.073607 
[2018-10-19 10:55:12,447][INFO] [133/300] Validation loss: 7914.761490 
[2018-10-19 10:55:12,621][INFO] [133/300] Time: 63.191981 s
[2018-10-19 10:55:12,622][INFO] ------------------------------
[2018-10-19 10:56:15,674][INFO] [134/300] Train loss: 693.324357 
[2018-10-19 10:56:19,105][INFO] [134/300] Validation loss: 13496.782288 
[2018-10-19 10:56:19,279][INFO] [134/300] Time: 66.654997 s
[2018-10-19 10:56:19,280][INFO] ------------------------------
[2018-10-19 10:57:23,417][INFO] [135/300] Train loss: 688.412668 
[2018-10-19 10:57:26,889][INFO] [135/300] Validation loss: 846.718695 
[2018-10-19 10:57:27,070][INFO] [135/300] Time: 67.788201 s
[2018-10-19 10:57:27,071][INFO] ------------------------------
[2018-10-19 10:58:30,423][INFO] [136/300] Train loss: 672.080983 
[2018-10-19 10:58:33,626][INFO] [136/300] Validation loss: 7922.292725 
[2018-10-19 10:58:33,798][INFO] [136/300] Time: 66.726186 s
[2018-10-19 10:58:33,799][INFO] ------------------------------
[2018-10-19 10:59:37,163][INFO] [137/300] Train loss: 682.069080 
[2018-10-19 10:59:40,408][INFO] [137/300] Validation loss: 517.415288 
[2018-10-19 10:59:40,805][INFO] [137/300] Time: 67.005128 s
[2018-10-19 10:59:40,806][INFO] ------------------------------
[2018-10-19 11:00:44,299][INFO] [138/300] Train loss: 675.284624 
[2018-10-19 11:00:47,813][INFO] [138/300] Validation loss: 2699.022034 
[2018-10-19 11:00:47,987][INFO] [138/300] Time: 67.179727 s
[2018-10-19 11:00:47,988][INFO] ------------------------------
[2018-10-19 11:01:50,910][INFO] [139/300] Train loss: 667.786000 
[2018-10-19 11:01:54,600][INFO] [139/300] Validation loss: 3461.297173 
[2018-10-19 11:01:54,777][INFO] [139/300] Time: 66.788628 s
[2018-10-19 11:01:54,779][INFO] ------------------------------
[2018-10-19 11:02:57,030][INFO] [140/300] Train loss: 669.342374 
[2018-10-19 11:03:00,732][INFO] [140/300] Validation loss: 639.383476 
[2018-10-19 11:03:00,898][INFO] [140/300] Time: 66.118102 s
[2018-10-19 11:03:00,899][INFO] ------------------------------
[2018-10-19 11:04:03,716][INFO] [141/300] Train loss: 667.614393 
[2018-10-19 11:04:07,326][INFO] [141/300] Validation loss: 4337.844269 
[2018-10-19 11:04:07,474][INFO] [141/300] Time: 66.574141 s
[2018-10-19 11:04:07,475][INFO] ------------------------------
[2018-10-19 11:05:11,406][INFO] [142/300] Train loss: 655.517449 
[2018-10-19 11:05:14,904][INFO] [142/300] Validation loss: 4646.586990 
[2018-10-19 11:05:15,057][INFO] [142/300] Time: 67.579838 s
[2018-10-19 11:05:15,058][INFO] ------------------------------
[2018-10-19 11:06:17,842][INFO] [143/300] Train loss: 662.291956 
[2018-10-19 11:06:21,219][INFO] [143/300] Validation loss: 2622.786491 
[2018-10-19 11:06:21,397][INFO] [143/300] Time: 66.338672 s
[2018-10-19 11:06:21,398][INFO] ------------------------------
[2018-10-19 11:07:24,106][INFO] [144/300] Train loss: 662.496416 
[2018-10-19 11:07:27,629][INFO] [144/300] Validation loss: 9762.858398 
[2018-10-19 11:07:27,803][INFO] [144/300] Time: 66.403148 s
[2018-10-19 11:07:27,804][INFO] ------------------------------
[2018-10-19 11:08:30,296][INFO] [145/300] Train loss: 648.693968 
[2018-10-19 11:08:33,847][INFO] [145/300] Validation loss: 5725.311707 
[2018-10-19 11:08:34,025][INFO] [145/300] Time: 66.220459 s
[2018-10-19 11:08:34,027][INFO] ------------------------------
[2018-10-19 11:09:38,156][INFO] [146/300] Train loss: 649.708821 
[2018-10-19 11:09:41,666][INFO] [146/300] Validation loss: 1618.832500 
[2018-10-19 11:09:41,837][INFO] [146/300] Time: 67.809596 s
[2018-10-19 11:09:41,839][INFO] ------------------------------
[2018-10-19 11:10:45,636][INFO] [147/300] Train loss: 651.097019 
[2018-10-19 11:10:48,906][INFO] [147/300] Validation loss: 2511.552807 
[2018-10-19 11:10:49,085][INFO] [147/300] Time: 67.245155 s
[2018-10-19 11:10:49,086][INFO] ------------------------------
[2018-10-19 11:11:52,816][INFO] [148/300] Train loss: 645.623477 
[2018-10-19 11:11:56,200][INFO] [148/300] Validation loss: 1453.052170 
[2018-10-19 11:11:56,374][INFO] [148/300] Time: 67.287384 s
[2018-10-19 11:11:56,375][INFO] ------------------------------
[2018-10-19 11:12:59,451][INFO] [149/300] Train loss: 627.873384 
[2018-10-19 11:13:03,020][INFO] [149/300] Validation loss: 3303.984520 
[2018-10-19 11:13:03,201][INFO] [149/300] Time: 66.824358 s
[2018-10-19 11:13:03,203][INFO] ------------------------------
[2018-10-19 11:14:07,360][INFO] [150/300] Train loss: 633.743927 
[2018-10-19 11:14:11,021][INFO] [150/300] Validation loss: 664.762552 
[2018-10-19 11:14:11,186][INFO] [150/300] Time: 67.981946 s
[2018-10-19 11:14:11,187][INFO] ------------------------------
[2018-10-19 11:15:15,183][INFO] [151/300] Train loss: 629.417636 
[2018-10-19 11:15:18,628][INFO] [151/300] Validation loss: 6519.356308 
[2018-10-19 11:15:18,804][INFO] [151/300] Time: 67.615785 s
[2018-10-19 11:15:18,805][INFO] ------------------------------
[2018-10-19 11:16:22,608][INFO] [152/300] Train loss: 627.864625 
[2018-10-19 11:16:25,872][INFO] [152/300] Validation loss: 861.822142 
[2018-10-19 11:16:26,110][INFO] [152/300] Time: 67.303418 s
[2018-10-19 11:16:26,112][INFO] ------------------------------
[2018-10-19 11:17:28,873][INFO] [153/300] Train loss: 632.382977 
[2018-10-19 11:17:32,135][INFO] [153/300] Validation loss: 2466.020752 
[2018-10-19 11:17:32,325][INFO] [153/300] Time: 66.211673 s
[2018-10-19 11:17:32,326][INFO] ------------------------------
[2018-10-19 11:18:36,727][INFO] [154/300] Train loss: 621.008054 
[2018-10-19 11:18:40,222][INFO] [154/300] Validation loss: 1029.745041 
[2018-10-19 11:18:40,398][INFO] [154/300] Time: 68.070719 s
[2018-10-19 11:18:40,399][INFO] ------------------------------
