[2018-11-18 21:22:31,999][INFO] Visdom successfully connected to server
[2018-11-18 21:22:32,225][INFO] ------------------------------
[2018-11-18 21:27:16,786][INFO] [1/300] train loss: nan
[2018-11-18 21:27:23,235][INFO] [1/300] val loss: nan
[2018-11-18 21:27:23,601][INFO] [1/300] Time: 291.375795 s
[2018-11-18 21:27:23,603][INFO] ------------------------------
[2018-11-18 21:28:38,983][INFO] Visdom successfully connected to server
[2018-11-18 21:28:39,203][INFO] ------------------------------
[2018-11-18 21:29:31,862][INFO] Visdom successfully connected to server
[2018-11-18 21:29:32,079][INFO] ------------------------------
[2018-11-18 21:30:06,067][INFO] Visdom successfully connected to server
[2018-11-18 21:30:06,298][INFO] ------------------------------
[2018-11-18 21:34:52,348][INFO] [1/300] train loss: 30464.556927
[2018-11-18 21:34:58,466][INFO] [1/300] val loss: 123621.667844
[2018-11-18 21:34:58,929][INFO] [1/300] Time: 292.630007 s
[2018-11-18 21:34:58,931][INFO] ------------------------------
[2018-11-18 21:39:49,101][INFO] [2/300] train loss: 5147.759625
[2018-11-18 21:39:55,482][INFO] [2/300] val loss: 12716.832405
[2018-11-18 21:39:55,910][INFO] [2/300] Time: 296.976978 s
[2018-11-18 21:39:55,911][INFO] ------------------------------
[2018-11-18 21:44:45,518][INFO] [3/300] train loss: 1824.160833
[2018-11-18 21:44:51,890][INFO] [3/300] val loss: 3264.942847
[2018-11-18 21:44:52,385][INFO] [3/300] Time: 296.472740 s
[2018-11-18 21:44:52,386][INFO] ------------------------------
[2018-11-18 21:49:41,233][INFO] [4/300] train loss: 1471.031782
[2018-11-18 21:49:47,728][INFO] [4/300] val loss: 2060.440794
[2018-11-18 21:49:48,203][INFO] [4/300] Time: 295.815644 s
[2018-11-18 21:49:48,204][INFO] ------------------------------
[2018-11-18 21:54:37,030][INFO] [5/300] train loss: 1283.024200
[2018-11-18 21:54:43,455][INFO] [5/300] val loss: 2305.320340
[2018-11-18 21:54:43,756][INFO] [5/300] Time: 295.551925 s
[2018-11-18 21:54:43,757][INFO] ------------------------------
[2018-11-18 21:59:36,119][INFO] [6/300] train loss: 1176.728256
[2018-11-18 21:59:42,532][INFO] [6/300] val loss: 1657.639703
[2018-11-18 21:59:43,040][INFO] [6/300] Time: 299.281622 s
[2018-11-18 21:59:43,042][INFO] ------------------------------
[2018-11-18 22:04:34,735][INFO] [7/300] train loss: 986.549053
[2018-11-18 22:04:41,133][INFO] [7/300] val loss: 3068.177992
[2018-11-18 22:04:41,485][INFO] [7/300] Time: 298.441916 s
[2018-11-18 22:04:41,486][INFO] ------------------------------
[2018-11-18 22:09:32,647][INFO] [8/300] train loss: 848.505103
[2018-11-18 22:09:38,971][INFO] [8/300] val loss: 1706.665723
[2018-11-18 22:09:39,285][INFO] [8/300] Time: 297.797142 s
[2018-11-18 22:09:39,286][INFO] ------------------------------
[2018-11-18 22:14:29,498][INFO] [9/300] train loss: 760.235509
[2018-11-18 22:14:35,765][INFO] [9/300] val loss: 3465.210602
[2018-11-18 22:14:36,116][INFO] [9/300] Time: 296.828817 s
[2018-11-18 22:14:36,117][INFO] ------------------------------
[2018-11-18 22:19:27,787][INFO] [10/300] train loss: 663.383170
[2018-11-18 22:19:34,327][INFO] [10/300] val loss: 1274.860100
[2018-11-18 22:19:34,777][INFO] [10/300] Time: 298.659750 s
[2018-11-18 22:19:34,779][INFO] ------------------------------
[2018-11-18 22:24:24,228][INFO] [11/300] train loss: 595.288765
[2018-11-18 22:24:30,661][INFO] [11/300] val loss: 778.173702
[2018-11-18 22:24:31,102][INFO] [11/300] Time: 296.321137 s
[2018-11-18 22:24:31,103][INFO] ------------------------------
[2018-11-18 22:29:23,618][INFO] [12/300] train loss: 529.908200
[2018-11-18 22:29:30,232][INFO] [12/300] val loss: 1677.363163
[2018-11-18 22:29:30,544][INFO] [12/300] Time: 299.439839 s
[2018-11-18 22:29:30,545][INFO] ------------------------------
[2018-11-18 22:34:22,298][INFO] [13/300] train loss: 457.511447
[2018-11-18 22:34:28,542][INFO] [13/300] val loss: 761.805209
[2018-11-18 22:34:28,920][INFO] [13/300] Time: 298.373388 s
[2018-11-18 22:34:28,922][INFO] ------------------------------
[2018-11-18 22:39:20,882][INFO] [14/300] train loss: 398.642429
[2018-11-18 22:39:27,230][INFO] [14/300] val loss: 463.892154
[2018-11-18 22:39:27,694][INFO] [14/300] Time: 298.771829 s
[2018-11-18 22:39:27,695][INFO] ------------------------------
[2018-11-18 22:44:19,555][INFO] [15/300] train loss: 351.999564
[2018-11-18 22:44:25,989][INFO] [15/300] val loss: 216.533818
[2018-11-18 22:44:26,519][INFO] [15/300] Time: 298.823129 s
[2018-11-18 22:44:26,521][INFO] ------------------------------
[2018-11-18 22:49:15,320][INFO] [16/300] train loss: 309.359586
[2018-11-18 22:49:21,657][INFO] [16/300] val loss: 377.285979
[2018-11-18 22:49:22,024][INFO] [16/300] Time: 295.502222 s
[2018-11-18 22:49:22,025][INFO] ------------------------------
[2018-11-18 22:54:13,281][INFO] [17/300] train loss: 274.693703
[2018-11-18 22:54:19,633][INFO] [17/300] val loss: 251.304016
[2018-11-18 22:54:20,009][INFO] [17/300] Time: 297.983176 s
[2018-11-18 22:54:20,010][INFO] ------------------------------
[2018-11-18 22:59:11,470][INFO] [18/300] train loss: 252.515650
[2018-11-18 22:59:18,112][INFO] [18/300] val loss: 324.950528
[2018-11-18 22:59:18,527][INFO] [18/300] Time: 298.515848 s
[2018-11-18 22:59:18,528][INFO] ------------------------------
[2018-11-18 23:04:07,149][INFO] [19/300] train loss: 232.600857
[2018-11-18 23:04:13,479][INFO] [19/300] val loss: 126.372633
[2018-11-18 23:04:14,000][INFO] [19/300] Time: 295.470817 s
[2018-11-18 23:04:14,001][INFO] ------------------------------
[2018-11-18 23:09:03,235][INFO] [20/300] train loss: 219.837572
[2018-11-18 23:09:09,782][INFO] [20/300] val loss: 101.611200
[2018-11-18 23:09:10,293][INFO] [20/300] Time: 296.290427 s
[2018-11-18 23:09:10,294][INFO] ------------------------------
[2018-11-18 23:14:00,976][INFO] [21/300] train loss: 213.393261
[2018-11-18 23:14:07,309][INFO] [21/300] val loss: 75.216011
[2018-11-18 23:14:07,814][INFO] [21/300] Time: 297.519021 s
[2018-11-18 23:14:07,815][INFO] ------------------------------
[2018-11-18 23:18:56,362][INFO] [22/300] train loss: 212.223887
[2018-11-18 23:19:02,709][INFO] [22/300] val loss: 84.722986
[2018-11-18 23:19:03,162][INFO] [22/300] Time: 295.346894 s
[2018-11-18 23:19:03,163][INFO] ------------------------------
[2018-11-18 23:23:52,961][INFO] [23/300] train loss: 214.058817
[2018-11-18 23:23:59,402][INFO] [23/300] val loss: 80.116842
[2018-11-18 23:23:59,699][INFO] [23/300] Time: 296.534850 s
[2018-11-18 23:23:59,700][INFO] ------------------------------
[2018-11-18 23:28:50,735][INFO] [24/300] train loss: 216.267757
[2018-11-18 23:28:57,060][INFO] [24/300] val loss: 107.110909
[2018-11-18 23:28:57,331][INFO] [24/300] Time: 297.630215 s
[2018-11-18 23:28:57,332][INFO] ------------------------------
[2018-11-18 23:33:47,931][INFO] [25/300] train loss: 218.817659
[2018-11-18 23:33:54,410][INFO] [25/300] val loss: 117.372070
[2018-11-18 23:33:54,723][INFO] [25/300] Time: 297.389534 s
[2018-11-18 23:33:54,724][INFO] ------------------------------
[2018-11-18 23:38:46,396][INFO] [26/300] train loss: 223.897101
[2018-11-18 23:38:52,764][INFO] [26/300] val loss: 148.997087
[2018-11-18 23:38:53,048][INFO] [26/300] Time: 298.322012 s
[2018-11-18 23:38:53,048][INFO] ------------------------------
[2018-11-18 23:43:42,636][INFO] [27/300] train loss: 228.754074
[2018-11-18 23:43:49,031][INFO] [27/300] val loss: 260.638762
[2018-11-18 23:43:49,337][INFO] [27/300] Time: 296.287004 s
[2018-11-18 23:43:49,338][INFO] ------------------------------
[2018-11-18 23:48:38,525][INFO] [28/300] train loss: 232.043457
[2018-11-18 23:48:45,035][INFO] [28/300] val loss: 255.589586
[2018-11-18 23:48:45,327][INFO] [28/300] Time: 295.987693 s
[2018-11-18 23:48:45,328][INFO] ------------------------------
[2018-11-18 23:53:37,741][INFO] [29/300] train loss: 244.383837
[2018-11-18 23:53:44,091][INFO] [29/300] val loss: 390.156022
[2018-11-18 23:53:44,384][INFO] [29/300] Time: 299.055195 s
[2018-11-18 23:53:44,385][INFO] ------------------------------
[2018-11-18 23:58:36,924][INFO] [30/300] train loss: 271.044488
[2018-11-18 23:58:43,281][INFO] [30/300] val loss: 330.947311
[2018-11-18 23:58:43,579][INFO] [30/300] Time: 299.193610 s
[2018-11-18 23:58:43,581][INFO] ------------------------------
[2018-11-19 00:03:35,821][INFO] [31/300] train loss: 290.639984
[2018-11-19 00:03:42,169][INFO] [31/300] val loss: 428.865194
[2018-11-19 00:03:42,460][INFO] [31/300] Time: 298.877829 s
[2018-11-19 00:03:42,461][INFO] ------------------------------
[2018-11-19 00:08:33,968][INFO] [32/300] train loss: 311.647914
[2018-11-19 00:08:40,274][INFO] [32/300] val loss: 505.955977
[2018-11-19 00:08:40,581][INFO] [32/300] Time: 298.119377 s
[2018-11-19 00:08:40,582][INFO] ------------------------------
[2018-11-19 00:13:33,110][INFO] [33/300] train loss: 322.176228
[2018-11-19 00:13:39,428][INFO] [33/300] val loss: 579.557198
[2018-11-19 00:13:39,977][INFO] [33/300] Time: 299.394501 s
[2018-11-19 00:13:39,978][INFO] ------------------------------
[2018-11-19 00:18:31,256][INFO] [34/300] train loss: 321.164093
[2018-11-19 00:18:37,677][INFO] [34/300] val loss: 1013.037544
[2018-11-19 00:18:38,007][INFO] [34/300] Time: 298.028039 s
[2018-11-19 00:18:38,008][INFO] ------------------------------
[2018-11-19 00:23:29,458][INFO] [35/300] train loss: 328.302961
[2018-11-19 00:23:35,783][INFO] [35/300] val loss: 541.633016
[2018-11-19 00:23:36,125][INFO] [35/300] Time: 298.115949 s
[2018-11-19 00:23:36,126][INFO] ------------------------------
[2018-11-19 00:28:26,684][INFO] [36/300] train loss: 315.151201
[2018-11-19 00:28:33,086][INFO] [36/300] val loss: 1278.757906
[2018-11-19 00:28:33,392][INFO] [36/300] Time: 297.264839 s
[2018-11-19 00:28:33,393][INFO] ------------------------------
[2018-11-19 00:33:22,979][INFO] [37/300] train loss: 306.736920
[2018-11-19 00:33:29,286][INFO] [37/300] val loss: 542.931601
[2018-11-19 00:33:29,626][INFO] [37/300] Time: 296.231980 s
[2018-11-19 00:33:29,627][INFO] ------------------------------
[2018-11-19 00:38:19,071][INFO] [38/300] train loss: 304.269212
[2018-11-19 00:38:25,512][INFO] [38/300] val loss: 837.092404
[2018-11-19 00:38:25,839][INFO] [38/300] Time: 296.210503 s
[2018-11-19 00:38:25,840][INFO] ------------------------------
[2018-11-19 00:43:15,279][INFO] [39/300] train loss: 272.042450
[2018-11-19 00:43:21,686][INFO] [39/300] val loss: 740.447708
[2018-11-19 00:43:21,972][INFO] [39/300] Time: 296.131092 s
[2018-11-19 00:43:21,973][INFO] ------------------------------
[2018-11-19 00:48:14,411][INFO] [40/300] train loss: 266.579108
[2018-11-19 00:48:20,833][INFO] [40/300] val loss: 784.326354
[2018-11-19 00:48:21,142][INFO] [40/300] Time: 299.168368 s
[2018-11-19 00:48:21,143][INFO] ------------------------------
[2018-11-19 00:53:12,376][INFO] [41/300] train loss: 236.523500
[2018-11-19 00:53:18,843][INFO] [41/300] val loss: 665.200330
[2018-11-19 00:53:19,196][INFO] [41/300] Time: 298.051247 s
[2018-11-19 00:53:19,197][INFO] ------------------------------
[2018-11-19 00:58:10,161][INFO] [42/300] train loss: 218.605209
[2018-11-19 00:58:16,404][INFO] [42/300] val loss: 484.251514
[2018-11-19 00:58:16,671][INFO] [42/300] Time: 297.473186 s
[2018-11-19 00:58:16,672][INFO] ------------------------------
[2018-11-19 01:03:09,280][INFO] [43/300] train loss: 195.938398
[2018-11-19 01:03:15,753][INFO] [43/300] val loss: 510.882384
[2018-11-19 01:03:16,029][INFO] [43/300] Time: 299.356247 s
[2018-11-19 01:03:16,031][INFO] ------------------------------
[2018-11-19 01:08:05,627][INFO] [44/300] train loss: 174.811876
[2018-11-19 01:08:12,153][INFO] [44/300] val loss: 230.429607
[2018-11-19 01:08:12,482][INFO] [44/300] Time: 296.450361 s
[2018-11-19 01:08:12,483][INFO] ------------------------------
[2018-11-19 01:13:03,731][INFO] [45/300] train loss: 155.034923
[2018-11-19 01:13:10,252][INFO] [45/300] val loss: 341.812922
[2018-11-19 01:13:10,601][INFO] [45/300] Time: 298.116691 s
[2018-11-19 01:13:10,603][INFO] ------------------------------
[2018-11-19 01:18:02,874][INFO] [46/300] train loss: 131.402855
[2018-11-19 01:18:09,457][INFO] [46/300] val loss: 193.088796
[2018-11-19 01:18:09,754][INFO] [46/300] Time: 299.149945 s
[2018-11-19 01:18:09,756][INFO] ------------------------------
[2018-11-19 01:23:01,098][INFO] [47/300] train loss: 114.262253
[2018-11-19 01:23:07,595][INFO] [47/300] val loss: 171.388466
[2018-11-19 01:23:07,868][INFO] [47/300] Time: 298.110768 s
[2018-11-19 01:23:07,869][INFO] ------------------------------
[2018-11-19 01:27:59,367][INFO] [48/300] train loss: 98.367406
[2018-11-19 01:28:05,800][INFO] [48/300] val loss: 123.426616
[2018-11-19 01:28:06,082][INFO] [48/300] Time: 298.212863 s
[2018-11-19 01:28:06,084][INFO] ------------------------------
[2018-11-19 01:32:57,673][INFO] [49/300] train loss: 82.229301
[2018-11-19 01:33:03,893][INFO] [49/300] val loss: 99.040329
[2018-11-19 01:33:04,230][INFO] [49/300] Time: 298.145549 s
[2018-11-19 01:33:04,231][INFO] ------------------------------
[2018-11-19 01:37:56,459][INFO] [50/300] train loss: 71.209635
[2018-11-19 01:38:02,967][INFO] [50/300] val loss: 112.302686
[2018-11-19 01:38:03,246][INFO] [50/300] Time: 299.013795 s
[2018-11-19 01:38:03,247][INFO] ------------------------------
[2018-11-19 01:42:53,952][INFO] [51/300] train loss: 61.682835
[2018-11-19 01:43:00,412][INFO] [51/300] val loss: 104.551825
[2018-11-19 01:43:00,693][INFO] [51/300] Time: 297.444541 s
[2018-11-19 01:43:00,694][INFO] ------------------------------
[2018-11-19 01:47:50,779][INFO] [52/300] train loss: 53.747557
[2018-11-19 01:47:57,272][INFO] [52/300] val loss: 66.242011
[2018-11-19 01:47:57,746][INFO] [52/300] Time: 297.051333 s
[2018-11-19 01:47:57,747][INFO] ------------------------------
[2018-11-19 01:52:47,998][INFO] [53/300] train loss: 48.233466
[2018-11-19 01:52:54,376][INFO] [53/300] val loss: 52.347663
[2018-11-19 01:52:54,844][INFO] [53/300] Time: 297.096896 s
[2018-11-19 01:52:54,846][INFO] ------------------------------
[2018-11-19 01:57:46,885][INFO] [54/300] train loss: 43.722484
[2018-11-19 01:57:53,287][INFO] [54/300] val loss: 51.257739
[2018-11-19 01:57:53,981][INFO] [54/300] Time: 299.134230 s
[2018-11-19 01:57:53,982][INFO] ------------------------------
[2018-11-19 02:02:46,203][INFO] [55/300] train loss: 40.331765
[2018-11-19 02:02:52,612][INFO] [55/300] val loss: 47.205925
[2018-11-19 02:02:53,078][INFO] [55/300] Time: 299.095613 s
[2018-11-19 02:02:53,079][INFO] ------------------------------
[2018-11-19 02:07:45,088][INFO] [56/300] train loss: 38.378917
[2018-11-19 02:07:51,593][INFO] [56/300] val loss: 41.182463
[2018-11-19 02:07:52,087][INFO] [56/300] Time: 299.006595 s
[2018-11-19 02:07:52,088][INFO] ------------------------------
[2018-11-19 02:12:45,304][INFO] [57/300] train loss: 36.388317
[2018-11-19 02:12:51,723][INFO] [57/300] val loss: 45.420131
[2018-11-19 02:12:52,002][INFO] [57/300] Time: 299.912560 s
[2018-11-19 02:12:52,003][INFO] ------------------------------
[2018-11-19 02:17:41,788][INFO] [58/300] train loss: 34.622252
[2018-11-19 02:17:48,211][INFO] [58/300] val loss: 40.107079
[2018-11-19 02:17:48,601][INFO] [58/300] Time: 296.596943 s
[2018-11-19 02:17:48,602][INFO] ------------------------------
[2018-11-19 02:22:39,160][INFO] [59/300] train loss: 33.747741
[2018-11-19 02:22:45,512][INFO] [59/300] val loss: 38.344977
[2018-11-19 02:22:45,988][INFO] [59/300] Time: 297.384530 s
[2018-11-19 02:22:45,989][INFO] ------------------------------
[2018-11-19 02:27:38,680][INFO] [60/300] train loss: 32.820087
[2018-11-19 02:27:45,519][INFO] [60/300] val loss: 38.054223
[2018-11-19 02:27:46,018][INFO] [60/300] Time: 300.028709 s
[2018-11-19 02:27:46,019][INFO] ------------------------------
[2018-11-19 02:32:35,634][INFO] [61/300] train loss: 32.117654
[2018-11-19 02:32:42,207][INFO] [61/300] val loss: 37.660498
[2018-11-19 02:32:42,713][INFO] [61/300] Time: 296.692869 s
[2018-11-19 02:32:42,714][INFO] ------------------------------
[2018-11-19 02:37:35,030][INFO] [62/300] train loss: 32.289674
[2018-11-19 02:37:41,592][INFO] [62/300] val loss: 36.888952
[2018-11-19 02:37:42,054][INFO] [62/300] Time: 299.339377 s
[2018-11-19 02:37:42,055][INFO] ------------------------------
[2018-11-19 02:42:32,441][INFO] [63/300] train loss: 32.022756
[2018-11-19 02:42:38,945][INFO] [63/300] val loss: 37.631092
[2018-11-19 02:42:39,246][INFO] [63/300] Time: 297.190706 s
[2018-11-19 02:42:39,248][INFO] ------------------------------
[2018-11-19 02:47:29,111][INFO] [64/300] train loss: 32.428140
[2018-11-19 02:47:35,589][INFO] [64/300] val loss: 38.131619
[2018-11-19 02:47:35,887][INFO] [64/300] Time: 296.638102 s
[2018-11-19 02:47:35,888][INFO] ------------------------------
[2018-11-19 02:52:26,890][INFO] [65/300] train loss: 33.335923
[2018-11-19 02:52:33,491][INFO] [65/300] val loss: 39.824947
[2018-11-19 02:52:33,781][INFO] [65/300] Time: 297.892254 s
[2018-11-19 02:52:33,782][INFO] ------------------------------
[2018-11-19 02:57:23,882][INFO] [66/300] train loss: 33.883944
[2018-11-19 02:57:30,260][INFO] [66/300] val loss: 41.971556
[2018-11-19 02:57:30,606][INFO] [66/300] Time: 296.822917 s
[2018-11-19 02:57:30,607][INFO] ------------------------------
[2018-11-19 03:02:21,668][INFO] [67/300] train loss: 34.405634
[2018-11-19 03:02:28,300][INFO] [67/300] val loss: 39.666652
[2018-11-19 03:02:28,590][INFO] [67/300] Time: 297.981492 s
[2018-11-19 03:02:28,590][INFO] ------------------------------
[2018-11-19 03:07:18,592][INFO] [68/300] train loss: 35.061286
[2018-11-19 03:07:25,210][INFO] [68/300] val loss: 46.550314
[2018-11-19 03:07:25,540][INFO] [68/300] Time: 296.948708 s
[2018-11-19 03:07:25,541][INFO] ------------------------------
[2018-11-19 03:12:17,031][INFO] [69/300] train loss: 35.560131
[2018-11-19 03:12:23,307][INFO] [69/300] val loss: 47.131692
[2018-11-19 03:12:23,641][INFO] [69/300] Time: 298.099359 s
[2018-11-19 03:12:23,643][INFO] ------------------------------
[2018-11-19 03:17:15,792][INFO] [70/300] train loss: 37.104276
[2018-11-19 03:17:22,232][INFO] [70/300] val loss: 51.090137
[2018-11-19 03:17:22,538][INFO] [70/300] Time: 298.894670 s
[2018-11-19 03:17:22,539][INFO] ------------------------------
[2018-11-19 03:22:12,714][INFO] [71/300] train loss: 38.823391
[2018-11-19 03:22:19,116][INFO] [71/300] val loss: 42.250513
[2018-11-19 03:22:19,447][INFO] [71/300] Time: 296.906857 s
[2018-11-19 03:22:19,448][INFO] ------------------------------
[2018-11-19 03:27:11,133][INFO] [72/300] train loss: 43.464450
[2018-11-19 03:27:17,523][INFO] [72/300] val loss: 59.245082
[2018-11-19 03:27:17,848][INFO] [72/300] Time: 298.398910 s
[2018-11-19 03:27:17,849][INFO] ------------------------------
[2018-11-19 03:32:09,262][INFO] [73/300] train loss: 49.041681
[2018-11-19 03:32:15,659][INFO] [73/300] val loss: 104.122240
[2018-11-19 03:32:15,990][INFO] [73/300] Time: 298.140066 s
[2018-11-19 03:32:15,991][INFO] ------------------------------
[2018-11-19 03:37:07,871][INFO] [74/300] train loss: 56.976737
[2018-11-19 03:37:14,304][INFO] [74/300] val loss: 116.983415
[2018-11-19 03:37:14,615][INFO] [74/300] Time: 298.622641 s
[2018-11-19 03:37:14,616][INFO] ------------------------------
[2018-11-19 03:42:05,482][INFO] [75/300] train loss: 67.833610
[2018-11-19 03:42:11,803][INFO] [75/300] val loss: 79.195059
[2018-11-19 03:42:12,100][INFO] [75/300] Time: 297.482572 s
[2018-11-19 03:42:12,100][INFO] ------------------------------
[2018-11-19 03:47:03,482][INFO] [76/300] train loss: 77.400754
[2018-11-19 03:47:09,941][INFO] [76/300] val loss: 150.599454
[2018-11-19 03:47:10,310][INFO] [76/300] Time: 298.209113 s
[2018-11-19 03:47:10,312][INFO] ------------------------------
[2018-11-19 03:52:03,813][INFO] [77/300] train loss: 84.487310
[2018-11-19 03:52:10,359][INFO] [77/300] val loss: 114.759512
[2018-11-19 03:52:10,674][INFO] [77/300] Time: 300.357682 s
[2018-11-19 03:52:10,675][INFO] ------------------------------
[2018-11-19 03:57:02,365][INFO] [78/300] train loss: 90.792582
[2018-11-19 03:57:08,962][INFO] [78/300] val loss: 156.250190
[2018-11-19 03:57:09,267][INFO] [78/300] Time: 298.590864 s
[2018-11-19 03:57:09,268][INFO] ------------------------------
[2018-11-19 04:01:59,553][INFO] [79/300] train loss: 90.905515
[2018-11-19 04:02:06,086][INFO] [79/300] val loss: 139.038116
[2018-11-19 04:02:06,406][INFO] [79/300] Time: 297.137423 s
[2018-11-19 04:02:06,407][INFO] ------------------------------
[2018-11-19 04:06:56,908][INFO] [80/300] train loss: 93.088270
[2018-11-19 04:07:03,386][INFO] [80/300] val loss: 453.236644
[2018-11-19 04:07:03,682][INFO] [80/300] Time: 297.273192 s
[2018-11-19 04:07:03,683][INFO] ------------------------------
[2018-11-19 04:11:55,698][INFO] [81/300] train loss: 89.350856
[2018-11-19 04:12:02,361][INFO] [81/300] val loss: 275.154145
[2018-11-19 04:12:02,640][INFO] [81/300] Time: 298.956303 s
[2018-11-19 04:12:02,641][INFO] ------------------------------
[2018-11-19 04:16:52,792][INFO] [82/300] train loss: 83.396137
[2018-11-19 04:16:59,336][INFO] [82/300] val loss: 108.859261
[2018-11-19 04:16:59,640][INFO] [82/300] Time: 296.997719 s
[2018-11-19 04:16:59,641][INFO] ------------------------------
[2018-11-19 04:21:52,416][INFO] [83/300] train loss: 78.112626
[2018-11-19 04:21:58,864][INFO] [83/300] val loss: 160.696756
[2018-11-19 04:21:59,149][INFO] [83/300] Time: 299.506740 s
[2018-11-19 04:21:59,150][INFO] ------------------------------
[2018-11-19 04:26:51,913][INFO] [84/300] train loss: 68.986561
[2018-11-19 04:26:58,515][INFO] [84/300] val loss: 154.395254
[2018-11-19 04:26:58,817][INFO] [84/300] Time: 299.666162 s
[2018-11-19 04:26:58,818][INFO] ------------------------------
[2018-11-19 04:31:50,897][INFO] [85/300] train loss: 61.224334
[2018-11-19 04:31:57,365][INFO] [85/300] val loss: 163.970759
[2018-11-19 04:31:57,639][INFO] [85/300] Time: 298.820212 s
[2018-11-19 04:31:57,640][INFO] ------------------------------
[2018-11-19 04:36:49,173][INFO] [86/300] train loss: 53.843536
[2018-11-19 04:36:55,669][INFO] [86/300] val loss: 123.679032
[2018-11-19 04:36:56,412][INFO] [86/300] Time: 298.771138 s
[2018-11-19 04:36:56,413][INFO] ------------------------------
[2018-11-19 04:41:44,989][INFO] [87/300] train loss: 45.867245
[2018-11-19 04:41:51,411][INFO] [87/300] val loss: 77.408846
[2018-11-19 04:41:51,682][INFO] [87/300] Time: 295.268005 s
[2018-11-19 04:41:51,683][INFO] ------------------------------
[2018-11-19 04:46:41,788][INFO] [88/300] train loss: 39.608667
[2018-11-19 04:46:48,236][INFO] [88/300] val loss: 55.985761
[2018-11-19 04:46:48,514][INFO] [88/300] Time: 296.830306 s
[2018-11-19 04:46:48,515][INFO] ------------------------------
[2018-11-19 04:51:41,467][INFO] [89/300] train loss: 34.411790
[2018-11-19 04:51:47,945][INFO] [89/300] val loss: 70.775164
[2018-11-19 04:51:48,227][INFO] [89/300] Time: 299.710381 s
[2018-11-19 04:51:48,228][INFO] ------------------------------
[2018-11-19 04:56:38,306][INFO] [90/300] train loss: 30.754026
[2018-11-19 04:56:44,796][INFO] [90/300] val loss: 65.690559
[2018-11-19 04:56:45,084][INFO] [90/300] Time: 296.855204 s
[2018-11-19 04:56:45,085][INFO] ------------------------------
[2018-11-19 05:01:35,479][INFO] [91/300] train loss: 27.785807
[2018-11-19 05:01:42,404][INFO] [91/300] val loss: 52.902675
[2018-11-19 05:01:42,734][INFO] [91/300] Time: 297.647637 s
[2018-11-19 05:01:42,735][INFO] ------------------------------
[2018-11-19 05:06:35,392][INFO] [92/300] train loss: 25.160204
[2018-11-19 05:06:41,895][INFO] [92/300] val loss: 50.335280
[2018-11-19 05:06:42,184][INFO] [92/300] Time: 299.447185 s
[2018-11-19 05:06:42,185][INFO] ------------------------------
[2018-11-19 05:11:34,153][INFO] [93/300] train loss: 23.644290
[2018-11-19 05:11:40,514][INFO] [93/300] val loss: 42.482249
[2018-11-19 05:11:40,792][INFO] [93/300] Time: 298.605770 s
[2018-11-19 05:11:40,793][INFO] ------------------------------
[2018-11-19 05:16:33,570][INFO] [94/300] train loss: 22.312540
[2018-11-19 05:16:40,206][INFO] [94/300] val loss: 34.111631
[2018-11-19 05:16:40,713][INFO] [94/300] Time: 299.918449 s
[2018-11-19 05:16:40,714][INFO] ------------------------------
[2018-11-19 05:21:33,034][INFO] [95/300] train loss: 21.148865
[2018-11-19 05:21:39,510][INFO] [95/300] val loss: 33.195376
[2018-11-19 05:21:39,969][INFO] [95/300] Time: 299.254002 s
[2018-11-19 05:21:39,970][INFO] ------------------------------
[2018-11-19 05:26:29,770][INFO] [96/300] train loss: 20.373593
[2018-11-19 05:26:36,235][INFO] [96/300] val loss: 33.275248
[2018-11-19 05:26:36,505][INFO] [96/300] Time: 296.534160 s
[2018-11-19 05:26:36,506][INFO] ------------------------------
[2018-11-19 05:31:27,272][INFO] [97/300] train loss: 19.516395
[2018-11-19 05:31:33,873][INFO] [97/300] val loss: 31.603523
[2018-11-19 05:31:34,350][INFO] [97/300] Time: 297.842827 s
[2018-11-19 05:31:34,351][INFO] ------------------------------
[2018-11-19 05:36:26,900][INFO] [98/300] train loss: 19.113162
[2018-11-19 05:36:33,567][INFO] [98/300] val loss: 31.909609
[2018-11-19 05:36:33,851][INFO] [98/300] Time: 299.499273 s
[2018-11-19 05:36:33,852][INFO] ------------------------------
[2018-11-19 05:41:24,849][INFO] [99/300] train loss: 18.393794
[2018-11-19 05:41:31,286][INFO] [99/300] val loss: 30.322369
[2018-11-19 05:41:31,768][INFO] [99/300] Time: 297.914526 s
[2018-11-19 05:41:31,769][INFO] ------------------------------
[2018-11-19 05:46:22,363][INFO] [100/300] train loss: 18.209612
[2018-11-19 05:46:28,867][INFO] [100/300] val loss: 30.029287
[2018-11-19 05:46:29,332][INFO] [100/300] Time: 297.561725 s
[2018-11-19 05:46:29,333][INFO] ------------------------------
[2018-11-19 05:51:23,003][INFO] [101/300] train loss: 17.938075
[2018-11-19 05:51:29,520][INFO] [101/300] val loss: 29.396336
[2018-11-19 05:51:29,995][INFO] [101/300] Time: 300.660249 s
[2018-11-19 05:51:29,996][INFO] ------------------------------
[2018-11-19 05:56:23,519][INFO] [102/300] train loss: 17.812237
[2018-11-19 05:56:30,038][INFO] [102/300] val loss: 29.378062
[2018-11-19 05:56:30,522][INFO] [102/300] Time: 300.524628 s
[2018-11-19 05:56:30,523][INFO] ------------------------------
[2018-11-19 06:01:23,589][INFO] [103/300] train loss: 17.805544
[2018-11-19 06:01:30,012][INFO] [103/300] val loss: 30.467064
[2018-11-19 06:01:30,291][INFO] [103/300] Time: 299.766539 s
[2018-11-19 06:01:30,292][INFO] ------------------------------
[2018-11-19 06:06:22,305][INFO] [104/300] train loss: 18.122623
[2018-11-19 06:06:28,730][INFO] [104/300] val loss: 30.214353
[2018-11-19 06:06:29,076][INFO] [104/300] Time: 298.782351 s
[2018-11-19 06:06:29,077][INFO] ------------------------------
[2018-11-19 06:11:19,018][INFO] [105/300] train loss: 18.368700
[2018-11-19 06:11:25,465][INFO] [105/300] val loss: 30.093309
[2018-11-19 06:11:25,754][INFO] [105/300] Time: 296.676559 s
[2018-11-19 06:11:25,755][INFO] ------------------------------
[2018-11-19 06:16:16,831][INFO] [106/300] train loss: 18.783560
[2018-11-19 06:16:23,284][INFO] [106/300] val loss: 31.748438
[2018-11-19 06:16:23,629][INFO] [106/300] Time: 297.872900 s
[2018-11-19 06:16:23,630][INFO] ------------------------------
[2018-11-19 06:21:16,351][INFO] [107/300] train loss: 18.882677
[2018-11-19 06:21:22,951][INFO] [107/300] val loss: 34.576882
[2018-11-19 06:21:23,793][INFO] [107/300] Time: 300.161803 s
[2018-11-19 06:21:23,794][INFO] ------------------------------
[2018-11-19 06:26:14,879][INFO] [108/300] train loss: 19.596072
[2018-11-19 06:26:21,447][INFO] [108/300] val loss: 33.005701
[2018-11-19 06:26:21,737][INFO] [108/300] Time: 297.941774 s
[2018-11-19 06:26:21,738][INFO] ------------------------------
[2018-11-19 06:31:11,925][INFO] [109/300] train loss: 19.915708
[2018-11-19 06:31:19,059][INFO] [109/300] val loss: 34.586208
[2018-11-19 06:31:19,380][INFO] [109/300] Time: 297.640081 s
[2018-11-19 06:31:19,380][INFO] ------------------------------
[2018-11-19 06:36:10,122][INFO] [110/300] train loss: 20.373975
[2018-11-19 06:36:16,646][INFO] [110/300] val loss: 32.619669
[2018-11-19 06:36:16,993][INFO] [110/300] Time: 297.611541 s
[2018-11-19 06:36:16,994][INFO] ------------------------------
[2018-11-19 06:41:10,384][INFO] [111/300] train loss: 21.079260
[2018-11-19 06:41:16,988][INFO] [111/300] val loss: 37.163468
[2018-11-19 06:41:17,298][INFO] [111/300] Time: 300.302149 s
[2018-11-19 06:41:17,299][INFO] ------------------------------
[2018-11-19 06:46:09,971][INFO] [112/300] train loss: 22.000522
[2018-11-19 06:46:16,444][INFO] [112/300] val loss: 37.756627
[2018-11-19 06:46:16,732][INFO] [112/300] Time: 299.431123 s
[2018-11-19 06:46:16,733][INFO] ------------------------------
[2018-11-19 06:51:12,076][INFO] [113/300] train loss: 23.739886
[2018-11-19 06:51:18,609][INFO] [113/300] val loss: 36.801282
[2018-11-19 06:51:18,887][INFO] [113/300] Time: 302.152715 s
[2018-11-19 06:51:18,888][INFO] ------------------------------
[2018-11-19 06:56:11,801][INFO] [114/300] train loss: 26.841443
[2018-11-19 06:56:18,530][INFO] [114/300] val loss: 54.774786
[2018-11-19 06:56:18,819][INFO] [114/300] Time: 299.930545 s
[2018-11-19 06:56:18,820][INFO] ------------------------------
[2018-11-19 07:01:09,787][INFO] [115/300] train loss: 31.962604
