[2018-10-17 17:23:08,645][INFO] Training started on cpu
[2018-10-17 17:23:08,663][INFO] Visdom successfully connected to server
[2018-10-17 17:23:09,105][INFO] [1/50] Train loss: 22086.562500 
[2018-10-17 17:23:09,213][INFO] [1/50] Validation loss: 17609.824219 
[2018-10-17 17:23:09,371][INFO] [1/50] Time: 0.609066 s
[2018-10-17 17:23:09,372][INFO] ------------------------------
[2018-10-17 17:23:09,651][INFO] [2/50] Train loss: 21614.558594 
[2018-10-17 17:23:09,796][INFO] [2/50] Validation loss: 24526.812500 
[2018-10-17 17:23:09,947][INFO] [2/50] Time: 0.568380 s
[2018-10-17 17:23:09,947][INFO] ------------------------------
[2018-10-17 17:23:10,295][INFO] [3/50] Train loss: 22907.740234 
[2018-10-17 17:23:10,466][INFO] [3/50] Validation loss: 17766.271484 
[2018-10-17 17:23:10,606][INFO] [3/50] Time: 0.658451 s
[2018-10-17 17:23:10,609][INFO] ------------------------------
[2018-10-17 17:23:10,963][INFO] [4/50] Train loss: 21292.800781 
[2018-10-17 17:23:11,121][INFO] [4/50] Validation loss: 17088.226562 
[2018-10-17 17:23:11,281][INFO] [4/50] Time: 0.670123 s
[2018-10-17 17:23:11,282][INFO] ------------------------------
[2018-10-17 17:23:11,631][INFO] [5/50] Train loss: 21715.123047 
[2018-10-17 17:23:11,789][INFO] [5/50] Validation loss: 16830.875000 
[2018-10-17 17:23:11,947][INFO] [5/50] Time: 0.663541 s
[2018-10-17 17:23:11,948][INFO] ------------------------------
[2018-10-17 17:23:12,285][INFO] [6/50] Train loss: 21757.917969 
[2018-10-17 17:23:12,437][INFO] [6/50] Validation loss: 16449.646484 
[2018-10-17 17:23:12,596][INFO] [6/50] Time: 0.646984 s
[2018-10-17 17:23:12,598][INFO] ------------------------------
[2018-10-17 17:23:12,934][INFO] [7/50] Train loss: 21685.408203 
[2018-10-17 17:23:13,096][INFO] [7/50] Validation loss: 15976.036133 
[2018-10-17 17:23:13,257][INFO] [7/50] Time: 0.656560 s
[2018-10-17 17:23:13,258][INFO] ------------------------------
[2018-10-17 17:23:13,614][INFO] [8/50] Train loss: 21552.484375 
[2018-10-17 17:23:13,760][INFO] [8/50] Validation loss: 15474.399414 
[2018-10-17 17:23:13,929][INFO] [8/50] Time: 0.666349 s
[2018-10-17 17:23:13,930][INFO] ------------------------------
[2018-10-17 17:23:14,394][INFO] [9/50] Train loss: 21376.126953 
[2018-10-17 17:23:14,613][INFO] [9/50] Validation loss: 15619.778320 
[2018-10-17 17:23:14,770][INFO] [9/50] Time: 0.832918 s
[2018-10-17 17:23:14,771][INFO] ------------------------------
[2018-10-17 17:23:15,127][INFO] [10/50] Train loss: 21320.691406 
[2018-10-17 17:23:15,304][INFO] [10/50] Validation loss: 16963.349609 
[2018-10-17 17:23:15,442][INFO] [10/50] Time: 0.670800 s
[2018-10-17 17:23:15,443][INFO] ------------------------------
[2018-10-17 17:23:15,805][INFO] [11/50] Train loss: 21212.011719 
[2018-10-17 17:23:15,934][INFO] [11/50] Validation loss: 18055.437500 
[2018-10-17 17:23:16,071][INFO] [11/50] Time: 0.626910 s
[2018-10-17 17:23:16,072][INFO] ------------------------------
[2018-10-17 17:23:16,428][INFO] [12/50] Train loss: 21048.158203 
[2018-10-17 17:23:16,557][INFO] [12/50] Validation loss: 18644.160156 
[2018-10-17 17:23:16,695][INFO] [12/50] Time: 0.623202 s
[2018-10-17 17:23:16,697][INFO] ------------------------------
[2018-10-17 17:23:17,068][INFO] [13/50] Train loss: 21058.119141 
[2018-10-17 17:23:17,207][INFO] [13/50] Validation loss: 18489.193359 
[2018-10-17 17:23:17,383][INFO] [13/50] Time: 0.684747 s
[2018-10-17 17:23:17,384][INFO] ------------------------------
[2018-10-17 17:23:17,809][INFO] [14/50] Train loss: 21104.429688 
[2018-10-17 17:23:17,986][INFO] [14/50] Validation loss: 18062.279297 
[2018-10-17 17:23:18,126][INFO] [14/50] Time: 0.740776 s
[2018-10-17 17:23:18,127][INFO] ------------------------------
[2018-10-17 17:23:18,473][INFO] [15/50] Train loss: 21092.164062 
[2018-10-17 17:23:18,683][INFO] [15/50] Validation loss: 17832.837891 
[2018-10-17 17:23:18,823][INFO] [15/50] Time: 0.695225 s
[2018-10-17 17:23:18,908][INFO] ------------------------------
[2018-10-17 17:23:19,376][INFO] [16/50] Train loss: 21064.367188 
[2018-10-17 17:23:19,618][INFO] [16/50] Validation loss: 17743.658203 
[2018-10-17 17:23:19,775][INFO] [16/50] Time: 0.865109 s
[2018-10-17 17:23:19,776][INFO] ------------------------------
[2018-10-17 17:23:20,204][INFO] [17/50] Train loss: 21038.960938 
[2018-10-17 17:23:20,354][INFO] [17/50] Validation loss: 17727.478516 
[2018-10-17 17:23:20,524][INFO] [17/50] Time: 0.746892 s
[2018-10-17 17:23:20,525][INFO] ------------------------------
[2018-10-17 17:23:20,966][INFO] [18/50] Train loss: 21021.107422 
[2018-10-17 17:23:21,114][INFO] [18/50] Validation loss: 17732.351562 
[2018-10-17 17:23:21,265][INFO] [18/50] Time: 0.738790 s
[2018-10-17 17:23:21,265][INFO] ------------------------------
[2018-10-17 17:23:21,642][INFO] [19/50] Train loss: 21010.619141 
[2018-10-17 17:23:21,827][INFO] [19/50] Validation loss: 17742.923828 
[2018-10-17 17:23:22,014][INFO] [19/50] Time: 0.745192 s
[2018-10-17 17:23:22,015][INFO] ------------------------------
[2018-10-17 17:23:22,350][INFO] [20/50] Train loss: 21005.259766 
[2018-10-17 17:23:22,540][INFO] [20/50] Validation loss: 17714.097656 
[2018-10-17 17:23:22,672][INFO] [20/50] Time: 0.655874 s
[2018-10-17 17:23:22,673][INFO] ------------------------------
[2018-10-17 17:23:22,787][ERROR] Connection is already closed.
[2018-10-17 17:23:23,076][INFO] [21/50] Train loss: 21002.830078 
[2018-10-17 17:23:23,240][INFO] [21/50] Validation loss: 17685.609375 
[2018-10-17 17:23:23,252][INFO] [21/50] Time: 0.575610 s
[2018-10-17 17:23:23,258][INFO] ------------------------------
[2018-10-17 17:23:23,668][INFO] [22/50] Train loss: 21003.453125 
[2018-10-17 17:23:23,861][INFO] [22/50] Validation loss: 17670.060547 
[2018-10-17 17:23:23,869][INFO] [22/50] Time: 0.606108 s
[2018-10-17 17:23:23,880][INFO] ------------------------------
[2018-10-17 17:23:24,290][INFO] [23/50] Train loss: 21002.535156 
[2018-10-17 17:23:24,468][INFO] [23/50] Validation loss: 17659.277344 
[2018-10-17 17:23:24,476][INFO] [23/50] Time: 0.595145 s
[2018-10-17 17:23:24,482][INFO] ------------------------------
[2018-10-17 17:23:24,891][INFO] [24/50] Train loss: 20999.044922 
[2018-10-17 17:23:25,122][INFO] [24/50] Validation loss: 17646.300781 
[2018-10-17 17:23:25,144][INFO] [24/50] Time: 0.660965 s
[2018-10-17 17:23:25,149][INFO] ------------------------------
[2018-10-17 17:23:25,547][INFO] [25/50] Train loss: 20995.490234 
[2018-10-17 17:23:25,754][INFO] [25/50] Validation loss: 17631.292969 
[2018-10-17 17:23:25,763][INFO] [25/50] Time: 0.612679 s
[2018-10-17 17:23:25,771][INFO] ------------------------------
[2018-10-17 17:23:25,815][INFO] Socket refused connection, running socketless
[2018-10-17 17:23:26,233][INFO] [26/50] Train loss: 20993.441406 
[2018-10-17 17:23:26,422][INFO] [26/50] Validation loss: 17618.621094 
[2018-10-17 17:23:26,442][INFO] [26/50] Time: 0.666498 s
[2018-10-17 17:23:26,443][INFO] ------------------------------
[2018-10-17 17:23:26,870][INFO] [27/50] Train loss: 20993.144531 
[2018-10-17 17:23:27,075][INFO] [27/50] Validation loss: 17599.507812 
[2018-10-17 17:23:27,102][INFO] [27/50] Time: 0.657620 s
[2018-10-17 17:23:27,109][INFO] ------------------------------
[2018-10-17 17:23:27,513][INFO] [28/50] Train loss: 20993.910156 
[2018-10-17 17:23:27,685][INFO] [28/50] Validation loss: 17569.244141 
[2018-10-17 17:23:27,700][INFO] [28/50] Time: 0.589173 s
[2018-10-17 17:23:27,701][INFO] ------------------------------
[2018-10-17 17:23:28,113][INFO] [29/50] Train loss: 20994.275391 
[2018-10-17 17:23:28,265][INFO] [29/50] Validation loss: 17533.359375 
[2018-10-17 17:23:28,273][INFO] [29/50] Time: 0.569905 s
[2018-10-17 17:23:28,274][INFO] ------------------------------
[2018-10-17 17:23:28,676][INFO] [30/50] Train loss: 20993.677734 
[2018-10-17 17:23:28,817][INFO] [30/50] Validation loss: 17508.818359 
[2018-10-17 17:23:28,839][INFO] [30/50] Time: 0.563162 s
[2018-10-17 17:23:28,849][INFO] ------------------------------
[2018-10-17 17:23:29,249][INFO] [31/50] Train loss: 20992.687500 
[2018-10-17 17:23:29,392][INFO] [31/50] Validation loss: 17503.982422 
[2018-10-17 17:23:29,409][INFO] [31/50] Time: 0.557330 s
[2018-10-17 17:23:29,413][INFO] ------------------------------
[2018-10-17 17:23:29,843][INFO] [32/50] Train loss: 20991.708984 
[2018-10-17 17:23:30,033][INFO] [32/50] Validation loss: 17516.222656 
[2018-10-17 17:23:30,048][INFO] [32/50] Time: 0.633068 s
[2018-10-17 17:23:30,051][INFO] ------------------------------
[2018-10-17 17:23:30,515][INFO] [33/50] Train loss: 20990.951172 
[2018-10-17 17:23:30,708][INFO] [33/50] Validation loss: 17543.914062 
[2018-10-17 17:23:30,735][INFO] [33/50] Time: 0.676693 s
[2018-10-17 17:23:30,741][INFO] ------------------------------
[2018-10-17 17:23:31,263][INFO] [34/50] Train loss: 20990.490234 
[2018-10-17 17:23:31,492][INFO] [34/50] Validation loss: 17580.027344 
[2018-10-17 17:23:31,531][INFO] [34/50] Time: 0.787678 s
[2018-10-17 17:23:31,534][INFO] ------------------------------
[2018-10-17 17:23:31,984][INFO] [35/50] Train loss: 20990.410156 
[2018-10-17 17:23:32,134][INFO] [35/50] Validation loss: 17615.916016 
[2018-10-17 17:23:32,142][INFO] [35/50] Time: 0.606141 s
[2018-10-17 17:23:32,152][INFO] ------------------------------
[2018-10-17 17:23:32,512][INFO] [36/50] Train loss: 20990.572266 
[2018-10-17 17:23:32,682][INFO] [36/50] Validation loss: 17644.279297 
[2018-10-17 17:23:32,705][INFO] [36/50] Time: 0.549495 s
[2018-10-17 17:23:32,707][INFO] ------------------------------
[2018-10-17 17:23:33,069][INFO] [37/50] Train loss: 20990.748047 
[2018-10-17 17:23:33,227][INFO] [37/50] Validation loss: 17661.365234 
[2018-10-17 17:23:33,237][INFO] [37/50] Time: 0.529368 s
[2018-10-17 17:23:33,238][INFO] ------------------------------
[2018-10-17 17:23:33,566][INFO] [38/50] Train loss: 20990.779297 
[2018-10-17 17:23:33,713][INFO] [38/50] Validation loss: 17667.863281 
[2018-10-17 17:23:33,725][INFO] [38/50] Time: 0.480700 s
[2018-10-17 17:23:33,726][INFO] ------------------------------
[2018-10-17 17:23:34,055][INFO] [39/50] Train loss: 20990.652344 
[2018-10-17 17:23:34,176][INFO] [39/50] Validation loss: 17667.566406 
[2018-10-17 17:23:34,188][INFO] [39/50] Time: 0.458984 s
[2018-10-17 17:23:34,189][INFO] ------------------------------
[2018-10-17 17:23:34,598][INFO] [40/50] Train loss: 20990.416016 
[2018-10-17 17:23:34,751][INFO] [40/50] Validation loss: 17664.841797 
[2018-10-17 17:23:34,761][INFO] [40/50] Time: 0.551537 s
[2018-10-17 17:23:34,767][INFO] ------------------------------
[2018-10-17 17:23:35,086][INFO] [41/50] Train loss: 20990.125000 
[2018-10-17 17:23:35,222][INFO] [41/50] Validation loss: 17662.394531 
[2018-10-17 17:23:35,241][INFO] [41/50] Time: 0.472471 s
[2018-10-17 17:23:35,242][INFO] ------------------------------
[2018-10-17 17:23:35,564][INFO] [42/50] Train loss: 20989.843750 
[2018-10-17 17:23:35,751][INFO] [42/50] Validation loss: 17660.449219 
[2018-10-17 17:23:35,760][INFO] [42/50] Time: 0.512672 s
[2018-10-17 17:23:35,761][INFO] ------------------------------
[2018-10-17 17:23:36,144][INFO] [43/50] Train loss: 20989.669922 
[2018-10-17 17:23:36,296][INFO] [43/50] Validation loss: 17657.150391 
[2018-10-17 17:23:36,308][INFO] [43/50] Time: 0.544687 s
[2018-10-17 17:23:36,309][INFO] ------------------------------
[2018-10-17 17:23:36,650][INFO] [44/50] Train loss: 20989.634766 
[2018-10-17 17:23:36,790][INFO] [44/50] Validation loss: 17650.421875 
[2018-10-17 17:23:36,802][INFO] [44/50] Time: 0.488720 s
[2018-10-17 17:23:36,805][INFO] ------------------------------
[2018-10-17 17:23:37,120][INFO] [45/50] Train loss: 20989.681641 
[2018-10-17 17:23:37,270][INFO] [45/50] Validation loss: 17639.667969 
[2018-10-17 17:23:37,280][INFO] [45/50] Time: 0.471043 s
[2018-10-17 17:23:37,281][INFO] ------------------------------
[2018-10-17 17:23:37,613][INFO] [46/50] Train loss: 20989.695312 
[2018-10-17 17:23:37,761][INFO] [46/50] Validation loss: 17626.673828 
[2018-10-17 17:23:37,777][INFO] [46/50] Time: 0.493735 s
[2018-10-17 17:23:37,779][INFO] ------------------------------
[2018-10-17 17:23:38,098][INFO] [47/50] Train loss: 20989.626953 
[2018-10-17 17:23:38,253][INFO] [47/50] Validation loss: 17614.804688 
[2018-10-17 17:23:38,265][INFO] [47/50] Time: 0.484612 s
[2018-10-17 17:23:38,270][INFO] ------------------------------
[2018-10-17 17:23:38,578][INFO] [48/50] Train loss: 20989.476562 
[2018-10-17 17:23:38,703][INFO] [48/50] Validation loss: 17607.382812 
[2018-10-17 17:23:38,729][INFO] [48/50] Time: 0.458270 s
[2018-10-17 17:23:38,730][INFO] ------------------------------
[2018-10-17 17:23:39,096][INFO] [49/50] Train loss: 20989.476562 
[2018-10-17 17:23:39,240][INFO] [49/50] Validation loss: 17605.902344 
[2018-10-17 17:23:39,266][INFO] [49/50] Time: 0.528402 s
[2018-10-17 17:23:39,267][INFO] ------------------------------
[2018-10-17 17:23:39,624][INFO] [50/50] Train loss: 20989.271484 
[2018-10-17 17:23:39,762][INFO] [50/50] Validation loss: 17607.576172 
[2018-10-17 17:23:39,770][INFO] [50/50] Time: 0.499693 s
[2018-10-17 17:23:39,771][INFO] ------------------------------
[2018-10-17 17:23:39,773][INFO] All epochs completed in 31.011376 s
