[2018-10-18 14:47:35,972][INFO] Training started on cuda:0
[2018-10-18 14:48:54,317][INFO] [1/200] Train loss: 15874.820125 
[2018-10-18 14:48:56,686][INFO] [1/200] Validation loss: 11282.476135 
[2018-10-18 14:48:56,933][INFO] [1/200] Time: 80.959562 s
[2018-10-18 14:48:56,934][INFO] ------------------------------
[2018-10-18 14:50:12,669][INFO] [2/200] Train loss: 11163.592264 
[2018-10-18 14:50:14,862][INFO] [2/200] Validation loss: 11183.575256 
[2018-10-18 14:50:15,122][INFO] [2/200] Time: 78.186354 s
[2018-10-18 14:50:15,123][INFO] ------------------------------
[2018-10-18 14:51:30,989][INFO] [3/200] Train loss: 11012.640796 
[2018-10-18 14:51:33,240][INFO] [3/200] Validation loss: 11299.342041 
[2018-10-18 14:51:33,246][INFO] [3/200] Time: 78.120954 s
[2018-10-18 14:51:33,247][INFO] ------------------------------
[2018-10-18 14:52:48,539][INFO] [4/200] Train loss: 10286.369877 
[2018-10-18 14:52:50,732][INFO] [4/200] Validation loss: 9785.734192 
[2018-10-18 14:52:51,002][INFO] [4/200] Time: 77.754318 s
[2018-10-18 14:52:51,003][INFO] ------------------------------
[2018-10-18 14:54:06,494][INFO] [5/200] Train loss: 9579.526538 
[2018-10-18 14:54:08,617][INFO] [5/200] Validation loss: 9522.126892 
[2018-10-18 14:54:08,892][INFO] [5/200] Time: 77.887103 s
[2018-10-18 14:54:08,893][INFO] ------------------------------
[2018-10-18 14:55:24,794][INFO] [6/200] Train loss: 9388.880442 
[2018-10-18 14:55:26,975][INFO] [6/200] Validation loss: 9151.578430 
[2018-10-18 14:55:27,237][INFO] [6/200] Time: 78.342302 s
[2018-10-18 14:55:27,238][INFO] ------------------------------
[2018-10-18 14:56:43,072][INFO] [7/200] Train loss: 8547.446115 
[2018-10-18 14:56:45,303][INFO] [7/200] Validation loss: 22798.893311 
[2018-10-18 14:56:45,307][INFO] [7/200] Time: 78.067528 s
[2018-10-18 14:56:45,308][INFO] ------------------------------
[2018-10-18 14:58:01,038][INFO] [8/200] Train loss: 8039.337891 
[2018-10-18 14:58:03,179][INFO] [8/200] Validation loss: 13928.246704 
[2018-10-18 14:58:03,182][INFO] [8/200] Time: 77.873909 s
[2018-10-18 14:58:03,183][INFO] ------------------------------
[2018-10-18 14:59:19,237][INFO] [9/200] Train loss: 7516.503107 
[2018-10-18 14:59:21,482][INFO] [9/200] Validation loss: 13062.673157 
[2018-10-18 14:59:21,485][INFO] [9/200] Time: 78.299760 s
[2018-10-18 14:59:21,485][INFO] ------------------------------
[2018-10-18 15:00:38,096][INFO] [10/200] Train loss: 6610.463367 
[2018-10-18 15:00:40,304][INFO] [10/200] Validation loss: 6624.427490 
[2018-10-18 15:00:40,561][INFO] [10/200] Time: 79.074628 s
[2018-10-18 15:00:40,562][INFO] ------------------------------
[2018-10-18 15:01:56,526][INFO] [11/200] Train loss: 6485.873371 
[2018-10-18 15:01:58,676][INFO] [11/200] Validation loss: 6707.901215 
[2018-10-18 15:01:58,683][INFO] [11/200] Time: 78.119959 s
[2018-10-18 15:01:58,684][INFO] ------------------------------
[2018-10-18 15:03:15,606][INFO] [12/200] Train loss: 6242.840243 
[2018-10-18 15:03:17,901][INFO] [12/200] Validation loss: 6400.873230 
[2018-10-18 15:03:18,188][INFO] [12/200] Time: 79.502388 s
[2018-10-18 15:03:18,190][INFO] ------------------------------
[2018-10-18 15:04:33,286][INFO] [13/200] Train loss: 6022.168459 
[2018-10-18 15:04:35,341][INFO] [13/200] Validation loss: 5855.224030 
[2018-10-18 15:04:35,578][INFO] [13/200] Time: 77.387233 s
[2018-10-18 15:04:35,579][INFO] ------------------------------
[2018-10-18 15:05:51,179][INFO] [14/200] Train loss: 5870.879385 
[2018-10-18 15:05:53,556][INFO] [14/200] Validation loss: 6458.737610 
[2018-10-18 15:05:53,560][INFO] [14/200] Time: 77.979427 s
[2018-10-18 15:05:53,561][INFO] ------------------------------
[2018-10-18 15:07:09,850][INFO] [15/200] Train loss: 5785.901826 
[2018-10-18 15:07:11,939][INFO] [15/200] Validation loss: 5727.317871 
[2018-10-18 15:07:12,178][INFO] [15/200] Time: 78.616220 s
[2018-10-18 15:07:12,179][INFO] ------------------------------
[2018-10-18 15:08:27,616][INFO] [16/200] Train loss: 5537.478432 
[2018-10-18 15:08:29,781][INFO] [16/200] Validation loss: 6277.508636 
[2018-10-18 15:08:29,784][INFO] [16/200] Time: 77.603839 s
[2018-10-18 15:08:29,786][INFO] ------------------------------
[2018-10-18 15:09:45,017][INFO] [17/200] Train loss: 4924.577717 
[2018-10-18 15:09:47,122][INFO] [17/200] Validation loss: 5969.050446 
[2018-10-18 15:09:47,126][INFO] [17/200] Time: 77.339409 s
[2018-10-18 15:09:47,127][INFO] ------------------------------
[2018-10-18 15:11:03,000][INFO] [18/200] Train loss: 4533.844190 
[2018-10-18 15:11:05,113][INFO] [18/200] Validation loss: 6169.044647 
[2018-10-18 15:11:05,117][INFO] [18/200] Time: 77.989062 s
[2018-10-18 15:11:05,119][INFO] ------------------------------
[2018-10-18 15:12:21,507][INFO] [19/200] Train loss: 4033.478425 
[2018-10-18 15:12:23,830][INFO] [19/200] Validation loss: 9404.021851 
[2018-10-18 15:12:23,833][INFO] [19/200] Time: 78.713435 s
[2018-10-18 15:12:23,834][INFO] ------------------------------
[2018-10-18 15:13:39,449][INFO] [20/200] Train loss: 3795.367695 
[2018-10-18 15:13:41,592][INFO] [20/200] Validation loss: 4702.240387 
[2018-10-18 15:13:41,839][INFO] [20/200] Time: 78.003440 s
[2018-10-18 15:13:41,840][INFO] ------------------------------
[2018-10-18 15:14:58,578][INFO] [21/200] Train loss: 3754.030933 
[2018-10-18 15:15:00,833][INFO] [21/200] Validation loss: 3633.602814 
[2018-10-18 15:15:01,095][INFO] [21/200] Time: 79.253588 s
[2018-10-18 15:15:01,096][INFO] ------------------------------
[2018-10-18 15:16:17,720][INFO] [22/200] Train loss: 3712.065478 
[2018-10-18 15:16:19,941][INFO] [22/200] Validation loss: 4114.082199 
[2018-10-18 15:16:19,945][INFO] [22/200] Time: 78.846881 s
[2018-10-18 15:16:19,946][INFO] ------------------------------
[2018-10-18 15:17:35,477][INFO] [23/200] Train loss: 3679.785552 
[2018-10-18 15:17:37,520][INFO] [23/200] Validation loss: 3866.152374 
[2018-10-18 15:17:37,524][INFO] [23/200] Time: 77.577193 s
[2018-10-18 15:17:37,525][INFO] ------------------------------
[2018-10-18 15:18:53,724][INFO] [24/200] Train loss: 3613.317029 
[2018-10-18 15:18:55,874][INFO] [24/200] Validation loss: 3987.092438 
[2018-10-18 15:18:55,878][INFO] [24/200] Time: 78.352191 s
[2018-10-18 15:18:55,880][INFO] ------------------------------
[2018-10-18 15:20:12,185][INFO] [25/200] Train loss: 3445.442396 
[2018-10-18 15:20:14,485][INFO] [25/200] Validation loss: 7706.221405 
[2018-10-18 15:20:14,489][INFO] [25/200] Time: 78.608040 s
[2018-10-18 15:20:14,490][INFO] ------------------------------
[2018-10-18 15:21:30,376][INFO] [26/200] Train loss: 3328.920388 
[2018-10-18 15:21:32,556][INFO] [26/200] Validation loss: 18539.975830 
[2018-10-18 15:21:32,560][INFO] [26/200] Time: 78.068773 s
[2018-10-18 15:21:32,561][INFO] ------------------------------
[2018-10-18 15:22:47,873][INFO] [27/200] Train loss: 3292.527129 
[2018-10-18 15:22:50,085][INFO] [27/200] Validation loss: 5386.380981 
[2018-10-18 15:22:50,090][INFO] [27/200] Time: 77.528023 s
[2018-10-18 15:22:50,092][INFO] ------------------------------
[2018-10-18 15:24:05,737][INFO] [28/200] Train loss: 3256.990929 
[2018-10-18 15:24:07,861][INFO] [28/200] Validation loss: 15842.455505 
[2018-10-18 15:24:07,865][INFO] [28/200] Time: 77.772367 s
[2018-10-18 15:24:07,867][INFO] ------------------------------
[2018-10-18 15:25:24,173][INFO] [29/200] Train loss: 3084.373093 
[2018-10-18 15:25:26,341][INFO] [29/200] Validation loss: 8050.416229 
[2018-10-18 15:25:26,345][INFO] [29/200] Time: 78.477568 s
[2018-10-18 15:25:26,346][INFO] ------------------------------
[2018-10-18 15:26:42,797][INFO] [30/200] Train loss: 2807.523436 
[2018-10-18 15:26:45,037][INFO] [30/200] Validation loss: 46818.261719 
[2018-10-18 15:26:45,042][INFO] [30/200] Time: 78.694509 s
[2018-10-18 15:26:45,043][INFO] ------------------------------
[2018-10-18 15:28:01,463][INFO] [31/200] Train loss: 2625.619261 
[2018-10-18 15:28:03,632][INFO] [31/200] Validation loss: 17528.079163 
[2018-10-18 15:28:03,640][INFO] [31/200] Time: 78.595562 s
[2018-10-18 15:28:03,641][INFO] ------------------------------
[2018-10-18 15:29:19,820][INFO] [32/200] Train loss: 2539.399371 
[2018-10-18 15:29:22,063][INFO] [32/200] Validation loss: 7105.518951 
[2018-10-18 15:29:22,068][INFO] [32/200] Time: 78.426339 s
[2018-10-18 15:29:22,070][INFO] ------------------------------
[2018-10-18 15:30:38,339][INFO] [33/200] Train loss: 2511.719433 
[2018-10-18 15:30:40,553][INFO] [33/200] Validation loss: 4726.868713 
[2018-10-18 15:30:40,558][INFO] [33/200] Time: 78.487091 s
[2018-10-18 15:30:40,560][INFO] ------------------------------
[2018-10-18 15:31:56,531][INFO] [34/200] Train loss: 2502.133935 
[2018-10-18 15:31:58,652][INFO] [34/200] Validation loss: 5623.462769 
[2018-10-18 15:31:58,657][INFO] [34/200] Time: 78.096205 s
[2018-10-18 15:31:58,658][INFO] ------------------------------
[2018-10-18 15:33:14,567][INFO] [35/200] Train loss: 2478.629385 
[2018-10-18 15:33:16,727][INFO] [35/200] Validation loss: 2645.994797 
[2018-10-18 15:33:16,991][INFO] [35/200] Time: 78.332122 s
[2018-10-18 15:33:16,993][INFO] ------------------------------
[2018-10-18 15:34:33,082][INFO] [36/200] Train loss: 2465.171075 
[2018-10-18 15:34:35,280][INFO] [36/200] Validation loss: 22625.109253 
[2018-10-18 15:34:35,284][INFO] [36/200] Time: 78.290657 s
[2018-10-18 15:34:35,286][INFO] ------------------------------
[2018-10-18 15:35:51,712][INFO] [37/200] Train loss: 2400.287359 
[2018-10-18 15:35:53,859][INFO] [37/200] Validation loss: 12479.823914 
[2018-10-18 15:35:53,863][INFO] [37/200] Time: 78.576122 s
[2018-10-18 15:35:53,864][INFO] ------------------------------
[2018-10-18 15:37:09,711][INFO] [38/200] Train loss: 2239.573267 
[2018-10-18 15:37:11,990][INFO] [38/200] Validation loss: 2435.317841 
[2018-10-18 15:37:12,282][INFO] [38/200] Time: 78.416312 s
[2018-10-18 15:37:12,285][INFO] ------------------------------
[2018-10-18 15:38:28,530][INFO] [39/200] Train loss: 2098.499629 
[2018-10-18 15:38:30,730][INFO] [39/200] Validation loss: 3054.233063 
[2018-10-18 15:38:30,736][INFO] [39/200] Time: 78.449791 s
[2018-10-18 15:38:30,737][INFO] ------------------------------
[2018-10-18 15:39:46,629][INFO] [40/200] Train loss: 1985.199319 
[2018-10-18 15:39:48,809][INFO] [40/200] Validation loss: 20521.670898 
[2018-10-18 15:39:48,814][INFO] [40/200] Time: 78.074963 s
[2018-10-18 15:39:48,815][INFO] ------------------------------
[2018-10-18 15:41:04,837][INFO] [41/200] Train loss: 1852.327592 
[2018-10-18 15:41:06,939][INFO] [41/200] Validation loss: 2466.383255 
[2018-10-18 15:41:06,942][INFO] [41/200] Time: 78.126511 s
[2018-10-18 15:41:06,943][INFO] ------------------------------
[2018-10-18 15:42:23,425][INFO] [42/200] Train loss: 1758.159749 
[2018-10-18 15:42:25,805][INFO] [42/200] Validation loss: 1969.734650 
[2018-10-18 15:42:26,141][INFO] [42/200] Time: 79.196732 s
[2018-10-18 15:42:26,143][INFO] ------------------------------
[2018-10-18 15:43:41,675][INFO] [43/200] Train loss: 1532.741615 
[2018-10-18 15:43:43,786][INFO] [43/200] Validation loss: 2498.387833 
[2018-10-18 15:43:43,792][INFO] [43/200] Time: 77.647784 s
[2018-10-18 15:43:43,793][INFO] ------------------------------
[2018-10-18 15:45:00,384][INFO] [44/200] Train loss: 1454.685595 
[2018-10-18 15:45:02,583][INFO] [44/200] Validation loss: 2673.523911 
[2018-10-18 15:45:02,587][INFO] [44/200] Time: 78.792945 s
[2018-10-18 15:45:02,588][INFO] ------------------------------
[2018-10-18 15:46:18,348][INFO] [45/200] Train loss: 1404.940226 
[2018-10-18 15:46:20,465][INFO] [45/200] Validation loss: 4142.987778 
[2018-10-18 15:46:20,469][INFO] [45/200] Time: 77.879194 s
[2018-10-18 15:46:20,470][INFO] ------------------------------
[2018-10-18 15:47:37,215][INFO] [46/200] Train loss: 1287.269534 
[2018-10-18 15:47:39,462][INFO] [46/200] Validation loss: 2170.389618 
[2018-10-18 15:47:39,467][INFO] [46/200] Time: 78.996581 s
[2018-10-18 15:47:39,468][INFO] ------------------------------
[2018-10-18 15:48:56,112][INFO] [47/200] Train loss: 1200.351376 
[2018-10-18 15:48:58,306][INFO] [47/200] Validation loss: 1633.817680 
[2018-10-18 15:48:58,587][INFO] [47/200] Time: 79.117548 s
[2018-10-18 15:48:58,591][INFO] ------------------------------
[2018-10-18 15:50:15,313][INFO] [48/200] Train loss: 1161.840084 
[2018-10-18 15:50:17,550][INFO] [48/200] Validation loss: 1340.367058 
[2018-10-18 15:50:17,774][INFO] [48/200] Time: 79.182083 s
[2018-10-18 15:50:17,776][INFO] ------------------------------
[2018-10-18 15:51:34,892][INFO] [49/200] Train loss: 1146.808954 
[2018-10-18 15:51:37,241][INFO] [49/200] Validation loss: 1806.701370 
[2018-10-18 15:51:37,246][INFO] [49/200] Time: 79.468793 s
[2018-10-18 15:51:37,247][INFO] ------------------------------
[2018-10-18 15:52:54,258][INFO] [50/200] Train loss: 1088.354426 
[2018-10-18 15:52:56,510][INFO] [50/200] Validation loss: 7401.868439 
[2018-10-18 15:52:56,514][INFO] [50/200] Time: 79.266436 s
[2018-10-18 15:52:56,516][INFO] ------------------------------
[2018-10-18 15:54:13,163][INFO] [51/200] Train loss: 967.171249 
[2018-10-18 15:54:15,451][INFO] [51/200] Validation loss: 3706.757446 
[2018-10-18 15:54:15,456][INFO] [51/200] Time: 78.939192 s
[2018-10-18 15:54:15,457][INFO] ------------------------------
[2018-10-18 15:55:31,570][INFO] [52/200] Train loss: 908.677542 
[2018-10-18 15:55:33,742][INFO] [52/200] Validation loss: 5539.638763 
[2018-10-18 15:55:33,747][INFO] [52/200] Time: 78.288983 s
[2018-10-18 15:55:33,748][INFO] ------------------------------
[2018-10-18 15:56:49,481][INFO] [53/200] Train loss: 851.500898 
[2018-10-18 15:56:51,636][INFO] [53/200] Validation loss: 2676.953598 
[2018-10-18 15:56:51,641][INFO] [53/200] Time: 77.891535 s
[2018-10-18 15:56:51,642][INFO] ------------------------------
[2018-10-18 15:58:07,382][INFO] [54/200] Train loss: 709.707763 
[2018-10-18 15:58:09,504][INFO] [54/200] Validation loss: 2029.415543 
[2018-10-18 15:58:09,508][INFO] [54/200] Time: 77.864910 s
[2018-10-18 15:58:09,509][INFO] ------------------------------
[2018-10-18 15:59:26,515][INFO] [55/200] Train loss: 651.326662 
[2018-10-18 15:59:28,668][INFO] [55/200] Validation loss: 1244.376419 
[2018-10-18 15:59:28,922][INFO] [55/200] Time: 79.412178 s
[2018-10-18 15:59:28,923][INFO] ------------------------------
[2018-10-18 16:00:45,656][INFO] [56/200] Train loss: 583.883013 
[2018-10-18 16:00:47,904][INFO] [56/200] Validation loss: 5158.927856 
[2018-10-18 16:00:47,909][INFO] [56/200] Time: 78.984406 s
[2018-10-18 16:00:47,910][INFO] ------------------------------
[2018-10-18 16:02:03,797][INFO] [57/200] Train loss: 374.414478 
[2018-10-18 16:02:06,046][INFO] [57/200] Validation loss: 6107.856934 
[2018-10-18 16:02:06,051][INFO] [57/200] Time: 78.140132 s
[2018-10-18 16:02:06,052][INFO] ------------------------------
[2018-10-18 16:03:21,922][INFO] [58/200] Train loss: 221.587537 
[2018-10-18 16:03:24,113][INFO] [58/200] Validation loss: 986.095207 
[2018-10-18 16:03:24,387][INFO] [58/200] Time: 78.333913 s
[2018-10-18 16:03:24,388][INFO] ------------------------------
[2018-10-18 16:04:40,119][INFO] [59/200] Train loss: 168.834830 
[2018-10-18 16:04:42,212][INFO] [59/200] Validation loss: 3506.649658 
[2018-10-18 16:04:42,219][INFO] [59/200] Time: 77.829145 s
[2018-10-18 16:04:42,220][INFO] ------------------------------
[2018-10-18 16:05:59,165][INFO] [60/200] Train loss: 157.720115 
[2018-10-18 16:06:01,452][INFO] [60/200] Validation loss: 2368.736435 
[2018-10-18 16:06:01,457][INFO] [60/200] Time: 79.235617 s
[2018-10-18 16:06:01,458][INFO] ------------------------------
[2018-10-18 16:07:17,385][INFO] [61/200] Train loss: 136.954426 
[2018-10-18 16:07:19,650][INFO] [61/200] Validation loss: 1809.628075 
[2018-10-18 16:07:19,655][INFO] [61/200] Time: 78.195966 s
[2018-10-18 16:07:19,656][INFO] ------------------------------
[2018-10-18 16:08:35,387][INFO] [62/200] Train loss: 134.131138 
[2018-10-18 16:08:37,608][INFO] [62/200] Validation loss: 930.689785 
[2018-10-18 16:08:37,931][INFO] [62/200] Time: 78.273206 s
[2018-10-18 16:08:37,933][INFO] ------------------------------
[2018-10-18 16:09:53,906][INFO] [63/200] Train loss: 120.254711 
[2018-10-18 16:09:56,065][INFO] [63/200] Validation loss: 3860.391998 
[2018-10-18 16:09:56,070][INFO] [63/200] Time: 78.135376 s
[2018-10-18 16:09:56,072][INFO] ------------------------------
[2018-10-18 16:11:11,891][INFO] [64/200] Train loss: 115.538830 
[2018-10-18 16:11:14,069][INFO] [64/200] Validation loss: 392.380167 
[2018-10-18 16:11:14,334][INFO] [64/200] Time: 78.260742 s
[2018-10-18 16:11:14,336][INFO] ------------------------------
[2018-10-18 16:12:31,185][INFO] [65/200] Train loss: 106.334232 
[2018-10-18 16:12:33,409][INFO] [65/200] Validation loss: 13420.017761 
[2018-10-18 16:12:33,414][INFO] [65/200] Time: 79.076468 s
[2018-10-18 16:12:33,415][INFO] ------------------------------
[2018-10-18 16:13:49,752][INFO] [66/200] Train loss: 104.072526 
[2018-10-18 16:13:52,124][INFO] [66/200] Validation loss: 1001.173325 
[2018-10-18 16:13:52,128][INFO] [66/200] Time: 78.711540 s
[2018-10-18 16:13:52,129][INFO] ------------------------------
[2018-10-18 16:15:08,230][INFO] [67/200] Train loss: 99.291111 
[2018-10-18 16:15:10,552][INFO] [67/200] Validation loss: 4369.351227 
[2018-10-18 16:15:10,556][INFO] [67/200] Time: 78.426714 s
[2018-10-18 16:15:10,557][INFO] ------------------------------
[2018-10-18 16:16:26,253][INFO] [68/200] Train loss: 97.091562 
[2018-10-18 16:16:28,429][INFO] [68/200] Validation loss: 2015.703712 
[2018-10-18 16:16:28,434][INFO] [68/200] Time: 77.875856 s
[2018-10-18 16:16:28,435][INFO] ------------------------------
[2018-10-18 16:17:44,370][INFO] [69/200] Train loss: 88.505401 
[2018-10-18 16:17:46,546][INFO] [69/200] Validation loss: 1253.279083 
[2018-10-18 16:17:46,551][INFO] [69/200] Time: 78.115129 s
[2018-10-18 16:17:46,552][INFO] ------------------------------
[2018-10-18 16:19:03,027][INFO] [70/200] Train loss: 84.251467 
[2018-10-18 16:19:05,273][INFO] [70/200] Validation loss: 7623.028564 
[2018-10-18 16:19:05,278][INFO] [70/200] Time: 78.724744 s
[2018-10-18 16:19:05,280][INFO] ------------------------------
[2018-10-18 16:20:21,749][INFO] [71/200] Train loss: 74.260308 
[2018-10-18 16:20:23,871][INFO] [71/200] Validation loss: 1438.004242 
[2018-10-18 16:20:23,875][INFO] [71/200] Time: 78.594484 s
[2018-10-18 16:20:23,876][INFO] ------------------------------
[2018-10-18 16:21:40,004][INFO] [72/200] Train loss: 79.483273 
[2018-10-18 16:21:42,296][INFO] [72/200] Validation loss: 1363.188919 
[2018-10-18 16:21:42,301][INFO] [72/200] Time: 78.423901 s
[2018-10-18 16:21:42,302][INFO] ------------------------------
[2018-10-18 16:22:58,489][INFO] [73/200] Train loss: 72.820463 
[2018-10-18 16:23:00,708][INFO] [73/200] Validation loss: 13845.564453 
[2018-10-18 16:23:00,712][INFO] [73/200] Time: 78.408745 s
[2018-10-18 16:23:00,713][INFO] ------------------------------
[2018-10-18 16:24:17,047][INFO] [74/200] Train loss: 68.691132 
[2018-10-18 16:24:19,277][INFO] [74/200] Validation loss: 3150.934082 
[2018-10-18 16:24:19,282][INFO] [74/200] Time: 78.568544 s
[2018-10-18 16:24:19,283][INFO] ------------------------------
[2018-10-18 16:25:35,633][INFO] [75/200] Train loss: 60.649273 
[2018-10-18 16:25:37,862][INFO] [75/200] Validation loss: 628.342140 
[2018-10-18 16:25:37,867][INFO] [75/200] Time: 78.582673 s
[2018-10-18 16:25:37,868][INFO] ------------------------------
[2018-10-18 16:26:54,508][INFO] [76/200] Train loss: 66.213259 
[2018-10-18 16:26:56,623][INFO] [76/200] Validation loss: 7536.280426 
[2018-10-18 16:26:56,628][INFO] [76/200] Time: 78.758296 s
[2018-10-18 16:26:56,629][INFO] ------------------------------
[2018-10-18 16:28:12,869][INFO] [77/200] Train loss: 57.558364 
[2018-10-18 16:28:15,106][INFO] [77/200] Validation loss: 570.512875 
[2018-10-18 16:28:15,111][INFO] [77/200] Time: 78.481073 s
[2018-10-18 16:28:15,112][INFO] ------------------------------
[2018-10-18 16:29:32,262][INFO] [78/200] Train loss: 54.423962 
[2018-10-18 16:29:34,520][INFO] [78/200] Validation loss: 179.113546 
[2018-10-18 16:29:34,800][INFO] [78/200] Time: 79.686703 s
[2018-10-18 16:29:34,802][INFO] ------------------------------
[2018-10-18 16:30:51,578][INFO] [79/200] Train loss: 55.097971 
[2018-10-18 16:30:53,686][INFO] [79/200] Validation loss: 3616.771744 
[2018-10-18 16:30:53,690][INFO] [79/200] Time: 78.887684 s
[2018-10-18 16:30:53,692][INFO] ------------------------------
[2018-10-18 16:32:10,412][INFO] [80/200] Train loss: 52.107011 
[2018-10-18 16:32:12,579][INFO] [80/200] Validation loss: 1047.935959 
[2018-10-18 16:32:12,584][INFO] [80/200] Time: 78.891469 s
[2018-10-18 16:32:12,585][INFO] ------------------------------
[2018-10-18 16:33:28,391][INFO] [81/200] Train loss: 46.818435 
[2018-10-18 16:33:30,560][INFO] [81/200] Validation loss: 547.350210 
[2018-10-18 16:33:30,565][INFO] [81/200] Time: 77.978349 s
[2018-10-18 16:33:30,566][INFO] ------------------------------
[2018-10-18 16:34:46,868][INFO] [82/200] Train loss: 49.146069 
[2018-10-18 16:34:49,053][INFO] [82/200] Validation loss: 7507.537842 
[2018-10-18 16:34:49,058][INFO] [82/200] Time: 78.491042 s
[2018-10-18 16:34:49,059][INFO] ------------------------------
[2018-10-18 16:36:05,449][INFO] [83/200] Train loss: 45.606149 
[2018-10-18 16:36:07,521][INFO] [83/200] Validation loss: 3068.299011 
[2018-10-18 16:36:07,526][INFO] [83/200] Time: 78.464915 s
[2018-10-18 16:36:07,526][INFO] ------------------------------
[2018-10-18 16:37:24,346][INFO] [84/200] Train loss: 43.439555 
[2018-10-18 16:37:26,709][INFO] [84/200] Validation loss: 1562.342857 
[2018-10-18 16:37:26,714][INFO] [84/200] Time: 79.186564 s
[2018-10-18 16:37:26,715][INFO] ------------------------------
[2018-10-18 16:38:42,940][INFO] [85/200] Train loss: 43.118039 
[2018-10-18 16:38:45,101][INFO] [85/200] Validation loss: 1261.708824 
[2018-10-18 16:38:45,105][INFO] [85/200] Time: 78.389547 s
[2018-10-18 16:38:45,106][INFO] ------------------------------
[2018-10-18 16:40:00,770][INFO] [86/200] Train loss: 41.883295 
[2018-10-18 16:40:02,922][INFO] [86/200] Validation loss: 2482.383179 
[2018-10-18 16:40:02,927][INFO] [86/200] Time: 77.820078 s
[2018-10-18 16:40:02,929][INFO] ------------------------------
[2018-10-18 16:41:19,182][INFO] [87/200] Train loss: 46.211954 
[2018-10-18 16:41:21,263][INFO] [87/200] Validation loss: 494.671886 
[2018-10-18 16:41:21,267][INFO] [87/200] Time: 78.337200 s
[2018-10-18 16:41:21,268][INFO] ------------------------------
[2018-10-18 16:42:37,650][INFO] [88/200] Train loss: 37.992670 
[2018-10-18 16:42:39,859][INFO] [88/200] Validation loss: 3356.592621 
[2018-10-18 16:42:39,863][INFO] [88/200] Time: 78.593999 s
[2018-10-18 16:42:39,864][INFO] ------------------------------
[2018-10-18 16:43:56,595][INFO] [89/200] Train loss: 42.641333 
[2018-10-18 16:43:58,939][INFO] [89/200] Validation loss: 1212.095245 
[2018-10-18 16:43:58,944][INFO] [89/200] Time: 79.078820 s
[2018-10-18 16:43:58,945][INFO] ------------------------------
[2018-10-18 16:45:15,733][INFO] [90/200] Train loss: 39.316433 
[2018-10-18 16:45:17,998][INFO] [90/200] Validation loss: 873.501926 
[2018-10-18 16:45:18,003][INFO] [90/200] Time: 79.056650 s
[2018-10-18 16:45:18,005][INFO] ------------------------------
[2018-10-18 16:46:34,202][INFO] [91/200] Train loss: 35.035333 
[2018-10-18 16:46:36,393][INFO] [91/200] Validation loss: 1036.950989 
[2018-10-18 16:46:36,399][INFO] [91/200] Time: 78.393106 s
[2018-10-18 16:46:36,400][INFO] ------------------------------
[2018-10-18 16:47:52,657][INFO] [92/200] Train loss: 36.795782 
[2018-10-18 16:47:54,751][INFO] [92/200] Validation loss: 683.230167 
[2018-10-18 16:47:54,756][INFO] [92/200] Time: 78.354765 s
[2018-10-18 16:47:54,758][INFO] ------------------------------
[2018-10-18 16:49:10,704][INFO] [93/200] Train loss: 36.466525 
[2018-10-18 16:49:12,910][INFO] [93/200] Validation loss: 165.031708 
[2018-10-18 16:49:13,191][INFO] [93/200] Time: 78.432290 s
[2018-10-18 16:49:13,192][INFO] ------------------------------
[2018-10-18 16:50:28,922][INFO] [94/200] Train loss: 38.658745 
[2018-10-18 16:50:31,245][INFO] [94/200] Validation loss: 458.175032 
[2018-10-18 16:50:31,251][INFO] [94/200] Time: 78.057337 s
[2018-10-18 16:50:31,252][INFO] ------------------------------
[2018-10-18 16:51:47,478][INFO] [95/200] Train loss: 39.012609 
[2018-10-18 16:51:49,812][INFO] [95/200] Validation loss: 1481.405029 
[2018-10-18 16:51:49,816][INFO] [95/200] Time: 78.563101 s
[2018-10-18 16:51:49,818][INFO] ------------------------------
[2018-10-18 16:53:05,915][INFO] [96/200] Train loss: 31.516282 
[2018-10-18 16:53:08,034][INFO] [96/200] Validation loss: 390.480751 
[2018-10-18 16:53:08,039][INFO] [96/200] Time: 78.220078 s
[2018-10-18 16:53:08,040][INFO] ------------------------------
[2018-10-18 16:54:24,428][INFO] [97/200] Train loss: 35.014393 
[2018-10-18 16:54:26,678][INFO] [97/200] Validation loss: 710.952347 
[2018-10-18 16:54:26,682][INFO] [97/200] Time: 78.640957 s
[2018-10-18 16:54:26,683][INFO] ------------------------------
[2018-10-18 16:55:43,052][INFO] [98/200] Train loss: 35.318921 
[2018-10-18 16:55:45,263][INFO] [98/200] Validation loss: 446.767586 
[2018-10-18 16:55:45,269][INFO] [98/200] Time: 78.584487 s
[2018-10-18 16:55:45,271][INFO] ------------------------------
[2018-10-18 16:57:02,223][INFO] [99/200] Train loss: 30.685789 
[2018-10-18 16:57:04,390][INFO] [99/200] Validation loss: 4904.043182 
[2018-10-18 16:57:04,394][INFO] [99/200] Time: 79.122570 s
[2018-10-18 16:57:04,395][INFO] ------------------------------
[2018-10-18 16:58:20,910][INFO] [100/200] Train loss: 33.240333 
[2018-10-18 16:58:23,272][INFO] [100/200] Validation loss: 541.446991 
[2018-10-18 16:58:23,279][INFO] [100/200] Time: 78.882898 s
[2018-10-18 16:58:23,281][INFO] ------------------------------
[2018-10-18 16:59:39,584][INFO] [101/200] Train loss: 30.711885 
[2018-10-18 16:59:41,865][INFO] [101/200] Validation loss: 716.959641 
[2018-10-18 16:59:41,870][INFO] [101/200] Time: 78.587171 s
[2018-10-18 16:59:41,871][INFO] ------------------------------
[2018-10-18 17:00:58,659][INFO] [102/200] Train loss: 32.066713 
[2018-10-18 17:01:00,980][INFO] [102/200] Validation loss: 1086.383003 
[2018-10-18 17:01:00,986][INFO] [102/200] Time: 79.113858 s
[2018-10-18 17:01:00,987][INFO] ------------------------------
[2018-10-18 17:02:18,098][INFO] [103/200] Train loss: 32.516353 
[2018-10-18 17:02:20,305][INFO] [103/200] Validation loss: 558.072735 
[2018-10-18 17:02:20,311][INFO] [103/200] Time: 79.322875 s
[2018-10-18 17:02:20,313][INFO] ------------------------------
[2018-10-18 17:03:36,642][INFO] [104/200] Train loss: 31.602828 
[2018-10-18 17:03:38,922][INFO] [104/200] Validation loss: 2174.789406 
[2018-10-18 17:03:38,927][INFO] [104/200] Time: 78.613631 s
[2018-10-18 17:03:38,928][INFO] ------------------------------
